04.11.2019 10:19:49 : Дешифрование пароля успешно завершено
04.11.2019 10:19:49 : Процедура проверки целостности файлов успешно завершена
04.11.2019 10:19:49 : Процедура проверки целостности файлов запущена...
04.11.2019 10:19:58 : Ошибка при подключении к БД
04.11.2019 10:19:58 : Ошибка при подключении к БД. Работа приложения остановлена
04.11.2019 10:20:01 : Дешифрование пароля успешно завершено
04.11.2019 10:20:01 : Процедура проверки целостности файлов успешно завершена
04.11.2019 10:20:02 : Процедура проверки целостности файлов запущена...
04.11.2019 10:20:09 : Ошибка при подключении к БД
04.11.2019 10:20:09 : Ошибка при подключении к БД. Работа приложения остановлена
04.11.2019 13:41:09 : Дешифрование пароля успешно завершено
04.11.2019 13:41:09 : Процедура проверки целостности файлов успешно завершена
04.11.2019 13:41:09 : Процедура проверки целостности файлов запущена...
04.11.2019 13:41:15 : Подключение к БД успешно установлено
04.11.2019 13:41:15 : Инициализация процедуры получения параметров с БД
04.11.2019 13:41:15 : Получение списка мест дефекта в производстве успешно завершено
04.11.2019 13:41:15 : Получение списка описаний дефекта успешно завершено
04.11.2019 13:41:15 : Получение списка диаметров успешно завершено
04.11.2019 13:41:15 : Получение списка бригад успешно завершено
04.11.2019 13:41:16 : Получение списка смен успешно завершено
04.11.2019 13:41:16 : Получение списка статусов коррекции успешно завершено
04.11.2019 13:41:16 : Получение списка номеров ТС успешно завершено
04.11.2019 13:41:16 : Получение списка марок сплавов успешно завершено
04.11.2019 13:41:16 : Получение списка типов дефекта успешно завершено
04.11.2019 13:41:16 : Получение списка позиций с сервера успешно завершено
04.11.2019 13:41:16 : Процедура получения параметров с БД успешно завершена
04.11.2019 13:41:19 : Запуск процедуры изменения конфигурации ПО
04.11.2019 13:53:57 : Дешифрование пароля успешно завершено
04.11.2019 13:53:57 : Процедура проверки целостности файлов успешно завершена
04.11.2019 13:53:57 : Процедура проверки целостности файлов запущена...
04.11.2019 13:54:03 : Подключение к БД успешно установлено
04.11.2019 13:54:03 : Инициализация процедуры получения параметров с БД
04.11.2019 13:54:03 : Получение списка мест дефекта в производстве успешно завершено
04.11.2019 13:54:03 : Получение списка описаний дефекта успешно завершено
04.11.2019 13:54:03 : Получение списка диаметров успешно завершено
04.11.2019 13:54:03 : Получение списка бригад успешно завершено
04.11.2019 13:54:03 : Получение списка смен успешно завершено
04.11.2019 13:54:03 : Получение списка статусов коррекции успешно завершено
04.11.2019 13:54:03 : Получение списка номеров ТС успешно завершено
04.11.2019 13:54:03 : Получение списка марок сплавов успешно завершено
04.11.2019 13:54:03 : Получение списка типов дефекта успешно завершено
04.11.2019 13:54:03 : Получение списка позиций с сервера успешно завершено
04.11.2019 13:54:03 : Процедура получения параметров с БД успешно завершена
04.11.2019 13:54:06 : Запуск процедуры добавления позиции
04.11.2019 13:54:16 : Процедура добавления позиции завершена
04.11.2019 13:57:47 : Дешифрование пароля успешно завершено
04.11.2019 13:57:47 : Процедура проверки целостности файлов успешно завершена
04.11.2019 13:57:47 : Процедура проверки целостности файлов запущена...
04.11.2019 13:57:53 : Подключение к БД успешно установлено
04.11.2019 13:57:53 : Инициализация процедуры получения параметров с БД
04.11.2019 13:57:53 : Получение списка мест дефекта в производстве успешно завершено
04.11.2019 13:57:53 : Получение списка описаний дефекта успешно завершено
04.11.2019 13:57:53 : Получение списка диаметров успешно завершено
04.11.2019 13:57:53 : Получение списка бригад успешно завершено
04.11.2019 13:57:53 : Получение списка смен успешно завершено
04.11.2019 13:57:53 : Получение списка статусов коррекции успешно завершено
04.11.2019 13:57:53 : Получение списка номеров ТС успешно завершено
04.11.2019 13:57:53 : Получение списка марок сплавов успешно завершено
04.11.2019 13:57:53 : Получение списка типов дефекта успешно завершено
04.11.2019 13:57:53 : Получение списка позиций с сервера успешно завершено
04.11.2019 13:57:53 : Процедура получения параметров с БД успешно завершена
04.11.2019 13:57:57 : Запуск процедуры добавления позиции
04.11.2019 13:58:39 : Данные модификации позиции успешно получены
04.11.2019 13:58:39 : Добавление позиции успешно завершено
04.11.2019 13:58:39 : Процедура добавления позиции завершена
04.11.2019 13:58:40 : Запуск процедуры демонстрации места дефекта на слитке
04.11.2019 13:58:41 : Процедуры демонстрации места дефекта на слитке успешна завершена
04.11.2019 13:58:49 : Запуск процедуры добавления позиции
04.11.2019 13:59:02 : Данные модификации позиции успешно получены
04.11.2019 13:59:02 : Добавление позиции успешно завершено
04.11.2019 13:59:02 : Процедура добавления позиции завершена
04.11.2019 14:01:35 : Дешифрование пароля успешно завершено
04.11.2019 14:01:35 : Процедура проверки целостности файлов успешно завершена
04.11.2019 14:01:35 : Процедура проверки целостности файлов запущена...
04.11.2019 14:01:41 : Подключение к БД успешно установлено
04.11.2019 14:01:41 : Инициализация процедуры получения параметров с БД
04.11.2019 14:01:41 : Получение списка мест дефекта в производстве успешно завершено
04.11.2019 14:01:41 : Получение списка описаний дефекта успешно завершено
04.11.2019 14:01:41 : Получение списка диаметров успешно завершено
04.11.2019 14:01:41 : Получение списка бригад успешно завершено
04.11.2019 14:01:41 : Получение списка смен успешно завершено
04.11.2019 14:01:41 : Получение списка статусов коррекции успешно завершено
04.11.2019 14:01:41 : Получение списка номеров ТС успешно завершено
04.11.2019 14:01:41 : Получение списка марок сплавов успешно завершено
04.11.2019 14:01:41 : Получение списка типов дефекта успешно завершено
04.11.2019 14:01:41 : Получение списка позиций с сервера успешно завершено
04.11.2019 14:01:41 : Процедура получения параметров с БД успешно завершена
04.11.2019 14:01:43 : Запуск процедуры добавления позиции
04.11.2019 14:02:02 : Процедура добавления позиции завершена
04.11.2019 14:10:54 : Дешифрование пароля успешно завершено
04.11.2019 14:10:54 : Процедура проверки целостности файлов успешно завершена
04.11.2019 14:10:55 : Процедура проверки целостности файлов запущена...
04.11.2019 14:11:01 : Подключение к БД успешно установлено
04.11.2019 14:11:01 : Инициализация процедуры получения параметров с БД
04.11.2019 14:11:01 : Получение списка мест дефекта в производстве успешно завершено
04.11.2019 14:11:01 : Получение списка описаний дефекта успешно завершено
04.11.2019 14:11:01 : Получение списка диаметров успешно завершено
04.11.2019 14:11:01 : Получение списка бригад успешно завершено
04.11.2019 14:11:01 : Получение списка смен успешно завершено
04.11.2019 14:11:01 : Получение списка статусов коррекции успешно завершено
04.11.2019 14:11:01 : Получение списка номеров ТС успешно завершено
04.11.2019 14:11:01 : Получение списка марок сплавов успешно завершено
04.11.2019 14:11:01 : Получение списка типов дефекта успешно завершено
04.11.2019 14:11:01 : Получение списка позиций с сервера успешно завершено
04.11.2019 14:11:01 : Процедура получения параметров с БД успешно завершена
04.11.2019 14:11:03 : Запуск процедуры добавления позиции
04.11.2019 14:12:37 : Процедура добавления позиции завершена
04.11.2019 14:12:41 : Запуск процедуры изменения конфигурации ПО
04.11.2019 14:12:44 : Запуск процедуру изменения параметров БД
04.11.2019 14:12:44 : Получение системного пути резервной копии БД успешно завершено
04.11.2019 14:12:48 : Запуск процедуры резервной копии БД
04.11.2019 14:12:49 : Запрашиваемый файл не обнаружен
04.11.2019 14:12:49 : Процедура резервной копии БД завершена
04.11.2019 14:12:50 : Запуск процедуры выбора пути резервной копии БД
04.11.2019 14:12:59 : Процедура выбора пути резервной копии БД успешно завершена
04.11.2019 14:13:03 : Запуск процедуры записи пути резервной копии БД
04.11.2019 14:13:03 : Запись системного пути резервной копии БД успешно завершена
04.11.2019 14:13:03 : Процедурыа записи пути резервной копии БД завершена
04.11.2019 14:13:05 : Запуск процедуры записи пути резервной копии БД
04.11.2019 14:13:07 : Запись системного пути резервной копии БД успешно завершена
04.11.2019 14:13:07 : Процедурыа записи пути резервной копии БД завершена
04.11.2019 14:13:10 : Запуск процедуры изменения конфигурации ПО
04.11.2019 14:13:14 : Получено подтверждения на удаление параметра конфигурации
04.11.2019 14:13:14 : Запуск процедуры удаления параметра конфигурации
04.11.2019 14:13:14 : Запуск процедуры модификации параметра конфигурации
04.11.2019 14:13:14 : Удаление параметра конфигурации успешно завершено
04.11.2019 14:13:14 : Получение списка мест дефекта в производстве успешно завершено
04.11.2019 14:13:14 : Получение списка описаний дефекта успешно завершено
04.11.2019 14:13:14 : Получение списка диаметров успешно завершено
04.11.2019 14:13:14 : Получение списка бригад успешно завершено
04.11.2019 14:13:14 : Получение списка смен успешно завершено
04.11.2019 14:13:14 : Получение списка статусов коррекции успешно завершено
04.11.2019 14:13:14 : Получение списка номеров ТС успешно завершено
04.11.2019 14:13:14 : Получение списка марок сплавов успешно завершено
04.11.2019 14:13:14 : Получение списка типов дефекта успешно завершено
04.11.2019 14:13:14 : Процедуры модификации параметра конфигурации завершена
04.11.2019 14:13:14 : Процедура удаления параметра конфигурации завершена
04.11.2019 14:13:16 : Получено подтверждения на удаление параметра конфигурации
04.11.2019 14:13:16 : Запуск процедуры удаления параметра конфигурации
04.11.2019 14:13:16 : Запуск процедуры модификации параметра конфигурации
04.11.2019 14:13:16 : Удаление параметра конфигурации успешно завершено
04.11.2019 14:13:16 : Получение списка мест дефекта в производстве успешно завершено
04.11.2019 14:13:16 : Получение списка описаний дефекта успешно завершено
04.11.2019 14:13:16 : Получение списка диаметров успешно завершено
04.11.2019 14:13:16 : Получение списка бригад успешно завершено
04.11.2019 14:13:16 : Получение списка смен успешно завершено
04.11.2019 14:13:16 : Получение списка статусов коррекции успешно завершено
04.11.2019 14:13:16 : Получение списка номеров ТС успешно завершено
04.11.2019 14:13:16 : Получение списка марок сплавов успешно завершено
04.11.2019 14:13:16 : Получение списка типов дефекта успешно завершено
04.11.2019 14:13:16 : Процедуры модификации параметра конфигурации завершена
04.11.2019 14:13:16 : Процедура удаления параметра конфигурации завершена
04.11.2019 14:13:19 : Получено подтверждения на удаление параметра конфигурации
04.11.2019 14:13:19 : Запуск процедуры удаления параметра конфигурации
04.11.2019 14:13:19 : Запуск процедуры модификации параметра конфигурации
04.11.2019 14:13:19 : Удаление параметра конфигурации успешно завершено
04.11.2019 14:13:19 : Получение списка мест дефекта в производстве успешно завершено
04.11.2019 14:13:19 : Получение списка описаний дефекта успешно завершено
04.11.2019 14:13:19 : Получение списка диаметров успешно завершено
04.11.2019 14:13:19 : Получение списка бригад успешно завершено
04.11.2019 14:13:19 : Получение списка смен успешно завершено
04.11.2019 14:13:19 : Получение списка статусов коррекции успешно завершено
04.11.2019 14:13:19 : Получение списка номеров ТС успешно завершено
04.11.2019 14:13:19 : Получение списка марок сплавов успешно завершено
04.11.2019 14:13:19 : Получение списка типов дефекта успешно завершено
04.11.2019 14:13:19 : Процедуры модификации параметра конфигурации завершена
04.11.2019 14:13:19 : Процедура удаления параметра конфигурации завершена
04.11.2019 14:13:20 : Получено подтверждения на удаление параметра конфигурации
04.11.2019 14:13:20 : Запуск процедуры удаления параметра конфигурации
04.11.2019 14:13:20 : Запуск процедуры модификации параметра конфигурации
04.11.2019 14:13:20 : Удаление параметра конфигурации успешно завершено
04.11.2019 14:13:20 : Получение списка мест дефекта в производстве успешно завершено
04.11.2019 14:13:20 : Получение списка описаний дефекта успешно завершено
04.11.2019 14:13:20 : Получение списка диаметров успешно завершено
04.11.2019 14:13:20 : Получение списка бригад успешно завершено
04.11.2019 14:13:20 : Получение списка смен успешно завершено
04.11.2019 14:13:20 : Получение списка статусов коррекции успешно завершено
04.11.2019 14:13:20 : Получение списка номеров ТС успешно завершено
04.11.2019 14:13:20 : Получение списка марок сплавов успешно завершено
04.11.2019 14:13:20 : Получение списка типов дефекта успешно завершено
04.11.2019 14:13:20 : Процедуры модификации параметра конфигурации завершена
04.11.2019 14:13:20 : Процедура удаления параметра конфигурации завершена
04.11.2019 14:13:21 : Получено подтверждения на удаление параметра конфигурации
04.11.2019 14:13:21 : Запуск процедуры удаления параметра конфигурации
04.11.2019 14:13:21 : Запуск процедуры модификации параметра конфигурации
04.11.2019 14:13:21 : Удаление параметра конфигурации успешно завершено
04.11.2019 14:13:21 : Получение списка мест дефекта в производстве успешно завершено
04.11.2019 14:13:21 : Получение списка описаний дефекта успешно завершено
04.11.2019 14:13:21 : Получение списка диаметров успешно завершено
04.11.2019 14:13:21 : Получение списка бригад успешно завершено
04.11.2019 14:13:21 : Получение списка смен успешно завершено
04.11.2019 14:13:21 : Получение списка статусов коррекции успешно завершено
04.11.2019 14:13:21 : Получение списка номеров ТС успешно завершено
04.11.2019 14:13:21 : Получение списка марок сплавов успешно завершено
04.11.2019 14:13:21 : Получение списка типов дефекта успешно завершено
04.11.2019 14:13:21 : Процедуры модификации параметра конфигурации завершена
04.11.2019 14:13:21 : Процедура удаления параметра конфигурации завершена
04.11.2019 14:13:22 : Получено подтверждения на удаление параметра конфигурации
04.11.2019 14:13:22 : Запуск процедуры удаления параметра конфигурации
04.11.2019 14:13:22 : Запуск процедуры модификации параметра конфигурации
04.11.2019 14:13:22 : Удаление параметра конфигурации успешно завершено
04.11.2019 14:13:22 : Получение списка мест дефекта в производстве успешно завершено
04.11.2019 14:13:22 : Получение списка описаний дефекта успешно завершено
04.11.2019 14:13:22 : Получение списка диаметров успешно завершено
04.11.2019 14:13:22 : Получение списка бригад успешно завершено
04.11.2019 14:13:22 : Получение списка смен успешно завершено
04.11.2019 14:13:22 : Получение списка статусов коррекции успешно завершено
04.11.2019 14:13:22 : Получение списка номеров ТС успешно завершено
04.11.2019 14:13:22 : Получение списка марок сплавов успешно завершено
04.11.2019 14:13:22 : Получение списка типов дефекта успешно завершено
04.11.2019 14:13:22 : Процедуры модификации параметра конфигурации завершена
04.11.2019 14:13:22 : Процедура удаления параметра конфигурации завершена
04.11.2019 14:13:23 : Получено подтверждения на удаление параметра конфигурации
04.11.2019 14:13:23 : Запуск процедуры удаления параметра конфигурации
04.11.2019 14:13:23 : Запуск процедуры модификации параметра конфигурации
04.11.2019 14:13:23 : Удаление параметра конфигурации успешно завершено
04.11.2019 14:13:23 : Получение списка мест дефекта в производстве успешно завершено
04.11.2019 14:13:23 : Получение списка описаний дефекта успешно завершено
04.11.2019 14:13:23 : Получение списка диаметров успешно завершено
04.11.2019 14:13:23 : Получение списка бригад успешно завершено
04.11.2019 14:13:23 : Получение списка смен успешно завершено
04.11.2019 14:13:23 : Получение списка статусов коррекции успешно завершено
04.11.2019 14:13:23 : Получение списка номеров ТС успешно завершено
04.11.2019 14:13:23 : Получение списка марок сплавов успешно завершено
04.11.2019 14:13:23 : Получение списка типов дефекта успешно завершено
04.11.2019 14:13:23 : Процедуры модификации параметра конфигурации завершена
04.11.2019 14:13:23 : Процедура удаления параметра конфигурации завершена
04.11.2019 14:13:24 : Получено подтверждения на удаление параметра конфигурации
04.11.2019 14:13:24 : Запуск процедуры удаления параметра конфигурации
04.11.2019 14:13:24 : Запуск процедуры модификации параметра конфигурации
04.11.2019 14:13:24 : Удаление параметра конфигурации успешно завершено
04.11.2019 14:13:24 : Получение списка мест дефекта в производстве успешно завершено
04.11.2019 14:13:24 : Получение списка описаний дефекта успешно завершено
04.11.2019 14:13:24 : Получение списка диаметров успешно завершено
04.11.2019 14:13:24 : Получение списка бригад успешно завершено
04.11.2019 14:13:24 : Получение списка смен успешно завершено
04.11.2019 14:13:24 : Получение списка статусов коррекции успешно завершено
04.11.2019 14:13:24 : Получение списка номеров ТС успешно завершено
04.11.2019 14:13:24 : Получение списка марок сплавов успешно завершено
04.11.2019 14:13:24 : Получение списка типов дефекта успешно завершено
04.11.2019 14:13:24 : Процедуры модификации параметра конфигурации завершена
04.11.2019 14:13:24 : Процедура удаления параметра конфигурации завершена
04.11.2019 14:13:25 : Запуск процедуры добавления параметра конфигурации
04.11.2019 14:13:30 : Данные модификации успешно получены
04.11.2019 14:13:30 : Добавление параметра конфигурации успешно завершено
04.11.2019 14:13:30 : Получение списка мест дефекта в производстве успешно завершено
04.11.2019 14:13:30 : Получение списка описаний дефекта успешно завершено
04.11.2019 14:13:30 : Получение списка диаметров успешно завершено
04.11.2019 14:13:30 : Получение списка бригад успешно завершено
04.11.2019 14:13:31 : Получение списка смен успешно завершено
04.11.2019 14:13:31 : Получение списка статусов коррекции успешно завершено
04.11.2019 14:13:31 : Получение списка номеров ТС успешно завершено
04.11.2019 14:13:31 : Получение списка марок сплавов успешно завершено
04.11.2019 14:13:31 : Получение списка типов дефекта успешно завершено
04.11.2019 14:13:31 : Процедура добавления параметра конфигурации завершена
04.11.2019 14:13:32 : Запуск процедуры добавления параметра конфигурации
04.11.2019 14:13:33 : Данные модификации успешно получены
04.11.2019 14:13:33 : Добавление параметра конфигурации успешно завершено
04.11.2019 14:13:33 : Получение списка мест дефекта в производстве успешно завершено
04.11.2019 14:13:33 : Получение списка описаний дефекта успешно завершено
04.11.2019 14:13:33 : Получение списка диаметров успешно завершено
04.11.2019 14:13:33 : Получение списка бригад успешно завершено
04.11.2019 14:13:33 : Получение списка смен успешно завершено
04.11.2019 14:13:33 : Получение списка статусов коррекции успешно завершено
04.11.2019 14:13:33 : Получение списка номеров ТС успешно завершено
04.11.2019 14:13:33 : Получение списка марок сплавов успешно завершено
04.11.2019 14:13:33 : Получение списка типов дефекта успешно завершено
04.11.2019 14:13:33 : Процедура добавления параметра конфигурации завершена
04.11.2019 14:13:34 : Запуск процедуры добавления параметра конфигурации
04.11.2019 14:13:35 : Данные модификации успешно получены
04.11.2019 14:13:35 : Добавление параметра конфигурации успешно завершено
04.11.2019 14:13:35 : Получение списка мест дефекта в производстве успешно завершено
04.11.2019 14:13:35 : Получение списка описаний дефекта успешно завершено
04.11.2019 14:13:35 : Получение списка диаметров успешно завершено
04.11.2019 14:13:35 : Получение списка бригад успешно завершено
04.11.2019 14:13:35 : Получение списка смен успешно завершено
04.11.2019 14:13:35 : Получение списка статусов коррекции успешно завершено
04.11.2019 14:13:35 : Получение списка номеров ТС успешно завершено
04.11.2019 14:13:35 : Получение списка марок сплавов успешно завершено
04.11.2019 14:13:35 : Получение списка типов дефекта успешно завершено
04.11.2019 14:13:35 : Процедура добавления параметра конфигурации завершена
04.11.2019 14:13:36 : Запуск процедуры добавления параметра конфигурации
04.11.2019 14:13:37 : Данные модификации успешно получены
04.11.2019 14:13:37 : Добавление параметра конфигурации успешно завершено
04.11.2019 14:13:37 : Получение списка мест дефекта в производстве успешно завершено
04.11.2019 14:13:37 : Получение списка описаний дефекта успешно завершено
04.11.2019 14:13:37 : Получение списка диаметров успешно завершено
04.11.2019 14:13:37 : Получение списка бригад успешно завершено
04.11.2019 14:13:37 : Получение списка смен успешно завершено
04.11.2019 14:13:37 : Получение списка статусов коррекции успешно завершено
04.11.2019 14:13:37 : Получение списка номеров ТС успешно завершено
04.11.2019 14:13:37 : Получение списка марок сплавов успешно завершено
04.11.2019 14:13:37 : Получение списка типов дефекта успешно завершено
04.11.2019 14:13:37 : Процедура добавления параметра конфигурации завершена
04.11.2019 14:13:39 : Запуск процедуры добавления параметра конфигурации
04.11.2019 14:13:40 : Данные модификации успешно получены
04.11.2019 14:13:40 : Добавление параметра конфигурации успешно завершено
04.11.2019 14:13:40 : Получение списка мест дефекта в производстве успешно завершено
04.11.2019 14:13:40 : Получение списка описаний дефекта успешно завершено
04.11.2019 14:13:40 : Получение списка диаметров успешно завершено
04.11.2019 14:13:40 : Получение списка бригад успешно завершено
04.11.2019 14:13:40 : Получение списка смен успешно завершено
04.11.2019 14:13:40 : Получение списка статусов коррекции успешно завершено
04.11.2019 14:13:40 : Получение списка номеров ТС успешно завершено
04.11.2019 14:13:40 : Получение списка марок сплавов успешно завершено
04.11.2019 14:13:40 : Получение списка типов дефекта успешно завершено
04.11.2019 14:13:40 : Процедура добавления параметра конфигурации завершена
04.11.2019 14:13:46 : Запуск процедуры добавления параметра конфигурации
04.11.2019 14:13:48 : Данные модификации успешно получены
04.11.2019 14:13:48 : Добавление параметра конфигурации успешно завершено
04.11.2019 14:13:48 : Получение списка мест дефекта в производстве успешно завершено
04.11.2019 14:13:48 : Получение списка описаний дефекта успешно завершено
04.11.2019 14:13:48 : Получение списка диаметров успешно завершено
04.11.2019 14:13:48 : Получение списка бригад успешно завершено
04.11.2019 14:13:48 : Получение списка смен успешно завершено
04.11.2019 14:13:48 : Получение списка статусов коррекции успешно завершено
04.11.2019 14:13:48 : Получение списка номеров ТС успешно завершено
04.11.2019 14:13:48 : Получение списка марок сплавов успешно завершено
04.11.2019 14:13:48 : Получение списка типов дефекта успешно завершено
04.11.2019 14:13:48 : Процедура добавления параметра конфигурации завершена
04.11.2019 14:13:51 : Получено подтверждения на удаление параметра конфигурации
04.11.2019 14:13:51 : Запуск процедуры удаления параметра конфигурации
04.11.2019 14:13:51 : Запуск процедуры модификации параметра конфигурации
04.11.2019 14:13:51 : Удаление параметра конфигурации успешно завершено
04.11.2019 14:13:51 : Получение списка мест дефекта в производстве успешно завершено
04.11.2019 14:13:51 : Получение списка описаний дефекта успешно завершено
04.11.2019 14:13:51 : Получение списка диаметров успешно завершено
04.11.2019 14:13:51 : Получение списка бригад успешно завершено
04.11.2019 14:13:51 : Получение списка смен успешно завершено
04.11.2019 14:13:51 : Получение списка статусов коррекции успешно завершено
04.11.2019 14:13:51 : Получение списка номеров ТС успешно завершено
04.11.2019 14:13:51 : Получение списка марок сплавов успешно завершено
04.11.2019 14:13:51 : Получение списка типов дефекта успешно завершено
04.11.2019 14:13:51 : Процедуры модификации параметра конфигурации завершена
04.11.2019 14:13:51 : Процедура удаления параметра конфигурации завершена
04.11.2019 14:13:51 : Запуск процедуры добавления параметра конфигурации
04.11.2019 14:13:52 : Данные модификации успешно получены
04.11.2019 14:13:52 : Добавление параметра конфигурации успешно завершено
04.11.2019 14:13:52 : Получение списка мест дефекта в производстве успешно завершено
04.11.2019 14:13:52 : Получение списка описаний дефекта успешно завершено
04.11.2019 14:13:52 : Получение списка диаметров успешно завершено
04.11.2019 14:13:52 : Получение списка бригад успешно завершено
04.11.2019 14:13:52 : Получение списка смен успешно завершено
04.11.2019 14:13:52 : Получение списка статусов коррекции успешно завершено
04.11.2019 14:13:52 : Получение списка номеров ТС успешно завершено
04.11.2019 14:13:52 : Получение списка марок сплавов успешно завершено
04.11.2019 14:13:52 : Получение списка типов дефекта успешно завершено
04.11.2019 14:13:52 : Процедура добавления параметра конфигурации завершена
04.11.2019 14:13:53 : Запуск процедуры добавления параметра конфигурации
04.11.2019 14:13:54 : Данные модификации успешно получены
04.11.2019 14:13:54 : Добавление параметра конфигурации успешно завершено
04.11.2019 14:13:54 : Получение списка мест дефекта в производстве успешно завершено
04.11.2019 14:13:54 : Получение списка описаний дефекта успешно завершено
04.11.2019 14:13:54 : Получение списка диаметров успешно завершено
04.11.2019 14:13:54 : Получение списка бригад успешно завершено
04.11.2019 14:13:54 : Получение списка смен успешно завершено
04.11.2019 14:13:54 : Получение списка статусов коррекции успешно завершено
04.11.2019 14:13:54 : Получение списка номеров ТС успешно завершено
04.11.2019 14:13:54 : Получение списка марок сплавов успешно завершено
04.11.2019 14:13:54 : Получение списка типов дефекта успешно завершено
04.11.2019 14:13:54 : Процедура добавления параметра конфигурации завершена
04.11.2019 14:13:54 : Запуск процедуры добавления параметра конфигурации
04.11.2019 14:13:56 : Данные модификации успешно получены
04.11.2019 14:13:56 : Добавление параметра конфигурации успешно завершено
04.11.2019 14:13:56 : Получение списка мест дефекта в производстве успешно завершено
04.11.2019 14:13:56 : Получение списка описаний дефекта успешно завершено
04.11.2019 14:13:56 : Получение списка диаметров успешно завершено
04.11.2019 14:13:56 : Получение списка бригад успешно завершено
04.11.2019 14:13:56 : Получение списка смен успешно завершено
04.11.2019 14:13:56 : Получение списка статусов коррекции успешно завершено
04.11.2019 14:13:56 : Получение списка номеров ТС успешно завершено
04.11.2019 14:13:56 : Получение списка марок сплавов успешно завершено
04.11.2019 14:13:56 : Получение списка типов дефекта успешно завершено
04.11.2019 14:13:56 : Процедура добавления параметра конфигурации завершена
04.11.2019 14:13:56 : Запуск процедуры добавления параметра конфигурации
04.11.2019 14:13:57 : Данные модификации успешно получены
04.11.2019 14:13:57 : Добавление параметра конфигурации успешно завершено
04.11.2019 14:13:57 : Получение списка мест дефекта в производстве успешно завершено
04.11.2019 14:13:57 : Получение списка описаний дефекта успешно завершено
04.11.2019 14:13:57 : Получение списка диаметров успешно завершено
04.11.2019 14:13:57 : Получение списка бригад успешно завершено
04.11.2019 14:13:57 : Получение списка смен успешно завершено
04.11.2019 14:13:57 : Получение списка статусов коррекции успешно завершено
04.11.2019 14:13:57 : Получение списка номеров ТС успешно завершено
04.11.2019 14:13:57 : Получение списка марок сплавов успешно завершено
04.11.2019 14:13:57 : Получение списка типов дефекта успешно завершено
04.11.2019 14:13:57 : Процедура добавления параметра конфигурации завершена
04.11.2019 14:14:01 : Запуск процедуры добавления параметра конфигурации
04.11.2019 14:14:17 : Данные модификации успешно получены
04.11.2019 14:14:17 : Добавление параметра конфигурации успешно завершено
04.11.2019 14:14:17 : Получение списка мест дефекта в производстве успешно завершено
04.11.2019 14:14:17 : Получение списка описаний дефекта успешно завершено
04.11.2019 14:14:17 : Получение списка диаметров успешно завершено
04.11.2019 14:14:17 : Получение списка бригад успешно завершено
04.11.2019 14:14:17 : Получение списка смен успешно завершено
04.11.2019 14:14:17 : Получение списка статусов коррекции успешно завершено
04.11.2019 14:14:17 : Получение списка номеров ТС успешно завершено
04.11.2019 14:14:17 : Получение списка марок сплавов успешно завершено
04.11.2019 14:14:17 : Получение списка типов дефекта успешно завершено
04.11.2019 14:14:17 : Процедура добавления параметра конфигурации завершена
04.11.2019 14:14:19 : Получено подтверждения на удаление параметра конфигурации
04.11.2019 14:14:19 : Запуск процедуры удаления параметра конфигурации
04.11.2019 14:14:19 : Запуск процедуры модификации параметра конфигурации
04.11.2019 14:14:19 : Удаление параметра конфигурации успешно завершено
04.11.2019 14:14:19 : Получение списка мест дефекта в производстве успешно завершено
04.11.2019 14:14:19 : Получение списка описаний дефекта успешно завершено
04.11.2019 14:14:19 : Получение списка диаметров успешно завершено
04.11.2019 14:14:19 : Получение списка бригад успешно завершено
04.11.2019 14:14:19 : Получение списка смен успешно завершено
04.11.2019 14:14:19 : Получение списка статусов коррекции успешно завершено
04.11.2019 14:14:19 : Получение списка номеров ТС успешно завершено
04.11.2019 14:14:19 : Получение списка марок сплавов успешно завершено
04.11.2019 14:14:19 : Получение списка типов дефекта успешно завершено
04.11.2019 14:14:19 : Процедуры модификации параметра конфигурации завершена
04.11.2019 14:14:19 : Процедура удаления параметра конфигурации завершена
04.11.2019 14:14:20 : Получено подтверждения на удаление параметра конфигурации
04.11.2019 14:14:20 : Запуск процедуры удаления параметра конфигурации
04.11.2019 14:14:20 : Запуск процедуры модификации параметра конфигурации
04.11.2019 14:14:20 : Удаление параметра конфигурации успешно завершено
04.11.2019 14:14:20 : Получение списка мест дефекта в производстве успешно завершено
04.11.2019 14:14:20 : Получение списка описаний дефекта успешно завершено
04.11.2019 14:14:20 : Получение списка диаметров успешно завершено
04.11.2019 14:14:20 : Получение списка бригад успешно завершено
04.11.2019 14:14:20 : Получение списка смен успешно завершено
04.11.2019 14:14:20 : Получение списка статусов коррекции успешно завершено
04.11.2019 14:14:20 : Получение списка номеров ТС успешно завершено
04.11.2019 14:14:20 : Получение списка марок сплавов успешно завершено
04.11.2019 14:14:20 : Получение списка типов дефекта успешно завершено
04.11.2019 14:14:20 : Процедуры модификации параметра конфигурации завершена
04.11.2019 14:14:20 : Процедура удаления параметра конфигурации завершена
04.11.2019 14:14:21 : Запуск процедуры добавления параметра конфигурации
04.11.2019 14:14:24 : Данные модификации успешно получены
04.11.2019 14:14:24 : Добавление параметра конфигурации успешно завершено
04.11.2019 14:14:24 : Получение списка мест дефекта в производстве успешно завершено
04.11.2019 14:14:24 : Получение списка описаний дефекта успешно завершено
04.11.2019 14:14:24 : Получение списка диаметров успешно завершено
04.11.2019 14:14:24 : Получение списка бригад успешно завершено
04.11.2019 14:14:24 : Получение списка смен успешно завершено
04.11.2019 14:14:24 : Получение списка статусов коррекции успешно завершено
04.11.2019 14:14:24 : Получение списка номеров ТС успешно завершено
04.11.2019 14:14:24 : Получение списка марок сплавов успешно завершено
04.11.2019 14:14:24 : Получение списка типов дефекта успешно завершено
04.11.2019 14:14:24 : Процедура добавления параметра конфигурации завершена
04.11.2019 14:14:25 : Запуск процедуры добавления параметра конфигурации
04.11.2019 14:14:28 : Данные модификации успешно получены
04.11.2019 14:14:28 : Добавление параметра конфигурации успешно завершено
04.11.2019 14:14:28 : Получение списка мест дефекта в производстве успешно завершено
04.11.2019 14:14:28 : Получение списка описаний дефекта успешно завершено
04.11.2019 14:14:28 : Получение списка диаметров успешно завершено
04.11.2019 14:14:28 : Получение списка бригад успешно завершено
04.11.2019 14:14:28 : Получение списка смен успешно завершено
04.11.2019 14:14:28 : Получение списка статусов коррекции успешно завершено
04.11.2019 14:14:28 : Получение списка номеров ТС успешно завершено
04.11.2019 14:14:28 : Получение списка марок сплавов успешно завершено
04.11.2019 14:14:28 : Получение списка типов дефекта успешно завершено
04.11.2019 14:14:28 : Процедура добавления параметра конфигурации завершена
04.11.2019 14:14:30 : Запуск процедуры добавления параметра конфигурации
04.11.2019 14:14:33 : Данные модификации успешно получены
04.11.2019 14:14:33 : Добавление параметра конфигурации успешно завершено
04.11.2019 14:14:33 : Получение списка мест дефекта в производстве успешно завершено
04.11.2019 14:14:33 : Получение списка описаний дефекта успешно завершено
04.11.2019 14:14:33 : Получение списка диаметров успешно завершено
04.11.2019 14:14:33 : Получение списка бригад успешно завершено
04.11.2019 14:14:33 : Получение списка смен успешно завершено
04.11.2019 14:14:33 : Получение списка статусов коррекции успешно завершено
04.11.2019 14:14:33 : Получение списка номеров ТС успешно завершено
04.11.2019 14:14:33 : Получение списка марок сплавов успешно завершено
04.11.2019 14:14:33 : Получение списка типов дефекта успешно завершено
04.11.2019 14:14:33 : Процедура добавления параметра конфигурации завершена
04.11.2019 14:14:35 : Запуск процедуры добавления параметра конфигурации
04.11.2019 14:14:38 : Данные модификации успешно получены
04.11.2019 14:14:38 : Добавление параметра конфигурации успешно завершено
04.11.2019 14:14:38 : Получение списка мест дефекта в производстве успешно завершено
04.11.2019 14:14:38 : Получение списка описаний дефекта успешно завершено
04.11.2019 14:14:38 : Получение списка диаметров успешно завершено
04.11.2019 14:14:38 : Получение списка бригад успешно завершено
04.11.2019 14:14:38 : Получение списка смен успешно завершено
04.11.2019 14:14:38 : Получение списка статусов коррекции успешно завершено
04.11.2019 14:14:38 : Получение списка номеров ТС успешно завершено
04.11.2019 14:14:38 : Получение списка марок сплавов успешно завершено
04.11.2019 14:14:38 : Получение списка типов дефекта успешно завершено
04.11.2019 14:14:38 : Процедура добавления параметра конфигурации завершена
04.11.2019 14:15:05 : Получено подтверждения на удаление параметра конфигурации
04.11.2019 14:15:05 : Запуск процедуры удаления параметра конфигурации
04.11.2019 14:15:05 : Запуск процедуры модификации параметра конфигурации
04.11.2019 14:15:05 : Удаление параметра конфигурации успешно завершено
04.11.2019 14:15:05 : Получение списка мест дефекта в производстве успешно завершено
04.11.2019 14:15:05 : Получение списка описаний дефекта успешно завершено
04.11.2019 14:15:05 : Получение списка диаметров успешно завершено
04.11.2019 14:15:05 : Получение списка бригад успешно завершено
04.11.2019 14:15:05 : Получение списка смен успешно завершено
04.11.2019 14:15:05 : Получение списка статусов коррекции успешно завершено
04.11.2019 14:15:05 : Получение списка номеров ТС успешно завершено
04.11.2019 14:15:05 : Получение списка марок сплавов успешно завершено
04.11.2019 14:15:05 : Получение списка типов дефекта успешно завершено
04.11.2019 14:15:05 : Процедуры модификации параметра конфигурации завершена
04.11.2019 14:15:05 : Процедура удаления параметра конфигурации завершена
04.11.2019 14:15:06 : Получено подтверждения на удаление параметра конфигурации
04.11.2019 14:15:06 : Запуск процедуры удаления параметра конфигурации
04.11.2019 14:15:06 : Запуск процедуры модификации параметра конфигурации
04.11.2019 14:15:06 : Удаление параметра конфигурации успешно завершено
04.11.2019 14:15:06 : Получение списка мест дефекта в производстве успешно завершено
04.11.2019 14:15:06 : Получение списка описаний дефекта успешно завершено
04.11.2019 14:15:06 : Получение списка диаметров успешно завершено
04.11.2019 14:15:06 : Получение списка бригад успешно завершено
04.11.2019 14:15:06 : Получение списка смен успешно завершено
04.11.2019 14:15:06 : Получение списка статусов коррекции успешно завершено
04.11.2019 14:15:06 : Получение списка номеров ТС успешно завершено
04.11.2019 14:15:06 : Получение списка марок сплавов успешно завершено
04.11.2019 14:15:06 : Получение списка типов дефекта успешно завершено
04.11.2019 14:15:06 : Процедуры модификации параметра конфигурации завершена
04.11.2019 14:15:06 : Процедура удаления параметра конфигурации завершена
04.11.2019 14:15:08 : Запуск процедуры добавления параметра конфигурации
04.11.2019 14:15:11 : Данные модификации успешно получены
04.11.2019 14:15:11 : Добавление параметра конфигурации успешно завершено
04.11.2019 14:15:11 : Получение списка мест дефекта в производстве успешно завершено
04.11.2019 14:15:11 : Получение списка описаний дефекта успешно завершено
04.11.2019 14:15:11 : Получение списка диаметров успешно завершено
04.11.2019 14:15:11 : Получение списка бригад успешно завершено
04.11.2019 14:15:11 : Получение списка смен успешно завершено
04.11.2019 14:15:11 : Получение списка статусов коррекции успешно завершено
04.11.2019 14:15:11 : Получение списка номеров ТС успешно завершено
04.11.2019 14:15:11 : Получение списка марок сплавов успешно завершено
04.11.2019 14:15:11 : Получение списка типов дефекта успешно завершено
04.11.2019 14:15:11 : Процедура добавления параметра конфигурации завершена
04.11.2019 14:15:12 : Запуск процедуры добавления параметра конфигурации
04.11.2019 14:15:15 : Данные модификации успешно получены
04.11.2019 14:15:15 : Добавление параметра конфигурации успешно завершено
04.11.2019 14:15:15 : Получение списка мест дефекта в производстве успешно завершено
04.11.2019 14:15:15 : Получение списка описаний дефекта успешно завершено
04.11.2019 14:15:15 : Получение списка диаметров успешно завершено
04.11.2019 14:15:15 : Получение списка бригад успешно завершено
04.11.2019 14:15:15 : Получение списка смен успешно завершено
04.11.2019 14:15:15 : Получение списка статусов коррекции успешно завершено
04.11.2019 14:15:15 : Получение списка номеров ТС успешно завершено
04.11.2019 14:15:15 : Получение списка марок сплавов успешно завершено
04.11.2019 14:15:15 : Получение списка типов дефекта успешно завершено
04.11.2019 14:15:15 : Процедура добавления параметра конфигурации завершена
04.11.2019 14:15:16 : Запуск процедуры добавления параметра конфигурации
04.11.2019 14:15:19 : Данные модификации успешно получены
04.11.2019 14:15:19 : Добавление параметра конфигурации успешно завершено
04.11.2019 14:15:19 : Получение списка мест дефекта в производстве успешно завершено
04.11.2019 14:15:19 : Получение списка описаний дефекта успешно завершено
04.11.2019 14:15:19 : Получение списка диаметров успешно завершено
04.11.2019 14:15:19 : Получение списка бригад успешно завершено
04.11.2019 14:15:19 : Получение списка смен успешно завершено
04.11.2019 14:15:19 : Получение списка статусов коррекции успешно завершено
04.11.2019 14:15:19 : Получение списка номеров ТС успешно завершено
04.11.2019 14:15:19 : Получение списка марок сплавов успешно завершено
04.11.2019 14:15:19 : Получение списка типов дефекта успешно завершено
04.11.2019 14:15:19 : Процедура добавления параметра конфигурации завершена
04.11.2019 14:15:20 : Запуск процедуры добавления параметра конфигурации
04.11.2019 14:15:26 : Данные модификации успешно получены
04.11.2019 14:15:26 : Добавление параметра конфигурации успешно завершено
04.11.2019 14:15:26 : Получение списка мест дефекта в производстве успешно завершено
04.11.2019 14:15:26 : Получение списка описаний дефекта успешно завершено
04.11.2019 14:15:26 : Получение списка диаметров успешно завершено
04.11.2019 14:15:26 : Получение списка бригад успешно завершено
04.11.2019 14:15:26 : Получение списка смен успешно завершено
04.11.2019 14:15:26 : Получение списка статусов коррекции успешно завершено
04.11.2019 14:15:26 : Получение списка номеров ТС успешно завершено
04.11.2019 14:15:26 : Получение списка марок сплавов успешно завершено
04.11.2019 14:15:26 : Получение списка типов дефекта успешно завершено
04.11.2019 14:15:26 : Процедура добавления параметра конфигурации завершена
04.11.2019 14:15:28 : Запуск процедуры добавления параметра конфигурации
04.11.2019 14:15:31 : Данные модификации успешно получены
04.11.2019 14:15:31 : Добавление параметра конфигурации успешно завершено
04.11.2019 14:15:31 : Получение списка мест дефекта в производстве успешно завершено
04.11.2019 14:15:31 : Получение списка описаний дефекта успешно завершено
04.11.2019 14:15:32 : Получение списка диаметров успешно завершено
04.11.2019 14:15:32 : Получение списка бригад успешно завершено
04.11.2019 14:15:32 : Получение списка смен успешно завершено
04.11.2019 14:15:32 : Получение списка статусов коррекции успешно завершено
04.11.2019 14:15:32 : Получение списка номеров ТС успешно завершено
04.11.2019 14:15:32 : Получение списка марок сплавов успешно завершено
04.11.2019 14:15:32 : Получение списка типов дефекта успешно завершено
04.11.2019 14:15:32 : Процедура добавления параметра конфигурации завершена
04.11.2019 14:17:00 : Дешифрование пароля успешно завершено
04.11.2019 14:17:00 : Процедура проверки целостности файлов успешно завершена
04.11.2019 14:17:01 : Процедура проверки целостности файлов запущена...
04.11.2019 14:17:07 : Подключение к БД успешно установлено
04.11.2019 14:17:07 : Инициализация процедуры получения параметров с БД
04.11.2019 14:17:07 : Получение списка мест дефекта в производстве успешно завершено
04.11.2019 14:17:07 : Получение списка описаний дефекта успешно завершено
04.11.2019 14:17:07 : Получение списка диаметров успешно завершено
04.11.2019 14:17:07 : Получение списка бригад успешно завершено
04.11.2019 14:17:07 : Получение списка смен успешно завершено
04.11.2019 14:17:07 : Получение списка статусов коррекции успешно завершено
04.11.2019 14:17:07 : Получение списка номеров ТС успешно завершено
04.11.2019 14:17:07 : Получение списка марок сплавов успешно завершено
04.11.2019 14:17:07 : Получение списка типов дефекта успешно завершено
04.11.2019 14:17:07 : Получение списка позиций с сервера успешно завершено
04.11.2019 14:17:07 : Процедура получения параметров с БД успешно завершена
04.11.2019 14:17:10 : Запуск процедуры изменения конфигурации ПО
04.11.2019 14:17:21 : Запуск процедуры добавления параметра конфигурации
04.11.2019 14:17:23 : Получено подтверждения на удаление параметра конфигурации
04.11.2019 14:17:23 : Запуск процедуры удаления параметра конфигурации
04.11.2019 14:17:23 : Запуск процедуры модификации параметра конфигурации
04.11.2019 14:17:23 : Удаление параметра конфигурации успешно завершено
04.11.2019 14:17:23 : Получение списка мест дефекта в производстве успешно завершено
04.11.2019 14:17:23 : Получение списка описаний дефекта успешно завершено
04.11.2019 14:17:23 : Получение списка диаметров успешно завершено
04.11.2019 14:17:23 : Получение списка бригад успешно завершено
04.11.2019 14:17:23 : Получение списка смен успешно завершено
04.11.2019 14:17:23 : Получение списка статусов коррекции успешно завершено
04.11.2019 14:17:23 : Получение списка номеров ТС успешно завершено
04.11.2019 14:17:23 : Получение списка марок сплавов успешно завершено
04.11.2019 14:17:23 : Получение списка типов дефекта успешно завершено
04.11.2019 14:17:23 : Процедуры модификации параметра конфигурации завершена
04.11.2019 14:17:23 : Процедура удаления параметра конфигурации завершена
04.11.2019 14:17:23 : Запуск процедуры добавления параметра конфигурации
04.11.2019 14:17:39 : Данные модификации успешно получены
04.11.2019 14:17:39 : Добавление параметра конфигурации успешно завершено
04.11.2019 14:17:39 : Получение списка мест дефекта в производстве успешно завершено
04.11.2019 14:17:39 : Получение списка описаний дефекта успешно завершено
04.11.2019 14:17:39 : Получение списка диаметров успешно завершено
04.11.2019 14:17:39 : Получение списка бригад успешно завершено
04.11.2019 14:17:39 : Получение списка смен успешно завершено
04.11.2019 14:17:39 : Получение списка статусов коррекции успешно завершено
04.11.2019 14:17:39 : Получение списка номеров ТС успешно завершено
04.11.2019 14:17:39 : Получение списка марок сплавов успешно завершено
04.11.2019 14:17:39 : Получение списка типов дефекта успешно завершено
04.11.2019 14:17:39 : Процедура добавления параметра конфигурации завершена
04.11.2019 14:17:40 : Запуск процедуры добавления параметра конфигурации
04.11.2019 14:17:43 : Данные модификации успешно получены
04.11.2019 14:17:43 : Добавление параметра конфигурации успешно завершено
04.11.2019 14:17:43 : Получение списка мест дефекта в производстве успешно завершено
04.11.2019 14:17:43 : Получение списка описаний дефекта успешно завершено
04.11.2019 14:17:43 : Получение списка диаметров успешно завершено
04.11.2019 14:17:43 : Получение списка бригад успешно завершено
04.11.2019 14:17:43 : Получение списка смен успешно завершено
04.11.2019 14:17:43 : Получение списка статусов коррекции успешно завершено
04.11.2019 14:17:43 : Получение списка номеров ТС успешно завершено
04.11.2019 14:17:43 : Получение списка марок сплавов успешно завершено
04.11.2019 14:17:43 : Получение списка типов дефекта успешно завершено
04.11.2019 14:17:43 : Процедура добавления параметра конфигурации завершена
04.11.2019 14:17:43 : Запуск процедуры добавления параметра конфигурации
04.11.2019 14:17:46 : Данные модификации успешно получены
04.11.2019 14:17:46 : Добавление параметра конфигурации успешно завершено
04.11.2019 14:17:46 : Получение списка мест дефекта в производстве успешно завершено
04.11.2019 14:17:46 : Получение списка описаний дефекта успешно завершено
04.11.2019 14:17:46 : Получение списка диаметров успешно завершено
04.11.2019 14:17:46 : Получение списка бригад успешно завершено
04.11.2019 14:17:46 : Получение списка смен успешно завершено
04.11.2019 14:17:46 : Получение списка статусов коррекции успешно завершено
04.11.2019 14:17:46 : Получение списка номеров ТС успешно завершено
04.11.2019 14:17:46 : Получение списка марок сплавов успешно завершено
04.11.2019 14:17:46 : Получение списка типов дефекта успешно завершено
04.11.2019 14:17:46 : Процедура добавления параметра конфигурации завершена
04.11.2019 14:17:47 : Запуск процедуры добавления параметра конфигурации
04.11.2019 14:17:49 : Данные модификации успешно получены
04.11.2019 14:17:49 : Добавление параметра конфигурации успешно завершено
04.11.2019 14:17:49 : Получение списка мест дефекта в производстве успешно завершено
04.11.2019 14:17:49 : Получение списка описаний дефекта успешно завершено
04.11.2019 14:17:49 : Получение списка диаметров успешно завершено
04.11.2019 14:17:49 : Получение списка бригад успешно завершено
04.11.2019 14:17:49 : Получение списка смен успешно завершено
04.11.2019 14:17:49 : Получение списка статусов коррекции успешно завершено
04.11.2019 14:17:49 : Получение списка номеров ТС успешно завершено
04.11.2019 14:17:49 : Получение списка марок сплавов успешно завершено
04.11.2019 14:17:49 : Получение списка типов дефекта успешно завершено
04.11.2019 14:17:49 : Процедура добавления параметра конфигурации завершена
04.11.2019 14:17:50 : Запуск процедуры добавления параметра конфигурации
04.11.2019 14:17:52 : Данные модификации успешно получены
04.11.2019 14:17:52 : Добавление параметра конфигурации успешно завершено
04.11.2019 14:17:52 : Получение списка мест дефекта в производстве успешно завершено
04.11.2019 14:17:52 : Получение списка описаний дефекта успешно завершено
04.11.2019 14:17:52 : Получение списка диаметров успешно завершено
04.11.2019 14:17:52 : Получение списка бригад успешно завершено
04.11.2019 14:17:52 : Получение списка смен успешно завершено
04.11.2019 14:17:52 : Получение списка статусов коррекции успешно завершено
04.11.2019 14:17:52 : Получение списка номеров ТС успешно завершено
04.11.2019 14:17:52 : Получение списка марок сплавов успешно завершено
04.11.2019 14:17:52 : Получение списка типов дефекта успешно завершено
04.11.2019 14:17:52 : Процедура добавления параметра конфигурации завершена
04.11.2019 14:18:07 : Получено подтверждения на удаление параметра конфигурации
04.11.2019 14:18:07 : Запуск процедуры удаления параметра конфигурации
04.11.2019 14:18:07 : Запуск процедуры модификации параметра конфигурации
04.11.2019 14:18:07 : Удаление параметра конфигурации успешно завершено
04.11.2019 14:18:07 : Получение списка мест дефекта в производстве успешно завершено
04.11.2019 14:18:07 : Получение списка описаний дефекта успешно завершено
04.11.2019 14:18:07 : Получение списка диаметров успешно завершено
04.11.2019 14:18:07 : Получение списка бригад успешно завершено
04.11.2019 14:18:07 : Получение списка смен успешно завершено
04.11.2019 14:18:07 : Получение списка статусов коррекции успешно завершено
04.11.2019 14:18:07 : Получение списка номеров ТС успешно завершено
04.11.2019 14:18:07 : Получение списка марок сплавов успешно завершено
04.11.2019 14:18:07 : Получение списка типов дефекта успешно завершено
04.11.2019 14:18:07 : Процедуры модификации параметра конфигурации завершена
04.11.2019 14:18:07 : Процедура удаления параметра конфигурации завершена
04.11.2019 14:18:08 : Получено подтверждения на удаление параметра конфигурации
04.11.2019 14:18:08 : Запуск процедуры удаления параметра конфигурации
04.11.2019 14:18:08 : Запуск процедуры модификации параметра конфигурации
04.11.2019 14:18:08 : Удаление параметра конфигурации успешно завершено
04.11.2019 14:18:08 : Получение списка мест дефекта в производстве успешно завершено
04.11.2019 14:18:08 : Получение списка описаний дефекта успешно завершено
04.11.2019 14:18:08 : Получение списка диаметров успешно завершено
04.11.2019 14:18:08 : Получение списка бригад успешно завершено
04.11.2019 14:18:09 : Получение списка смен успешно завершено
04.11.2019 14:18:09 : Получение списка статусов коррекции успешно завершено
04.11.2019 14:18:09 : Получение списка номеров ТС успешно завершено
04.11.2019 14:18:09 : Получение списка марок сплавов успешно завершено
04.11.2019 14:18:09 : Получение списка типов дефекта успешно завершено
04.11.2019 14:18:09 : Процедуры модификации параметра конфигурации завершена
04.11.2019 14:18:09 : Процедура удаления параметра конфигурации завершена
04.11.2019 14:18:09 : Запуск процедуры добавления параметра конфигурации
04.11.2019 14:18:14 : Данные модификации успешно получены
04.11.2019 14:18:14 : Добавление параметра конфигурации успешно завершено
04.11.2019 14:18:14 : Получение списка мест дефекта в производстве успешно завершено
04.11.2019 14:18:14 : Получение списка описаний дефекта успешно завершено
04.11.2019 14:18:14 : Получение списка диаметров успешно завершено
04.11.2019 14:18:14 : Получение списка бригад успешно завершено
04.11.2019 14:18:14 : Получение списка смен успешно завершено
04.11.2019 14:18:14 : Получение списка статусов коррекции успешно завершено
04.11.2019 14:18:14 : Получение списка номеров ТС успешно завершено
04.11.2019 14:18:14 : Получение списка марок сплавов успешно завершено
04.11.2019 14:18:14 : Получение списка типов дефекта успешно завершено
04.11.2019 14:18:14 : Процедура добавления параметра конфигурации завершена
04.11.2019 14:18:15 : Запуск процедуры добавления параметра конфигурации
04.11.2019 14:18:18 : Данные модификации успешно получены
04.11.2019 14:18:18 : Добавление параметра конфигурации успешно завершено
04.11.2019 14:18:18 : Получение списка мест дефекта в производстве успешно завершено
04.11.2019 14:18:18 : Получение списка описаний дефекта успешно завершено
04.11.2019 14:18:18 : Получение списка диаметров успешно завершено
04.11.2019 14:18:18 : Получение списка бригад успешно завершено
04.11.2019 14:18:18 : Получение списка смен успешно завершено
04.11.2019 14:18:18 : Получение списка статусов коррекции успешно завершено
04.11.2019 14:18:18 : Получение списка номеров ТС успешно завершено
04.11.2019 14:18:18 : Получение списка марок сплавов успешно завершено
04.11.2019 14:18:18 : Получение списка типов дефекта успешно завершено
04.11.2019 14:18:18 : Процедура добавления параметра конфигурации завершена
04.11.2019 14:18:19 : Запуск процедуры добавления параметра конфигурации
04.11.2019 14:18:26 : Данные модификации успешно получены
04.11.2019 14:18:26 : Добавление параметра конфигурации успешно завершено
04.11.2019 14:18:26 : Получение списка мест дефекта в производстве успешно завершено
04.11.2019 14:18:26 : Получение списка описаний дефекта успешно завершено
04.11.2019 14:18:26 : Получение списка диаметров успешно завершено
04.11.2019 14:18:26 : Получение списка бригад успешно завершено
04.11.2019 14:18:26 : Получение списка смен успешно завершено
04.11.2019 14:18:26 : Получение списка статусов коррекции успешно завершено
04.11.2019 14:18:26 : Получение списка номеров ТС успешно завершено
04.11.2019 14:18:26 : Получение списка марок сплавов успешно завершено
04.11.2019 14:18:26 : Получение списка типов дефекта успешно завершено
04.11.2019 14:18:26 : Процедура добавления параметра конфигурации завершена
04.11.2019 14:18:27 : Запуск процедуры добавления параметра конфигурации
04.11.2019 14:18:43 : Данные модификации успешно получены
04.11.2019 14:18:43 : Добавление параметра конфигурации успешно завершено
04.11.2019 14:18:43 : Получение списка мест дефекта в производстве успешно завершено
04.11.2019 14:18:43 : Получение списка описаний дефекта успешно завершено
04.11.2019 14:18:43 : Получение списка диаметров успешно завершено
04.11.2019 14:18:43 : Получение списка бригад успешно завершено
04.11.2019 14:18:43 : Получение списка смен успешно завершено
04.11.2019 14:18:43 : Получение списка статусов коррекции успешно завершено
04.11.2019 14:18:43 : Получение списка номеров ТС успешно завершено
04.11.2019 14:18:43 : Получение списка марок сплавов успешно завершено
04.11.2019 14:18:43 : Получение списка типов дефекта успешно завершено
04.11.2019 14:18:43 : Процедура добавления параметра конфигурации завершена
04.11.2019 14:19:13 : Получение списка позиций с сервера успешно завершено
04.11.2019 14:19:13 : Процедура изменения конфигурации ПО успешно завершена
04.11.2019 14:19:14 : Запуск процедуры добавления позиции
04.11.2019 14:19:39 : Процедура добавления позиции завершена
04.11.2019 14:19:40 : Запуск процедуры добавления позиции
04.11.2019 14:20:35 : Данные модификации позиции успешно получены
04.11.2019 14:20:35 : Добавление позиции успешно завершено
04.11.2019 14:20:35 : Процедура добавления позиции завершена
04.11.2019 14:20:39 : Запуск процедуры добавления позиции
04.11.2019 14:21:26 : Данные модификации позиции успешно получены
04.11.2019 14:21:26 : Добавление позиции успешно завершено
04.11.2019 14:21:26 : Процедура добавления позиции завершена
04.11.2019 14:21:34 : Обновление статуса коррекции успешно завершено
04.11.2019 14:21:34 : Получение списка мест дефекта в производстве успешно завершено
04.11.2019 14:21:34 : Получение списка описаний дефекта успешно завершено
04.11.2019 14:21:34 : Получение списка диаметров успешно завершено
04.11.2019 14:21:34 : Получение списка бригад успешно завершено
04.11.2019 14:21:34 : Получение списка смен успешно завершено
04.11.2019 14:21:34 : Получение списка статусов коррекции успешно завершено
04.11.2019 14:21:34 : Получение списка номеров ТС успешно завершено
04.11.2019 14:21:34 : Получение списка марок сплавов успешно завершено
04.11.2019 14:21:34 : Получение списка типов дефекта успешно завершено
04.11.2019 14:21:34 : Получение списка позиций с сервера успешно завершено
04.11.2019 14:21:38 : Обновление статуса коррекции успешно завершено
04.11.2019 14:21:38 : Получение списка мест дефекта в производстве успешно завершено
04.11.2019 14:21:38 : Получение списка описаний дефекта успешно завершено
04.11.2019 14:21:38 : Получение списка диаметров успешно завершено
04.11.2019 14:21:38 : Получение списка бригад успешно завершено
04.11.2019 14:21:38 : Получение списка смен успешно завершено
04.11.2019 14:21:38 : Получение списка статусов коррекции успешно завершено
04.11.2019 14:21:38 : Получение списка номеров ТС успешно завершено
04.11.2019 14:21:38 : Получение списка марок сплавов успешно завершено
04.11.2019 14:21:38 : Получение списка типов дефекта успешно завершено
04.11.2019 14:21:38 : Получение списка позиций с сервера успешно завершено
04.11.2019 14:21:47 : Запуск процедура обычного анализа
04.11.2019 14:21:54 : Запуск процедуры получения анализа
04.11.2019 14:21:54 : Создание диаграммы краткого отчета завершено успешно
04.11.2019 14:21:54 : Заполнение таблицы краткого отчета завершено успешно
04.11.2019 14:21:54 : Краткий анализ бригада вес выполнен
04.11.2019 14:21:54 : Выполнение анализа по параметру: Вес | Бригада
04.11.2019 14:21:54 : Процедура получения анализа завершена
04.11.2019 14:21:56 : Запуск процедуры получения анализа
04.11.2019 14:21:56 : Создание диаграммы краткого отчета завершено успешно
04.11.2019 14:21:56 : Заполнение таблицы краткого отчета завершено успешно
04.11.2019 14:21:56 : Краткий анализ бригада вес выполнен
04.11.2019 14:21:56 : Выполнение анализа по параметру: Вес | Бригада
04.11.2019 14:21:56 : Процедура получения анализа завершена
04.11.2019 14:21:56 : Запуск процедуры получения анализа
04.11.2019 14:21:56 : Создание диаграммы краткого отчета завершено успешно
04.11.2019 14:21:56 : Заполнение таблицы краткого отчета завершено успешно
04.11.2019 14:21:56 : Краткий анализ бригада вес выполнен
04.11.2019 14:21:56 : Выполнение анализа по параметру: Вес | Бригада
04.11.2019 14:21:56 : Процедура получения анализа завершена
04.11.2019 14:21:57 : Запуск процедуры экспорта данных анализа
04.11.2019 14:21:57 : Началось формирование выгрузки краткого анализа
04.11.2019 14:22:00 : Процедура экспорта данных анализа завершена
04.11.2019 14:22:13 : Были очищены все поля класса анализа
04.11.2019 14:22:13 : Очистка памяти после выполнения анализа успешно завершена
04.11.2019 14:22:15 : Запуск процедуры построение отчета
04.11.2019 21:50:48 : Дешифрование пароля успешно завершено
04.11.2019 21:50:48 : Процедура проверки целостности файлов успешно завершена
04.11.2019 21:50:48 : Процедура проверки целостности файлов запущена...
04.11.2019 21:50:54 : Подключение к БД успешно установлено
04.11.2019 21:50:54 : Инициализация процедуры получения параметров с БД
04.11.2019 21:50:54 : Получение списка мест дефекта в производстве успешно завершено
04.11.2019 21:50:54 : Получение списка описаний дефекта успешно завершено
04.11.2019 21:50:54 : Получение списка диаметров успешно завершено
04.11.2019 21:50:54 : Получение списка бригад успешно завершено
04.11.2019 21:50:54 : Получение списка смен успешно завершено
04.11.2019 21:50:54 : Получение списка статусов коррекции успешно завершено
04.11.2019 21:50:54 : Получение списка номеров ТС успешно завершено
04.11.2019 21:50:54 : Получение списка марок сплавов успешно завершено
04.11.2019 21:50:54 : Получение списка типов дефекта успешно завершено
04.11.2019 21:50:54 : Получение списка позиций с сервера успешно завершено
04.11.2019 21:50:54 : Процедура получения параметров с БД успешно завершена
