30.10.2019 10:41:57 : Процедура проверки целостности файлов запущена...
30.10.2019 10:41:57 : Дешифрование пароля успешно завершено
30.10.2019 10:41:57 : Процедура проверки целостности файлов успешно завершена
30.10.2019 10:42:00 : Подключение к БД успешно установлено
30.10.2019 10:42:00 : Инициализация процедуры получения параметров с БД
30.10.2019 10:42:00 : Получение списка мест дефекта в производстве успешно завершено
30.10.2019 10:42:00 : Получение списка описаний дефекта успешно завершено
30.10.2019 10:42:00 : Получение списка диаметров успешно завершено
30.10.2019 10:42:00 : Получение списка бригад успешно завершено
30.10.2019 10:42:00 : Получение списка смен успешно завершено
30.10.2019 10:42:00 : Получение списка статусов коррекции успешно завершено
30.10.2019 10:42:00 : Получение списка номеров ТС успешно завершено
30.10.2019 10:42:00 : Получение списка марок сплавов успешно завершено
30.10.2019 10:42:00 : Получение списка типов дефекта успешно завершено
30.10.2019 10:42:01 : Получение списка позиций с сервера успешно завершено
30.10.2019 10:42:01 : Процедура получения параметров с БД успешно завершена
30.10.2019 10:42:06 : Запуск процедуры построение отчета
30.10.2019 10:42:08 : Запуск процедура обычного анализа
30.10.2019 10:42:11 : Запуск процедуры получения анализа
30.10.2019 10:42:11 : Создание диаграммы краткого отчета завершено успешно
30.10.2019 10:42:11 : Заполнение таблицы краткого отчета завершено успешно
30.10.2019 10:42:11 : Краткий анализ бригада вес выполнен
30.10.2019 10:42:11 : Выполнение анализа по параметру: Вес | Бригада
30.10.2019 10:42:11 : Процедура получения анализа завершена
30.10.2019 10:42:29 : Запуск процедуры экспорта данных анализа
30.10.2019 10:42:31 : Началось формирование выгрузки краткого анализа
30.10.2019 10:42:33 : Процедура экспорта данных анализа завершена
30.10.2019 10:42:34 : Запуск процедуры получения анализа
30.10.2019 10:42:34 : Создание диаграммы краткого отчета завершено успешно
30.10.2019 10:42:34 : Заполнение таблицы краткого отчета завершено успешно
30.10.2019 10:42:34 : Краткий анализ диаметр вес выполнен
30.10.2019 10:42:34 : Выполнение анализа по параметру: Вес | Диаметр
30.10.2019 10:42:34 : Процедура получения анализа завершена
30.10.2019 10:42:55 : Запуск процедуры получения анализа
30.10.2019 10:42:55 : Создание диаграммы краткого отчета завершено успешно
30.10.2019 10:42:55 : Заполнение таблицы краткого отчета завершено успешно
30.10.2019 10:42:55 : Краткий анализ описание количество выполнен
30.10.2019 10:42:55 : Выполнение анализа по параметру: Количество | Описание
30.10.2019 10:42:55 : Процедура получения анализа завершена
30.10.2019 10:43:11 : Были очищены все поля класса анализа
30.10.2019 10:43:11 : Очистка памяти после выполнения анализа успешно завершена
30.10.2019 10:45:01 : Процедура проверки целостности файлов запущена...
30.10.2019 10:45:01 : Дешифрование пароля успешно завершено
30.10.2019 10:45:01 : Процедура проверки целостности файлов успешно завершена
30.10.2019 10:45:05 : Подключение к БД успешно установлено
30.10.2019 10:45:05 : Инициализация процедуры получения параметров с БД
30.10.2019 10:45:05 : Получение списка мест дефекта в производстве успешно завершено
30.10.2019 10:45:05 : Получение списка описаний дефекта успешно завершено
30.10.2019 10:45:05 : Получение списка диаметров успешно завершено
30.10.2019 10:45:05 : Получение списка бригад успешно завершено
30.10.2019 10:45:05 : Получение списка смен успешно завершено
30.10.2019 10:45:05 : Получение списка статусов коррекции успешно завершено
30.10.2019 10:45:05 : Получение списка номеров ТС успешно завершено
30.10.2019 10:45:05 : Получение списка марок сплавов успешно завершено
30.10.2019 10:45:05 : Получение списка типов дефекта успешно завершено
30.10.2019 10:45:05 : Получение списка позиций с сервера успешно завершено
30.10.2019 10:45:05 : Процедура получения параметров с БД успешно завершена
30.10.2019 10:45:33 : Запуск процеду сброса параметров фильтрации
30.10.2019 10:45:33 : Процедура сброса параметров фильтрации успешно завершена
30.10.2019 10:45:33 : Запуск процеду сброса параметров фильтрации
30.10.2019 10:45:33 : Процедура сброса параметров фильтрации успешно завершена
30.10.2019 10:46:31 : Процедура проверки целостности файлов запущена...
30.10.2019 10:46:31 : Дешифрование пароля успешно завершено
30.10.2019 10:46:31 : Процедура проверки целостности файлов успешно завершена
30.10.2019 10:46:35 : Подключение к БД успешно установлено
30.10.2019 10:46:35 : Инициализация процедуры получения параметров с БД
30.10.2019 10:46:35 : Получение списка мест дефекта в производстве успешно завершено
30.10.2019 10:46:35 : Получение списка описаний дефекта успешно завершено
30.10.2019 10:46:35 : Получение списка диаметров успешно завершено
30.10.2019 10:46:35 : Получение списка бригад успешно завершено
30.10.2019 10:46:35 : Получение списка смен успешно завершено
30.10.2019 10:46:35 : Получение списка статусов коррекции успешно завершено
30.10.2019 10:46:35 : Получение списка номеров ТС успешно завершено
30.10.2019 10:46:35 : Получение списка марок сплавов успешно завершено
30.10.2019 10:46:35 : Получение списка типов дефекта успешно завершено
30.10.2019 10:46:35 : Получение списка позиций с сервера успешно завершено
30.10.2019 10:46:35 : Процедура получения параметров с БД успешно завершена
30.10.2019 10:47:30 : Процедура проверки целостности файлов запущена...
30.10.2019 10:47:30 : Дешифрование пароля успешно завершено
30.10.2019 10:47:30 : Процедура проверки целостности файлов успешно завершена
30.10.2019 10:47:34 : Подключение к БД успешно установлено
30.10.2019 10:47:34 : Инициализация процедуры получения параметров с БД
30.10.2019 10:47:34 : Получение списка мест дефекта в производстве успешно завершено
30.10.2019 10:47:34 : Получение списка описаний дефекта успешно завершено
30.10.2019 10:47:34 : Получение списка диаметров успешно завершено
30.10.2019 10:47:34 : Получение списка бригад успешно завершено
30.10.2019 10:47:34 : Получение списка смен успешно завершено
30.10.2019 10:47:34 : Получение списка статусов коррекции успешно завершено
30.10.2019 10:47:34 : Получение списка номеров ТС успешно завершено
30.10.2019 10:47:34 : Получение списка марок сплавов успешно завершено
30.10.2019 10:47:34 : Получение списка типов дефекта успешно завершено
30.10.2019 10:47:34 : Получение списка позиций с сервера успешно завершено
30.10.2019 10:47:34 : Процедура получения параметров с БД успешно завершена
30.10.2019 10:47:43 : Запуск процедуры расширенного анализа
30.10.2019 10:47:53 : Запуск процедуры получения анализа
30.10.2019 10:47:53 : Группировка для расширенного анализа выполнена успешно
30.10.2019 10:47:53 : Экспорт данных в лист выполнен успешно
30.10.2019 10:47:53 : Создание первой диаграммы расширенного отчета завершено успешно
30.10.2019 10:47:53 : Создание второй диаграммы расширенного отчета завершено успешно
30.10.2019 10:47:53 : Заполнение таблицы расширенного отчета завершено успешно
30.10.2019 10:47:53 : Расширенный анализ описание вес выполнен успешно
30.10.2019 10:47:53 : Выполнение анализа по параметрам: Описание
30.10.2019 10:47:53 : Процедура получения анализа завершена
30.10.2019 10:49:20 : Были очищены все поля класса анализа
30.10.2019 10:49:20 : Очистка данных после получения анализа успешно завершена
30.10.2019 10:49:33 : Запуск процедуры демонстрации места дефекта на слитке
30.10.2019 10:50:05 : Процедуры демонстрации места дефекта на слитке успешна завершена
30.10.2019 10:50:35 : Запуск процедуры добавления позиции
30.10.2019 10:51:05 : Данные модификации позиции успешно получены
30.10.2019 10:51:05 : Добавление позиции успешно завершено
30.10.2019 10:51:05 : Процедура добавления позиции завершена
30.10.2019 10:51:07 : Запуск процедуры добавления позиции
30.10.2019 10:51:39 : Данные модификации позиции успешно получены
30.10.2019 10:51:39 : Добавление позиции успешно завершено
30.10.2019 10:51:39 : Процедура добавления позиции завершена
30.10.2019 10:51:40 : Запуск процедуры добавления позиции
30.10.2019 10:52:27 : Данные модификации позиции успешно получены
30.10.2019 10:52:27 : Добавление позиции успешно завершено
30.10.2019 10:52:28 : Процедура добавления позиции завершена
30.10.2019 10:52:32 : Запуск процедуры добавления позиции
30.10.2019 10:53:01 : Данные модификации позиции успешно получены
30.10.2019 10:53:01 : Добавление позиции успешно завершено
30.10.2019 10:53:01 : Процедура добавления позиции завершена
30.10.2019 10:53:07 : Запуск процеры поиска по параметрам
30.10.2019 10:53:07 : Перебор значений по заданным параметрам успешно завершен
30.10.2019 10:53:07 : Отображение позиций по заданным параметрам
30.10.2019 10:53:07 : Процеры поиска по параметрам завершена
30.10.2019 10:53:21 : Запуск процеры поиска по параметрам
30.10.2019 10:53:21 : Перебор значений по заданным параметрам успешно завершен
30.10.2019 10:53:21 : Отображение позиций по заданным параметрам
30.10.2019 10:53:21 : Процеры поиска по параметрам завершена
30.10.2019 10:53:29 : Запуск процеры поиска по параметрам
30.10.2019 10:53:29 : Перебор значений по заданным параметрам успешно завершен
30.10.2019 10:53:29 : Отображение позиций по заданным параметрам
30.10.2019 10:53:29 : Процеры поиска по параметрам завершена
30.10.2019 10:53:37 : Запуск процеду сброса параметров фильтрации
30.10.2019 10:53:37 : Процедура сброса параметров фильтрации успешно завершена
30.10.2019 10:53:40 : Запуск процедуры добавления позиции
30.10.2019 10:54:10 : Данные модификации позиции успешно получены
30.10.2019 10:54:10 : Добавление позиции успешно завершено
30.10.2019 10:54:10 : Процедура добавления позиции завершена
30.10.2019 10:54:14 : Запуск процедуры добавления позиции
30.10.2019 10:54:59 : Данные модификации позиции успешно получены
30.10.2019 10:54:59 : Добавление позиции успешно завершено
30.10.2019 10:54:59 : Процедура добавления позиции завершена
30.10.2019 10:55:17 : Запуск процедура обычного анализа
30.10.2019 10:55:21 : Запуск процедуры получения анализа
30.10.2019 10:55:21 : Создание диаграммы краткого отчета завершено успешно
30.10.2019 10:55:21 : Заполнение таблицы краткого отчета завершено успешно
30.10.2019 10:55:21 : Краткий анализ номер ТС количество выполнен
30.10.2019 10:55:21 : Выполнение анализа по параметру: Количество | Номер ТС
30.10.2019 10:55:21 : Процедура получения анализа завершена
30.10.2019 10:56:12 : Запуск процедуры получения анализа
30.10.2019 10:56:12 : Создание диаграммы краткого отчета завершено успешно
30.10.2019 10:56:12 : Заполнение таблицы краткого отчета завершено успешно
30.10.2019 10:56:12 : Краткий анализ описание количество выполнен
30.10.2019 10:56:12 : Выполнение анализа по параметру: Количество | Описание
30.10.2019 10:56:12 : Процедура получения анализа завершена
30.10.2019 10:56:26 : Запуск процедуры получения анализа
30.10.2019 10:56:26 : Создание диаграммы краткого отчета завершено успешно
30.10.2019 10:56:26 : Заполнение таблицы краткого отчета завершено успешно
30.10.2019 10:56:26 : Краткий анализ описание количество выполнен
30.10.2019 10:56:26 : Выполнение анализа по параметру: Количество | Описание
30.10.2019 10:56:26 : Процедура получения анализа завершена
30.10.2019 10:56:37 : Запуск процедуры получения анализа
30.10.2019 10:56:37 : Создание диаграммы краткого отчета завершено успешно
30.10.2019 10:56:37 : Заполнение таблицы краткого отчета завершено успешно
30.10.2019 10:56:37 : Краткий анализ описание количество выполнен
30.10.2019 10:56:37 : Выполнение анализа по параметру: Количество | Описание
30.10.2019 10:56:37 : Процедура получения анализа завершена
30.10.2019 10:56:43 : Были очищены все поля класса анализа
30.10.2019 10:56:43 : Очистка памяти после выполнения анализа успешно завершена
30.10.2019 10:56:48 : Запуск процеры поиска по параметрам
30.10.2019 10:56:48 : Перебор значений по заданным параметрам успешно завершен
30.10.2019 10:56:48 : Отображение позиций по заданным параметрам
30.10.2019 10:56:48 : Процеры поиска по параметрам завершена
30.10.2019 10:57:00 : Запуск процеры поиска по параметрам
30.10.2019 10:57:00 : Перебор значений по заданным параметрам успешно завершен
30.10.2019 10:57:01 : Количество объектов по параметрам поиска 0
30.10.2019 10:57:01 : Процеры поиска по параметрам завершена
30.10.2019 10:57:06 : Запуск процеры поиска по параметрам
30.10.2019 10:57:06 : Перебор значений по заданным параметрам успешно завершен
30.10.2019 10:57:07 : Количество объектов по параметрам поиска 0
30.10.2019 10:57:07 : Процеры поиска по параметрам завершена
30.10.2019 10:57:10 : Запуск процеры поиска по параметрам
30.10.2019 10:57:10 : Перебор значений по заданным параметрам успешно завершен
30.10.2019 10:57:12 : Количество объектов по параметрам поиска 0
30.10.2019 10:57:12 : Процеры поиска по параметрам завершена
30.10.2019 10:57:14 : Запуск процеры поиска по параметрам
30.10.2019 10:57:14 : Перебор значений по заданным параметрам успешно завершен
30.10.2019 10:57:15 : Количество объектов по параметрам поиска 0
30.10.2019 10:57:15 : Процеры поиска по параметрам завершена
30.10.2019 10:57:17 : Запуск процедуры демонстрации места дефекта на слитке
30.10.2019 10:57:23 : Запуск процеры поиска по параметрам
30.10.2019 10:57:23 : Перебор значений по заданным параметрам успешно завершен
30.10.2019 10:57:24 : Количество объектов по параметрам поиска 0
30.10.2019 10:57:24 : Процеры поиска по параметрам завершена
30.10.2019 10:57:26 : Запуск процеду сброса параметров фильтрации
30.10.2019 10:57:26 : Процедура сброса параметров фильтрации успешно завершена
30.10.2019 10:57:38 : Запуск процеры поиска по параметрам
30.10.2019 10:57:38 : Перебор значений по заданным параметрам успешно завершен
30.10.2019 10:57:38 : Отображение позиций по заданным параметрам
30.10.2019 10:57:38 : Процеры поиска по параметрам завершена
30.10.2019 10:57:44 : Запуск процедуры изменения конфигурации ПО
30.10.2019 10:57:57 : Запуск процедуры построение отчета
30.10.2019 10:58:02 : Началось формирование отчета
30.10.2019 10:58:05 : Выбрано место сохранения отчета
30.10.2019 10:58:05 : Процедура построения отчета успешно завершена
30.10.2019 11:10:43 : Процедура проверки целостности файлов запущена...
30.10.2019 11:10:44 : Процедура проверки целостности файлов завершена аварийно. Остановка работы программного обеспечения
30.10.2019 11:10:48 : Ошибка при подключении к БД. Работа приложения остановлена
30.10.2019 11:10:55 : Процедура проверки целостности файлов запущена...
30.10.2019 11:11:01 : Процедура проверки целостности файлов завершена аварийно. Остановка работы программного обеспечения
30.10.2019 11:11:05 : Ошибка при подключении к БД. Работа приложения остановлена
30.10.2019 11:11:45 : Процедура проверки целостности файлов запущена...
30.10.2019 11:11:45 : Дешифрование пароля успешно завершено
30.10.2019 11:11:45 : Процедура проверки целостности файлов успешно завершена
30.10.2019 11:11:49 : Подключение к БД успешно установлено
30.10.2019 11:11:49 : Инициализация процедуры получения параметров с БД
30.10.2019 11:11:49 : Получение списка мест дефекта в производстве успешно завершено
30.10.2019 11:11:49 : Получение списка описаний дефекта успешно завершено
30.10.2019 11:11:49 : Получение списка диаметров успешно завершено
30.10.2019 11:11:49 : Получение списка бригад успешно завершено
30.10.2019 11:11:49 : Получение списка смен успешно завершено
30.10.2019 11:11:49 : Получение списка статусов коррекции успешно завершено
30.10.2019 11:11:49 : Получение списка номеров ТС успешно завершено
30.10.2019 11:11:49 : Получение списка марок сплавов успешно завершено
30.10.2019 11:11:49 : Получение списка типов дефекта успешно завершено
30.10.2019 11:11:49 : Получение списка позиций с сервера успешно завершено
30.10.2019 11:11:49 : Процедура получения параметров с БД успешно завершена
30.10.2019 12:05:29 : Процедура проверки целостности файлов запущена...
30.10.2019 12:05:30 : Дешифрование пароля успешно завершено
30.10.2019 12:05:30 : Процедура проверки целостности файлов успешно завершена
30.10.2019 12:05:33 : Подключение к БД успешно установлено
30.10.2019 12:05:33 : Инициализация процедуры получения параметров с БД
30.10.2019 12:05:33 : Получение списка мест дефекта в производстве успешно завершено
30.10.2019 12:05:33 : Получение списка описаний дефекта успешно завершено
30.10.2019 12:05:33 : Получение списка диаметров успешно завершено
30.10.2019 12:05:33 : Получение списка бригад успешно завершено
30.10.2019 12:05:33 : Получение списка смен успешно завершено
30.10.2019 12:05:33 : Получение списка статусов коррекции успешно завершено
30.10.2019 12:05:33 : Получение списка номеров ТС успешно завершено
30.10.2019 12:05:33 : Получение списка марок сплавов успешно завершено
30.10.2019 12:05:33 : Получение списка типов дефекта успешно завершено
30.10.2019 12:05:33 : Получение списка позиций с сервера успешно завершено
30.10.2019 12:05:33 : Процедура получения параметров с БД успешно завершена
30.10.2019 12:05:54 : Запуск процедуры демонстрации места дефекта на слитке
30.10.2019 12:06:28 : Запуск процедуры добавления позиции
30.10.2019 12:06:53 : Процедура добавления позиции завершена
30.10.2019 12:07:30 : Запуск процеры поиска по параметрам
30.10.2019 12:07:30 : Перебор значений по заданным параметрам успешно завершен
30.10.2019 12:07:30 : Отображение позиций по заданным параметрам
30.10.2019 12:07:30 : Процеры поиска по параметрам завершена
30.10.2019 12:07:41 : Запуск процеду сброса параметров фильтрации
30.10.2019 12:07:41 : Процедура сброса параметров фильтрации успешно завершена
30.10.2019 12:08:23 : Запуск процеры поиска по параметрам
30.10.2019 12:08:23 : Перебор значений по заданным параметрам успешно завершен
30.10.2019 12:08:23 : Отображение позиций по заданным параметрам
30.10.2019 12:08:23 : Процеры поиска по параметрам завершена
30.10.2019 12:08:34 : Обновление статуса коррекции успешно завершено
30.10.2019 12:08:34 : Получение списка мест дефекта в производстве успешно завершено
30.10.2019 12:08:34 : Получение списка описаний дефекта успешно завершено
30.10.2019 12:08:34 : Получение списка диаметров успешно завершено
30.10.2019 12:08:34 : Получение списка бригад успешно завершено
30.10.2019 12:08:34 : Получение списка смен успешно завершено
30.10.2019 12:08:34 : Получение списка статусов коррекции успешно завершено
30.10.2019 12:08:34 : Получение списка номеров ТС успешно завершено
30.10.2019 12:08:34 : Получение списка марок сплавов успешно завершено
30.10.2019 12:08:34 : Получение списка типов дефекта успешно завершено
30.10.2019 12:08:34 : Получение списка позиций с сервера успешно завершено
30.10.2019 12:08:34 : Запуск процеду сброса параметров фильтрации
30.10.2019 12:08:34 : Процедура сброса параметров фильтрации успешно завершена
30.10.2019 12:08:40 : Запуск процеры поиска по параметрам
30.10.2019 12:08:40 : Перебор значений по заданным параметрам успешно завершен
30.10.2019 12:08:40 : Отображение позиций по заданным параметрам
30.10.2019 12:08:40 : Процеры поиска по параметрам завершена
30.10.2019 12:08:52 : Запуск процедуры добавления позиции
30.10.2019 12:09:19 : Процедура добавления позиции завершена
30.10.2019 12:09:23 : Запуск процедуры изменения конфигурации ПО
30.10.2019 12:09:34 : Запуск процедуры добавления параметра конфигурации
30.10.2019 12:09:37 : Данные модификации успешно получены
30.10.2019 12:09:37 : Добавление параметра конфигурации успешно завершено
30.10.2019 12:09:37 : Получение списка мест дефекта в производстве успешно завершено
30.10.2019 12:09:37 : Получение списка описаний дефекта успешно завершено
30.10.2019 12:09:37 : Получение списка диаметров успешно завершено
30.10.2019 12:09:37 : Получение списка бригад успешно завершено
30.10.2019 12:09:37 : Получение списка смен успешно завершено
30.10.2019 12:09:37 : Получение списка статусов коррекции успешно завершено
30.10.2019 12:09:37 : Получение списка номеров ТС успешно завершено
30.10.2019 12:09:37 : Получение списка марок сплавов успешно завершено
30.10.2019 12:09:37 : Получение списка типов дефекта успешно завершено
30.10.2019 12:09:37 : Процедура добавления параметра конфигурации завершена
30.10.2019 12:09:40 : Запуск процедуры добавления позиции
30.10.2019 12:09:47 : Процедура добавления позиции завершена
30.10.2019 12:09:59 : Запуск процедуру изменения параметров БД
30.10.2019 12:09:59 : Получение системного пути резервной копии БД успешно завершено
30.10.2019 12:10:10 : Запуск процедуры выбора пути резервной копии БД
30.10.2019 12:10:18 : Процедура выбора пути резервной копии БД успешно завершена
30.10.2019 12:10:19 : Запуск процедуры резервной копии БД
30.10.2019 12:10:22 : Резервная копия успешно создана
30.10.2019 12:10:22 : Процедура резервной копии БД завершена
30.10.2019 12:11:17 : Запуск процедуры построение отчета
30.10.2019 12:11:25 : Началось формирование отчета
30.10.2019 12:11:34 : Выбрано место сохранения отчета
30.10.2019 12:11:35 : Процедура построения отчета успешно завершена
30.10.2019 12:12:14 : Запуск процедура обычного анализа
30.10.2019 12:12:24 : Запуск процедуры получения анализа
30.10.2019 12:12:24 : Создание диаграммы краткого отчета завершено успешно
30.10.2019 12:12:24 : Заполнение таблицы краткого отчета завершено успешно
30.10.2019 12:12:24 : Краткий анализ бригада вес выполнен
30.10.2019 12:12:24 : Выполнение анализа по параметру: Вес | Бригада
30.10.2019 12:12:24 : Процедура получения анализа завершена
30.10.2019 12:12:50 : Запуск процедуры получения анализа
30.10.2019 12:12:50 : Создание диаграммы краткого отчета завершено успешно
30.10.2019 12:12:50 : Заполнение таблицы краткого отчета завершено успешно
30.10.2019 12:12:50 : Краткий анализ бригада количество выполнен
30.10.2019 12:12:50 : Выполнение анализа по параметру: Количество | Бригада
30.10.2019 12:12:50 : Процедура получения анализа завершена
30.10.2019 12:12:52 : Запуск процедуры экспорта данных анализа
30.10.2019 12:12:52 : Началось формирование выгрузки краткого анализа
30.10.2019 12:13:00 : Процедура экспорта данных анализа завершена
30.10.2019 12:13:01 : Были очищены все поля класса анализа
30.10.2019 12:13:01 : Очистка памяти после выполнения анализа успешно завершена
30.10.2019 12:13:14 : Запуск процедуры расширенного анализа
30.10.2019 12:13:35 : Запуск процедуры получения анализа
30.10.2019 12:13:35 : Группировка для расширенного анализа выполнена успешно
30.10.2019 12:13:35 : Экспорт данных в лист выполнен успешно
30.10.2019 12:13:35 : Создание первой диаграммы расширенного отчета завершено успешно
30.10.2019 12:13:35 : Создание второй диаграммы расширенного отчета завершено успешно
30.10.2019 12:13:35 : Заполнение таблицы расширенного отчета завершено успешно
30.10.2019 12:13:35 : Расширенный анализ бригада вес выполнен успешно
30.10.2019 12:13:35 : Выполнение анализа по параметрам: Бригады
30.10.2019 12:13:35 : Процедура получения анализа завершена
30.10.2019 12:14:27 : Запуск процедуры получения анализа
30.10.2019 12:14:27 : Группировка для расширенного анализа выполнена успешно
30.10.2019 12:14:27 : Экспорт данных в лист выполнен успешно
30.10.2019 12:14:27 : Создание первой диаграммы расширенного отчета завершено успешно
30.10.2019 12:14:27 : Создание второй диаграммы расширенного отчета завершено успешно
30.10.2019 12:14:27 : Заполнение таблицы расширенного отчета завершено успешно
30.10.2019 12:14:27 : Расширенный анализ номер ТС вес выполнен успешно
30.10.2019 12:14:27 : Выполнение анализа по параметрам: Номер ТС
30.10.2019 12:14:27 : Процедура получения анализа завершена
30.10.2019 12:14:39 : Были очищены все поля класса анализа
30.10.2019 12:14:39 : Очистка данных после получения анализа успешно завершена
30.10.2019 12:19:15 : Процедура проверки целостности файлов запущена...
30.10.2019 12:19:15 : Дешифрование пароля успешно завершено
30.10.2019 12:19:15 : Процедура проверки целостности файлов успешно завершена
30.10.2019 12:19:18 : Подключение к БД успешно установлено
30.10.2019 12:19:20 : Инициализация процедуры получения параметров с БД
30.10.2019 12:19:20 : Получение списка мест дефекта в производстве успешно завершено
30.10.2019 12:19:20 : Получение списка описаний дефекта успешно завершено
30.10.2019 12:19:20 : Получение списка диаметров успешно завершено
30.10.2019 12:19:20 : Получение списка бригад успешно завершено
30.10.2019 12:19:20 : Получение списка смен успешно завершено
30.10.2019 12:19:20 : Получение списка статусов коррекции успешно завершено
30.10.2019 12:19:20 : Получение списка номеров ТС успешно завершено
30.10.2019 12:19:20 : Получение списка марок сплавов успешно завершено
30.10.2019 12:19:20 : Получение списка типов дефекта успешно завершено
30.10.2019 12:19:20 : Получение списка позиций с сервера успешно завершено
30.10.2019 12:19:20 : Процедура получения параметров с БД успешно завершена
30.10.2019 12:21:10 : Запуск процедуры демонстрации места дефекта на слитке
30.10.2019 12:21:28 : Запуск процедуры демонстрации места дефекта на слитке
30.10.2019 12:26:01 : Процедуры демонстрации места дефекта на слитке успешна завершена
