21.10.2019 9:00:49 : Дешифрование пароля завершено успешно
21.10.2019 9:02:55 : Дешифрование пароля завершено успешно
21.10.2019 9:03:33 : Дешифрование пароля завершено успешно
21.10.2019 9:04:23 : Дешифрование пароля завершено успешно
21.10.2019 9:04:45 : Дешифрование пароля завершено успешно
21.10.2019 9:07:18 : Дешифрование пароля завершено успешно
21.10.2019 9:08:09 : Дешифрование пароля завершено успешно
21.10.2019 9:10:24 : Дешифрование пароля завершено успешно
21.10.2019 9:11:34 : Дешифрование пароля завершено успешно
21.10.2019 9:13:27 : Дешифрование пароля завершено успешно
21.10.2019 9:16:32 : Дешифрование пароля завершено успешно
21.10.2019 9:17:02 : Дешифрование пароля завершено успешно
21.10.2019 9:18:39 : Дешифрование пароля завершено успешно
21.10.2019 9:19:12 : Дешифрование пароля завершено успешно
21.10.2019 9:19:26 : Дешифрование пароля завершено успешно
21.10.2019 9:20:11 : Дешифрование пароля завершено успешно
21.10.2019 9:22:44 : Дешифрование пароля завершено успешно
21.10.2019 9:24:23 : Дешифрование пароля завершено успешно
21.10.2019 9:24:50 : Дешифрование пароля завершено успешно
21.10.2019 9:26:44 : Дешифрование пароля завершено успешно
21.10.2019 14:29:37 : Дешифрование пароля завершено успешно
21.10.2019 14:38:01 : Дешифрование пароля завершено успешно
21.10.2019 15:22:35 : Дешифрование пароля завершено успешно
21.10.2019 15:34:47 : Дешифрование пароля завершено успешно
21.10.2019 15:36:25 : Дешифрование пароля завершено успешно
21.10.2019 15:39:01 : Дешифрование пароля завершено успешно
21.10.2019 15:39:32 : Дешифрование пароля завершено успешно
21.10.2019 15:42:27 : Дешифрование пароля завершено успешно
21.10.2019 15:42:59 : Дешифрование пароля завершено успешно
21.10.2019 15:44:14 : Дешифрование пароля завершено успешно
21.10.2019 15:44:41 : Дешифрование пароля завершено успешно
21.10.2019 15:48:15 : Дешифрование пароля завершено успешно
21.10.2019 15:50:29 : Дешифрование пароля завершено успешно
21.10.2019 15:50:57 : Дешифрование пароля завершено успешно
21.10.2019 15:51:10 : Дешифрование пароля завершено успешно
21.10.2019 15:51:22 : Дешифрование пароля завершено успешно
21.10.2019 15:54:05 : Дешифрование пароля завершено успешно
21.10.2019 15:54:19 : Дешифрование пароля завершено успешно
21.10.2019 15:58:15 : Дешифрование пароля завершено успешно
21.10.2019 15:58:43 : Дешифрование пароля завершено успешно
21.10.2019 15:58:59 : Дешифрование пароля завершено успешно
21.10.2019 16:01:46 : Дешифрование пароля завершено успешно
21.10.2019 16:02:49 : Дешифрование пароля завершено успешно
21.10.2019 16:04:03 : Дешифрование пароля завершено успешно
21.10.2019 16:12:08 : Дешифрование пароля завершено успешно
21.10.2019 16:17:07 : Дешифрование пароля завершено успешно
21.10.2019 16:26:05 : Дешифрование пароля завершено успешно
21.10.2019 17:03:25 : Дешифрование пароля завершено успешно
21.10.2019 18:21:44 : Дешифрование пароля успешно завершено
21.10.2019 18:21:44 : Процедура проверки целостности файлов успешно завершена
21.10.2019 18:21:44 : Процедура проверки целостности файлов запущена...
21.10.2019 18:21:48 : Подключение к БД успешно установлено
21.10.2019 18:21:48 : Инициализация процедуры получения параметров с БД
21.10.2019 18:21:48 : Получение списка мест дефекта в производстве успешно завершено
21.10.2019 18:21:48 : Получение списка описаний дефекта успешно завершено
21.10.2019 18:21:48 : Получение списка диаметров успешно завершено
21.10.2019 18:21:48 : Получение списка бригад успешно завершено
21.10.2019 18:21:48 : Получение списка смен успешно завершено
21.10.2019 18:21:48 : Получение списка статусов коррекции успешно завершено
21.10.2019 18:21:48 : Получение списка номеров ТС успешно завершено
21.10.2019 18:21:48 : Получение списка марок сплавов успешно завершено
21.10.2019 18:21:48 : Получение списка типов дефекта успешно завершено
21.10.2019 18:21:48 : Получение списка позиций с сервера успешно завершено
21.10.2019 18:21:48 : Процедура получения параметров с БД успешно завершена
21.10.2019 18:21:50 : Запуск процедуры построение отчета
21.10.2019 18:35:13 : Дешифрование пароля успешно завершено
21.10.2019 18:35:13 : Процедура проверки целостности файлов успешно завершена
21.10.2019 18:35:13 : Процедура проверки целостности файлов запущена...
21.10.2019 18:35:17 : Подключение к БД успешно установлено
21.10.2019 18:35:17 : Инициализация процедуры получения параметров с БД
21.10.2019 18:35:17 : Получение списка мест дефекта в производстве успешно завершено
21.10.2019 18:35:17 : Получение списка описаний дефекта успешно завершено
21.10.2019 18:35:17 : Получение списка диаметров успешно завершено
21.10.2019 18:35:17 : Получение списка бригад успешно завершено
21.10.2019 18:35:17 : Получение списка смен успешно завершено
21.10.2019 18:35:17 : Получение списка статусов коррекции успешно завершено
21.10.2019 18:35:17 : Получение списка номеров ТС успешно завершено
21.10.2019 18:35:17 : Получение списка марок сплавов успешно завершено
21.10.2019 18:35:17 : Получение списка типов дефекта успешно завершено
21.10.2019 18:35:17 : Получение списка позиций с сервера успешно завершено
21.10.2019 18:35:17 : Процедура получения параметров с БД успешно завершена
21.10.2019 18:35:18 : Запуск процедуры добавления позиции
21.10.2019 18:35:20 : Процедура добавления позиции завершена
21.10.2019 18:35:22 : Запуск процедуры добавления позиции
21.10.2019 18:35:24 : Процедура добавления позиции завершена
21.10.2019 18:35:25 : Запуск процедуры изменения конфигурации ПО
21.10.2019 18:35:27 : Запуск процедуру изменения параметров БД
21.10.2019 18:35:27 : Получение системного пути резервной копии БД успешно завершено
21.10.2019 18:35:29 : Запуск процедуры построение отчета
21.10.2019 18:35:31 : Запуск процедура обычного анализа
21.10.2019 18:35:32 : Очистка памяти после выполнения анализа успешно завершена
21.10.2019 18:35:35 : Запуск процедура обычного анализа
21.10.2019 18:35:39 : Очистка памяти после выполнения анализа успешно завершена
21.10.2019 18:35:41 : Запуск процедуры расширенного анализа
21.10.2019 18:35:43 : Очистка данных после получения анализа успешно завершена
21.10.2019 18:35:43 : Процедура расширенного анализа успешно завершена
21.10.2019 18:35:50 : Запуск процедуру изменения параметров БД
21.10.2019 18:35:50 : Получение системного пути резервной копии БД успешно завершено
21.10.2019 18:35:51 : Процедура изменения параметров БД успешно завершена
21.10.2019 18:37:39 : Процедура проверки целостности файлов запущена...
21.10.2019 18:37:39 : Дешифрование пароля успешно завершено
21.10.2019 18:37:39 : Процедура проверки целостности файлов успешно завершена
21.10.2019 18:37:43 : Подключение к БД успешно установлено
21.10.2019 18:37:43 : Инициализация процедуры получения параметров с БД
21.10.2019 18:37:43 : Получение списка мест дефекта в производстве успешно завершено
21.10.2019 18:37:43 : Получение списка описаний дефекта успешно завершено
21.10.2019 18:37:43 : Получение списка диаметров успешно завершено
21.10.2019 18:37:43 : Получение списка бригад успешно завершено
21.10.2019 18:37:43 : Получение списка смен успешно завершено
21.10.2019 18:37:43 : Получение списка статусов коррекции успешно завершено
21.10.2019 18:37:43 : Получение списка номеров ТС успешно завершено
21.10.2019 18:37:43 : Получение списка марок сплавов успешно завершено
21.10.2019 18:37:43 : Получение списка типов дефекта успешно завершено
21.10.2019 18:37:43 : Получение списка позиций с сервера успешно завершено
21.10.2019 18:37:43 : Процедура получения параметров с БД успешно завершена
21.10.2019 20:17:07 : Процедура проверки целостности файлов запущена...
21.10.2019 20:17:07 : Дешифрование пароля успешно завершено
21.10.2019 20:17:07 : Процедура проверки целостности файлов успешно завершена
21.10.2019 20:17:11 : Подключение к БД успешно установлено
21.10.2019 20:17:11 : Инициализация процедуры получения параметров с БД
21.10.2019 20:17:11 : Получение списка мест дефекта в производстве успешно завершено
21.10.2019 20:17:11 : Получение списка описаний дефекта успешно завершено
21.10.2019 20:17:11 : Получение списка диаметров успешно завершено
21.10.2019 20:17:11 : Получение списка бригад успешно завершено
21.10.2019 20:17:11 : Получение списка смен успешно завершено
21.10.2019 20:17:11 : Получение списка статусов коррекции успешно завершено
21.10.2019 20:17:11 : Получение списка номеров ТС успешно завершено
21.10.2019 20:17:11 : Получение списка марок сплавов успешно завершено
21.10.2019 20:17:11 : Получение списка типов дефекта успешно завершено
21.10.2019 20:17:11 : Получение списка позиций с сервера успешно завершено
21.10.2019 20:17:11 : Процедура получения параметров с БД успешно завершена
21.10.2019 20:22:00 : Процедура проверки целостности файлов запущена...
21.10.2019 20:22:00 : Дешифрование пароля успешно завершено
21.10.2019 20:22:00 : Процедура проверки целостности файлов успешно завершена
21.10.2019 20:22:04 : Подключение к БД успешно установлено
21.10.2019 20:22:04 : Инициализация процедуры получения параметров с БД
21.10.2019 20:22:04 : Получение списка мест дефекта в производстве успешно завершено
21.10.2019 20:22:04 : Получение списка описаний дефекта успешно завершено
21.10.2019 20:22:04 : Получение списка диаметров успешно завершено
21.10.2019 20:22:04 : Получение списка бригад успешно завершено
21.10.2019 20:22:04 : Получение списка смен успешно завершено
21.10.2019 20:22:04 : Получение списка статусов коррекции успешно завершено
21.10.2019 20:22:04 : Получение списка номеров ТС успешно завершено
21.10.2019 20:22:04 : Получение списка марок сплавов успешно завершено
21.10.2019 20:22:04 : Получение списка типов дефекта успешно завершено
21.10.2019 20:22:04 : Получение списка позиций с сервера успешно завершено
21.10.2019 20:22:04 : Процедура получения параметров с БД успешно завершена
21.10.2019 20:22:06 : Запуск процедуры расширенного анализа
21.10.2019 20:22:07 : Запуск процедуры получения анализа
21.10.2019 20:22:07 : Группировка для расширенного анализа выполнена успешно
21.10.2019 20:22:07 : Экспорт данных в лист выполнен успешно
21.10.2019 20:22:07 : Создание диаграммы расширенного отчета завершено успешно
21.10.2019 20:22:07 : Создание диаграммы расширенного отчета завершено успешно
21.10.2019 20:22:07 : Заполнение таблицы расширенного отчета завершено успешно
21.10.2019 20:22:07 : Расширенный анализ бригада вес выполнен успешно
21.10.2019 20:22:07 : Выполнение анализа по параметрам: Бригады
21.10.2019 20:22:07 : Процедура получения анализа завершена
21.10.2019 20:22:07 : Запуск процедуры экспорта данных анализа
21.10.2019 20:22:07 : Началось формирование выгрузки расширенного анализа
21.10.2019 20:22:09 : Процедуры экспорта данных анализа завершена
21.10.2019 20:22:10 : Были очищены все поля класса анализа
21.10.2019 20:22:10 : Очистка данных после получения анализа успешно завершена
21.10.2019 20:22:12 : Запуск процедура обычного анализа
21.10.2019 20:22:13 : Запуск процедуры получения анализа
21.10.2019 20:22:13 : Создание диаграммы краткого отчета завершено успешно
21.10.2019 20:22:13 : Заполнение таблицы краткого отчета завершено успешно
21.10.2019 20:22:13 : Краткий анализ бригада вес выполнен
21.10.2019 20:22:13 : Выполнение анализа по параметру: Вес | Бригада
21.10.2019 20:22:13 : Процедура получения анализа завершена
21.10.2019 20:22:14 : Были очищены все поля класса анализа
21.10.2019 20:22:14 : Очистка памяти после выполнения анализа успешно завершена
21.10.2019 20:22:16 : Запуск процедуры построение отчета
21.10.2019 20:22:18 : Началось формирование отчета
21.10.2019 20:22:20 : Выбрано место сохранения отчета
21.10.2019 20:22:21 : Процедура построения отчета успешно завершена
