16.01.2020 22:41:44 : Дешифрование пароля успешно завершено
16.01.2020 22:41:44 : Процедура проверки целостности файлов успешно завершена
16.01.2020 22:41:44 : Процедура проверки целостности файлов запущена...
16.01.2020 22:41:51 : Подключение к БД успешно установлено
16.01.2020 22:41:51 : Инициализация процедуры получения параметров с БД
16.01.2020 22:41:51 : Получение списка мест дефекта в производстве успешно завершено
16.01.2020 22:41:51 : Получение списка описаний дефекта успешно завершено
16.01.2020 22:41:51 : Получение списка диаметров успешно завершено
16.01.2020 22:41:51 : Получение списка бригад успешно завершено
16.01.2020 22:41:51 : Получение списка смен успешно завершено
16.01.2020 22:41:51 : Получение списка статусов коррекции успешно завершено
16.01.2020 22:41:51 : Получение списка номеров ТС успешно завершено
16.01.2020 22:41:51 : Получение списка марок сплавов успешно завершено
16.01.2020 22:41:51 : Получение списка типов дефекта успешно завершено
16.01.2020 22:41:51 : Получение списка позиций с сервера успешно завершено
16.01.2020 22:41:51 : Процедура получения параметров с БД успешно завершена
16.01.2020 22:42:10 : Запуск процедуру изменения параметров БД
16.01.2020 22:42:10 : Получение системного пути резервной копии БД успешно завершено
16.01.2020 22:42:38 : Дешифрование пароля успешно завершено
16.01.2020 22:42:38 : Процедура проверки целостности файлов успешно завершена
16.01.2020 22:42:38 : Процедура проверки целостности файлов запущена...
16.01.2020 22:42:44 : Подключение к БД успешно установлено
16.01.2020 22:42:44 : Инициализация процедуры получения параметров с БД
16.01.2020 22:42:44 : Получение списка мест дефекта в производстве успешно завершено
16.01.2020 22:42:44 : Получение списка описаний дефекта успешно завершено
16.01.2020 22:42:44 : Получение списка диаметров успешно завершено
16.01.2020 22:42:44 : Получение списка бригад успешно завершено
16.01.2020 22:42:44 : Получение списка смен успешно завершено
16.01.2020 22:42:44 : Получение списка статусов коррекции успешно завершено
16.01.2020 22:42:44 : Получение списка номеров ТС успешно завершено
16.01.2020 22:42:44 : Получение списка марок сплавов успешно завершено
16.01.2020 22:42:44 : Получение списка типов дефекта успешно завершено
16.01.2020 22:42:44 : Получение списка позиций с сервера успешно завершено
16.01.2020 22:42:44 : Процедура получения параметров с БД успешно завершена
16.01.2020 22:42:47 : Запуск процедуру изменения параметров БД
16.01.2020 22:42:47 : Получение системного пути резервной копии БД успешно завершено
16.01.2020 22:42:51 : Запук процедуры модификации параметров БД
16.01.2020 22:42:51 : Шифрование пароля успешно завершено
16.01.2020 22:42:53 : Запись параметров подлючения к БД успешно завершена
16.01.2020 22:42:53 : Параметры подключения к базе данных успешно обновлены
16.01.2020 22:42:53 : Процедуры модификации параметров БД успешно завершена
16.01.2020 22:42:56 : Запук процедуры модификации параметров БД
16.01.2020 22:42:56 : Шифрование пароля успешно завершено
16.01.2020 22:42:57 : Запись параметров подлючения к БД успешно завершена
16.01.2020 22:42:57 : Параметры подключения к базе данных успешно обновлены
16.01.2020 22:42:57 : Процедуры модификации параметров БД успешно завершена
16.01.2020 22:43:00 : Запук процедуры модификации параметров БД
16.01.2020 22:43:00 : Шифрование пароля успешно завершено
16.01.2020 22:43:00 : Запись параметров подлючения к БД успешно завершена
16.01.2020 22:43:00 : Параметры подключения к базе данных успешно обновлены
16.01.2020 22:43:00 : Процедуры модификации параметров БД успешно завершена
16.01.2020 22:43:04 : Процедура изменения параметров БД успешно завершена
16.01.2020 22:44:01 : Дешифрование пароля успешно завершено
16.01.2020 22:44:01 : Процедура проверки целостности файлов успешно завершена
16.01.2020 22:44:01 : Процедура проверки целостности файлов запущена...
16.01.2020 22:44:07 : Подключение к БД успешно установлено
16.01.2020 22:44:07 : Инициализация процедуры получения параметров с БД
16.01.2020 22:44:07 : Получение списка мест дефекта в производстве успешно завершено
16.01.2020 22:44:07 : Получение списка описаний дефекта успешно завершено
16.01.2020 22:44:07 : Получение списка диаметров успешно завершено
16.01.2020 22:44:07 : Получение списка бригад успешно завершено
16.01.2020 22:44:07 : Получение списка смен успешно завершено
16.01.2020 22:44:07 : Получение списка статусов коррекции успешно завершено
16.01.2020 22:44:07 : Получение списка номеров ТС успешно завершено
16.01.2020 22:44:07 : Получение списка марок сплавов успешно завершено
16.01.2020 22:44:07 : Получение списка типов дефекта успешно завершено
16.01.2020 22:44:07 : Получение списка позиций с сервера успешно завершено
16.01.2020 22:44:07 : Процедура получения параметров с БД успешно завершена
16.01.2020 22:44:11 : Запуск процедуру изменения параметров БД
16.01.2020 22:44:11 : Получение системного пути резервной копии БД успешно завершено
16.01.2020 22:44:15 : Запук процедуры модификации параметров БД
16.01.2020 22:47:50 : Дешифрование пароля успешно завершено
16.01.2020 22:47:50 : Процедура проверки целостности файлов успешно завершена
16.01.2020 22:47:50 : Процедура проверки целостности файлов запущена...
16.01.2020 22:47:56 : Подключение к БД успешно установлено
16.01.2020 22:47:56 : Инициализация процедуры получения параметров с БД
16.01.2020 22:47:56 : Получение списка мест дефекта в производстве успешно завершено
16.01.2020 22:47:56 : Получение списка описаний дефекта успешно завершено
16.01.2020 22:47:56 : Получение списка диаметров успешно завершено
16.01.2020 22:47:56 : Получение списка бригад успешно завершено
16.01.2020 22:47:56 : Получение списка смен успешно завершено
16.01.2020 22:47:56 : Получение списка статусов коррекции успешно завершено
16.01.2020 22:47:56 : Получение списка номеров ТС успешно завершено
16.01.2020 22:47:56 : Получение списка марок сплавов успешно завершено
16.01.2020 22:47:56 : Получение списка типов дефекта успешно завершено
16.01.2020 22:47:56 : Получение списка позиций с сервера успешно завершено
16.01.2020 22:47:56 : Процедура получения параметров с БД успешно завершена
16.01.2020 22:48:17 : Запуск процедуры демонстрации места дефекта на слитке
16.01.2020 22:48:19 : Процедуры демонстрации места дефекта на слитке успешна завершена
16.01.2020 22:48:25 : Запуск процедуры изменения конфигурации ПО
16.01.2020 22:48:34 : Запуск процедуры изменения конфигурации ПО
16.01.2020 22:48:37 : Запуск процедуру изменения параметров БД
16.01.2020 22:48:37 : Получение системного пути резервной копии БД успешно завершено
16.01.2020 22:48:40 : Запук процедуры модификации параметров БД
16.01.2020 22:48:53 : Ошибка при подключении к БД
16.01.2020 22:48:53 : Ошибка при получении параметров подключении к базе данных: Ошибка при проверке подключения к базе данных. Данные не будут записаны
16.01.2020 22:48:59 : Дешифрование пароля успешно завершено
16.01.2020 22:48:59 : Процедура проверки целостности файлов успешно завершена
16.01.2020 22:48:59 : Процедура проверки целостности файлов запущена...
16.01.2020 22:49:06 : Подключение к БД успешно установлено
16.01.2020 22:49:06 : Инициализация процедуры получения параметров с БД
16.01.2020 22:49:06 : Получение списка мест дефекта в производстве успешно завершено
16.01.2020 22:49:06 : Получение списка описаний дефекта успешно завершено
16.01.2020 22:49:06 : Получение списка диаметров успешно завершено
16.01.2020 22:49:06 : Получение списка бригад успешно завершено
16.01.2020 22:49:06 : Получение списка смен успешно завершено
16.01.2020 22:49:06 : Получение списка статусов коррекции успешно завершено
16.01.2020 22:49:06 : Получение списка номеров ТС успешно завершено
16.01.2020 22:49:06 : Получение списка марок сплавов успешно завершено
16.01.2020 22:49:06 : Получение списка типов дефекта успешно завершено
16.01.2020 22:49:06 : Получение списка позиций с сервера успешно завершено
16.01.2020 22:49:06 : Процедура получения параметров с БД успешно завершена
16.01.2020 22:49:10 : Запуск процедуры изменения конфигурации ПО
16.01.2020 22:50:15 : Дешифрование пароля успешно завершено
16.01.2020 22:50:15 : Процедура проверки целостности файлов успешно завершена
16.01.2020 22:50:15 : Процедура проверки целостности файлов запущена...
16.01.2020 22:50:21 : Подключение к БД успешно установлено
16.01.2020 22:50:21 : Инициализация процедуры получения параметров с БД
16.01.2020 22:50:21 : Получение списка мест дефекта в производстве успешно завершено
16.01.2020 22:50:21 : Получение списка описаний дефекта успешно завершено
16.01.2020 22:50:21 : Получение списка диаметров успешно завершено
16.01.2020 22:50:21 : Получение списка бригад успешно завершено
16.01.2020 22:50:21 : Получение списка смен успешно завершено
16.01.2020 22:50:21 : Получение списка статусов коррекции успешно завершено
16.01.2020 22:50:21 : Получение списка номеров ТС успешно завершено
16.01.2020 22:50:21 : Получение списка марок сплавов успешно завершено
16.01.2020 22:50:21 : Получение списка типов дефекта успешно завершено
16.01.2020 22:50:21 : Получение списка позиций с сервера успешно завершено
16.01.2020 22:50:21 : Процедура получения параметров с БД успешно завершена
16.01.2020 22:50:23 : Запуск процедуры изменения конфигурации ПО
16.01.2020 22:50:25 : Запуск процедуру изменения параметров БД
16.01.2020 22:50:26 : Получение системного пути резервной копии БД успешно завершено
16.01.2020 22:50:32 : Запук процедуры модификации параметров БД
16.01.2020 22:50:36 : Ошибка при получении параметров подключении к базе данных: Ошибка при проверке подключения к базе данных. Данные не будут записаны
16.01.2020 22:50:38 : Запук процедуры модификации параметров БД
16.01.2020 22:50:39 : Ошибка при получении параметров подключении к базе данных: Ошибка при проверке подключения к базе данных. Данные не будут записаны
16.01.2020 22:50:40 : Процедура изменения параметров БД успешно завершена
16.01.2020 22:50:42 : Запуск процедуры добавления позиции
16.01.2020 22:50:55 : Данные модификации позиции успешно получены
16.01.2020 22:50:55 : Добавление позиции успешно завершено
16.01.2020 22:50:55 : Процедура добавления позиции завершена
16.01.2020 22:51:21 : Были очищены все поля класса анализа
16.01.2020 22:51:56 : Были очищены все поля класса анализа
16.01.2020 22:52:04 : Были очищены все поля класса анализа
16.01.2020 22:54:34 : Дешифрование пароля успешно завершено
16.01.2020 22:54:34 : Процедура проверки целостности файлов успешно завершена
16.01.2020 22:54:34 : Процедура проверки целостности файлов запущена...
16.01.2020 22:54:40 : Подключение к БД успешно установлено
16.01.2020 22:54:40 : Инициализация процедуры получения параметров с БД
16.01.2020 22:54:40 : Получение списка мест дефекта в производстве успешно завершено
16.01.2020 22:54:40 : Получение списка описаний дефекта успешно завершено
16.01.2020 22:54:40 : Получение списка диаметров успешно завершено
16.01.2020 22:54:40 : Получение списка бригад успешно завершено
16.01.2020 22:54:40 : Получение списка смен успешно завершено
16.01.2020 22:54:40 : Получение списка статусов коррекции успешно завершено
16.01.2020 22:54:40 : Получение списка номеров ТС успешно завершено
16.01.2020 22:54:40 : Получение списка марок сплавов успешно завершено
16.01.2020 22:54:40 : Получение списка типов дефекта успешно завершено
16.01.2020 22:54:40 : Получение списка позиций с сервера успешно завершено
16.01.2020 22:54:40 : Процедура получения параметров с БД успешно завершена
16.01.2020 22:54:55 : Были очищены все поля класса анализа
16.01.2020 22:56:11 : Дешифрование пароля успешно завершено
16.01.2020 22:56:11 : Процедура проверки целостности файлов успешно завершена
16.01.2020 22:56:11 : Процедура проверки целостности файлов запущена...
16.01.2020 22:56:17 : Подключение к БД успешно установлено
16.01.2020 22:56:17 : Инициализация процедуры получения параметров с БД
16.01.2020 22:56:17 : Получение списка мест дефекта в производстве успешно завершено
16.01.2020 22:56:17 : Получение списка описаний дефекта успешно завершено
16.01.2020 22:56:17 : Получение списка диаметров успешно завершено
16.01.2020 22:56:17 : Получение списка бригад успешно завершено
16.01.2020 22:56:17 : Получение списка смен успешно завершено
16.01.2020 22:56:17 : Получение списка статусов коррекции успешно завершено
16.01.2020 22:56:17 : Получение списка номеров ТС успешно завершено
16.01.2020 22:56:17 : Получение списка марок сплавов успешно завершено
16.01.2020 22:56:17 : Получение списка типов дефекта успешно завершено
16.01.2020 22:56:17 : Получение списка позиций с сервера успешно завершено
16.01.2020 22:56:17 : Процедура получения параметров с БД успешно завершена
16.01.2020 22:56:19 : Запуск процедуру изменения параметров БД
16.01.2020 22:56:19 : Получение системного пути резервной копии БД успешно завершено
16.01.2020 22:56:35 : Запук процедуры модификации параметров БД
16.01.2020 22:56:36 : Ошибка при получении параметров подключении к базе данных: Ошибка при проверке подключения к базе данных. Данные не будут записаны
16.01.2020 22:56:37 : Запук процедуры модификации параметров БД
16.01.2020 22:57:08 : Ошибка при получении параметров подключении к базе данных: Ошибка при проверке подключения к базе данных. Данные не будут записаны
16.01.2020 22:57:12 : Процедура изменения параметров БД успешно завершена
16.01.2020 22:58:56 : Дешифрование пароля успешно завершено
16.01.2020 22:58:56 : Процедура проверки целостности файлов успешно завершена
16.01.2020 22:58:56 : Процедура проверки целостности файлов запущена...
16.01.2020 22:59:02 : Подключение к БД успешно установлено
16.01.2020 22:59:02 : Инициализация процедуры получения параметров с БД
16.01.2020 22:59:02 : Получение списка мест дефекта в производстве успешно завершено
16.01.2020 22:59:02 : Получение списка описаний дефекта успешно завершено
16.01.2020 22:59:02 : Получение списка диаметров успешно завершено
16.01.2020 22:59:02 : Получение списка бригад успешно завершено
16.01.2020 22:59:02 : Получение списка смен успешно завершено
16.01.2020 22:59:02 : Получение списка статусов коррекции успешно завершено
16.01.2020 22:59:02 : Получение списка номеров ТС успешно завершено
16.01.2020 22:59:02 : Получение списка марок сплавов успешно завершено
16.01.2020 22:59:02 : Получение списка типов дефекта успешно завершено
16.01.2020 22:59:02 : Получение списка позиций с сервера успешно завершено
16.01.2020 22:59:02 : Процедура получения параметров с БД успешно завершена
16.01.2020 22:59:06 : Запуск процедуру изменения параметров БД
16.01.2020 22:59:06 : Получение системного пути резервной копии БД успешно завершено
16.01.2020 22:59:24 : Запук процедуры модификации параметров БД
16.01.2020 22:59:24 : Шифрование пароля успешно завершено
16.01.2020 22:59:32 : Запись параметров подлючения к БД успешно завершена
16.01.2020 22:59:32 : Параметры подключения к базе данных успешно обновлены
16.01.2020 22:59:32 : Процедуры модификации параметров БД успешно завершена
16.01.2020 23:02:03 : Дешифрование пароля успешно завершено
16.01.2020 23:02:03 : Процедура проверки целостности файлов успешно завершена
16.01.2020 23:02:03 : Процедура проверки целостности файлов запущена...
16.01.2020 23:02:09 : Подключение к БД успешно установлено
16.01.2020 23:02:09 : Инициализация процедуры получения параметров с БД
16.01.2020 23:02:09 : Получение списка мест дефекта в производстве успешно завершено
16.01.2020 23:02:09 : Получение списка описаний дефекта успешно завершено
16.01.2020 23:02:09 : Получение списка диаметров успешно завершено
16.01.2020 23:02:09 : Получение списка бригад успешно завершено
16.01.2020 23:02:09 : Получение списка смен успешно завершено
16.01.2020 23:02:09 : Получение списка статусов коррекции успешно завершено
16.01.2020 23:02:09 : Получение списка номеров ТС успешно завершено
16.01.2020 23:02:09 : Получение списка марок сплавов успешно завершено
16.01.2020 23:02:09 : Получение списка типов дефекта успешно завершено
16.01.2020 23:02:09 : Получение списка позиций с сервера успешно завершено
16.01.2020 23:02:09 : Процедура получения параметров с БД успешно завершена
16.01.2020 23:02:31 : Были очищены все поля класса анализа
