14.12.2019 12:12:04 : Дешифрование пароля успешно завершено
14.12.2019 12:12:04 : Процедура проверки целостности файлов успешно завершена
14.12.2019 12:12:04 : Процедура проверки целостности файлов запущена...
14.12.2019 12:12:10 : Подключение к БД успешно установлено
14.12.2019 12:12:10 : Инициализация процедуры получения параметров с БД
14.12.2019 12:12:10 : Получение списка мест дефекта в производстве успешно завершено
14.12.2019 12:12:10 : Получение списка описаний дефекта успешно завершено
14.12.2019 12:12:10 : Получение списка диаметров успешно завершено
14.12.2019 12:12:10 : Получение списка бригад успешно завершено
14.12.2019 12:12:10 : Получение списка смен успешно завершено
14.12.2019 12:12:10 : Получение списка статусов коррекции успешно завершено
14.12.2019 12:12:10 : Получение списка номеров ТС успешно завершено
14.12.2019 12:12:10 : Получение списка марок сплавов успешно завершено
14.12.2019 12:12:10 : Получение списка типов дефекта успешно завершено
14.12.2019 12:12:10 : Получение списка позиций с сервера успешно завершено
14.12.2019 12:12:10 : Процедура получения параметров с БД успешно завершена
14.12.2019 12:12:49 : Дешифрование пароля успешно завершено
14.12.2019 12:12:49 : Процедура проверки целостности файлов успешно завершена
14.12.2019 12:12:49 : Процедура проверки целостности файлов запущена...
14.12.2019 12:12:55 : Подключение к БД успешно установлено
14.12.2019 12:12:55 : Инициализация процедуры получения параметров с БД
14.12.2019 12:12:55 : Получение списка мест дефекта в производстве успешно завершено
14.12.2019 12:12:56 : Получение списка описаний дефекта успешно завершено
14.12.2019 12:12:56 : Получение списка диаметров успешно завершено
14.12.2019 12:12:56 : Получение списка бригад успешно завершено
14.12.2019 12:12:56 : Получение списка смен успешно завершено
14.12.2019 12:12:56 : Получение списка статусов коррекции успешно завершено
14.12.2019 12:12:56 : Получение списка номеров ТС успешно завершено
14.12.2019 12:12:56 : Получение списка марок сплавов успешно завершено
14.12.2019 12:12:56 : Получение списка типов дефекта успешно завершено
14.12.2019 12:12:56 : Получение списка позиций с сервера успешно завершено
14.12.2019 12:12:56 : Процедура получения параметров с БД успешно завершена
14.12.2019 12:13:17 : Дешифрование пароля успешно завершено
14.12.2019 12:13:17 : Процедура проверки целостности файлов успешно завершена
14.12.2019 12:13:17 : Процедура проверки целостности файлов запущена...
14.12.2019 12:13:23 : Подключение к БД успешно установлено
14.12.2019 12:13:23 : Инициализация процедуры получения параметров с БД
14.12.2019 12:13:23 : Получение списка мест дефекта в производстве успешно завершено
14.12.2019 12:13:23 : Получение списка описаний дефекта успешно завершено
14.12.2019 12:13:23 : Получение списка диаметров успешно завершено
14.12.2019 12:13:23 : Получение списка бригад успешно завершено
14.12.2019 12:13:23 : Получение списка смен успешно завершено
14.12.2019 12:13:23 : Получение списка статусов коррекции успешно завершено
14.12.2019 12:13:23 : Получение списка номеров ТС успешно завершено
14.12.2019 12:13:23 : Получение списка марок сплавов успешно завершено
14.12.2019 12:13:23 : Получение списка типов дефекта успешно завершено
14.12.2019 12:13:23 : Получение списка позиций с сервера успешно завершено
14.12.2019 12:13:23 : Процедура получения параметров с БД успешно завершена
14.12.2019 12:13:26 : Запуск процедуры добавления позиции
14.12.2019 12:13:29 : Процедура добавления позиции завершена
14.12.2019 12:13:29 : Запуск процедуры изменения позиции
14.12.2019 12:13:29 : Получение текущих данных выбранного объекта успешно завершено
14.12.2019 12:13:31 : Процедура изменения позиции завершена
14.12.2019 12:13:32 : Запуск процедуры удаления позиции
14.12.2019 12:13:33 : Процедура удаления позиции завершена
14.12.2019 12:13:35 : Запуск процедура обычного анализа
14.12.2019 12:13:38 : Запуск процедуры получения анализа
14.12.2019 12:13:38 : Создание диаграммы краткого отчета завершено успешно
14.12.2019 12:13:38 : Заполнение таблицы краткого отчета завершено успешно
14.12.2019 12:13:38 : Краткий анализ бригада вес выполнен
14.12.2019 12:13:38 : Выполнение анализа по параметру: Вес | Бригада
14.12.2019 12:13:38 : Процедура получения анализа завершена
14.12.2019 12:13:39 : Запуск процедуры экспорта данных анализа
14.12.2019 12:13:39 : Началось формирование выгрузки краткого анализа
14.12.2019 12:13:40 : Процедура экспорта данных анализа завершена
14.12.2019 12:13:42 : Были очищены все поля класса анализа
14.12.2019 12:13:42 : Очистка памяти после выполнения анализа успешно завершена
14.12.2019 12:13:45 : Запуск процедуры расширенного анализа
14.12.2019 12:13:52 : Запуск процедуры получения анализа
14.12.2019 12:13:52 : Группировка для расширенного анализа выполнена успешно
14.12.2019 12:13:52 : Экспорт данных в лист выполнен успешно
14.12.2019 12:13:52 : Создание первой диаграммы расширенного отчета завершено успешно
14.12.2019 12:13:52 : Создание второй диаграммы расширенного отчета завершено успешно
14.12.2019 12:13:52 : Заполнение таблицы расширенного отчета завершено успешно
14.12.2019 12:13:52 : Расширенный анализ бригада вес выполнен успешно
14.12.2019 12:13:52 : Выполнение анализа по параметрам: Бригады
14.12.2019 12:13:52 : Процедура получения анализа завершена
14.12.2019 12:13:57 : Запуск процедуры экспорта данных анализа
14.12.2019 12:13:57 : Началось формирование выгрузки расширенного анализа
14.12.2019 12:13:59 : Процедуры экспорта данных анализа завершена
14.12.2019 12:14:04 : Запуск процедуры получения анализа
14.12.2019 12:14:04 : Группировка для расширенного анализа выполнена успешно
14.12.2019 12:14:04 : Экспорт данных в лист выполнен успешно
14.12.2019 12:14:04 : Создание первой диаграммы расширенного отчета завершено успешно
14.12.2019 12:14:04 : Создание второй диаграммы расширенного отчета завершено успешно
14.12.2019 12:14:04 : Заполнение таблицы расширенного отчета завершено успешно
14.12.2019 12:14:04 : Расширенный анализ описание вес выполнен успешно
14.12.2019 12:14:04 : Выполнение анализа по параметрам: Описание
14.12.2019 12:14:04 : Процедура получения анализа завершена
14.12.2019 12:14:07 : Запуск процедуры экспорта данных анализа
14.12.2019 12:14:07 : Началось формирование выгрузки расширенного анализа
14.12.2019 12:14:08 : Процедуры экспорта данных анализа завершена
14.12.2019 12:14:10 : Были очищены все поля класса анализа
14.12.2019 12:14:10 : Очистка памяти после выполнения анализа успешно завершена
14.12.2019 12:14:13 : Запуск процедура обычного анализа
14.12.2019 12:14:15 : Запуск процедуры получения анализа
14.12.2019 12:14:15 : Создание диаграммы краткого отчета завершено успешно
14.12.2019 12:14:15 : Заполнение таблицы краткого отчета завершено успешно
14.12.2019 12:14:15 : Краткий анализ описание вес выполнен
14.12.2019 12:14:15 : Выполнение анализа по параметру: Вес | Описание
14.12.2019 12:14:15 : Процедура получения анализа завершена
14.12.2019 12:14:17 : Запуск процедуры получения анализа
14.12.2019 12:14:17 : Создание диаграммы краткого отчета завершено успешно
14.12.2019 12:14:17 : Заполнение таблицы краткого отчета завершено успешно
14.12.2019 12:14:17 : Краткий анализ описание вес выполнен
14.12.2019 12:14:17 : Выполнение анализа по параметру: Вес | Описание
14.12.2019 12:14:17 : Процедура получения анализа завершена
14.12.2019 12:14:19 : Запуск процедуры экспорта данных анализа
14.12.2019 12:14:19 : Началось формирование выгрузки краткого анализа
14.12.2019 12:14:21 : Процедура экспорта данных анализа завершена
14.12.2019 12:14:23 : Были очищены все поля класса анализа
14.12.2019 12:14:23 : Очистка памяти после выполнения анализа успешно завершена
14.12.2019 12:14:32 : Были очищены все поля класса анализа
14.12.2019 12:14:41 : Были очищены все поля класса анализа
14.12.2019 12:14:44 : Запуск процедуры построение отчета
14.12.2019 12:14:46 : Началось формирование отчета
14.12.2019 12:14:47 : Выбрано место сохранения отчета
14.12.2019 12:14:47 : Процедура построения отчета успешно завершена
14.12.2019 12:14:49 : Запуск процедуры изменения конфигурации ПО
14.12.2019 12:14:51 : Запуск процедуры изменения конфигурации ПО
14.12.2019 12:14:54 : Запуск процедуру изменения параметров БД
14.12.2019 12:14:54 : Получение системного пути резервной копии БД успешно завершено
14.12.2019 12:15:11 : Запуск процеры поиска по параметрам
14.12.2019 12:15:11 : Перебор значений по заданным параметрам успешно завершен
14.12.2019 12:15:11 : Отображение позиций по заданным параметрам
14.12.2019 12:15:11 : Процеры поиска по параметрам завершена
14.12.2019 12:15:14 : Запуск процеры поиска по параметрам
14.12.2019 12:15:14 : Перебор значений по заданным параметрам успешно завершен
14.12.2019 12:15:14 : Отображение позиций по заданным параметрам
14.12.2019 12:15:14 : Процеры поиска по параметрам завершена
14.12.2019 12:15:22 : Запуск процеду сброса параметров фильтрации
14.12.2019 12:15:22 : Процедура сброса параметров фильтрации успешно завершена
14.12.2019 12:15:23 : Запуск процеры поиска по параметрам
14.12.2019 12:15:25 : Процеры поиска по параметрам завершена
14.12.2019 12:15:28 : Обновление статуса коррекции успешно завершено
14.12.2019 12:15:28 : Получение списка мест дефекта в производстве успешно завершено
14.12.2019 12:15:28 : Получение списка описаний дефекта успешно завершено
14.12.2019 12:15:28 : Получение списка диаметров успешно завершено
14.12.2019 12:15:28 : Получение списка бригад успешно завершено
14.12.2019 12:15:28 : Получение списка смен успешно завершено
14.12.2019 12:15:28 : Получение списка статусов коррекции успешно завершено
14.12.2019 12:15:28 : Получение списка номеров ТС успешно завершено
14.12.2019 12:15:28 : Получение списка марок сплавов успешно завершено
14.12.2019 12:15:28 : Получение списка типов дефекта успешно завершено
14.12.2019 12:15:28 : Получение списка позиций с сервера успешно завершено
14.12.2019 12:15:32 : Обновление статуса коррекции успешно завершено
14.12.2019 12:15:32 : Получение списка мест дефекта в производстве успешно завершено
14.12.2019 12:15:32 : Получение списка описаний дефекта успешно завершено
14.12.2019 12:15:32 : Получение списка диаметров успешно завершено
14.12.2019 12:15:32 : Получение списка бригад успешно завершено
14.12.2019 12:15:32 : Получение списка смен успешно завершено
14.12.2019 12:15:32 : Получение списка статусов коррекции успешно завершено
14.12.2019 12:15:32 : Получение списка номеров ТС успешно завершено
14.12.2019 12:15:32 : Получение списка марок сплавов успешно завершено
14.12.2019 12:15:32 : Получение списка типов дефекта успешно завершено
14.12.2019 12:15:32 : Получение списка позиций с сервера успешно завершено
14.12.2019 12:15:41 : Запуск процедуры добавления позиции
14.12.2019 12:16:14 : Процедура добавления позиции завершена
14.12.2019 12:16:15 : Запуск процедуры изменения позиции
14.12.2019 12:16:15 : Получение текущих данных выбранного объекта успешно завершено
14.12.2019 12:16:43 : Процедура изменения позиции завершена
14.12.2019 12:26:10 : Дешифрование пароля успешно завершено
14.12.2019 12:26:10 : Процедура проверки целостности файлов успешно завершена
14.12.2019 12:26:10 : Процедура проверки целостности файлов запущена...
14.12.2019 12:26:16 : Подключение к БД успешно установлено
14.12.2019 12:26:16 : Инициализация процедуры получения параметров с БД
14.12.2019 12:26:16 : Получение списка мест дефекта в производстве успешно завершено
14.12.2019 12:26:16 : Получение списка описаний дефекта успешно завершено
14.12.2019 12:26:16 : Получение списка диаметров успешно завершено
14.12.2019 12:26:16 : Получение списка бригад успешно завершено
14.12.2019 12:26:16 : Получение списка смен успешно завершено
14.12.2019 12:26:16 : Получение списка статусов коррекции успешно завершено
14.12.2019 12:26:16 : Получение списка номеров ТС успешно завершено
14.12.2019 12:26:16 : Получение списка марок сплавов успешно завершено
14.12.2019 12:26:16 : Получение списка типов дефекта успешно завершено
14.12.2019 12:26:16 : Получение списка позиций с сервера успешно завершено
14.12.2019 12:26:16 : Процедура получения параметров с БД успешно завершена
14.12.2019 12:26:32 : Запуск процеры поиска по параметрам
14.12.2019 12:26:32 : Перебор значений по заданным параметрам успешно завершен
14.12.2019 12:26:32 : Отображение позиций по заданным параметрам
14.12.2019 12:26:32 : Процеры поиска по параметрам завершена
14.12.2019 12:26:42 : Запуск процеры поиска по параметрам
14.12.2019 12:26:42 : Перебор значений по заданным параметрам успешно завершен
14.12.2019 12:26:42 : Отображение позиций по заданным параметрам
14.12.2019 12:26:42 : Процеры поиска по параметрам завершена
14.12.2019 12:26:46 : Запуск процеду сброса параметров фильтрации
14.12.2019 12:26:46 : Процедура сброса параметров фильтрации успешно завершена
14.12.2019 12:27:15 : Дешифрование пароля успешно завершено
14.12.2019 12:27:15 : Процедура проверки целостности файлов успешно завершена
14.12.2019 12:27:15 : Процедура проверки целостности файлов запущена...
14.12.2019 12:27:21 : Подключение к БД успешно установлено
14.12.2019 12:27:21 : Инициализация процедуры получения параметров с БД
14.12.2019 12:27:21 : Получение списка мест дефекта в производстве успешно завершено
14.12.2019 12:27:21 : Получение списка описаний дефекта успешно завершено
14.12.2019 12:27:21 : Получение списка диаметров успешно завершено
14.12.2019 12:27:21 : Получение списка бригад успешно завершено
14.12.2019 12:27:21 : Получение списка смен успешно завершено
14.12.2019 12:27:21 : Получение списка статусов коррекции успешно завершено
14.12.2019 12:27:21 : Получение списка номеров ТС успешно завершено
14.12.2019 12:27:21 : Получение списка марок сплавов успешно завершено
14.12.2019 12:27:21 : Получение списка типов дефекта успешно завершено
14.12.2019 12:27:21 : Получение списка позиций с сервера успешно завершено
14.12.2019 12:27:21 : Процедура получения параметров с БД успешно завершена
14.12.2019 12:27:42 : Запуск процедуры добавления позиции
14.12.2019 12:27:44 : Процедура добавления позиции завершена
14.12.2019 12:27:45 : Запуск процедуры изменения позиции
14.12.2019 12:27:45 : Получение текущих данных выбранного объекта успешно завершено
14.12.2019 12:27:48 : Данные модификации позиции успешно получены
14.12.2019 12:27:48 : Изменение параметров позиции успешно завершено
14.12.2019 12:27:48 : Процедура изменения позиции завершена
14.12.2019 12:27:52 : Запуск процедуры удаления позиции
14.12.2019 12:27:53 : Процедура удаления позиции завершена
14.12.2019 12:27:54 : Запуск процедура обычного анализа
14.12.2019 12:27:55 : Запуск процедуры получения анализа
14.12.2019 12:27:55 : Создание диаграммы краткого отчета завершено успешно
14.12.2019 12:27:55 : Заполнение таблицы краткого отчета завершено успешно
14.12.2019 12:27:55 : Краткий анализ бригада вес выполнен
14.12.2019 12:27:55 : Выполнение анализа по параметру: Вес | Бригада
14.12.2019 12:27:55 : Процедура получения анализа завершена
14.12.2019 12:27:57 : Запуск процедуры получения анализа
14.12.2019 12:27:57 : Создание диаграммы краткого отчета завершено успешно
14.12.2019 12:27:57 : Заполнение таблицы краткого отчета завершено успешно
14.12.2019 12:27:58 : Краткий анализ бригада вес выполнен
14.12.2019 12:27:58 : Выполнение анализа по параметру: Вес | Бригада
14.12.2019 12:27:58 : Процедура получения анализа завершена
14.12.2019 12:27:58 : Запуск процедуры экспорта данных анализа
14.12.2019 12:27:58 : Началось формирование выгрузки краткого анализа
14.12.2019 12:28:00 : Процедура экспорта данных анализа завершена
14.12.2019 12:28:02 : Были очищены все поля класса анализа
14.12.2019 12:28:02 : Очистка памяти после выполнения анализа успешно завершена
14.12.2019 12:28:04 : Запуск процедуры расширенного анализа
14.12.2019 12:28:05 : Запуск процедуры получения анализа
14.12.2019 12:28:05 : Группировка для расширенного анализа выполнена успешно
14.12.2019 12:28:05 : Экспорт данных в лист выполнен успешно
14.12.2019 12:28:05 : Создание первой диаграммы расширенного отчета завершено успешно
14.12.2019 12:28:05 : Создание второй диаграммы расширенного отчета завершено успешно
14.12.2019 12:28:05 : Заполнение таблицы расширенного отчета завершено успешно
14.12.2019 12:28:05 : Расширенный анализ бригада вес выполнен успешно
14.12.2019 12:28:05 : Выполнение анализа по параметрам: Бригады
14.12.2019 12:28:05 : Процедура получения анализа завершена
14.12.2019 12:28:07 : Запуск процедуры получения анализа
14.12.2019 12:28:07 : Группировка для расширенного анализа выполнена успешно
14.12.2019 12:28:07 : Экспорт данных в лист выполнен успешно
14.12.2019 12:28:07 : Создание первой диаграммы расширенного отчета завершено успешно
14.12.2019 12:28:07 : Создание второй диаграммы расширенного отчета завершено успешно
14.12.2019 12:28:07 : Заполнение таблицы расширенного отчета завершено успешно
14.12.2019 12:28:07 : Расширенный анализ бригада вес выполнен успешно
14.12.2019 12:28:07 : Выполнение анализа по параметрам: Бригады
14.12.2019 12:28:07 : Процедура получения анализа завершена
14.12.2019 12:28:08 : Запуск процедуры экспорта данных анализа
14.12.2019 12:28:08 : Началось формирование выгрузки расширенного анализа
14.12.2019 12:28:09 : Процедуры экспорта данных анализа завершена
14.12.2019 12:28:12 : Были очищены все поля класса анализа
14.12.2019 12:28:12 : Очистка памяти после выполнения анализа успешно завершена
14.12.2019 12:28:18 : Были очищены все поля класса анализа
14.12.2019 12:28:23 : Были очищены все поля класса анализа
14.12.2019 12:28:34 : Были очищены все поля класса анализа
14.12.2019 12:28:40 : Запуск процедуры построение отчета
14.12.2019 12:28:43 : Началось формирование отчета
14.12.2019 12:28:44 : Выбрано место сохранения отчета
14.12.2019 12:28:44 : Процедура построения отчета успешно завершена
14.12.2019 12:28:45 : Запуск процедуру изменения параметров БД
14.12.2019 12:28:45 : Получение системного пути резервной копии БД успешно завершено
14.12.2019 12:28:49 : Процедура изменения параметров БД успешно завершена
14.12.2019 12:28:53 : Запуск процедуру изменения параметров БД
14.12.2019 12:28:53 : Получение системного пути резервной копии БД успешно завершено
14.12.2019 12:28:55 : Процедура изменения параметров БД успешно завершена
14.12.2019 12:42:56 : Дешифрование пароля успешно завершено
14.12.2019 12:42:56 : Процедура проверки целостности файлов успешно завершена
14.12.2019 12:42:56 : Процедура проверки целостности файлов запущена...
14.12.2019 12:43:03 : Подключение к БД успешно установлено
14.12.2019 12:43:03 : Инициализация процедуры получения параметров с БД
14.12.2019 12:43:03 : Получение списка мест дефекта в производстве успешно завершено
14.12.2019 12:43:03 : Получение списка описаний дефекта успешно завершено
14.12.2019 12:43:03 : Получение списка диаметров успешно завершено
14.12.2019 12:43:03 : Получение списка бригад успешно завершено
14.12.2019 12:43:03 : Получение списка смен успешно завершено
14.12.2019 12:43:03 : Получение списка статусов коррекции успешно завершено
14.12.2019 12:43:03 : Получение списка номеров ТС успешно завершено
14.12.2019 12:43:03 : Получение списка марок сплавов успешно завершено
14.12.2019 12:43:03 : Получение списка типов дефекта успешно завершено
14.12.2019 12:43:03 : Получение списка позиций с сервера успешно завершено
14.12.2019 12:43:03 : Процедура получения параметров с БД успешно завершена
14.12.2019 12:43:07 : Запуск процедуры расширенного анализа
14.12.2019 12:43:09 : Были очищены все поля класса анализа
14.12.2019 12:43:09 : Очистка памяти после выполнения анализа успешно завершена
14.12.2019 12:43:11 : Запуск процедура обычного анализа
14.12.2019 12:43:13 : Запуск процедуры получения анализа
14.12.2019 12:43:13 : Создание диаграммы краткого отчета завершено успешно
14.12.2019 12:43:13 : Заполнение таблицы краткого отчета завершено успешно
14.12.2019 12:43:13 : Краткий анализ бригада вес выполнен
14.12.2019 12:43:13 : Выполнение анализа по параметру: Вес | Бригада
14.12.2019 12:43:13 : Процедура получения анализа завершена
14.12.2019 12:43:38 : Были очищены все поля класса анализа
14.12.2019 12:43:38 : Очистка памяти после выполнения анализа успешно завершена
14.12.2019 12:43:43 : Были очищены все поля класса анализа
14.12.2019 12:43:55 : Были очищены все поля класса анализа
