23.12.2019 23:00:43 : Дешифрование пароля успешно завершено
23.12.2019 23:00:43 : Процедура проверки целостности файлов успешно завершена
23.12.2019 23:00:43 : Процедура проверки целостности файлов запущена...
23.12.2019 23:00:49 : Подключение к БД успешно установлено
23.12.2019 23:00:49 : Инициализация процедуры получения параметров с БД
23.12.2019 23:00:49 : Получение списка мест дефекта в производстве успешно завершено
23.12.2019 23:00:49 : Получение списка описаний дефекта успешно завершено
23.12.2019 23:00:49 : Получение списка диаметров успешно завершено
23.12.2019 23:00:49 : Получение списка бригад успешно завершено
23.12.2019 23:00:49 : Получение списка смен успешно завершено
23.12.2019 23:00:49 : Получение списка статусов коррекции успешно завершено
23.12.2019 23:00:50 : Получение списка номеров ТС успешно завершено
23.12.2019 23:00:50 : Получение списка марок сплавов успешно завершено
23.12.2019 23:00:50 : Получение списка типов дефекта успешно завершено
23.12.2019 23:00:50 : Получение списка позиций с сервера успешно завершено
23.12.2019 23:00:50 : Процедура получения параметров с БД успешно завершена
23.12.2019 23:01:07 : Запуск процеры поиска по параметрам
23.12.2019 23:01:32 : Отображение позиций по заданным параметрам
23.12.2019 23:01:33 : Процеры поиска по параметрам завершена
23.12.2019 23:01:52 : Запуск процеры поиска по параметрам
23.12.2019 23:02:09 : Отображение позиций по заданным параметрам
23.12.2019 23:02:10 : Процеры поиска по параметрам завершена
23.12.2019 23:02:20 : Запуск процеду сброса параметров фильтрации
23.12.2019 23:02:20 : Процедура сброса параметров фильтрации успешно завершена
23.12.2019 23:02:21 : Запуск процеры поиска по параметрам
23.12.2019 23:02:23 : Процеры поиска по параметрам завершена
23.12.2019 23:02:40 : Запуск процеры поиска по параметрам
23.12.2019 23:02:46 : Отображение позиций по заданным параметрам
23.12.2019 23:02:47 : Процеры поиска по параметрам завершена
23.12.2019 23:02:50 : Запуск процеду сброса параметров фильтрации
23.12.2019 23:02:51 : Процедура сброса параметров фильтрации успешно завершена
23.12.2019 23:02:51 : Запуск процеры поиска по параметрам
23.12.2019 23:02:54 : Процеры поиска по параметрам завершена
23.12.2019 23:02:58 : Запуск процеры поиска по параметрам
23.12.2019 23:03:14 : Отображение позиций по заданным параметрам
23.12.2019 23:03:15 : Процеры поиска по параметрам завершена
23.12.2019 23:03:24 : Запуск процеры поиска по параметрам
23.12.2019 23:03:27 : Процеры поиска по параметрам завершена
23.12.2019 23:03:28 : Запуск процеду сброса параметров фильтрации
23.12.2019 23:03:28 : Процедура сброса параметров фильтрации успешно завершена
23.12.2019 23:03:28 : Запуск процеры поиска по параметрам
23.12.2019 23:03:49 : Отображение позиций по заданным параметрам
23.12.2019 23:03:50 : Процеры поиска по параметрам завершена
23.12.2019 23:03:55 : Запуск процеду сброса параметров фильтрации
23.12.2019 23:03:55 : Процедура сброса параметров фильтрации успешно завершена
23.12.2019 23:04:03 : Запуск процеры поиска по параметрам
23.12.2019 23:04:21 : Отображение позиций по заданным параметрам
23.12.2019 23:04:22 : Процеры поиска по параметрам завершена
23.12.2019 23:04:25 : Запуск процеры поиска по параметрам
23.12.2019 23:04:27 : Процеры поиска по параметрам завершена
23.12.2019 23:04:28 : Запуск процеры поиска по параметрам
23.12.2019 23:04:47 : Отображение позиций по заданным параметрам
23.12.2019 23:04:49 : Процеры поиска по параметрам завершена
23.12.2019 23:05:00 : Запуск процеры поиска по параметрам
23.12.2019 23:05:12 : Отображение позиций по заданным параметрам
23.12.2019 23:05:13 : Процеры поиска по параметрам завершена
23.12.2019 23:05:31 : Запуск процеду сброса параметров фильтрации
23.12.2019 23:05:31 : Процедура сброса параметров фильтрации успешно завершена
23.12.2019 23:05:33 : Запуск процеры поиска по параметрам
23.12.2019 23:05:55 : Процеры поиска по параметрам завершена
23.12.2019 23:06:03 : Запуск процеры поиска по параметрам
23.12.2019 23:06:14 : Отображение позиций по заданным параметрам
23.12.2019 23:06:15 : Процеры поиска по параметрам завершена
23.12.2019 23:06:18 : Запуск процеду сброса параметров фильтрации
23.12.2019 23:06:18 : Процедура сброса параметров фильтрации успешно завершена
23.12.2019 23:07:25 : Дешифрование пароля успешно завершено
23.12.2019 23:07:25 : Процедура проверки целостности файлов успешно завершена
23.12.2019 23:07:25 : Процедура проверки целостности файлов запущена...
23.12.2019 23:07:31 : Подключение к БД успешно установлено
23.12.2019 23:07:31 : Инициализация процедуры получения параметров с БД
23.12.2019 23:07:31 : Получение списка мест дефекта в производстве успешно завершено
23.12.2019 23:07:31 : Получение списка описаний дефекта успешно завершено
23.12.2019 23:07:31 : Получение списка диаметров успешно завершено
23.12.2019 23:07:31 : Получение списка бригад успешно завершено
23.12.2019 23:07:31 : Получение списка смен успешно завершено
23.12.2019 23:07:31 : Получение списка статусов коррекции успешно завершено
23.12.2019 23:07:31 : Получение списка номеров ТС успешно завершено
23.12.2019 23:07:31 : Получение списка марок сплавов успешно завершено
23.12.2019 23:07:31 : Получение списка типов дефекта успешно завершено
23.12.2019 23:07:31 : Получение списка позиций с сервера успешно завершено
23.12.2019 23:07:31 : Процедура получения параметров с БД успешно завершена
23.12.2019 23:08:31 : Запуск процедуры добавления позиции
23.12.2019 23:08:33 : Процедура добавления позиции завершена
23.12.2019 23:10:01 : Дешифрование пароля успешно завершено
23.12.2019 23:10:01 : Процедура проверки целостности файлов успешно завершена
23.12.2019 23:10:01 : Процедура проверки целостности файлов запущена...
23.12.2019 23:10:07 : Подключение к БД успешно установлено
23.12.2019 23:10:07 : Инициализация процедуры получения параметров с БД
23.12.2019 23:10:07 : Получение списка мест дефекта в производстве успешно завершено
23.12.2019 23:10:07 : Получение списка описаний дефекта успешно завершено
23.12.2019 23:10:07 : Получение списка диаметров успешно завершено
23.12.2019 23:10:07 : Получение списка бригад успешно завершено
23.12.2019 23:10:07 : Получение списка смен успешно завершено
23.12.2019 23:10:07 : Получение списка статусов коррекции успешно завершено
23.12.2019 23:10:07 : Получение списка номеров ТС успешно завершено
23.12.2019 23:10:07 : Получение списка марок сплавов успешно завершено
23.12.2019 23:10:07 : Получение списка типов дефекта успешно завершено
23.12.2019 23:10:07 : Получение списка позиций с сервера успешно завершено
23.12.2019 23:10:07 : Процедура получения параметров с БД успешно завершена
23.12.2019 23:11:18 : Дешифрование пароля успешно завершено
23.12.2019 23:11:18 : Процедура проверки целостности файлов успешно завершена
23.12.2019 23:11:19 : Процедура проверки целостности файлов запущена...
23.12.2019 23:11:28 : Ошибка при подключении к БД
23.12.2019 23:11:28 : Ошибка при подключении к БД. Работа приложения остановлена
23.12.2019 23:11:44 : Дешифрование пароля успешно завершено
23.12.2019 23:11:44 : Процедура проверки целостности файлов успешно завершена
23.12.2019 23:11:44 : Процедура проверки целостности файлов запущена...
23.12.2019 23:11:50 : Подключение к БД успешно установлено
23.12.2019 23:11:50 : Инициализация процедуры получения параметров с БД
23.12.2019 23:11:50 : Получение списка мест дефекта в производстве успешно завершено
23.12.2019 23:11:50 : Получение списка описаний дефекта успешно завершено
23.12.2019 23:11:50 : Получение списка диаметров успешно завершено
23.12.2019 23:11:50 : Получение списка бригад успешно завершено
23.12.2019 23:11:50 : Получение списка смен успешно завершено
23.12.2019 23:11:50 : Получение списка статусов коррекции успешно завершено
23.12.2019 23:11:50 : Получение списка номеров ТС успешно завершено
23.12.2019 23:11:50 : Получение списка марок сплавов успешно завершено
23.12.2019 23:11:50 : Получение списка типов дефекта успешно завершено
23.12.2019 23:11:50 : Получение списка позиций с сервера успешно завершено
23.12.2019 23:11:50 : Процедура получения параметров с БД успешно завершена
23.12.2019 23:12:12 : Ошибка при подключении к БД
23.12.2019 23:14:39 : Дешифрование пароля успешно завершено
23.12.2019 23:14:39 : Процедура проверки целостности файлов успешно завершена
23.12.2019 23:14:39 : Процедура проверки целостности файлов запущена...
23.12.2019 23:14:45 : Подключение к БД успешно установлено
23.12.2019 23:14:45 : Инициализация процедуры получения параметров с БД
23.12.2019 23:14:45 : Получение списка мест дефекта в производстве успешно завершено
23.12.2019 23:14:45 : Получение списка описаний дефекта успешно завершено
23.12.2019 23:14:45 : Получение списка диаметров успешно завершено
23.12.2019 23:14:45 : Получение списка бригад успешно завершено
23.12.2019 23:14:45 : Получение списка смен успешно завершено
23.12.2019 23:14:45 : Получение списка статусов коррекции успешно завершено
23.12.2019 23:14:45 : Получение списка номеров ТС успешно завершено
23.12.2019 23:14:45 : Получение списка марок сплавов успешно завершено
23.12.2019 23:14:45 : Получение списка типов дефекта успешно завершено
23.12.2019 23:14:45 : Получение списка позиций с сервера успешно завершено
23.12.2019 23:14:45 : Процедура получения параметров с БД успешно завершена
23.12.2019 23:16:35 : Дешифрование пароля успешно завершено
23.12.2019 23:16:35 : Процедура проверки целостности файлов успешно завершена
23.12.2019 23:16:35 : Процедура проверки целостности файлов запущена...
23.12.2019 23:16:41 : Подключение к БД успешно установлено
23.12.2019 23:16:41 : Инициализация процедуры получения параметров с БД
23.12.2019 23:16:41 : Получение списка мест дефекта в производстве успешно завершено
23.12.2019 23:16:41 : Получение списка описаний дефекта успешно завершено
23.12.2019 23:16:41 : Получение списка диаметров успешно завершено
23.12.2019 23:16:41 : Получение списка бригад успешно завершено
23.12.2019 23:16:41 : Получение списка смен успешно завершено
23.12.2019 23:16:41 : Получение списка статусов коррекции успешно завершено
23.12.2019 23:16:41 : Получение списка номеров ТС успешно завершено
23.12.2019 23:16:41 : Получение списка марок сплавов успешно завершено
23.12.2019 23:16:41 : Получение списка типов дефекта успешно завершено
23.12.2019 23:16:41 : Получение списка позиций с сервера успешно завершено
23.12.2019 23:16:41 : Процедура получения параметров с БД успешно завершена
23.12.2019 23:23:35 : Дешифрование пароля успешно завершено
23.12.2019 23:23:35 : Процедура проверки целостности файлов успешно завершена
23.12.2019 23:23:36 : Процедура проверки целостности файлов запущена...
23.12.2019 23:23:42 : Подключение к БД успешно установлено
23.12.2019 23:23:42 : Инициализация процедуры получения параметров с БД
23.12.2019 23:23:42 : Получение списка мест дефекта в производстве успешно завершено
23.12.2019 23:23:42 : Получение списка описаний дефекта успешно завершено
23.12.2019 23:23:42 : Получение списка диаметров успешно завершено
23.12.2019 23:23:42 : Получение списка бригад успешно завершено
23.12.2019 23:23:42 : Получение списка смен успешно завершено
23.12.2019 23:23:42 : Получение списка статусов коррекции успешно завершено
23.12.2019 23:23:42 : Получение списка номеров ТС успешно завершено
23.12.2019 23:23:42 : Получение списка марок сплавов успешно завершено
23.12.2019 23:23:42 : Получение списка типов дефекта успешно завершено
23.12.2019 23:23:42 : Получение списка позиций с сервера успешно завершено
23.12.2019 23:23:42 : Процедура получения параметров с БД успешно завершена
