pg_dump: последний системный OID: 16383
pg_dump: чтение расширений
pg_dump: выявление членов расширений
pg_dump: чтение схем
pg_dump: чтение пользовательских таблиц
pg_dump: чтение пользовательских функций
pg_dump: чтение пользовательских типов
pg_dump: чтение процедурных языков
pg_dump: чтение пользовательских агрегатных функций
pg_dump: чтение пользовательских операторов
pg_dump: чтение пользовательских методов доступа
pg_dump: чтение пользовательских классов операторов
pg_dump: чтение пользовательских семейств операторов
pg_dump: чтение пользовательских анализаторов текстового поиска
pg_dump: чтение пользовательских шаблонов текстового поиска
pg_dump: чтение пользовательских словарей текстового поиска
pg_dump: чтение пользовательских конфигураций текстового поиска
pg_dump: чтение пользовательских оболочек сторонних данных
pg_dump: чтение пользовательских сторонних серверов
pg_dump: чтение прав по умолчанию
pg_dump: чтение пользовательских правил сортировки
pg_dump: чтение пользовательских преобразований
pg_dump: чтение приведений типов
pg_dump: чтение преобразований
pg_dump: чтение информации о наследовании таблиц
pg_dump: чтение событийных триггеров
pg_dump: поиск таблиц расширений
pg_dump: поиск связей наследования
pg_dump: чтение информации о столбцах интересующих таблиц
pg_dump: поиск столбцов и типов таблицы "public.DefectLocationProduction"
pg_dump: поиск выражений по умолчанию для таблицы "public.DefectLocationProduction"
pg_dump: поиск столбцов и типов таблицы "public.DescriptionDefect"
pg_dump: поиск выражений по умолчанию для таблицы "public.DescriptionDefect"
pg_dump: поиск столбцов и типов таблицы "public.DiameterIngot"
pg_dump: поиск выражений по умолчанию для таблицы "public.DiameterIngot"
pg_dump: поиск столбцов и типов таблицы "public.Ingot"
pg_dump: поиск выражений по умолчанию для таблицы "public.Ingot"
pg_dump: поиск столбцов и типов таблицы "public.ListBrigades"
pg_dump: поиск выражений по умолчанию для таблицы "public.ListBrigades"
pg_dump: поиск столбцов и типов таблицы "public.ListSmen"
pg_dump: поиск выражений по умолчанию для таблицы "public.ListSmen"
pg_dump: поиск столбцов и типов таблицы "public.ProgressMark"
pg_dump: поиск выражений по умолчанию для таблицы "public.ProgressMark"
pg_dump: поиск столбцов и типов таблицы "public.TSN"
pg_dump: поиск выражений по умолчанию для таблицы "public.TSN"
pg_dump: поиск столбцов и типов таблицы "public.TypesAlloy"
pg_dump: поиск выражений по умолчанию для таблицы "public.TypesAlloy"
pg_dump: поиск столбцов и типов таблицы "public.TypesDefect"
pg_dump: поиск выражений по умолчанию для таблицы "public.TypesDefect"
pg_dump: пометка наследованных столбцов в подтаблицах
pg_dump: чтение индексов
pg_dump: чтение индексов таблицы "public.DefectLocationProduction"
pg_dump: чтение индексов таблицы "public.DescriptionDefect"
pg_dump: чтение индексов таблицы "public.DiameterIngot"
pg_dump: чтение индексов таблицы "public.Ingot"
pg_dump: чтение индексов таблицы "public.ListBrigades"
pg_dump: чтение индексов таблицы "public.ListSmen"
pg_dump: чтение индексов таблицы "public.ProgressMark"
pg_dump: чтение индексов таблицы "public.TSN"
pg_dump: чтение индексов таблицы "public.TypesAlloy"
pg_dump: чтение индексов таблицы "public.TypesDefect"
pg_dump: пометка индексов в секционированных таблицах
pg_dump: чтение расширенной статистики
pg_dump: чтение ограничений
pg_dump: чтение ограничений внешних ключей таблицы "public.DefectLocationProduction"
pg_dump: чтение ограничений внешних ключей таблицы "public.DescriptionDefect"
pg_dump: чтение ограничений внешних ключей таблицы "public.DiameterIngot"
pg_dump: чтение ограничений внешних ключей таблицы "public.Ingot"
pg_dump: чтение ограничений внешних ключей таблицы "public.ListBrigades"
pg_dump: чтение ограничений внешних ключей таблицы "public.ListSmen"
pg_dump: чтение ограничений внешних ключей таблицы "public.ProgressMark"
pg_dump: чтение ограничений внешних ключей таблицы "public.TSN"
pg_dump: чтение ограничений внешних ключей таблицы "public.TypesAlloy"
pg_dump: чтение ограничений внешних ключей таблицы "public.TypesDefect"
pg_dump: чтение триггеров
pg_dump: чтение триггеров таблицы "public.DefectLocationProduction"
pg_dump: чтение триггеров таблицы "public.DescriptionDefect"
pg_dump: чтение триггеров таблицы "public.DiameterIngot"
pg_dump: чтение триггеров таблицы "public.Ingot"
pg_dump: чтение триггеров таблицы "public.ListBrigades"
pg_dump: чтение триггеров таблицы "public.ListSmen"
pg_dump: чтение триггеров таблицы "public.ProgressMark"
pg_dump: чтение триггеров таблицы "public.TSN"
pg_dump: чтение триггеров таблицы "public.TypesAlloy"
pg_dump: чтение триггеров таблицы "public.TypesDefect"
pg_dump: чтение правил перезаписи
pg_dump: чтение политик
pg_dump: чтение информации о защите строк для таблицы "public.DefectLocationProduction"
pg_dump: чтение политик таблицы "public.DefectLocationProduction"
pg_dump: чтение информации о защите строк для таблицы "public.DefectLocationProduction_ID_seq"
pg_dump: чтение политик таблицы "public.DefectLocationProduction_ID_seq"
pg_dump: чтение информации о защите строк для таблицы "public.DescriptionDefect"
pg_dump: чтение политик таблицы "public.DescriptionDefect"
pg_dump: чтение информации о защите строк для таблицы "public.DescriptionDefect_ID_seq"
pg_dump: чтение политик таблицы "public.DescriptionDefect_ID_seq"
pg_dump: чтение информации о защите строк для таблицы "public.DiameterIngot"
pg_dump: чтение политик таблицы "public.DiameterIngot"
pg_dump: чтение информации о защите строк для таблицы "public.DiameterIngot_ID_seq"
pg_dump: чтение политик таблицы "public.DiameterIngot_ID_seq"
pg_dump: чтение информации о защите строк для таблицы "public.Ingot"
pg_dump: чтение политик таблицы "public.Ingot"
pg_dump: чтение информации о защите строк для таблицы "public.Ingot_ID_seq"
pg_dump: чтение политик таблицы "public.Ingot_ID_seq"
pg_dump: чтение информации о защите строк для таблицы "public.ListBrigades"
pg_dump: чтение политик таблицы "public.ListBrigades"
pg_dump: чтение информации о защите строк для таблицы "public.ListBrigades_ID_seq"
pg_dump: чтение политик таблицы "public.ListBrigades_ID_seq"
pg_dump: чтение информации о защите строк для таблицы "public.ListSmen"
pg_dump: чтение политик таблицы "public.ListSmen"
pg_dump: чтение информации о защите строк для таблицы "public.ListSmen_ID_seq"
pg_dump: чтение политик таблицы "public.ListSmen_ID_seq"
pg_dump: чтение информации о защите строк для таблицы "public.ProgressMark"
pg_dump: чтение политик таблицы "public.ProgressMark"
pg_dump: чтение информации о защите строк для таблицы "public.ProgressMark_ID_seq"
pg_dump: чтение политик таблицы "public.ProgressMark_ID_seq"
pg_dump: чтение информации о защите строк для таблицы "public.TSN"
pg_dump: чтение политик таблицы "public.TSN"
pg_dump: чтение информации о защите строк для таблицы "public.TSN_ID_seq"
pg_dump: чтение политик таблицы "public.TSN_ID_seq"
pg_dump: чтение информации о защите строк для таблицы "public.TypesAlloy"
pg_dump: чтение политик таблицы "public.TypesAlloy"
pg_dump: чтение информации о защите строк для таблицы "public.TypesAlloy_ID_seq"
pg_dump: чтение политик таблицы "public.TypesAlloy_ID_seq"
pg_dump: чтение информации о защите строк для таблицы "public.TypesDefect"
pg_dump: чтение политик таблицы "public.TypesDefect"
pg_dump: чтение информации о защите строк для таблицы "public.TypesDefect_ID_seq"
pg_dump: чтение политик таблицы "public.TypesDefect_ID_seq"
pg_dump: чтение публикаций
pg_dump: чтение участников публикаций
pg_dump: чтение информации об участии в репликации таблицы "public.DefectLocationProduction"
pg_dump: чтение информации об участии в репликации таблицы "public.DescriptionDefect"
pg_dump: чтение информации об участии в репликации таблицы "public.DiameterIngot"
pg_dump: чтение информации об участии в репликации таблицы "public.Ingot"
pg_dump: чтение информации об участии в репликации таблицы "public.ListBrigades"
pg_dump: чтение информации об участии в репликации таблицы "public.ListSmen"
pg_dump: чтение информации об участии в репликации таблицы "public.ProgressMark"
pg_dump: чтение информации об участии в репликации таблицы "public.TSN"
pg_dump: чтение информации об участии в репликации таблицы "public.TypesAlloy"
pg_dump: чтение информации об участии в репликации таблицы "public.TypesDefect"
pg_dump: чтение подписок
pg_dump: чтение больших объектов
pg_dump: чтение информации о зависимостях
pg_dump: сохранение кодировки (UTF8)
pg_dump: сохранение standard_conforming_strings (on)
pg_dump: сохранение search_path ()
pg_dump: сохранение определения базы данных
pg_dump: выгрузка содержимого таблицы "public.DefectLocationProduction"
pg_dump: выгрузка содержимого таблицы "public.DescriptionDefect"
pg_dump: выгрузка содержимого таблицы "public.DiameterIngot"
pg_dump: выгрузка содержимого таблицы "public.Ingot"
pg_dump: выгрузка содержимого таблицы "public.ListBrigades"
pg_dump: выгрузка содержимого таблицы "public.ListSmen"
pg_dump: выгрузка содержимого таблицы "public.ProgressMark"
pg_dump: выгрузка содержимого таблицы "public.TSN"
pg_dump: выгрузка содержимого таблицы "public.TypesAlloy"
pg_dump: выгрузка содержимого таблицы "public.TypesDefect"
