16.11.2019 9:59:47 : Дешифрование пароля успешно завершено
16.11.2019 9:59:47 : Процедура проверки целостности файлов успешно завершена
16.11.2019 9:59:47 : Процедура проверки целостности файлов запущена...
16.11.2019 9:59:53 : Подключение к БД успешно установлено
16.11.2019 9:59:53 : Инициализация процедуры получения параметров с БД
16.11.2019 9:59:53 : Получение списка мест дефекта в производстве успешно завершено
16.11.2019 9:59:53 : Получение списка описаний дефекта успешно завершено
16.11.2019 9:59:53 : Получение списка диаметров успешно завершено
16.11.2019 9:59:53 : Получение списка бригад успешно завершено
16.11.2019 9:59:53 : Получение списка смен успешно завершено
16.11.2019 9:59:53 : Получение списка статусов коррекции успешно завершено
16.11.2019 9:59:53 : Получение списка номеров ТС успешно завершено
16.11.2019 9:59:53 : Получение списка марок сплавов успешно завершено
16.11.2019 9:59:53 : Получение списка типов дефекта успешно завершено
16.11.2019 9:59:53 : Получение списка позиций с сервера успешно завершено
16.11.2019 9:59:54 : Процедура получения параметров с БД успешно завершена
16.11.2019 9:59:58 : Запуск процеры поиска по параметрам
16.11.2019 9:59:58 : Перебор значений по заданным параметрам успешно завершен
16.11.2019 9:59:58 : Отображение позиций по заданным параметрам
16.11.2019 9:59:58 : Процеры поиска по параметрам завершена
16.11.2019 10:00:03 : Запуск процеры поиска по параметрам
16.11.2019 10:00:03 : Получено пустое значение параметра поиска
16.11.2019 10:00:03 : Процеры поиска по параметрам завершена
16.11.2019 10:00:04 : Запуск процеры поиска по параметрам
16.11.2019 10:00:04 : Получено пустое значение параметра поиска
16.11.2019 10:00:04 : Процеры поиска по параметрам завершена
16.11.2019 10:00:04 : Запуск процеры поиска по параметрам
16.11.2019 10:00:04 : Получено пустое значение параметра поиска
16.11.2019 10:00:04 : Процеры поиска по параметрам завершена
16.11.2019 10:00:04 : Запуск процеры поиска по параметрам
16.11.2019 10:00:04 : Получено пустое значение параметра поиска
16.11.2019 10:00:04 : Процеры поиска по параметрам завершена
16.11.2019 10:00:04 : Запуск процеры поиска по параметрам
16.11.2019 10:00:04 : Получено пустое значение параметра поиска
16.11.2019 10:00:04 : Процеры поиска по параметрам завершена
16.11.2019 10:00:04 : Запуск процеры поиска по параметрам
16.11.2019 10:00:04 : Получено пустое значение параметра поиска
16.11.2019 10:00:04 : Процеры поиска по параметрам завершена
16.11.2019 10:00:05 : Запуск процеры поиска по параметрам
16.11.2019 10:00:05 : Получено пустое значение параметра поиска
16.11.2019 10:00:05 : Процеры поиска по параметрам завершена
16.11.2019 10:00:05 : Запуск процеры поиска по параметрам
16.11.2019 10:00:05 : Получено пустое значение параметра поиска
16.11.2019 10:00:05 : Процеры поиска по параметрам завершена
16.11.2019 10:00:05 : Запуск процеры поиска по параметрам
16.11.2019 10:00:05 : Получено пустое значение параметра поиска
16.11.2019 10:00:05 : Процеры поиска по параметрам завершена
16.11.2019 10:00:05 : Запуск процеры поиска по параметрам
16.11.2019 10:00:05 : Получено пустое значение параметра поиска
16.11.2019 10:00:05 : Процеры поиска по параметрам завершена
16.11.2019 10:00:05 : Запуск процеры поиска по параметрам
16.11.2019 10:00:05 : Получено пустое значение параметра поиска
16.11.2019 10:00:05 : Процеры поиска по параметрам завершена
16.11.2019 10:00:07 : Запуск процеры поиска по параметрам
16.11.2019 10:00:07 : Получено пустое значение параметра поиска
16.11.2019 10:00:07 : Процеры поиска по параметрам завершена
16.11.2019 10:00:07 : Запуск процеры поиска по параметрам
16.11.2019 10:00:07 : Получено пустое значение параметра поиска
16.11.2019 10:00:07 : Процеры поиска по параметрам завершена
16.11.2019 10:00:07 : Запуск процеры поиска по параметрам
16.11.2019 10:00:07 : Получено пустое значение параметра поиска
16.11.2019 10:00:07 : Процеры поиска по параметрам завершена
16.11.2019 10:00:07 : Запуск процеры поиска по параметрам
16.11.2019 10:00:07 : Получено пустое значение параметра поиска
16.11.2019 10:00:07 : Процеры поиска по параметрам завершена
16.11.2019 10:00:07 : Запуск процеры поиска по параметрам
16.11.2019 10:00:07 : Получено пустое значение параметра поиска
16.11.2019 10:00:07 : Процеры поиска по параметрам завершена
16.11.2019 10:00:08 : Запуск процеры поиска по параметрам
16.11.2019 10:00:08 : Получено пустое значение параметра поиска
16.11.2019 10:00:08 : Процеры поиска по параметрам завершена
16.11.2019 10:00:08 : Запуск процеры поиска по параметрам
16.11.2019 10:00:08 : Получено пустое значение параметра поиска
16.11.2019 10:00:08 : Процеры поиска по параметрам завершена
16.11.2019 10:00:08 : Запуск процеры поиска по параметрам
16.11.2019 10:00:08 : Получено пустое значение параметра поиска
16.11.2019 10:00:08 : Процеры поиска по параметрам завершена
16.11.2019 10:00:08 : Запуск процеры поиска по параметрам
16.11.2019 10:00:08 : Получено пустое значение параметра поиска
16.11.2019 10:00:08 : Процеры поиска по параметрам завершена
16.11.2019 10:01:10 : Дешифрование пароля успешно завершено
16.11.2019 10:01:10 : Процедура проверки целостности файлов успешно завершена
16.11.2019 10:01:10 : Процедура проверки целостности файлов запущена...
16.11.2019 10:01:16 : Подключение к БД успешно установлено
16.11.2019 10:01:16 : Инициализация процедуры получения параметров с БД
16.11.2019 10:01:16 : Получение списка мест дефекта в производстве успешно завершено
16.11.2019 10:01:16 : Получение списка описаний дефекта успешно завершено
16.11.2019 10:01:16 : Получение списка диаметров успешно завершено
16.11.2019 10:01:16 : Получение списка бригад успешно завершено
16.11.2019 10:01:16 : Получение списка смен успешно завершено
16.11.2019 10:01:16 : Получение списка статусов коррекции успешно завершено
16.11.2019 10:01:16 : Получение списка номеров ТС успешно завершено
16.11.2019 10:01:16 : Получение списка марок сплавов успешно завершено
16.11.2019 10:01:16 : Получение списка типов дефекта успешно завершено
16.11.2019 10:01:16 : Получение списка позиций с сервера успешно завершено
16.11.2019 10:01:16 : Процедура получения параметров с БД успешно завершена
16.11.2019 10:01:20 : Запуск процеры поиска по параметрам
16.11.2019 10:01:20 : Перебор значений по заданным параметрам успешно завершен
16.11.2019 10:01:20 : Отображение позиций по заданным параметрам
16.11.2019 10:01:20 : Процеры поиска по параметрам завершена
16.11.2019 10:01:24 : Запуск процеду сброса параметров фильтрации
16.11.2019 10:01:24 : Процедура сброса параметров фильтрации успешно завершена
16.11.2019 10:01:28 : Запуск процеры поиска по параметрам
16.11.2019 10:01:28 : Перебор значений по заданным параметрам успешно завершен
16.11.2019 10:01:28 : Отображение позиций по заданным параметрам
16.11.2019 10:01:28 : Процеры поиска по параметрам завершена
16.11.2019 10:01:30 : Запуск процеры поиска по параметрам
16.11.2019 10:01:33 : Получено пустое значение параметра поиска
16.11.2019 10:01:33 : Процеры поиска по параметрам завершена
16.11.2019 10:01:34 : Запуск процеду сброса параметров фильтрации
16.11.2019 10:01:34 : Процедура сброса параметров фильтрации успешно завершена
16.11.2019 10:01:58 : Дешифрование пароля успешно завершено
16.11.2019 10:01:58 : Процедура проверки целостности файлов успешно завершена
16.11.2019 10:01:58 : Процедура проверки целостности файлов запущена...
16.11.2019 10:02:04 : Подключение к БД успешно установлено
16.11.2019 10:02:04 : Инициализация процедуры получения параметров с БД
16.11.2019 10:02:04 : Получение списка мест дефекта в производстве успешно завершено
16.11.2019 10:02:04 : Получение списка описаний дефекта успешно завершено
16.11.2019 10:02:04 : Получение списка диаметров успешно завершено
16.11.2019 10:02:04 : Получение списка бригад успешно завершено
16.11.2019 10:02:04 : Получение списка смен успешно завершено
16.11.2019 10:02:04 : Получение списка статусов коррекции успешно завершено
16.11.2019 10:02:04 : Получение списка номеров ТС успешно завершено
16.11.2019 10:02:04 : Получение списка марок сплавов успешно завершено
16.11.2019 10:02:04 : Получение списка типов дефекта успешно завершено
16.11.2019 10:02:04 : Получение списка позиций с сервера успешно завершено
16.11.2019 10:02:04 : Процедура получения параметров с БД успешно завершена
16.11.2019 10:02:08 : Запуск процеры поиска по параметрам
16.11.2019 10:02:08 : Перебор значений по заданным параметрам успешно завершен
16.11.2019 10:02:08 : Отображение позиций по заданным параметрам
16.11.2019 10:02:08 : Процеры поиска по параметрам завершена
16.11.2019 10:02:09 : Запуск процеду сброса параметров фильтрации
16.11.2019 10:02:09 : Процедура сброса параметров фильтрации успешно завершена
16.11.2019 10:02:12 : Запуск процеры поиска по параметрам
16.11.2019 10:02:12 : Перебор значений по заданным параметрам успешно завершен
16.11.2019 10:02:12 : Отображение позиций по заданным параметрам
16.11.2019 10:02:12 : Процеры поиска по параметрам завершена
16.11.2019 10:02:14 : Запуск процеры поиска по параметрам
16.11.2019 10:02:14 : Перебор значений по заданным параметрам успешно завершен
16.11.2019 10:02:14 : Отображение позиций по заданным параметрам
16.11.2019 10:02:14 : Процеры поиска по параметрам завершена
16.11.2019 10:02:14 : Запуск процеду сброса параметров фильтрации
16.11.2019 10:02:15 : Процедура сброса параметров фильтрации успешно завершена
16.11.2019 10:02:17 : Запуск процеры поиска по параметрам
16.11.2019 10:02:17 : Перебор значений по заданным параметрам успешно завершен
16.11.2019 10:02:17 : Отображение позиций по заданным параметрам
16.11.2019 10:02:17 : Процеры поиска по параметрам завершена
16.11.2019 10:02:21 : Запуск процедуры демонстрации места дефекта на слитке
16.11.2019 10:02:30 : Запуск процеду сброса параметров фильтрации
16.11.2019 10:02:30 : Процедура сброса параметров фильтрации успешно завершена
16.11.2019 10:04:34 : Запуск процеры поиска по параметрам
16.11.2019 10:04:34 : Перебор значений по заданным параметрам успешно завершен
16.11.2019 10:04:34 : Отображение позиций по заданным параметрам
16.11.2019 10:04:34 : Процеры поиска по параметрам завершена
16.11.2019 10:04:39 : Запуск процеры поиска по параметрам
16.11.2019 10:04:39 : Получено пустое значение параметра поиска
16.11.2019 10:04:39 : Процеры поиска по параметрам завершена
16.11.2019 10:04:47 : Запуск процеры поиска по параметрам
16.11.2019 10:04:47 : Перебор значений по заданным параметрам успешно завершен
16.11.2019 10:04:47 : Отображение позиций по заданным параметрам
16.11.2019 10:04:47 : Процеры поиска по параметрам завершена
16.11.2019 10:04:49 : Запуск процеры поиска по параметрам
16.11.2019 10:04:49 : Получено пустое значение параметра поиска
16.11.2019 10:04:49 : Процеры поиска по параметрам завершена
16.11.2019 10:05:02 : Были очищены все поля класса анализа
16.11.2019 10:05:14 : Были очищены все поля класса анализа
16.11.2019 10:05:36 : Запуск процедуру изменения параметров БД
16.11.2019 10:05:36 : Получение системного пути резервной копии БД успешно завершено
16.11.2019 10:06:39 : Дешифрование пароля успешно завершено
16.11.2019 10:06:39 : Процедура проверки целостности файлов успешно завершена
16.11.2019 10:06:39 : Процедура проверки целостности файлов запущена...
16.11.2019 10:06:45 : Подключение к БД успешно установлено
16.11.2019 10:06:45 : Инициализация процедуры получения параметров с БД
16.11.2019 10:06:45 : Получение списка мест дефекта в производстве успешно завершено
16.11.2019 10:06:45 : Получение списка описаний дефекта успешно завершено
16.11.2019 10:06:45 : Получение списка диаметров успешно завершено
16.11.2019 10:06:45 : Получение списка бригад успешно завершено
16.11.2019 10:06:45 : Получение списка смен успешно завершено
16.11.2019 10:06:45 : Получение списка статусов коррекции успешно завершено
16.11.2019 10:06:45 : Получение списка номеров ТС успешно завершено
16.11.2019 10:06:45 : Получение списка марок сплавов успешно завершено
16.11.2019 10:06:45 : Получение списка типов дефекта успешно завершено
16.11.2019 10:06:45 : Получение списка позиций с сервера успешно завершено
16.11.2019 10:06:45 : Процедура получения параметров с БД успешно завершена
