31.10.2019 8:48:33 : Процедура проверки целостности файлов запущена...
31.10.2019 8:48:33 : Дешифрование пароля успешно завершено
31.10.2019 8:48:33 : Процедура проверки целостности файлов успешно завершена
31.10.2019 8:48:37 : Подключение к БД успешно установлено
31.10.2019 8:48:37 : Инициализация процедуры получения параметров с БД
31.10.2019 8:48:37 : Получение списка мест дефекта в производстве успешно завершено
31.10.2019 8:48:37 : Получение списка описаний дефекта успешно завершено
31.10.2019 8:48:37 : Получение списка диаметров успешно завершено
31.10.2019 8:48:37 : Получение списка бригад успешно завершено
31.10.2019 8:48:37 : Получение списка смен успешно завершено
31.10.2019 8:48:37 : Получение списка статусов коррекции успешно завершено
31.10.2019 8:48:37 : Получение списка номеров ТС успешно завершено
31.10.2019 8:48:37 : Получение списка марок сплавов успешно завершено
31.10.2019 8:48:37 : Получение списка типов дефекта успешно завершено
31.10.2019 8:48:37 : Получение списка позиций с сервера успешно завершено
31.10.2019 8:48:37 : Процедура получения параметров с БД успешно завершена
31.10.2019 17:41:52 : Процедура проверки целостности файлов запущена...
31.10.2019 17:41:52 : Дешифрование пароля успешно завершено
31.10.2019 17:41:52 : Процедура проверки целостности файлов успешно завершена
31.10.2019 17:41:55 : Подключение к БД успешно установлено
31.10.2019 17:41:55 : Инициализация процедуры получения параметров с БД
31.10.2019 17:41:55 : Получение списка мест дефекта в производстве успешно завершено
31.10.2019 17:41:55 : Получение списка описаний дефекта успешно завершено
31.10.2019 17:41:55 : Получение списка диаметров успешно завершено
31.10.2019 17:41:55 : Получение списка бригад успешно завершено
31.10.2019 17:41:55 : Получение списка смен успешно завершено
31.10.2019 17:41:55 : Получение списка статусов коррекции успешно завершено
31.10.2019 17:41:55 : Получение списка номеров ТС успешно завершено
31.10.2019 17:41:55 : Получение списка марок сплавов успешно завершено
31.10.2019 17:41:55 : Получение списка типов дефекта успешно завершено
31.10.2019 17:41:56 : Получение списка позиций с сервера успешно завершено
31.10.2019 17:41:56 : Процедура получения параметров с БД успешно завершена
31.10.2019 22:00:30 : Процедура проверки целостности файлов запущена...
31.10.2019 22:00:30 : Дешифрование пароля успешно завершено
31.10.2019 22:00:30 : Процедура проверки целостности файлов успешно завершена
31.10.2019 22:00:33 : Подключение к БД успешно установлено
31.10.2019 22:00:33 : Инициализация процедуры получения параметров с БД
31.10.2019 22:00:34 : Получение списка мест дефекта в производстве успешно завершено
31.10.2019 22:00:34 : Получение списка описаний дефекта успешно завершено
31.10.2019 22:00:34 : Получение списка диаметров успешно завершено
31.10.2019 22:00:34 : Получение списка бригад успешно завершено
31.10.2019 22:00:34 : Получение списка смен успешно завершено
31.10.2019 22:00:34 : Получение списка статусов коррекции успешно завершено
31.10.2019 22:00:34 : Получение списка номеров ТС успешно завершено
31.10.2019 22:00:34 : Получение списка марок сплавов успешно завершено
31.10.2019 22:00:34 : Получение списка типов дефекта успешно завершено
31.10.2019 22:00:34 : Получение списка позиций с сервера успешно завершено
31.10.2019 22:00:34 : Процедура получения параметров с БД успешно завершена
31.10.2019 22:01:26 : Процедура проверки целостности файлов запущена...
31.10.2019 22:01:26 : Дешифрование пароля успешно завершено
31.10.2019 22:01:26 : Процедура проверки целостности файлов успешно завершена
31.10.2019 22:01:29 : Подключение к БД успешно установлено
31.10.2019 22:01:29 : Инициализация процедуры получения параметров с БД
31.10.2019 22:01:29 : Получение списка мест дефекта в производстве успешно завершено
31.10.2019 22:01:29 : Получение списка описаний дефекта успешно завершено
31.10.2019 22:01:29 : Получение списка диаметров успешно завершено
31.10.2019 22:01:29 : Получение списка бригад успешно завершено
31.10.2019 22:01:29 : Получение списка смен успешно завершено
31.10.2019 22:01:29 : Получение списка статусов коррекции успешно завершено
31.10.2019 22:01:29 : Получение списка номеров ТС успешно завершено
31.10.2019 22:01:29 : Получение списка марок сплавов успешно завершено
31.10.2019 22:01:29 : Получение списка типов дефекта успешно завершено
31.10.2019 22:01:29 : Получение списка позиций с сервера успешно завершено
31.10.2019 22:01:29 : Процедура получения параметров с БД успешно завершена
31.10.2019 22:02:47 : Процедура проверки целостности файлов запущена...
31.10.2019 22:02:47 : Дешифрование пароля успешно завершено
31.10.2019 22:02:47 : Процедура проверки целостности файлов успешно завершена
31.10.2019 22:02:50 : Подключение к БД успешно установлено
31.10.2019 22:02:50 : Инициализация процедуры получения параметров с БД
31.10.2019 22:02:50 : Получение списка мест дефекта в производстве успешно завершено
31.10.2019 22:02:50 : Получение списка описаний дефекта успешно завершено
31.10.2019 22:02:50 : Получение списка диаметров успешно завершено
31.10.2019 22:02:50 : Получение списка бригад успешно завершено
31.10.2019 22:02:50 : Получение списка смен успешно завершено
31.10.2019 22:02:50 : Получение списка статусов коррекции успешно завершено
31.10.2019 22:02:50 : Получение списка номеров ТС успешно завершено
31.10.2019 22:02:50 : Получение списка марок сплавов успешно завершено
31.10.2019 22:02:50 : Получение списка типов дефекта успешно завершено
31.10.2019 22:02:50 : Получение списка позиций с сервера успешно завершено
31.10.2019 22:02:50 : Процедура получения параметров с БД успешно завершена
31.10.2019 22:03:27 : Процедура проверки целостности файлов запущена...
31.10.2019 22:03:27 : Дешифрование пароля успешно завершено
31.10.2019 22:03:27 : Процедура проверки целостности файлов успешно завершена
31.10.2019 22:03:31 : Подключение к БД успешно установлено
31.10.2019 22:03:31 : Инициализация процедуры получения параметров с БД
31.10.2019 22:03:31 : Получение списка мест дефекта в производстве успешно завершено
31.10.2019 22:03:31 : Получение списка описаний дефекта успешно завершено
31.10.2019 22:03:31 : Получение списка диаметров успешно завершено
31.10.2019 22:03:31 : Получение списка бригад успешно завершено
31.10.2019 22:03:31 : Получение списка смен успешно завершено
31.10.2019 22:03:31 : Получение списка статусов коррекции успешно завершено
31.10.2019 22:03:31 : Получение списка номеров ТС успешно завершено
31.10.2019 22:03:31 : Получение списка марок сплавов успешно завершено
31.10.2019 22:03:31 : Получение списка типов дефекта успешно завершено
31.10.2019 22:03:31 : Получение списка позиций с сервера успешно завершено
31.10.2019 22:03:31 : Процедура получения параметров с БД успешно завершена
31.10.2019 22:04:44 : Процедура проверки целостности файлов запущена...
31.10.2019 22:04:44 : Дешифрование пароля успешно завершено
31.10.2019 22:04:44 : Процедура проверки целостности файлов успешно завершена
31.10.2019 22:04:47 : Подключение к БД успешно установлено
31.10.2019 22:04:47 : Инициализация процедуры получения параметров с БД
31.10.2019 22:04:47 : Получение списка мест дефекта в производстве успешно завершено
31.10.2019 22:04:47 : Получение списка описаний дефекта успешно завершено
31.10.2019 22:04:47 : Получение списка диаметров успешно завершено
31.10.2019 22:04:47 : Получение списка бригад успешно завершено
31.10.2019 22:04:47 : Получение списка смен успешно завершено
31.10.2019 22:04:47 : Получение списка статусов коррекции успешно завершено
31.10.2019 22:04:47 : Получение списка номеров ТС успешно завершено
31.10.2019 22:04:47 : Получение списка марок сплавов успешно завершено
31.10.2019 22:04:47 : Получение списка типов дефекта успешно завершено
31.10.2019 22:04:47 : Получение списка позиций с сервера успешно завершено
31.10.2019 22:04:47 : Процедура получения параметров с БД успешно завершена
31.10.2019 22:05:09 : Процедура проверки целостности файлов запущена...
31.10.2019 22:05:09 : Дешифрование пароля успешно завершено
31.10.2019 22:05:09 : Процедура проверки целостности файлов успешно завершена
31.10.2019 22:05:12 : Подключение к БД успешно установлено
31.10.2019 22:05:12 : Инициализация процедуры получения параметров с БД
31.10.2019 22:05:12 : Получение списка мест дефекта в производстве успешно завершено
31.10.2019 22:05:12 : Получение списка описаний дефекта успешно завершено
31.10.2019 22:05:12 : Получение списка диаметров успешно завершено
31.10.2019 22:05:12 : Получение списка бригад успешно завершено
31.10.2019 22:05:12 : Получение списка смен успешно завершено
31.10.2019 22:05:12 : Получение списка статусов коррекции успешно завершено
31.10.2019 22:05:12 : Получение списка номеров ТС успешно завершено
31.10.2019 22:05:12 : Получение списка марок сплавов успешно завершено
31.10.2019 22:05:12 : Получение списка типов дефекта успешно завершено
31.10.2019 22:05:12 : Получение списка позиций с сервера успешно завершено
31.10.2019 22:05:12 : Процедура получения параметров с БД успешно завершена
31.10.2019 22:05:23 : Процедура проверки целостности файлов запущена...
31.10.2019 22:05:23 : Дешифрование пароля успешно завершено
31.10.2019 22:05:23 : Процедура проверки целостности файлов успешно завершена
31.10.2019 22:05:27 : Подключение к БД успешно установлено
31.10.2019 22:05:27 : Инициализация процедуры получения параметров с БД
31.10.2019 22:05:27 : Получение списка мест дефекта в производстве успешно завершено
31.10.2019 22:05:27 : Получение списка описаний дефекта успешно завершено
31.10.2019 22:05:27 : Получение списка диаметров успешно завершено
31.10.2019 22:05:27 : Получение списка бригад успешно завершено
31.10.2019 22:05:27 : Получение списка смен успешно завершено
31.10.2019 22:05:27 : Получение списка статусов коррекции успешно завершено
31.10.2019 22:05:27 : Получение списка номеров ТС успешно завершено
31.10.2019 22:05:27 : Получение списка марок сплавов успешно завершено
31.10.2019 22:05:27 : Получение списка типов дефекта успешно завершено
31.10.2019 22:05:27 : Получение списка позиций с сервера успешно завершено
31.10.2019 22:05:27 : Процедура получения параметров с БД успешно завершена
31.10.2019 22:05:37 : Процедура проверки целостности файлов запущена...
31.10.2019 22:05:37 : Дешифрование пароля успешно завершено
31.10.2019 22:05:37 : Процедура проверки целостности файлов успешно завершена
31.10.2019 22:05:41 : Подключение к БД успешно установлено
31.10.2019 22:05:41 : Инициализация процедуры получения параметров с БД
31.10.2019 22:05:41 : Получение списка мест дефекта в производстве успешно завершено
31.10.2019 22:05:41 : Получение списка описаний дефекта успешно завершено
31.10.2019 22:05:41 : Получение списка диаметров успешно завершено
31.10.2019 22:05:41 : Получение списка бригад успешно завершено
31.10.2019 22:05:41 : Получение списка смен успешно завершено
31.10.2019 22:05:41 : Получение списка статусов коррекции успешно завершено
31.10.2019 22:05:41 : Получение списка номеров ТС успешно завершено
31.10.2019 22:05:41 : Получение списка марок сплавов успешно завершено
31.10.2019 22:05:41 : Получение списка типов дефекта успешно завершено
31.10.2019 22:05:41 : Получение списка позиций с сервера успешно завершено
31.10.2019 22:05:41 : Процедура получения параметров с БД успешно завершена
31.10.2019 22:05:52 : Процедура проверки целостности файлов запущена...
31.10.2019 22:05:52 : Дешифрование пароля успешно завершено
31.10.2019 22:05:52 : Процедура проверки целостности файлов успешно завершена
31.10.2019 22:05:55 : Подключение к БД успешно установлено
31.10.2019 22:05:55 : Инициализация процедуры получения параметров с БД
31.10.2019 22:05:55 : Получение списка мест дефекта в производстве успешно завершено
31.10.2019 22:05:55 : Получение списка описаний дефекта успешно завершено
31.10.2019 22:05:55 : Получение списка диаметров успешно завершено
31.10.2019 22:05:55 : Получение списка бригад успешно завершено
31.10.2019 22:05:55 : Получение списка смен успешно завершено
31.10.2019 22:05:55 : Получение списка статусов коррекции успешно завершено
31.10.2019 22:05:55 : Получение списка номеров ТС успешно завершено
31.10.2019 22:05:55 : Получение списка марок сплавов успешно завершено
31.10.2019 22:05:55 : Получение списка типов дефекта успешно завершено
31.10.2019 22:05:55 : Получение списка позиций с сервера успешно завершено
31.10.2019 22:05:55 : Процедура получения параметров с БД успешно завершена
31.10.2019 22:06:21 : Процедура проверки целостности файлов запущена...
31.10.2019 22:06:21 : Дешифрование пароля успешно завершено
31.10.2019 22:06:21 : Процедура проверки целостности файлов успешно завершена
31.10.2019 22:06:25 : Подключение к БД успешно установлено
31.10.2019 22:06:25 : Инициализация процедуры получения параметров с БД
31.10.2019 22:06:25 : Получение списка мест дефекта в производстве успешно завершено
31.10.2019 22:06:25 : Получение списка описаний дефекта успешно завершено
31.10.2019 22:06:25 : Получение списка диаметров успешно завершено
31.10.2019 22:06:25 : Получение списка бригад успешно завершено
31.10.2019 22:06:25 : Получение списка смен успешно завершено
31.10.2019 22:06:25 : Получение списка статусов коррекции успешно завершено
31.10.2019 22:06:25 : Получение списка номеров ТС успешно завершено
31.10.2019 22:06:25 : Получение списка марок сплавов успешно завершено
31.10.2019 22:06:25 : Получение списка типов дефекта успешно завершено
31.10.2019 22:06:25 : Получение списка позиций с сервера успешно завершено
31.10.2019 22:06:25 : Процедура получения параметров с БД успешно завершена
31.10.2019 22:06:47 : Процедура проверки целостности файлов запущена...
31.10.2019 22:06:47 : Дешифрование пароля успешно завершено
31.10.2019 22:06:47 : Процедура проверки целостности файлов успешно завершена
31.10.2019 22:06:50 : Подключение к БД успешно установлено
31.10.2019 22:06:50 : Инициализация процедуры получения параметров с БД
31.10.2019 22:06:50 : Получение списка мест дефекта в производстве успешно завершено
31.10.2019 22:06:50 : Получение списка описаний дефекта успешно завершено
31.10.2019 22:06:50 : Получение списка диаметров успешно завершено
31.10.2019 22:06:50 : Получение списка бригад успешно завершено
31.10.2019 22:06:50 : Получение списка смен успешно завершено
31.10.2019 22:06:50 : Получение списка статусов коррекции успешно завершено
31.10.2019 22:06:50 : Получение списка номеров ТС успешно завершено
31.10.2019 22:06:50 : Получение списка марок сплавов успешно завершено
31.10.2019 22:06:50 : Получение списка типов дефекта успешно завершено
31.10.2019 22:06:51 : Получение списка позиций с сервера успешно завершено
31.10.2019 22:06:51 : Процедура получения параметров с БД успешно завершена
31.10.2019 22:08:05 : Процедура проверки целостности файлов запущена...
31.10.2019 22:08:05 : Дешифрование пароля успешно завершено
31.10.2019 22:08:05 : Процедура проверки целостности файлов успешно завершена
31.10.2019 22:08:08 : Подключение к БД успешно установлено
31.10.2019 22:08:08 : Инициализация процедуры получения параметров с БД
31.10.2019 22:08:08 : Получение списка мест дефекта в производстве успешно завершено
31.10.2019 22:08:08 : Получение списка описаний дефекта успешно завершено
31.10.2019 22:08:08 : Получение списка диаметров успешно завершено
31.10.2019 22:08:08 : Получение списка бригад успешно завершено
31.10.2019 22:08:08 : Получение списка смен успешно завершено
31.10.2019 22:08:08 : Получение списка статусов коррекции успешно завершено
31.10.2019 22:08:08 : Получение списка номеров ТС успешно завершено
31.10.2019 22:08:08 : Получение списка марок сплавов успешно завершено
31.10.2019 22:08:08 : Получение списка типов дефекта успешно завершено
31.10.2019 22:08:09 : Получение списка позиций с сервера успешно завершено
31.10.2019 22:08:09 : Процедура получения параметров с БД успешно завершена
31.10.2019 22:09:02 : Процедура проверки целостности файлов запущена...
31.10.2019 22:09:02 : Дешифрование пароля успешно завершено
31.10.2019 22:09:02 : Процедура проверки целостности файлов успешно завершена
31.10.2019 22:09:05 : Подключение к БД успешно установлено
31.10.2019 22:09:05 : Инициализация процедуры получения параметров с БД
31.10.2019 22:09:05 : Получение списка мест дефекта в производстве успешно завершено
31.10.2019 22:09:05 : Получение списка описаний дефекта успешно завершено
31.10.2019 22:09:05 : Получение списка диаметров успешно завершено
31.10.2019 22:09:05 : Получение списка бригад успешно завершено
31.10.2019 22:09:05 : Получение списка смен успешно завершено
31.10.2019 22:09:05 : Получение списка статусов коррекции успешно завершено
31.10.2019 22:09:05 : Получение списка номеров ТС успешно завершено
31.10.2019 22:09:05 : Получение списка марок сплавов успешно завершено
31.10.2019 22:09:05 : Получение списка типов дефекта успешно завершено
31.10.2019 22:09:05 : Получение списка позиций с сервера успешно завершено
31.10.2019 22:09:05 : Процедура получения параметров с БД успешно завершена
31.10.2019 22:20:39 : Процедура проверки целостности файлов запущена...
31.10.2019 22:20:39 : Дешифрование пароля успешно завершено
31.10.2019 22:20:39 : Процедура проверки целостности файлов успешно завершена
31.10.2019 22:20:42 : Подключение к БД успешно установлено
31.10.2019 22:20:42 : Инициализация процедуры получения параметров с БД
31.10.2019 22:20:42 : Получение списка мест дефекта в производстве успешно завершено
31.10.2019 22:20:42 : Получение списка описаний дефекта успешно завершено
31.10.2019 22:20:42 : Получение списка диаметров успешно завершено
31.10.2019 22:20:42 : Получение списка бригад успешно завершено
31.10.2019 22:20:42 : Получение списка смен успешно завершено
31.10.2019 22:20:42 : Получение списка статусов коррекции успешно завершено
31.10.2019 22:20:42 : Получение списка номеров ТС успешно завершено
31.10.2019 22:20:42 : Получение списка марок сплавов успешно завершено
31.10.2019 22:20:42 : Получение списка типов дефекта успешно завершено
31.10.2019 22:20:42 : Получение списка позиций с сервера успешно завершено
31.10.2019 22:20:42 : Процедура получения параметров с БД успешно завершена
31.10.2019 22:21:56 : Процедура проверки целостности файлов запущена...
31.10.2019 22:21:56 : Дешифрование пароля успешно завершено
31.10.2019 22:21:56 : Процедура проверки целостности файлов успешно завершена
31.10.2019 22:21:59 : Подключение к БД успешно установлено
31.10.2019 22:21:59 : Инициализация процедуры получения параметров с БД
31.10.2019 22:21:59 : Получение списка мест дефекта в производстве успешно завершено
31.10.2019 22:21:59 : Получение списка описаний дефекта успешно завершено
31.10.2019 22:21:59 : Получение списка диаметров успешно завершено
31.10.2019 22:21:59 : Получение списка бригад успешно завершено
31.10.2019 22:21:59 : Получение списка смен успешно завершено
31.10.2019 22:21:59 : Получение списка статусов коррекции успешно завершено
31.10.2019 22:21:59 : Получение списка номеров ТС успешно завершено
31.10.2019 22:21:59 : Получение списка марок сплавов успешно завершено
31.10.2019 22:21:59 : Получение списка типов дефекта успешно завершено
31.10.2019 22:21:59 : Получение списка позиций с сервера успешно завершено
31.10.2019 22:21:59 : Процедура получения параметров с БД успешно завершена
31.10.2019 22:22:34 : Процедура проверки целостности файлов запущена...
31.10.2019 22:22:34 : Дешифрование пароля успешно завершено
31.10.2019 22:22:34 : Процедура проверки целостности файлов успешно завершена
31.10.2019 22:22:38 : Подключение к БД успешно установлено
31.10.2019 22:22:38 : Инициализация процедуры получения параметров с БД
31.10.2019 22:22:38 : Получение списка мест дефекта в производстве успешно завершено
31.10.2019 22:22:38 : Получение списка описаний дефекта успешно завершено
31.10.2019 22:22:38 : Получение списка диаметров успешно завершено
31.10.2019 22:22:38 : Получение списка бригад успешно завершено
31.10.2019 22:22:38 : Получение списка смен успешно завершено
31.10.2019 22:22:38 : Получение списка статусов коррекции успешно завершено
31.10.2019 22:22:38 : Получение списка номеров ТС успешно завершено
31.10.2019 22:22:38 : Получение списка марок сплавов успешно завершено
31.10.2019 22:22:38 : Получение списка типов дефекта успешно завершено
31.10.2019 22:22:38 : Получение списка позиций с сервера успешно завершено
31.10.2019 22:22:38 : Процедура получения параметров с БД успешно завершена
31.10.2019 22:22:55 : Процедура проверки целостности файлов запущена...
31.10.2019 22:22:55 : Дешифрование пароля успешно завершено
31.10.2019 22:22:55 : Процедура проверки целостности файлов успешно завершена
31.10.2019 22:23:00 : Ошибка при подключении к БД. Работа приложения остановлена
31.10.2019 22:23:03 : Процедура проверки целостности файлов запущена...
31.10.2019 22:23:03 : Дешифрование пароля успешно завершено
31.10.2019 22:23:03 : Процедура проверки целостности файлов успешно завершена
31.10.2019 22:23:09 : Ошибка при подключении к БД. Работа приложения остановлена
31.10.2019 22:23:14 : Процедура проверки целостности файлов запущена...
31.10.2019 22:23:14 : Дешифрование пароля успешно завершено
31.10.2019 22:23:14 : Процедура проверки целостности файлов успешно завершена
31.10.2019 22:23:17 : Подключение к БД успешно установлено
31.10.2019 22:23:17 : Инициализация процедуры получения параметров с БД
31.10.2019 22:23:17 : Получение списка мест дефекта в производстве успешно завершено
31.10.2019 22:23:17 : Получение списка описаний дефекта успешно завершено
31.10.2019 22:23:17 : Получение списка диаметров успешно завершено
31.10.2019 22:23:17 : Получение списка бригад успешно завершено
31.10.2019 22:23:17 : Получение списка смен успешно завершено
31.10.2019 22:23:18 : Получение списка статусов коррекции успешно завершено
31.10.2019 22:23:18 : Получение списка номеров ТС успешно завершено
31.10.2019 22:23:18 : Получение списка марок сплавов успешно завершено
31.10.2019 22:23:18 : Получение списка типов дефекта успешно завершено
31.10.2019 22:23:18 : Получение списка позиций с сервера успешно завершено
31.10.2019 22:23:18 : Процедура получения параметров с БД успешно завершена
31.10.2019 22:24:25 : Процедура проверки целостности файлов запущена...
31.10.2019 22:24:25 : Дешифрование пароля успешно завершено
31.10.2019 22:24:25 : Процедура проверки целостности файлов успешно завершена
31.10.2019 22:24:30 : Ошибка при подключении к БД. Работа приложения остановлена
31.10.2019 22:24:33 : Процедура проверки целостности файлов запущена...
31.10.2019 22:24:33 : Дешифрование пароля успешно завершено
31.10.2019 22:24:33 : Процедура проверки целостности файлов успешно завершена
31.10.2019 22:24:36 : Подключение к БД успешно установлено
31.10.2019 22:24:36 : Инициализация процедуры получения параметров с БД
31.10.2019 22:24:36 : Получение списка мест дефекта в производстве успешно завершено
31.10.2019 22:24:36 : Получение списка описаний дефекта успешно завершено
31.10.2019 22:24:36 : Получение списка диаметров успешно завершено
31.10.2019 22:24:37 : Получение списка бригад успешно завершено
31.10.2019 22:24:37 : Получение списка смен успешно завершено
31.10.2019 22:24:37 : Получение списка статусов коррекции успешно завершено
31.10.2019 22:24:37 : Получение списка номеров ТС успешно завершено
31.10.2019 22:24:37 : Получение списка марок сплавов успешно завершено
31.10.2019 22:24:37 : Получение списка типов дефекта успешно завершено
31.10.2019 22:24:37 : Получение списка позиций с сервера успешно завершено
31.10.2019 22:24:37 : Процедура получения параметров с БД успешно завершена
31.10.2019 22:33:32 : Процедура проверки целостности файлов запущена...
31.10.2019 22:33:32 : Дешифрование пароля успешно завершено
31.10.2019 22:33:32 : Процедура проверки целостности файлов успешно завершена
31.10.2019 22:33:36 : Подключение к БД успешно установлено
31.10.2019 22:33:36 : Инициализация процедуры получения параметров с БД
31.10.2019 22:33:36 : Получение списка мест дефекта в производстве успешно завершено
31.10.2019 22:33:36 : Получение списка описаний дефекта успешно завершено
31.10.2019 22:33:36 : Получение списка диаметров успешно завершено
31.10.2019 22:33:36 : Получение списка бригад успешно завершено
31.10.2019 22:33:36 : Получение списка смен успешно завершено
31.10.2019 22:33:36 : Получение списка статусов коррекции успешно завершено
31.10.2019 22:33:36 : Получение списка номеров ТС успешно завершено
31.10.2019 22:33:36 : Получение списка марок сплавов успешно завершено
31.10.2019 22:33:36 : Получение списка типов дефекта успешно завершено
31.10.2019 22:33:36 : Получение списка позиций с сервера успешно завершено
31.10.2019 22:33:36 : Процедура получения параметров с БД успешно завершена
31.10.2019 23:00:28 : Процедура проверки целостности файлов запущена...
31.10.2019 23:00:28 : Дешифрование пароля успешно завершено
31.10.2019 23:00:28 : Процедура проверки целостности файлов успешно завершена
31.10.2019 23:00:32 : Подключение к БД успешно установлено
31.10.2019 23:00:32 : Инициализация процедуры получения параметров с БД
31.10.2019 23:00:32 : Получение списка мест дефекта в производстве успешно завершено
31.10.2019 23:00:32 : Получение списка описаний дефекта успешно завершено
31.10.2019 23:00:32 : Получение списка диаметров успешно завершено
31.10.2019 23:00:32 : Получение списка бригад успешно завершено
31.10.2019 23:00:32 : Получение списка смен успешно завершено
31.10.2019 23:00:32 : Получение списка статусов коррекции успешно завершено
31.10.2019 23:00:32 : Получение списка номеров ТС успешно завершено
31.10.2019 23:00:32 : Получение списка марок сплавов успешно завершено
31.10.2019 23:00:32 : Получение списка типов дефекта успешно завершено
31.10.2019 23:00:32 : Получение списка позиций с сервера успешно завершено
31.10.2019 23:00:32 : Процедура получения параметров с БД успешно завершена
31.10.2019 23:00:34 : Запуск процеры поиска по параметрам
31.10.2019 23:01:00 : Процеры поиска по параметрам завершена
31.10.2019 23:01:18 : Процедура проверки целостности файлов запущена...
31.10.2019 23:01:18 : Дешифрование пароля успешно завершено
31.10.2019 23:01:18 : Процедура проверки целостности файлов успешно завершена
31.10.2019 23:01:21 : Подключение к БД успешно установлено
31.10.2019 23:01:21 : Инициализация процедуры получения параметров с БД
31.10.2019 23:01:21 : Получение списка мест дефекта в производстве успешно завершено
31.10.2019 23:01:21 : Получение списка описаний дефекта успешно завершено
31.10.2019 23:01:22 : Получение списка диаметров успешно завершено
31.10.2019 23:01:22 : Получение списка бригад успешно завершено
31.10.2019 23:01:22 : Получение списка смен успешно завершено
31.10.2019 23:01:22 : Получение списка статусов коррекции успешно завершено
31.10.2019 23:01:22 : Получение списка номеров ТС успешно завершено
31.10.2019 23:01:22 : Получение списка марок сплавов успешно завершено
31.10.2019 23:01:22 : Получение списка типов дефекта успешно завершено
31.10.2019 23:01:22 : Получение списка позиций с сервера успешно завершено
31.10.2019 23:01:22 : Процедура получения параметров с БД успешно завершена
31.10.2019 23:01:23 : Запуск процеры поиска по параметрам
31.10.2019 23:04:12 : Процедура проверки целостности файлов запущена...
31.10.2019 23:04:12 : Дешифрование пароля успешно завершено
31.10.2019 23:04:12 : Процедура проверки целостности файлов успешно завершена
31.10.2019 23:04:16 : Подключение к БД успешно установлено
31.10.2019 23:04:16 : Инициализация процедуры получения параметров с БД
31.10.2019 23:04:16 : Получение списка мест дефекта в производстве успешно завершено
31.10.2019 23:04:16 : Получение списка описаний дефекта успешно завершено
31.10.2019 23:04:16 : Получение списка диаметров успешно завершено
31.10.2019 23:04:16 : Получение списка бригад успешно завершено
31.10.2019 23:04:16 : Получение списка смен успешно завершено
31.10.2019 23:04:16 : Получение списка статусов коррекции успешно завершено
31.10.2019 23:04:16 : Получение списка номеров ТС успешно завершено
31.10.2019 23:04:16 : Получение списка марок сплавов успешно завершено
31.10.2019 23:04:16 : Получение списка типов дефекта успешно завершено
31.10.2019 23:04:16 : Получение списка позиций с сервера успешно завершено
31.10.2019 23:04:16 : Процедура получения параметров с БД успешно завершена
31.10.2019 23:04:17 : Запуск процеры поиска по параметрам
31.10.2019 23:04:37 : Отображение позиций по заданным параметрам
31.10.2019 23:04:49 : Процеры поиска по параметрам завершена
31.10.2019 23:04:59 : Запуск процеду сброса параметров фильтрации
31.10.2019 23:04:59 : Процедура сброса параметров фильтрации успешно завершена
31.10.2019 23:05:01 : Запуск процеры поиска по параметрам
31.10.2019 23:05:36 : Процеры поиска по параметрам завершена
31.10.2019 23:05:36 : Запуск процеры поиска по параметрам
31.10.2019 23:06:18 : Отображение позиций по заданным параметрам
31.10.2019 23:06:21 : Процеры поиска по параметрам завершена
31.10.2019 23:06:43 : Запуск процедуры демонстрации места дефекта на слитке
31.10.2019 23:06:47 : Процедуры демонстрации места дефекта на слитке успешна завершена
31.10.2019 23:06:49 : Запуск процеры поиска по параметрам
31.10.2019 23:06:53 : Процеры поиска по параметрам завершена
31.10.2019 23:09:18 : Процедура проверки целостности файлов запущена...
31.10.2019 23:09:18 : Дешифрование пароля успешно завершено
31.10.2019 23:09:18 : Процедура проверки целостности файлов успешно завершена
31.10.2019 23:09:21 : Подключение к БД успешно установлено
31.10.2019 23:09:21 : Инициализация процедуры получения параметров с БД
31.10.2019 23:09:21 : Получение списка мест дефекта в производстве успешно завершено
31.10.2019 23:09:21 : Получение списка описаний дефекта успешно завершено
31.10.2019 23:09:21 : Получение списка диаметров успешно завершено
31.10.2019 23:09:21 : Получение списка бригад успешно завершено
31.10.2019 23:09:21 : Получение списка смен успешно завершено
31.10.2019 23:09:22 : Получение списка статусов коррекции успешно завершено
31.10.2019 23:09:22 : Получение списка номеров ТС успешно завершено
31.10.2019 23:09:22 : Получение списка марок сплавов успешно завершено
31.10.2019 23:09:22 : Получение списка типов дефекта успешно завершено
31.10.2019 23:09:22 : Получение списка позиций с сервера успешно завершено
31.10.2019 23:09:22 : Процедура получения параметров с БД успешно завершена
31.10.2019 23:09:23 : Запуск процеры поиска по параметрам
31.10.2019 23:09:26 : Процеры поиска по параметрам завершена
31.10.2019 23:09:27 : Запуск процеры поиска по параметрам
31.10.2019 23:09:35 : Процеры поиска по параметрам завершена
31.10.2019 23:09:36 : Запуск процеры поиска по параметрам
31.10.2019 23:09:41 : Процеры поиска по параметрам завершена
31.10.2019 23:09:42 : Запуск процедуры демонстрации места дефекта на слитке
31.10.2019 23:10:11 : Процедуры демонстрации места дефекта на слитке успешна завершена
31.10.2019 23:10:16 : Запуск процеры поиска по параметрам
31.10.2019 23:10:31 : Отображение позиций по заданным параметрам
31.10.2019 23:10:33 : Процеры поиска по параметрам завершена
31.10.2019 23:11:56 : Процедура проверки целостности файлов запущена...
31.10.2019 23:11:57 : Дешифрование пароля успешно завершено
31.10.2019 23:11:57 : Процедура проверки целостности файлов успешно завершена
31.10.2019 23:12:00 : Подключение к БД успешно установлено
31.10.2019 23:12:00 : Инициализация процедуры получения параметров с БД
31.10.2019 23:12:00 : Получение списка мест дефекта в производстве успешно завершено
31.10.2019 23:12:00 : Получение списка описаний дефекта успешно завершено
31.10.2019 23:12:00 : Получение списка диаметров успешно завершено
31.10.2019 23:12:00 : Получение списка бригад успешно завершено
31.10.2019 23:12:00 : Получение списка смен успешно завершено
31.10.2019 23:12:00 : Получение списка статусов коррекции успешно завершено
31.10.2019 23:12:00 : Получение списка номеров ТС успешно завершено
31.10.2019 23:12:00 : Получение списка марок сплавов успешно завершено
31.10.2019 23:12:00 : Получение списка типов дефекта успешно завершено
31.10.2019 23:12:01 : Получение списка позиций с сервера успешно завершено
31.10.2019 23:12:01 : Процедура получения параметров с БД успешно завершена
31.10.2019 23:12:04 : Запуск процеры поиска по параметрам
31.10.2019 23:12:18 : Процеры поиска по параметрам завершена
31.10.2019 23:12:20 : Запуск процеры поиска по параметрам
31.10.2019 23:12:25 : Процеры поиска по параметрам завершена
31.10.2019 23:12:30 : Запуск процеры поиска по параметрам
31.10.2019 23:12:37 : Отображение позиций по заданным параметрам
31.10.2019 23:12:39 : Процеры поиска по параметрам завершена
31.10.2019 23:12:50 : Запуск процеры поиска по параметрам
31.10.2019 23:13:06 : Отображение позиций по заданным параметрам
31.10.2019 23:13:09 : Процеры поиска по параметрам завершена
31.10.2019 23:13:13 : Запуск процеры поиска по параметрам
31.10.2019 23:13:22 : Отображение позиций по заданным параметрам
31.10.2019 23:13:24 : Процеры поиска по параметрам завершена
31.10.2019 23:17:34 : Процедура проверки целостности файлов запущена...
31.10.2019 23:17:34 : Дешифрование пароля успешно завершено
31.10.2019 23:17:34 : Процедура проверки целостности файлов успешно завершена
31.10.2019 23:17:37 : Подключение к БД успешно установлено
31.10.2019 23:17:37 : Инициализация процедуры получения параметров с БД
31.10.2019 23:17:38 : Получение списка мест дефекта в производстве успешно завершено
31.10.2019 23:17:38 : Получение списка описаний дефекта успешно завершено
31.10.2019 23:17:38 : Получение списка диаметров успешно завершено
31.10.2019 23:17:38 : Получение списка бригад успешно завершено
31.10.2019 23:17:38 : Получение списка смен успешно завершено
31.10.2019 23:17:38 : Получение списка статусов коррекции успешно завершено
31.10.2019 23:17:38 : Получение списка номеров ТС успешно завершено
31.10.2019 23:17:38 : Получение списка марок сплавов успешно завершено
31.10.2019 23:17:38 : Получение списка типов дефекта успешно завершено
31.10.2019 23:17:38 : Получение списка позиций с сервера успешно завершено
31.10.2019 23:17:38 : Процедура получения параметров с БД успешно завершена
31.10.2019 23:17:40 : Запуск процеры поиска по параметрам
31.10.2019 23:17:44 : Отображение позиций по заданным параметрам
31.10.2019 23:17:47 : Процеры поиска по параметрам завершена
31.10.2019 23:18:05 : Запуск процедуры демонстрации места дефекта на слитке
31.10.2019 23:18:58 : Процедуры демонстрации места дефекта на слитке успешна завершена
31.10.2019 23:19:01 : Запуск процеду сброса параметров фильтрации
31.10.2019 23:19:01 : Процедура сброса параметров фильтрации успешно завершена
31.10.2019 23:20:08 : Запуск процеры поиска по параметрам
31.10.2019 23:20:08 : Перебор значений по заданным параметрам успешно завершен
31.10.2019 23:20:08 : Отображение позиций по заданным параметрам
31.10.2019 23:20:08 : Процеры поиска по параметрам завершена
31.10.2019 23:20:12 : Обновление статуса коррекции успешно завершено
31.10.2019 23:20:12 : Получение списка мест дефекта в производстве успешно завершено
31.10.2019 23:20:12 : Получение списка описаний дефекта успешно завершено
31.10.2019 23:20:12 : Получение списка диаметров успешно завершено
31.10.2019 23:20:12 : Получение списка бригад успешно завершено
31.10.2019 23:20:12 : Получение списка смен успешно завершено
31.10.2019 23:20:12 : Получение списка статусов коррекции успешно завершено
31.10.2019 23:20:12 : Получение списка номеров ТС успешно завершено
31.10.2019 23:20:12 : Получение списка марок сплавов успешно завершено
31.10.2019 23:20:12 : Получение списка типов дефекта успешно завершено
31.10.2019 23:20:12 : Получение списка позиций с сервера успешно завершено
31.10.2019 23:21:27 : Запуск процеры поиска по параметрам
31.10.2019 23:21:47 : Процеры поиска по параметрам завершена
31.10.2019 23:21:51 : Запуск процедуры построение отчета
31.10.2019 23:21:58 : Запуск процедура обычного анализа
31.10.2019 23:22:00 : Запуск процедуры получения анализа
31.10.2019 23:22:00 : Создание диаграммы краткого отчета завершено успешно
31.10.2019 23:22:00 : Заполнение таблицы краткого отчета завершено успешно
31.10.2019 23:22:00 : Краткий анализ бригада вес выполнен
31.10.2019 23:22:00 : Выполнение анализа по параметру: Вес | Бригада
31.10.2019 23:22:00 : Процедура получения анализа завершена
31.10.2019 23:22:02 : Запуск процедуры получения анализа
31.10.2019 23:22:02 : Создание диаграммы краткого отчета завершено успешно
31.10.2019 23:22:02 : Заполнение таблицы краткого отчета завершено успешно
31.10.2019 23:22:02 : Краткий анализ бригада вес выполнен
31.10.2019 23:22:02 : Выполнение анализа по параметру: Вес | Бригада
31.10.2019 23:22:02 : Процедура получения анализа завершена
31.10.2019 23:22:39 : Были очищены все поля класса анализа
31.10.2019 23:22:39 : Очистка памяти после выполнения анализа успешно завершена
31.10.2019 23:26:23 : Процедура проверки целостности файлов запущена...
31.10.2019 23:26:23 : Дешифрование пароля успешно завершено
31.10.2019 23:26:23 : Процедура проверки целостности файлов успешно завершена
31.10.2019 23:26:29 : Ошибка при подключении к БД. Работа приложения остановлена
31.10.2019 23:26:33 : Процедура проверки целостности файлов запущена...
31.10.2019 23:26:33 : Дешифрование пароля успешно завершено
31.10.2019 23:26:33 : Процедура проверки целостности файлов успешно завершена
31.10.2019 23:26:37 : Подключение к БД успешно установлено
31.10.2019 23:26:37 : Инициализация процедуры получения параметров с БД
31.10.2019 23:26:37 : Получение списка мест дефекта в производстве успешно завершено
31.10.2019 23:26:37 : Получение списка описаний дефекта успешно завершено
31.10.2019 23:26:37 : Получение списка диаметров успешно завершено
31.10.2019 23:26:37 : Получение списка бригад успешно завершено
31.10.2019 23:26:37 : Получение списка смен успешно завершено
31.10.2019 23:26:37 : Получение списка статусов коррекции успешно завершено
31.10.2019 23:26:37 : Получение списка номеров ТС успешно завершено
31.10.2019 23:26:37 : Получение списка марок сплавов успешно завершено
31.10.2019 23:26:37 : Получение списка типов дефекта успешно завершено
31.10.2019 23:26:37 : Получение списка позиций с сервера успешно завершено
31.10.2019 23:26:37 : Процедура получения параметров с БД успешно завершена
31.10.2019 23:27:56 : Процедура проверки целостности файлов запущена...
31.10.2019 23:27:56 : Дешифрование пароля успешно завершено
31.10.2019 23:27:56 : Процедура проверки целостности файлов успешно завершена
31.10.2019 23:28:02 : Подключение к БД успешно установлено
31.10.2019 23:28:02 : Инициализация процедуры получения параметров с БД
31.10.2019 23:28:02 : Получение списка мест дефекта в производстве успешно завершено
31.10.2019 23:28:02 : Получение списка описаний дефекта успешно завершено
31.10.2019 23:28:02 : Получение списка диаметров успешно завершено
31.10.2019 23:28:02 : Получение списка бригад успешно завершено
31.10.2019 23:28:02 : Получение списка смен успешно завершено
31.10.2019 23:28:02 : Получение списка статусов коррекции успешно завершено
31.10.2019 23:28:02 : Получение списка номеров ТС успешно завершено
31.10.2019 23:28:02 : Получение списка марок сплавов успешно завершено
31.10.2019 23:28:02 : Получение списка типов дефекта успешно завершено
31.10.2019 23:28:02 : Получение списка позиций с сервера успешно завершено
31.10.2019 23:28:02 : Процедура получения параметров с БД успешно завершена
31.10.2019 23:28:07 : Процедура проверки целостности файлов запущена...
31.10.2019 23:28:07 : Дешифрование пароля успешно завершено
31.10.2019 23:28:07 : Процедура проверки целостности файлов успешно завершена
31.10.2019 23:28:14 : Подключение к БД успешно установлено
31.10.2019 23:28:14 : Инициализация процедуры получения параметров с БД
31.10.2019 23:28:14 : Получение списка мест дефекта в производстве успешно завершено
31.10.2019 23:28:14 : Получение списка описаний дефекта успешно завершено
31.10.2019 23:28:14 : Получение списка диаметров успешно завершено
31.10.2019 23:28:14 : Получение списка бригад успешно завершено
31.10.2019 23:28:14 : Получение списка смен успешно завершено
31.10.2019 23:28:14 : Получение списка статусов коррекции успешно завершено
31.10.2019 23:28:14 : Получение списка номеров ТС успешно завершено
31.10.2019 23:28:14 : Получение списка марок сплавов успешно завершено
31.10.2019 23:28:14 : Получение списка типов дефекта успешно завершено
31.10.2019 23:28:14 : Получение списка позиций с сервера успешно завершено
31.10.2019 23:28:14 : Процедура получения параметров с БД успешно завершена
31.10.2019 23:28:47 : Процедура проверки целостности файлов запущена...
31.10.2019 23:28:47 : Дешифрование пароля успешно завершено
31.10.2019 23:28:47 : Процедура проверки целостности файлов успешно завершена
31.10.2019 23:28:53 : Подключение к БД успешно установлено
31.10.2019 23:28:53 : Инициализация процедуры получения параметров с БД
31.10.2019 23:28:53 : Получение списка мест дефекта в производстве успешно завершено
31.10.2019 23:28:53 : Получение списка описаний дефекта успешно завершено
31.10.2019 23:28:53 : Получение списка диаметров успешно завершено
31.10.2019 23:28:53 : Получение списка бригад успешно завершено
31.10.2019 23:28:53 : Получение списка смен успешно завершено
31.10.2019 23:28:54 : Получение списка статусов коррекции успешно завершено
31.10.2019 23:28:54 : Получение списка номеров ТС успешно завершено
31.10.2019 23:28:54 : Получение списка марок сплавов успешно завершено
31.10.2019 23:28:54 : Получение списка типов дефекта успешно завершено
31.10.2019 23:28:54 : Получение списка позиций с сервера успешно завершено
31.10.2019 23:28:54 : Процедура получения параметров с БД успешно завершена
31.10.2019 23:29:05 : Запуск процеры поиска по параметрам
31.10.2019 23:29:05 : Перебор значений по заданным параметрам успешно завершен
31.10.2019 23:29:05 : Отображение позиций по заданным параметрам
31.10.2019 23:29:05 : Процеры поиска по параметрам завершена
31.10.2019 23:29:15 : Запуск процеры поиска по параметрам
31.10.2019 23:29:15 : Перебор значений по заданным параметрам успешно завершен
31.10.2019 23:29:15 : Отображение позиций по заданным параметрам
31.10.2019 23:29:15 : Процеры поиска по параметрам завершена
31.10.2019 23:29:25 : Запуск процеры поиска по параметрам
31.10.2019 23:29:25 : Перебор значений по заданным параметрам успешно завершен
31.10.2019 23:29:25 : Отображение позиций по заданным параметрам
31.10.2019 23:29:25 : Процеры поиска по параметрам завершена
31.10.2019 23:29:29 : Запуск процеры поиска по параметрам
31.10.2019 23:29:29 : Перебор значений по заданным параметрам успешно завершен
31.10.2019 23:29:29 : Отображение позиций по заданным параметрам
31.10.2019 23:29:29 : Процеры поиска по параметрам завершена
31.10.2019 23:29:37 : Запуск процеры поиска по параметрам
31.10.2019 23:29:37 : Перебор значений по заданным параметрам успешно завершен
31.10.2019 23:29:39 : Количество объектов по параметрам поиска 0
31.10.2019 23:29:39 : Процеры поиска по параметрам завершена
31.10.2019 23:29:47 : Запуск процеры поиска по параметрам
31.10.2019 23:29:47 : Перебор значений по заданным параметрам успешно завершен
31.10.2019 23:29:49 : Количество объектов по параметрам поиска 0
31.10.2019 23:29:49 : Процеры поиска по параметрам завершена
31.10.2019 23:29:53 : Запуск процеду сброса параметров фильтрации
31.10.2019 23:29:53 : Процедура сброса параметров фильтрации успешно завершена
31.10.2019 23:29:57 : Запуск процедура обычного анализа
31.10.2019 23:29:59 : Были очищены все поля класса анализа
31.10.2019 23:29:59 : Очистка памяти после выполнения анализа успешно завершена
