29.10.2019 21:56:47 : Процедура проверки целостности файлов запущена...
29.10.2019 21:56:50 : Процедура проверки целостности файлов завершена аварийно. Остановка работы программного обеспечения
29.10.2019 21:56:53 : Ошибка при подключении к БД. Работа приложения остановлена
29.10.2019 21:57:28 : Процедура проверки целостности файлов запущена...
29.10.2019 21:57:28 : Дешифрование пароля успешно завершено
29.10.2019 21:57:28 : Процедура проверки целостности файлов успешно завершена
29.10.2019 21:57:32 : Подключение к БД успешно установлено
29.10.2019 21:57:32 : Инициализация процедуры получения параметров с БД
29.10.2019 21:57:32 : Получение списка мест дефекта в производстве успешно завершено
29.10.2019 21:57:32 : Получение списка описаний дефекта успешно завершено
29.10.2019 21:57:32 : Получение списка диаметров успешно завершено
29.10.2019 21:57:32 : Получение списка бригад успешно завершено
29.10.2019 21:57:32 : Получение списка смен успешно завершено
29.10.2019 21:57:32 : Получение списка статусов коррекции успешно завершено
29.10.2019 21:57:32 : Получение списка номеров ТС успешно завершено
29.10.2019 21:57:32 : Получение списка марок сплавов успешно завершено
29.10.2019 21:57:32 : Получение списка типов дефекта успешно завершено
29.10.2019 21:57:32 : Получение списка позиций с сервера успешно завершено
29.10.2019 21:57:32 : Процедура получения параметров с БД успешно завершена
29.10.2019 21:57:35 : Запуск процедуры изменения конфигурации ПО
29.10.2019 21:58:34 : Процедура проверки целостности файлов запущена...
29.10.2019 21:58:34 : Дешифрование пароля успешно завершено
29.10.2019 21:58:34 : Процедура проверки целостности файлов успешно завершена
29.10.2019 21:58:38 : Подключение к БД успешно установлено
29.10.2019 21:58:38 : Инициализация процедуры получения параметров с БД
29.10.2019 21:58:38 : Получение списка мест дефекта в производстве успешно завершено
29.10.2019 21:58:38 : Получение списка описаний дефекта успешно завершено
29.10.2019 21:58:38 : Получение списка диаметров успешно завершено
29.10.2019 21:58:38 : Получение списка бригад успешно завершено
29.10.2019 21:58:38 : Получение списка смен успешно завершено
29.10.2019 21:58:38 : Получение списка статусов коррекции успешно завершено
29.10.2019 21:58:38 : Получение списка номеров ТС успешно завершено
29.10.2019 21:58:38 : Получение списка марок сплавов успешно завершено
29.10.2019 21:58:38 : Получение списка типов дефекта успешно завершено
29.10.2019 21:58:38 : Получение списка позиций с сервера успешно завершено
29.10.2019 21:58:38 : Процедура получения параметров с БД успешно завершена
29.10.2019 21:59:21 : Процедура проверки целостности файлов запущена...
29.10.2019 21:59:21 : Дешифрование пароля успешно завершено
29.10.2019 21:59:21 : Процедура проверки целостности файлов успешно завершена
29.10.2019 21:59:25 : Подключение к БД успешно установлено
29.10.2019 21:59:25 : Инициализация процедуры получения параметров с БД
29.10.2019 21:59:25 : Получение списка мест дефекта в производстве успешно завершено
29.10.2019 21:59:25 : Получение списка описаний дефекта успешно завершено
29.10.2019 21:59:25 : Получение списка диаметров успешно завершено
29.10.2019 21:59:25 : Получение списка бригад успешно завершено
29.10.2019 21:59:25 : Получение списка смен успешно завершено
29.10.2019 21:59:25 : Получение списка статусов коррекции успешно завершено
29.10.2019 21:59:25 : Получение списка номеров ТС успешно завершено
29.10.2019 21:59:25 : Получение списка марок сплавов успешно завершено
29.10.2019 21:59:25 : Получение списка типов дефекта успешно завершено
29.10.2019 21:59:25 : Получение списка позиций с сервера успешно завершено
29.10.2019 21:59:25 : Процедура получения параметров с БД успешно завершена
29.10.2019 22:00:40 : Запуск процедуры изменения конфигурации ПО
29.10.2019 22:00:44 : Получено подтверждения на изменение параметра конфигурации
29.10.2019 22:00:44 : Запуск процедуры изменения параметра конфигурации
29.10.2019 22:00:46 : Данные модификации успешно получены
29.10.2019 22:00:46 : Запуск процедуры модификации параметра конфигурации
29.10.2019 22:00:48 : Изменение параметра конфигурации успешно завершено
29.10.2019 22:00:48 : Получение списка мест дефекта в производстве успешно завершено
29.10.2019 22:00:48 : Получение списка описаний дефекта успешно завершено
29.10.2019 22:00:48 : Получение списка диаметров успешно завершено
29.10.2019 22:00:48 : Получение списка бригад успешно завершено
29.10.2019 22:00:48 : Получение списка смен успешно завершено
29.10.2019 22:00:48 : Получение списка статусов коррекции успешно завершено
29.10.2019 22:00:48 : Получение списка номеров ТС успешно завершено
29.10.2019 22:00:48 : Получение списка марок сплавов успешно завершено
29.10.2019 22:00:48 : Получение списка типов дефекта успешно завершено
29.10.2019 22:00:48 : Процедуры модификации параметра конфигурации завершена
29.10.2019 22:00:48 : Процедура изменения параметра конфигурации завершена
29.10.2019 22:00:53 : Получено подтверждения на изменение параметра конфигурации
29.10.2019 22:00:53 : Запуск процедуры изменения параметра конфигурации
29.10.2019 22:00:56 : Данные модификации успешно получены
29.10.2019 22:00:56 : Запуск процедуры модификации параметра конфигурации
29.10.2019 22:00:56 : Изменение параметра конфигурации успешно завершено
29.10.2019 22:00:56 : Получение списка мест дефекта в производстве успешно завершено
29.10.2019 22:00:56 : Получение списка описаний дефекта успешно завершено
29.10.2019 22:00:56 : Получение списка диаметров успешно завершено
29.10.2019 22:00:56 : Получение списка бригад успешно завершено
29.10.2019 22:00:56 : Получение списка смен успешно завершено
29.10.2019 22:00:56 : Получение списка статусов коррекции успешно завершено
29.10.2019 22:00:56 : Получение списка номеров ТС успешно завершено
29.10.2019 22:00:56 : Получение списка марок сплавов успешно завершено
29.10.2019 22:00:56 : Получение списка типов дефекта успешно завершено
29.10.2019 22:00:56 : Процедуры модификации параметра конфигурации завершена
29.10.2019 22:00:56 : Процедура изменения параметра конфигурации завершена
29.10.2019 22:00:59 : Получено подтверждения на изменение параметра конфигурации
29.10.2019 22:00:59 : Запуск процедуры изменения параметра конфигурации
29.10.2019 22:01:01 : Данные модификации успешно получены
29.10.2019 22:01:01 : Запуск процедуры модификации параметра конфигурации
29.10.2019 22:01:01 : Изменение параметра конфигурации успешно завершено
29.10.2019 22:01:01 : Получение списка мест дефекта в производстве успешно завершено
29.10.2019 22:01:01 : Получение списка описаний дефекта успешно завершено
29.10.2019 22:01:01 : Получение списка диаметров успешно завершено
29.10.2019 22:01:01 : Получение списка бригад успешно завершено
29.10.2019 22:01:01 : Получение списка смен успешно завершено
29.10.2019 22:01:01 : Получение списка статусов коррекции успешно завершено
29.10.2019 22:01:01 : Получение списка номеров ТС успешно завершено
29.10.2019 22:01:01 : Получение списка марок сплавов успешно завершено
29.10.2019 22:01:01 : Получение списка типов дефекта успешно завершено
29.10.2019 22:01:01 : Процедуры модификации параметра конфигурации завершена
29.10.2019 22:01:01 : Процедура изменения параметра конфигурации завершена
29.10.2019 22:01:03 : Запуск процедуры добавления параметра конфигурации
29.10.2019 22:01:05 : Данные модификации успешно получены
29.10.2019 22:01:05 : Добавление параметра конфигурации успешно завершено
29.10.2019 22:01:05 : Получение списка мест дефекта в производстве успешно завершено
29.10.2019 22:01:05 : Получение списка описаний дефекта успешно завершено
29.10.2019 22:01:05 : Получение списка диаметров успешно завершено
29.10.2019 22:01:05 : Получение списка бригад успешно завершено
29.10.2019 22:01:05 : Получение списка смен успешно завершено
29.10.2019 22:01:05 : Получение списка статусов коррекции успешно завершено
29.10.2019 22:01:05 : Получение списка номеров ТС успешно завершено
29.10.2019 22:01:05 : Получение списка марок сплавов успешно завершено
29.10.2019 22:01:05 : Получение списка типов дефекта успешно завершено
29.10.2019 22:01:05 : Процедура добавления параметра конфигурации завершена
29.10.2019 22:01:06 : Запуск процедуры добавления параметра конфигурации
29.10.2019 22:01:08 : Данные модификации успешно получены
29.10.2019 22:01:08 : Добавление параметра конфигурации успешно завершено
29.10.2019 22:01:08 : Получение списка мест дефекта в производстве успешно завершено
29.10.2019 22:01:08 : Получение списка описаний дефекта успешно завершено
29.10.2019 22:01:08 : Получение списка диаметров успешно завершено
29.10.2019 22:01:08 : Получение списка бригад успешно завершено
29.10.2019 22:01:08 : Получение списка смен успешно завершено
29.10.2019 22:01:08 : Получение списка статусов коррекции успешно завершено
29.10.2019 22:01:08 : Получение списка номеров ТС успешно завершено
29.10.2019 22:01:08 : Получение списка марок сплавов успешно завершено
29.10.2019 22:01:08 : Получение списка типов дефекта успешно завершено
29.10.2019 22:01:08 : Процедура добавления параметра конфигурации завершена
29.10.2019 22:01:29 : Получено подтверждения на изменение параметра конфигурации
29.10.2019 22:01:29 : Запуск процедуры изменения параметра конфигурации
29.10.2019 22:01:33 : Данные модификации успешно получены
29.10.2019 22:01:33 : Запуск процедуры модификации параметра конфигурации
29.10.2019 22:01:33 : Изменение параметра конфигурации успешно завершено
29.10.2019 22:01:33 : Получение списка мест дефекта в производстве успешно завершено
29.10.2019 22:01:33 : Получение списка описаний дефекта успешно завершено
29.10.2019 22:01:33 : Получение списка диаметров успешно завершено
29.10.2019 22:01:33 : Получение списка бригад успешно завершено
29.10.2019 22:01:33 : Получение списка смен успешно завершено
29.10.2019 22:01:33 : Получение списка статусов коррекции успешно завершено
29.10.2019 22:01:33 : Получение списка номеров ТС успешно завершено
29.10.2019 22:01:33 : Получение списка марок сплавов успешно завершено
29.10.2019 22:01:33 : Получение списка типов дефекта успешно завершено
29.10.2019 22:01:33 : Процедуры модификации параметра конфигурации завершена
29.10.2019 22:01:33 : Процедура изменения параметра конфигурации завершена
29.10.2019 22:01:40 : Получено подтверждения на изменение параметра конфигурации
29.10.2019 22:01:40 : Запуск процедуры изменения параметра конфигурации
29.10.2019 22:01:45 : Данные модификации успешно получены
29.10.2019 22:01:45 : Запуск процедуры модификации параметра конфигурации
29.10.2019 22:01:45 : Изменение параметра конфигурации успешно завершено
29.10.2019 22:01:45 : Получение списка мест дефекта в производстве успешно завершено
29.10.2019 22:01:45 : Получение списка описаний дефекта успешно завершено
29.10.2019 22:01:45 : Получение списка диаметров успешно завершено
29.10.2019 22:01:45 : Получение списка бригад успешно завершено
29.10.2019 22:01:45 : Получение списка смен успешно завершено
29.10.2019 22:01:45 : Получение списка статусов коррекции успешно завершено
29.10.2019 22:01:45 : Получение списка номеров ТС успешно завершено
29.10.2019 22:01:45 : Получение списка марок сплавов успешно завершено
29.10.2019 22:01:45 : Получение списка типов дефекта успешно завершено
29.10.2019 22:01:45 : Процедуры модификации параметра конфигурации завершена
29.10.2019 22:01:45 : Процедура изменения параметра конфигурации завершена
29.10.2019 22:01:50 : Получено подтверждения на изменение параметра конфигурации
29.10.2019 22:01:50 : Запуск процедуры изменения параметра конфигурации
29.10.2019 22:01:53 : Данные модификации успешно получены
29.10.2019 22:01:53 : Запуск процедуры модификации параметра конфигурации
29.10.2019 22:01:53 : Изменение параметра конфигурации успешно завершено
29.10.2019 22:01:53 : Получение списка мест дефекта в производстве успешно завершено
29.10.2019 22:01:53 : Получение списка описаний дефекта успешно завершено
29.10.2019 22:01:53 : Получение списка диаметров успешно завершено
29.10.2019 22:01:53 : Получение списка бригад успешно завершено
29.10.2019 22:01:53 : Получение списка смен успешно завершено
29.10.2019 22:01:53 : Получение списка статусов коррекции успешно завершено
29.10.2019 22:01:53 : Получение списка номеров ТС успешно завершено
29.10.2019 22:01:53 : Получение списка марок сплавов успешно завершено
29.10.2019 22:01:53 : Получение списка типов дефекта успешно завершено
29.10.2019 22:01:53 : Процедуры модификации параметра конфигурации завершена
29.10.2019 22:01:53 : Процедура изменения параметра конфигурации завершена
29.10.2019 22:01:58 : Получено подтверждения на изменение параметра конфигурации
29.10.2019 22:01:58 : Запуск процедуры изменения параметра конфигурации
29.10.2019 22:02:01 : Данные модификации успешно получены
29.10.2019 22:02:01 : Запуск процедуры модификации параметра конфигурации
29.10.2019 22:02:01 : Изменение параметра конфигурации успешно завершено
29.10.2019 22:02:01 : Получение списка мест дефекта в производстве успешно завершено
29.10.2019 22:02:01 : Получение списка описаний дефекта успешно завершено
29.10.2019 22:02:01 : Получение списка диаметров успешно завершено
29.10.2019 22:02:01 : Получение списка бригад успешно завершено
29.10.2019 22:02:01 : Получение списка смен успешно завершено
29.10.2019 22:02:01 : Получение списка статусов коррекции успешно завершено
29.10.2019 22:02:01 : Получение списка номеров ТС успешно завершено
29.10.2019 22:02:01 : Получение списка марок сплавов успешно завершено
29.10.2019 22:02:01 : Получение списка типов дефекта успешно завершено
29.10.2019 22:02:01 : Процедуры модификации параметра конфигурации завершена
29.10.2019 22:02:01 : Процедура изменения параметра конфигурации завершена
29.10.2019 22:02:03 : Запуск процедуры добавления параметра конфигурации
29.10.2019 22:02:07 : Данные модификации успешно получены
29.10.2019 22:02:07 : Добавление параметра конфигурации успешно завершено
29.10.2019 22:02:07 : Получение списка мест дефекта в производстве успешно завершено
29.10.2019 22:02:07 : Получение списка описаний дефекта успешно завершено
29.10.2019 22:02:07 : Получение списка диаметров успешно завершено
29.10.2019 22:02:07 : Получение списка бригад успешно завершено
29.10.2019 22:02:07 : Получение списка смен успешно завершено
29.10.2019 22:02:07 : Получение списка статусов коррекции успешно завершено
29.10.2019 22:02:07 : Получение списка номеров ТС успешно завершено
29.10.2019 22:02:07 : Получение списка марок сплавов успешно завершено
29.10.2019 22:02:07 : Получение списка типов дефекта успешно завершено
29.10.2019 22:02:07 : Процедура добавления параметра конфигурации завершена
29.10.2019 22:02:44 : Получено подтверждения на изменение параметра конфигурации
29.10.2019 22:02:44 : Запуск процедуры изменения параметра конфигурации
29.10.2019 22:02:55 : Данные модификации успешно получены
29.10.2019 22:02:55 : Запуск процедуры модификации параметра конфигурации
29.10.2019 22:02:55 : Изменение параметра конфигурации успешно завершено
29.10.2019 22:02:55 : Получение списка мест дефекта в производстве успешно завершено
29.10.2019 22:02:55 : Получение списка описаний дефекта успешно завершено
29.10.2019 22:02:55 : Получение списка диаметров успешно завершено
29.10.2019 22:02:55 : Получение списка бригад успешно завершено
29.10.2019 22:02:55 : Получение списка смен успешно завершено
29.10.2019 22:02:55 : Получение списка статусов коррекции успешно завершено
29.10.2019 22:02:55 : Получение списка номеров ТС успешно завершено
29.10.2019 22:02:55 : Получение списка марок сплавов успешно завершено
29.10.2019 22:02:55 : Получение списка типов дефекта успешно завершено
29.10.2019 22:02:55 : Процедуры модификации параметра конфигурации завершена
29.10.2019 22:02:55 : Процедура изменения параметра конфигурации завершена
29.10.2019 22:02:57 : Получено подтверждения на изменение параметра конфигурации
29.10.2019 22:02:57 : Запуск процедуры изменения параметра конфигурации
29.10.2019 22:03:06 : Данные модификации успешно получены
29.10.2019 22:03:06 : Запуск процедуры модификации параметра конфигурации
29.10.2019 22:03:06 : Изменение параметра конфигурации успешно завершено
29.10.2019 22:03:06 : Получение списка мест дефекта в производстве успешно завершено
29.10.2019 22:03:06 : Получение списка описаний дефекта успешно завершено
29.10.2019 22:03:06 : Получение списка диаметров успешно завершено
29.10.2019 22:03:06 : Получение списка бригад успешно завершено
29.10.2019 22:03:06 : Получение списка смен успешно завершено
29.10.2019 22:03:06 : Получение списка статусов коррекции успешно завершено
29.10.2019 22:03:06 : Получение списка номеров ТС успешно завершено
29.10.2019 22:03:06 : Получение списка марок сплавов успешно завершено
29.10.2019 22:03:06 : Получение списка типов дефекта успешно завершено
29.10.2019 22:03:06 : Процедуры модификации параметра конфигурации завершена
29.10.2019 22:03:06 : Процедура изменения параметра конфигурации завершена
29.10.2019 22:03:11 : Получено подтверждения на изменение параметра конфигурации
29.10.2019 22:03:11 : Запуск процедуры изменения параметра конфигурации
29.10.2019 22:03:15 : Данные модификации успешно получены
29.10.2019 22:03:15 : Запуск процедуры модификации параметра конфигурации
29.10.2019 22:03:15 : Изменение параметра конфигурации успешно завершено
29.10.2019 22:03:15 : Получение списка мест дефекта в производстве успешно завершено
29.10.2019 22:03:15 : Получение списка описаний дефекта успешно завершено
29.10.2019 22:03:15 : Получение списка диаметров успешно завершено
29.10.2019 22:03:15 : Получение списка бригад успешно завершено
29.10.2019 22:03:15 : Получение списка смен успешно завершено
29.10.2019 22:03:15 : Получение списка статусов коррекции успешно завершено
29.10.2019 22:03:15 : Получение списка номеров ТС успешно завершено
29.10.2019 22:03:15 : Получение списка марок сплавов успешно завершено
29.10.2019 22:03:15 : Получение списка типов дефекта успешно завершено
29.10.2019 22:03:15 : Процедуры модификации параметра конфигурации завершена
29.10.2019 22:03:15 : Процедура изменения параметра конфигурации завершена
29.10.2019 22:03:21 : Запуск процедуры добавления параметра конфигурации
29.10.2019 22:03:25 : Данные модификации успешно получены
29.10.2019 22:03:25 : Добавление параметра конфигурации успешно завершено
29.10.2019 22:03:25 : Получение списка мест дефекта в производстве успешно завершено
29.10.2019 22:03:25 : Получение списка описаний дефекта успешно завершено
29.10.2019 22:03:25 : Получение списка диаметров успешно завершено
29.10.2019 22:03:25 : Получение списка бригад успешно завершено
29.10.2019 22:03:25 : Получение списка смен успешно завершено
29.10.2019 22:03:25 : Получение списка статусов коррекции успешно завершено
29.10.2019 22:03:25 : Получение списка номеров ТС успешно завершено
29.10.2019 22:03:25 : Получение списка марок сплавов успешно завершено
29.10.2019 22:03:25 : Получение списка типов дефекта успешно завершено
29.10.2019 22:03:25 : Процедура добавления параметра конфигурации завершена
29.10.2019 22:05:01 : Запуск процедуры добавления позиции
29.10.2019 22:05:08 : Процедура добавления позиции завершена
29.10.2019 22:05:10 : Запуск процедуру изменения параметров БД
29.10.2019 22:05:10 : Получение системного пути резервной копии БД успешно завершено
29.10.2019 22:05:13 : Запуск процедуры изменения конфигурации ПО
29.10.2019 22:05:17 : Получено подтверждения на изменение параметра конфигурации
29.10.2019 22:05:17 : Запуск процедуры изменения параметра конфигурации
29.10.2019 22:05:18 : Данные модификации успешно получены
29.10.2019 22:05:18 : Запуск процедуры модификации параметра конфигурации
29.10.2019 22:05:18 : Изменение параметра конфигурации успешно завершено
29.10.2019 22:05:18 : Получение списка мест дефекта в производстве успешно завершено
29.10.2019 22:05:18 : Получение списка описаний дефекта успешно завершено
29.10.2019 22:05:18 : Получение списка диаметров успешно завершено
29.10.2019 22:05:18 : Получение списка бригад успешно завершено
29.10.2019 22:05:18 : Получение списка смен успешно завершено
29.10.2019 22:05:18 : Получение списка статусов коррекции успешно завершено
29.10.2019 22:05:18 : Получение списка номеров ТС успешно завершено
29.10.2019 22:05:18 : Получение списка марок сплавов успешно завершено
29.10.2019 22:05:18 : Получение списка типов дефекта успешно завершено
29.10.2019 22:05:18 : Процедуры модификации параметра конфигурации завершена
29.10.2019 22:05:18 : Процедура изменения параметра конфигурации завершена
29.10.2019 22:05:22 : Получено подтверждения на изменение параметра конфигурации
29.10.2019 22:05:22 : Запуск процедуры изменения параметра конфигурации
29.10.2019 22:05:23 : Данные модификации успешно получены
29.10.2019 22:05:23 : Запуск процедуры модификации параметра конфигурации
29.10.2019 22:05:23 : Изменение параметра конфигурации успешно завершено
29.10.2019 22:05:23 : Получение списка мест дефекта в производстве успешно завершено
29.10.2019 22:05:23 : Получение списка описаний дефекта успешно завершено
29.10.2019 22:05:23 : Получение списка диаметров успешно завершено
29.10.2019 22:05:23 : Получение списка бригад успешно завершено
29.10.2019 22:05:23 : Получение списка смен успешно завершено
29.10.2019 22:05:23 : Получение списка статусов коррекции успешно завершено
29.10.2019 22:05:23 : Получение списка номеров ТС успешно завершено
29.10.2019 22:05:23 : Получение списка марок сплавов успешно завершено
29.10.2019 22:05:23 : Получение списка типов дефекта успешно завершено
29.10.2019 22:05:23 : Процедуры модификации параметра конфигурации завершена
29.10.2019 22:05:23 : Процедура изменения параметра конфигурации завершена
29.10.2019 22:05:25 : Получено подтверждения на изменение параметра конфигурации
29.10.2019 22:05:25 : Запуск процедуры изменения параметра конфигурации
29.10.2019 22:05:26 : Данные модификации успешно получены
29.10.2019 22:05:26 : Запуск процедуры модификации параметра конфигурации
29.10.2019 22:05:27 : Изменение параметра конфигурации успешно завершено
29.10.2019 22:05:27 : Получение списка мест дефекта в производстве успешно завершено
29.10.2019 22:05:27 : Получение списка описаний дефекта успешно завершено
29.10.2019 22:05:27 : Получение списка диаметров успешно завершено
29.10.2019 22:05:27 : Получение списка бригад успешно завершено
29.10.2019 22:05:27 : Получение списка смен успешно завершено
29.10.2019 22:05:27 : Получение списка статусов коррекции успешно завершено
29.10.2019 22:05:27 : Получение списка номеров ТС успешно завершено
29.10.2019 22:05:27 : Получение списка марок сплавов успешно завершено
29.10.2019 22:05:27 : Получение списка типов дефекта успешно завершено
29.10.2019 22:05:27 : Процедуры модификации параметра конфигурации завершена
29.10.2019 22:05:27 : Процедура изменения параметра конфигурации завершена
29.10.2019 22:05:28 : Запуск процедуры добавления параметра конфигурации
29.10.2019 22:05:29 : Данные модификации успешно получены
29.10.2019 22:05:29 : Добавление параметра конфигурации успешно завершено
29.10.2019 22:05:29 : Получение списка мест дефекта в производстве успешно завершено
29.10.2019 22:05:29 : Получение списка описаний дефекта успешно завершено
29.10.2019 22:05:29 : Получение списка диаметров успешно завершено
29.10.2019 22:05:29 : Получение списка бригад успешно завершено
29.10.2019 22:05:29 : Получение списка смен успешно завершено
29.10.2019 22:05:29 : Получение списка статусов коррекции успешно завершено
29.10.2019 22:05:29 : Получение списка номеров ТС успешно завершено
29.10.2019 22:05:29 : Получение списка марок сплавов успешно завершено
29.10.2019 22:05:29 : Получение списка типов дефекта успешно завершено
29.10.2019 22:05:29 : Процедура добавления параметра конфигурации завершена
29.10.2019 22:05:30 : Запуск процедуры добавления параметра конфигурации
29.10.2019 22:05:31 : Данные модификации успешно получены
29.10.2019 22:05:31 : Добавление параметра конфигурации успешно завершено
29.10.2019 22:05:31 : Получение списка мест дефекта в производстве успешно завершено
29.10.2019 22:05:31 : Получение списка описаний дефекта успешно завершено
29.10.2019 22:05:31 : Получение списка диаметров успешно завершено
29.10.2019 22:05:31 : Получение списка бригад успешно завершено
29.10.2019 22:05:31 : Получение списка смен успешно завершено
29.10.2019 22:05:31 : Получение списка статусов коррекции успешно завершено
29.10.2019 22:05:31 : Получение списка номеров ТС успешно завершено
29.10.2019 22:05:31 : Получение списка марок сплавов успешно завершено
29.10.2019 22:05:32 : Получение списка типов дефекта успешно завершено
29.10.2019 22:05:32 : Процедура добавления параметра конфигурации завершена
29.10.2019 22:05:47 : Получение списка позиций с сервера успешно завершено
29.10.2019 22:05:47 : Процедура изменения конфигурации ПО успешно завершена
29.10.2019 22:05:48 : Запуск процедуры добавления позиции
29.10.2019 22:07:20 : Данные модификации позиции успешно получены
29.10.2019 22:07:20 : Добавление позиции успешно завершено
29.10.2019 22:07:20 : Процедура добавления позиции завершена
29.10.2019 22:07:29 : Запуск процедуры добавления позиции
29.10.2019 22:08:09 : Данные модификации позиции успешно получены
29.10.2019 22:08:09 : Добавление позиции успешно завершено
29.10.2019 22:08:09 : Процедура добавления позиции завершена
29.10.2019 22:08:36 : Запуск процедуры добавления позиции
29.10.2019 22:09:15 : Данные модификации позиции успешно получены
29.10.2019 22:09:15 : Добавление позиции успешно завершено
29.10.2019 22:09:15 : Процедура добавления позиции завершена
29.10.2019 22:10:36 : Запуск процедуры добавления позиции
29.10.2019 22:11:14 : Данные модификации позиции успешно получены
29.10.2019 22:11:14 : Добавление позиции успешно завершено
29.10.2019 22:11:14 : Процедура добавления позиции завершена
29.10.2019 22:11:16 : Запуск процедуры демонстрации места дефекта на слитке
29.10.2019 22:11:31 : Процедуры демонстрации места дефекта на слитке успешна завершена
29.10.2019 22:11:35 : Запуск процедуры построение отчета
29.10.2019 22:11:37 : Началось формирование отчета
29.10.2019 22:11:39 : Процедура построения отчета успешно завершена
29.10.2019 22:11:40 : Запуск процедуры построение отчета
29.10.2019 22:11:44 : Началось формирование отчета
29.10.2019 22:11:46 : Выбрано место сохранения отчета
29.10.2019 22:11:46 : Процедура построения отчета успешно завершена
29.10.2019 22:13:23 : Запуск процедура обычного анализа
29.10.2019 22:13:25 : Запуск процедуры получения анализа
29.10.2019 22:13:25 : Создание диаграммы краткого отчета завершено успешно
29.10.2019 22:13:25 : Заполнение таблицы краткого отчета завершено успешно
29.10.2019 22:13:25 : Краткий анализ бригада вес выполнен
29.10.2019 22:13:25 : Выполнение анализа по параметру: Вес | Бригада
29.10.2019 22:13:25 : Процедура получения анализа завершена
29.10.2019 22:13:31 : Запуск процедуры получения анализа
29.10.2019 22:13:31 : Создание диаграммы краткого отчета завершено успешно
29.10.2019 22:13:31 : Заполнение таблицы краткого отчета завершено успешно
29.10.2019 22:13:31 : Краткий анализ диаметр вес выполнен
29.10.2019 22:13:31 : Выполнение анализа по параметру: Вес | Диаметр
29.10.2019 22:13:31 : Процедура получения анализа завершена
29.10.2019 22:13:36 : Запуск процедуры получения анализа
29.10.2019 22:13:36 : Создание диаграммы краткого отчета завершено успешно
29.10.2019 22:13:36 : Заполнение таблицы краткого отчета завершено успешно
29.10.2019 22:13:36 : Краткий анализ описание вес выполнен
29.10.2019 22:13:36 : Выполнение анализа по параметру: Вес | Описание
29.10.2019 22:13:36 : Процедура получения анализа завершена
29.10.2019 22:13:48 : Запуск процедуры получения анализа
29.10.2019 22:13:48 : Создание диаграммы краткого отчета завершено успешно
29.10.2019 22:13:48 : Заполнение таблицы краткого отчета завершено успешно
29.10.2019 22:13:48 : Краткий анализ описание вес выполнен
29.10.2019 22:13:48 : Выполнение анализа по параметру: Вес | Описание
29.10.2019 22:13:48 : Процедура получения анализа завершена
29.10.2019 22:14:05 : Запуск процедуры получения анализа
29.10.2019 22:14:05 : Создание диаграммы краткого отчета завершено успешно
29.10.2019 22:14:05 : Заполнение таблицы краткого отчета завершено успешно
29.10.2019 22:14:05 : Краткий анализ номер ТС вес выполнен
29.10.2019 22:14:05 : Выполнение анализа по параметру: Вес | Номер ТС
29.10.2019 22:14:05 : Процедура получения анализа завершена
29.10.2019 22:14:11 : Запуск процедуры получения анализа
29.10.2019 22:14:11 : Создание диаграммы краткого отчета завершено успешно
29.10.2019 22:14:11 : Заполнение таблицы краткого отчета завершено успешно
29.10.2019 22:14:11 : Краткий анализ номер ТС количество выполнен
29.10.2019 22:14:11 : Выполнение анализа по параметру: Количество | Номер ТС
29.10.2019 22:14:11 : Процедура получения анализа завершена
29.10.2019 22:14:22 : Запуск процедуры получения анализа
29.10.2019 22:14:22 : Создание диаграммы краткого отчета завершено успешно
29.10.2019 22:14:22 : Заполнение таблицы краткого отчета завершено успешно
29.10.2019 22:14:22 : Краткий анализ описание количество выполнен
29.10.2019 22:14:22 : Выполнение анализа по параметру: Количество | Описание
29.10.2019 22:14:22 : Процедура получения анализа завершена
29.10.2019 22:14:32 : Запуск процедуры экспорта данных анализа
29.10.2019 22:14:32 : Началось формирование выгрузки краткого анализа
29.10.2019 22:14:34 : Процедура экспорта данных анализа завершена
29.10.2019 22:14:39 : Были очищены все поля класса анализа
29.10.2019 22:14:39 : Очистка памяти после выполнения анализа успешно завершена
29.10.2019 22:14:39 : Процедура обычного анализа успешно завершена
29.10.2019 22:15:21 : Запуск процедуры добавления позиции
29.10.2019 22:15:23 : Процедура добавления позиции завершена
29.10.2019 22:15:31 : Запуск процедуры добавления позиции
29.10.2019 22:15:56 : Данные модификации позиции успешно получены
29.10.2019 22:15:56 : Добавление позиции успешно завершено
29.10.2019 22:15:56 : Процедура добавления позиции завершена
29.10.2019 22:16:04 : Запуск процедуры добавления позиции
29.10.2019 22:17:10 : Данные модификации позиции успешно получены
29.10.2019 22:17:10 : Добавление позиции успешно завершено
29.10.2019 22:17:10 : Процедура добавления позиции завершена
29.10.2019 22:17:20 : Запуск процедуры построение отчета
29.10.2019 22:17:24 : Запуск процедуры построение отчета
29.10.2019 22:17:31 : Началось формирование отчета
29.10.2019 22:17:33 : Выбрано место сохранения отчета
29.10.2019 22:17:33 : Процедура построения отчета успешно завершена
29.10.2019 22:18:03 : Запуск процедуры добавления позиции
29.10.2019 22:18:50 : Данные модификации позиции успешно получены
29.10.2019 22:18:50 : Добавление позиции успешно завершено
29.10.2019 22:18:50 : Процедура добавления позиции завершена
29.10.2019 22:19:27 : Запуск процедуры расширенного анализа
29.10.2019 22:19:34 : Запуск процедуры получения анализа
29.10.2019 22:19:34 : Группировка для расширенного анализа выполнена успешно
29.10.2019 22:19:34 : Экспорт данных в лист выполнен успешно
29.10.2019 22:19:34 : Создание первой диаграммы расширенного отчета завершено успешно
29.10.2019 22:19:34 : Создание второй диаграммы расширенного отчета завершено успешно
29.10.2019 22:19:34 : Заполнение таблицы расширенного отчета завершено успешно
29.10.2019 22:19:34 : Расширенный анализ бригада вес выполнен успешно
29.10.2019 22:19:34 : Выполнение анализа по параметрам: Бригады
29.10.2019 22:19:34 : Процедура получения анализа завершена
29.10.2019 22:19:53 : Запуск процедуры получения анализа
29.10.2019 22:19:53 : Группировка для расширенного анализа выполнена успешно
29.10.2019 22:19:53 : Экспорт данных в лист выполнен успешно
29.10.2019 22:19:53 : Создание первой диаграммы расширенного отчета завершено успешно
29.10.2019 22:19:53 : Создание второй диаграммы расширенного отчета завершено успешно
29.10.2019 22:19:53 : Заполнение таблицы расширенного отчета завершено успешно
29.10.2019 22:19:53 : Расширенный анализ бригада вес выполнен успешно
29.10.2019 22:19:53 : Выполнение анализа по параметрам: Бригады
29.10.2019 22:19:53 : Процедура получения анализа завершена
29.10.2019 22:20:03 : Запуск процедуры получения анализа
29.10.2019 22:20:03 : Группировка для расширенного анализа выполнена успешно
29.10.2019 22:20:03 : Экспорт данных в лист выполнен успешно
29.10.2019 22:20:03 : Создание первой диаграммы расширенного отчета завершено успешно
29.10.2019 22:20:03 : Создание второй диаграммы расширенного отчета завершено успешно
29.10.2019 22:20:03 : Заполнение таблицы расширенного отчета завершено успешно
29.10.2019 22:20:03 : Расширенный анализ бригада вес выполнен успешно
29.10.2019 22:20:03 : Выполнение анализа по параметрам: Бригады
29.10.2019 22:20:03 : Процедура получения анализа завершена
29.10.2019 22:20:12 : Запуск процедуры получения анализа
29.10.2019 22:20:12 : Группировка для расширенного анализа выполнена успешно
29.10.2019 22:20:12 : Экспорт данных в лист выполнен успешно
29.10.2019 22:20:12 : Создание первой диаграммы расширенного отчета завершено успешно
29.10.2019 22:20:12 : Создание второй диаграммы расширенного отчета завершено успешно
29.10.2019 22:20:12 : Заполнение таблицы расширенного отчета завершено успешно
29.10.2019 22:20:13 : Расширенный анализ бригада вес выполнен успешно
29.10.2019 22:20:13 : Выполнение анализа по параметрам: Бригады
29.10.2019 22:20:13 : Процедура получения анализа завершена
29.10.2019 22:20:18 : Запуск процедуры получения анализа
29.10.2019 22:20:18 : Группировка для расширенного анализа выполнена успешно
29.10.2019 22:20:18 : Экспорт данных в лист выполнен успешно
29.10.2019 22:20:18 : Создание первой диаграммы расширенного отчета завершено успешно
29.10.2019 22:20:18 : Создание второй диаграммы расширенного отчета завершено успешно
29.10.2019 22:20:18 : Заполнение таблицы расширенного отчета завершено успешно
29.10.2019 22:20:18 : Расширенный анализ бригада вес выполнен успешно
29.10.2019 22:20:18 : Выполнение анализа по параметрам: Бригады
29.10.2019 22:20:18 : Процедура получения анализа завершена
29.10.2019 22:20:28 : Запуск процедуры получения анализа
29.10.2019 22:20:28 : Группировка для расширенного анализа выполнена успешно
29.10.2019 22:20:28 : Экспорт данных в лист выполнен успешно
29.10.2019 22:20:28 : Создание первой диаграммы расширенного отчета завершено успешно
29.10.2019 22:20:28 : Создание второй диаграммы расширенного отчета завершено успешно
29.10.2019 22:20:28 : Заполнение таблицы расширенного отчета завершено успешно
29.10.2019 22:20:28 : Расширенный анализ диаметр вес выполнен успешно
29.10.2019 22:20:28 : Выполнение анализа по параметрам: Диаметр
29.10.2019 22:20:28 : Процедура получения анализа завершена
29.10.2019 22:20:33 : Запуск процедуры получения анализа
29.10.2019 22:20:33 : Группировка для расширенного анализа выполнена успешно
29.10.2019 22:20:33 : Экспорт данных в лист выполнен успешно
29.10.2019 22:20:33 : Создание первой диаграммы расширенного отчета завершено успешно
29.10.2019 22:20:33 : Создание второй диаграммы расширенного отчета завершено успешно
29.10.2019 22:20:33 : Заполнение таблицы расширенного отчета завершено успешно
29.10.2019 22:20:33 : Расширенный анализ диаметр вес выполнен успешно
29.10.2019 22:20:33 : Выполнение анализа по параметрам: Диаметр
29.10.2019 22:20:33 : Процедура получения анализа завершена
29.10.2019 22:20:36 : Запуск процедуры получения анализа
29.10.2019 22:20:36 : Группировка для расширенного анализа выполнена успешно
29.10.2019 22:20:36 : Экспорт данных в лист выполнен успешно
29.10.2019 22:20:36 : Создание первой диаграммы расширенного отчета завершено успешно
29.10.2019 22:20:36 : Создание второй диаграммы расширенного отчета завершено успешно
29.10.2019 22:20:36 : Заполнение таблицы расширенного отчета завершено успешно
29.10.2019 22:20:36 : Расширенный анализ диаметр вес выполнен успешно
29.10.2019 22:20:36 : Выполнение анализа по параметрам: Диаметр
29.10.2019 22:20:36 : Процедура получения анализа завершена
29.10.2019 22:20:39 : Запуск процедуры получения анализа
29.10.2019 22:20:39 : Группировка для расширенного анализа выполнена успешно
29.10.2019 22:20:39 : Экспорт данных в лист выполнен успешно
29.10.2019 22:20:39 : Создание первой диаграммы расширенного отчета завершено успешно
29.10.2019 22:20:39 : Создание второй диаграммы расширенного отчета завершено успешно
29.10.2019 22:20:39 : Заполнение таблицы расширенного отчета завершено успешно
29.10.2019 22:20:39 : Расширенный анализ диаметр вес выполнен успешно
29.10.2019 22:20:39 : Выполнение анализа по параметрам: Диаметр
29.10.2019 22:20:39 : Процедура получения анализа завершена
29.10.2019 22:20:49 : Запуск процедуры получения анализа
29.10.2019 22:20:49 : Группировка для расширенного анализа выполнена успешно
29.10.2019 22:20:49 : Экспорт данных в лист выполнен успешно
29.10.2019 22:20:49 : Создание первой диаграммы расширенного отчета завершено успешно
29.10.2019 22:20:49 : Создание второй диаграммы расширенного отчета завершено успешно
29.10.2019 22:20:49 : Заполнение таблицы расширенного отчета завершено успешно
29.10.2019 22:20:49 : Расширенный анализ диаметр вес выполнен успешно
29.10.2019 22:20:49 : Выполнение анализа по параметрам: Диаметр
29.10.2019 22:20:49 : Процедура получения анализа завершена
29.10.2019 22:20:54 : Запуск процедуры получения анализа
29.10.2019 22:20:54 : Группировка для расширенного анализа выполнена успешно
29.10.2019 22:20:54 : Экспорт данных в лист выполнен успешно
29.10.2019 22:20:54 : Создание первой диаграммы расширенного отчета завершено успешно
29.10.2019 22:20:54 : Создание второй диаграммы расширенного отчета завершено успешно
29.10.2019 22:20:54 : Заполнение таблицы расширенного отчета завершено успешно
29.10.2019 22:20:54 : Расширенный анализ описание вес выполнен успешно
29.10.2019 22:20:54 : Выполнение анализа по параметрам: Описание
29.10.2019 22:20:54 : Процедура получения анализа завершена
29.10.2019 22:20:58 : Запуск процедуры получения анализа
29.10.2019 22:20:58 : Группировка для расширенного анализа выполнена успешно
29.10.2019 22:20:58 : Экспорт данных в лист выполнен успешно
29.10.2019 22:20:58 : Создание первой диаграммы расширенного отчета завершено успешно
29.10.2019 22:20:58 : Создание второй диаграммы расширенного отчета завершено успешно
29.10.2019 22:20:58 : Заполнение таблицы расширенного отчета завершено успешно
29.10.2019 22:20:58 : Расширенный анализ описание вес выполнен успешно
29.10.2019 22:20:58 : Выполнение анализа по параметрам: Описание
29.10.2019 22:20:58 : Процедура получения анализа завершена
29.10.2019 22:21:01 : Запуск процедуры получения анализа
29.10.2019 22:21:01 : Группировка для расширенного анализа выполнена успешно
29.10.2019 22:21:01 : Экспорт данных в лист выполнен успешно
29.10.2019 22:21:01 : Создание первой диаграммы расширенного отчета завершено успешно
29.10.2019 22:21:01 : Создание второй диаграммы расширенного отчета завершено успешно
29.10.2019 22:21:01 : Заполнение таблицы расширенного отчета завершено успешно
29.10.2019 22:21:01 : Расширенный анализ описание вес выполнен успешно
29.10.2019 22:21:01 : Выполнение анализа по параметрам: Описание
29.10.2019 22:21:01 : Процедура получения анализа завершена
29.10.2019 22:21:38 : Запуск процедуры получения анализа
29.10.2019 22:21:38 : Группировка для расширенного анализа выполнена успешно
29.10.2019 22:21:38 : Экспорт данных в лист выполнен успешно
29.10.2019 22:21:38 : Создание первой диаграммы расширенного отчета завершено успешно
29.10.2019 22:21:38 : Создание второй диаграммы расширенного отчета завершено успешно
29.10.2019 22:21:38 : Заполнение таблицы расширенного отчета завершено успешно
29.10.2019 22:21:38 : Расширенный анализ номер ТС вес выполнен успешно
29.10.2019 22:21:38 : Выполнение анализа по параметрам: Номер ТС
29.10.2019 22:21:38 : Процедура получения анализа завершена
29.10.2019 22:21:49 : Запуск процедуры получения анализа
29.10.2019 22:21:49 : Группировка для расширенного анализа выполнена успешно
29.10.2019 22:21:49 : Экспорт данных в лист выполнен успешно
29.10.2019 22:21:49 : Создание первой диаграммы расширенного отчета завершено успешно
29.10.2019 22:21:49 : Создание второй диаграммы расширенного отчета завершено успешно
29.10.2019 22:21:49 : Заполнение таблицы расширенного отчета завершено успешно
29.10.2019 22:21:49 : Расширенный анализ номер ТС вес выполнен успешно
29.10.2019 22:21:49 : Выполнение анализа по параметрам: Номер ТС
29.10.2019 22:21:49 : Процедура получения анализа завершена
29.10.2019 22:21:55 : Запуск процедуры получения анализа
29.10.2019 22:21:55 : Группировка для расширенного анализа выполнена успешно
29.10.2019 22:21:55 : Экспорт данных в лист выполнен успешно
29.10.2019 22:21:55 : Создание первой диаграммы расширенного отчета завершено успешно
29.10.2019 22:21:55 : Создание второй диаграммы расширенного отчета завершено успешно
29.10.2019 22:21:55 : Заполнение таблицы расширенного отчета завершено успешно
29.10.2019 22:21:55 : Расширенный анализ номер ТС вес выполнен успешно
29.10.2019 22:21:55 : Выполнение анализа по параметрам: Номер ТС
29.10.2019 22:21:55 : Процедура получения анализа завершена
29.10.2019 22:21:58 : Запуск процедуры получения анализа
29.10.2019 22:21:58 : Группировка для расширенного анализа выполнена успешно
29.10.2019 22:21:58 : Экспорт данных в лист выполнен успешно
29.10.2019 22:21:58 : Создание первой диаграммы расширенного отчета завершено успешно
29.10.2019 22:21:58 : Создание второй диаграммы расширенного отчета завершено успешно
29.10.2019 22:21:58 : Заполнение таблицы расширенного отчета завершено успешно
29.10.2019 22:21:58 : Расширенный анализ номер ТС вес выполнен успешно
29.10.2019 22:21:58 : Выполнение анализа по параметрам: Номер ТС
29.10.2019 22:21:58 : Процедура получения анализа завершена
29.10.2019 22:22:38 : Запуск процедуры экспорта данных анализа
29.10.2019 22:22:38 : Началось формирование выгрузки расширенного анализа
29.10.2019 22:22:40 : Процедуры экспорта данных анализа завершена
29.10.2019 22:22:42 : Были очищены все поля класса анализа
29.10.2019 22:22:42 : Очистка данных после получения анализа успешно завершена
29.10.2019 22:23:31 : Запуск процедуры добавления позиции
29.10.2019 22:24:28 : Данные модификации позиции успешно получены
29.10.2019 22:24:28 : Добавление позиции успешно завершено
29.10.2019 22:24:28 : Процедура добавления позиции завершена
29.10.2019 22:25:31 : Обновление статуса коррекции успешно завершено
29.10.2019 22:25:31 : Получение списка мест дефекта в производстве успешно завершено
29.10.2019 22:25:31 : Получение списка описаний дефекта успешно завершено
29.10.2019 22:25:31 : Получение списка диаметров успешно завершено
29.10.2019 22:25:31 : Получение списка бригад успешно завершено
29.10.2019 22:25:31 : Получение списка смен успешно завершено
29.10.2019 22:25:31 : Получение списка статусов коррекции успешно завершено
29.10.2019 22:25:31 : Получение списка номеров ТС успешно завершено
29.10.2019 22:25:31 : Получение списка марок сплавов успешно завершено
29.10.2019 22:25:31 : Получение списка типов дефекта успешно завершено
29.10.2019 22:25:31 : Получение списка позиций с сервера успешно завершено
29.10.2019 22:25:34 : Обновление статуса коррекции успешно завершено
29.10.2019 22:25:34 : Получение списка мест дефекта в производстве успешно завершено
29.10.2019 22:25:34 : Получение списка описаний дефекта успешно завершено
29.10.2019 22:25:34 : Получение списка диаметров успешно завершено
29.10.2019 22:25:34 : Получение списка бригад успешно завершено
29.10.2019 22:25:34 : Получение списка смен успешно завершено
29.10.2019 22:25:34 : Получение списка статусов коррекции успешно завершено
29.10.2019 22:25:34 : Получение списка номеров ТС успешно завершено
29.10.2019 22:25:34 : Получение списка марок сплавов успешно завершено
29.10.2019 22:25:34 : Получение списка типов дефекта успешно завершено
29.10.2019 22:25:34 : Получение списка позиций с сервера успешно завершено
29.10.2019 22:25:55 : Запуск процедуры добавления позиции
29.10.2019 22:26:31 : Данные модификации позиции успешно получены
29.10.2019 22:26:31 : Добавление позиции успешно завершено
29.10.2019 22:26:31 : Процедура добавления позиции завершена
29.10.2019 22:26:34 : Запуск процедуры добавления позиции
29.10.2019 22:27:15 : Данные модификации позиции успешно получены
29.10.2019 22:27:15 : Добавление позиции успешно завершено
29.10.2019 22:27:15 : Процедура добавления позиции завершена
29.10.2019 22:27:40 : Запуск процедуры изменения позиции
29.10.2019 22:27:40 : Получение текущих данных выбранного объекта успешно завершено
29.10.2019 22:27:46 : Процедура изменения позиции завершена
29.10.2019 22:27:46 : Запуск процедуры удаления позиции
29.10.2019 22:27:56 : Процедура удаления позиции завершена
29.10.2019 22:27:59 : Запуск процедуры построение отчета
29.10.2019 22:28:02 : Запуск процедура обычного анализа
29.10.2019 22:28:06 : Запуск процедуры получения анализа
29.10.2019 22:28:06 : Создание диаграммы краткого отчета завершено успешно
29.10.2019 22:28:06 : Заполнение таблицы краткого отчета завершено успешно
29.10.2019 22:28:06 : Краткий анализ описание вес выполнен
29.10.2019 22:28:06 : Выполнение анализа по параметру: Вес | Описание
29.10.2019 22:28:06 : Процедура получения анализа завершена
29.10.2019 22:28:24 : Запуск процедуры получения анализа
29.10.2019 22:28:24 : Создание диаграммы краткого отчета завершено успешно
29.10.2019 22:28:24 : Заполнение таблицы краткого отчета завершено успешно
29.10.2019 22:28:24 : Краткий анализ номер ТС вес выполнен
29.10.2019 22:28:24 : Выполнение анализа по параметру: Вес | Номер ТС
29.10.2019 22:28:24 : Процедура получения анализа завершена
29.10.2019 22:28:27 : Запуск процедуры получения анализа
29.10.2019 22:28:27 : Создание диаграммы краткого отчета завершено успешно
29.10.2019 22:28:27 : Заполнение таблицы краткого отчета завершено успешно
29.10.2019 22:28:27 : Краткий анализ бригада количество выполнен
29.10.2019 22:28:27 : Выполнение анализа по параметру: Количество | Бригада
29.10.2019 22:28:27 : Процедура получения анализа завершена
29.10.2019 22:28:30 : Запуск процедуры получения анализа
29.10.2019 22:28:30 : Создание диаграммы краткого отчета завершено успешно
29.10.2019 22:28:30 : Заполнение таблицы краткого отчета завершено успешно
29.10.2019 22:28:30 : Краткий анализ описание количество выполнен
29.10.2019 22:28:30 : Выполнение анализа по параметру: Количество | Описание
29.10.2019 22:28:30 : Процедура получения анализа завершена
29.10.2019 22:28:43 : Запуск процедуры получения анализа
29.10.2019 22:28:43 : Создание диаграммы краткого отчета завершено успешно
29.10.2019 22:28:43 : Заполнение таблицы краткого отчета завершено успешно
29.10.2019 22:28:43 : Краткий анализ описание количество выполнен
29.10.2019 22:28:43 : Выполнение анализа по параметру: Количество | Описание
29.10.2019 22:28:43 : Процедура получения анализа завершена
29.10.2019 22:28:54 : Запуск процедуры получения анализа
29.10.2019 22:28:54 : Создание диаграммы краткого отчета завершено успешно
29.10.2019 22:28:54 : Заполнение таблицы краткого отчета завершено успешно
29.10.2019 22:28:54 : Краткий анализ бригада вес выполнен
29.10.2019 22:28:54 : Выполнение анализа по параметру: Вес | Бригада
29.10.2019 22:28:54 : Процедура получения анализа завершена
29.10.2019 22:29:04 : Запуск процедуры получения анализа
29.10.2019 22:29:04 : Создание диаграммы краткого отчета завершено успешно
29.10.2019 22:29:04 : Заполнение таблицы краткого отчета завершено успешно
29.10.2019 22:29:04 : Краткий анализ описание количество выполнен
29.10.2019 22:29:04 : Выполнение анализа по параметру: Количество | Описание
29.10.2019 22:29:04 : Процедура получения анализа завершена
29.10.2019 22:29:07 : Запуск процедуры получения анализа
29.10.2019 22:29:07 : Создание диаграммы краткого отчета завершено успешно
29.10.2019 22:29:07 : Заполнение таблицы краткого отчета завершено успешно
29.10.2019 22:29:07 : Краткий анализ описание вес выполнен
29.10.2019 22:29:07 : Выполнение анализа по параметру: Вес | Описание
29.10.2019 22:29:07 : Процедура получения анализа завершена
29.10.2019 22:29:08 : Запуск процедуры получения анализа
29.10.2019 22:29:08 : Создание диаграммы краткого отчета завершено успешно
29.10.2019 22:29:08 : Заполнение таблицы краткого отчета завершено успешно
29.10.2019 22:29:08 : Краткий анализ бригада вес выполнен
29.10.2019 22:29:08 : Выполнение анализа по параметру: Вес | Бригада
29.10.2019 22:29:08 : Процедура получения анализа завершена
29.10.2019 22:29:10 : Были очищены все поля класса анализа
29.10.2019 22:29:10 : Очистка памяти после выполнения анализа успешно завершена
29.10.2019 22:29:13 : Запуск процедуры расширенного анализа
29.10.2019 22:29:20 : Запуск процедуры получения анализа
29.10.2019 22:29:20 : Группировка для расширенного анализа выполнена успешно
29.10.2019 22:29:20 : Экспорт данных в лист выполнен успешно
29.10.2019 22:29:20 : Создание первой диаграммы расширенного отчета завершено успешно
29.10.2019 22:29:20 : Создание второй диаграммы расширенного отчета завершено успешно
29.10.2019 22:29:20 : Заполнение таблицы расширенного отчета завершено успешно
29.10.2019 22:29:20 : Расширенный анализ бригада вес выполнен успешно
29.10.2019 22:29:20 : Выполнение анализа по параметрам: Бригады
29.10.2019 22:29:20 : Процедура получения анализа завершена
29.10.2019 22:29:39 : Запуск процедуры получения анализа
29.10.2019 22:29:39 : Группировка для расширенного анализа выполнена успешно
29.10.2019 22:29:39 : Экспорт данных в лист выполнен успешно
29.10.2019 22:29:39 : Создание первой диаграммы расширенного отчета завершено успешно
29.10.2019 22:29:39 : Создание второй диаграммы расширенного отчета завершено успешно
29.10.2019 22:29:39 : Заполнение таблицы расширенного отчета завершено успешно
29.10.2019 22:29:39 : Расширенный анализ бригада вес выполнен успешно
29.10.2019 22:29:39 : Выполнение анализа по параметрам: Бригады
29.10.2019 22:29:39 : Процедура получения анализа завершена
29.10.2019 22:29:41 : Запуск процедуры получения анализа
29.10.2019 22:29:41 : Группировка для расширенного анализа выполнена успешно
29.10.2019 22:29:41 : Экспорт данных в лист выполнен успешно
29.10.2019 22:29:41 : Создание первой диаграммы расширенного отчета завершено успешно
29.10.2019 22:29:41 : Создание второй диаграммы расширенного отчета завершено успешно
29.10.2019 22:29:41 : Заполнение таблицы расширенного отчета завершено успешно
29.10.2019 22:29:41 : Расширенный анализ бригада вес выполнен успешно
29.10.2019 22:29:41 : Выполнение анализа по параметрам: Бригады
29.10.2019 22:29:41 : Процедура получения анализа завершена
29.10.2019 22:29:47 : Запуск процедуры получения анализа
29.10.2019 22:29:47 : Группировка для расширенного анализа выполнена успешно
29.10.2019 22:29:47 : Экспорт данных в лист выполнен успешно
29.10.2019 22:29:47 : Создание первой диаграммы расширенного отчета завершено успешно
29.10.2019 22:29:47 : Создание второй диаграммы расширенного отчета завершено успешно
29.10.2019 22:29:47 : Заполнение таблицы расширенного отчета завершено успешно
29.10.2019 22:29:47 : Расширенный анализ бригада вес выполнен успешно
29.10.2019 22:29:47 : Выполнение анализа по параметрам: Бригады
29.10.2019 22:29:47 : Процедура получения анализа завершена
29.10.2019 22:29:49 : Запуск процедуры получения анализа
29.10.2019 22:29:49 : Группировка для расширенного анализа выполнена успешно
29.10.2019 22:29:49 : Экспорт данных в лист выполнен успешно
29.10.2019 22:29:49 : Создание первой диаграммы расширенного отчета завершено успешно
29.10.2019 22:29:49 : Создание второй диаграммы расширенного отчета завершено успешно
29.10.2019 22:29:49 : Заполнение таблицы расширенного отчета завершено успешно
29.10.2019 22:29:49 : Расширенный анализ бригада вес выполнен успешно
29.10.2019 22:29:49 : Выполнение анализа по параметрам: Бригады
29.10.2019 22:29:49 : Процедура получения анализа завершена
29.10.2019 22:29:53 : Запуск процедуры получения анализа
29.10.2019 22:29:53 : Группировка для расширенного анализа выполнена успешно
29.10.2019 22:29:53 : Экспорт данных в лист выполнен успешно
29.10.2019 22:29:53 : Создание первой диаграммы расширенного отчета завершено успешно
29.10.2019 22:29:53 : Создание второй диаграммы расширенного отчета завершено успешно
29.10.2019 22:29:53 : Заполнение таблицы расширенного отчета завершено успешно
29.10.2019 22:29:53 : Расширенный анализ бригада вес выполнен успешно
29.10.2019 22:29:53 : Выполнение анализа по параметрам: Бригады
29.10.2019 22:29:53 : Процедура получения анализа завершена
29.10.2019 22:30:35 : Были очищены все поля класса анализа
29.10.2019 22:30:35 : Очистка данных после получения анализа успешно завершена
29.10.2019 22:30:41 : Запуск процедуры добавления позиции
29.10.2019 22:31:20 : Данные модификации позиции успешно получены
29.10.2019 22:31:20 : Добавление позиции успешно завершено
29.10.2019 22:31:20 : Процедура добавления позиции завершена
29.10.2019 22:31:22 : Запуск процедуры добавления позиции
29.10.2019 22:32:37 : Данные модификации позиции успешно получены
29.10.2019 22:32:37 : Добавление позиции успешно завершено
29.10.2019 22:32:37 : Процедура добавления позиции завершена
29.10.2019 22:32:44 : Запуск процедуры добавления позиции
29.10.2019 22:32:45 : Процедура добавления позиции завершена
29.10.2019 22:32:48 : Запуск процедуры изменения позиции
29.10.2019 22:32:48 : Получение текущих данных выбранного объекта успешно завершено
29.10.2019 22:33:02 : Данные модификации позиции успешно получены
29.10.2019 22:33:02 : Изменение параметров позиции успешно завершено
29.10.2019 22:33:02 : Процедура изменения позиции завершена
29.10.2019 22:33:07 : Запуск процедуры изменения позиции
29.10.2019 22:33:07 : Получение текущих данных выбранного объекта успешно завершено
29.10.2019 22:33:08 : Процедура изменения позиции завершена
29.10.2019 22:33:11 : Запуск процедуры демонстрации места дефекта на слитке
29.10.2019 22:33:21 : Запуск процедуры демонстрации места дефекта на слитке
29.10.2019 22:33:24 : Запуск процедуры демонстрации места дефекта на слитке
29.10.2019 22:33:38 : Запуск процедуры построение отчета
29.10.2019 22:33:40 : Началось формирование отчета
29.10.2019 22:33:42 : Выбрано место сохранения отчета
29.10.2019 22:33:42 : Процедура построения отчета успешно завершена
29.10.2019 22:34:47 : Запуск процедуры добавления позиции
29.10.2019 22:35:25 : Данные модификации позиции успешно получены
29.10.2019 22:35:25 : Добавление позиции успешно завершено
29.10.2019 22:35:25 : Процедура добавления позиции завершена
29.10.2019 22:35:28 : Запуск процедуры добавления позиции
29.10.2019 22:35:56 : Данные модификации позиции успешно получены
29.10.2019 22:35:56 : Добавление позиции успешно завершено
29.10.2019 22:35:56 : Процедура добавления позиции завершена
29.10.2019 22:36:01 : Запуск процедуры добавления позиции
29.10.2019 22:36:15 : Ошибка получения параметров модификации позиции: Поле адреса должно содержать значение
29.10.2019 22:36:29 : Данные модификации позиции успешно получены
29.10.2019 22:36:29 : Добавление позиции успешно завершено
29.10.2019 22:36:29 : Процедура добавления позиции завершена
29.10.2019 22:36:40 : Запуск процедуры демонстрации места дефекта на слитке
29.10.2019 22:36:44 : Запуск процедуры расширенного анализа
29.10.2019 22:36:45 : Запуск процедуры получения анализа
29.10.2019 22:36:45 : Группировка для расширенного анализа выполнена успешно
29.10.2019 22:36:45 : Экспорт данных в лист выполнен успешно
29.10.2019 22:36:45 : Создание первой диаграммы расширенного отчета завершено успешно
29.10.2019 22:36:45 : Создание второй диаграммы расширенного отчета завершено успешно
29.10.2019 22:36:45 : Заполнение таблицы расширенного отчета завершено успешно
29.10.2019 22:36:45 : Расширенный анализ бригада вес выполнен успешно
29.10.2019 22:36:45 : Выполнение анализа по параметрам: Бригады
29.10.2019 22:36:45 : Процедура получения анализа завершена
29.10.2019 22:36:48 : Запуск процедуры получения анализа
29.10.2019 22:36:48 : Группировка для расширенного анализа выполнена успешно
29.10.2019 22:36:48 : Экспорт данных в лист выполнен успешно
29.10.2019 22:36:48 : Создание первой диаграммы расширенного отчета завершено успешно
29.10.2019 22:36:48 : Создание второй диаграммы расширенного отчета завершено успешно
29.10.2019 22:36:48 : Заполнение таблицы расширенного отчета завершено успешно
29.10.2019 22:36:48 : Расширенный анализ бригада вес выполнен успешно
29.10.2019 22:36:48 : Выполнение анализа по параметрам: Бригады
29.10.2019 22:36:48 : Процедура получения анализа завершена
29.10.2019 22:36:56 : Запуск процедуры получения анализа
29.10.2019 22:36:56 : Группировка для расширенного анализа выполнена успешно
29.10.2019 22:36:56 : Экспорт данных в лист выполнен успешно
29.10.2019 22:36:56 : Создание первой диаграммы расширенного отчета завершено успешно
29.10.2019 22:36:56 : Создание второй диаграммы расширенного отчета завершено успешно
29.10.2019 22:36:56 : Заполнение таблицы расширенного отчета завершено успешно
29.10.2019 22:36:56 : Расширенный анализ диаметр вес выполнен успешно
29.10.2019 22:36:56 : Выполнение анализа по параметрам: Диаметр
29.10.2019 22:36:56 : Процедура получения анализа завершена
29.10.2019 22:37:18 : Запуск процедуры получения анализа
29.10.2019 22:37:18 : Группировка для расширенного анализа выполнена успешно
29.10.2019 22:37:18 : Экспорт данных в лист выполнен успешно
29.10.2019 22:37:18 : Создание первой диаграммы расширенного отчета завершено успешно
29.10.2019 22:37:18 : Создание второй диаграммы расширенного отчета завершено успешно
29.10.2019 22:37:18 : Заполнение таблицы расширенного отчета завершено успешно
29.10.2019 22:37:18 : Расширенный анализ диаметр вес выполнен успешно
29.10.2019 22:37:18 : Выполнение анализа по параметрам: Диаметр
29.10.2019 22:37:18 : Процедура получения анализа завершена
29.10.2019 22:37:30 : Запуск процедуры получения анализа
29.10.2019 22:37:30 : Группировка для расширенного анализа выполнена успешно
29.10.2019 22:37:30 : Экспорт данных в лист выполнен успешно
29.10.2019 22:37:30 : Создание первой диаграммы расширенного отчета завершено успешно
29.10.2019 22:37:30 : Создание второй диаграммы расширенного отчета завершено успешно
29.10.2019 22:37:30 : Заполнение таблицы расширенного отчета завершено успешно
29.10.2019 22:37:30 : Расширенный анализ номер ТС вес выполнен успешно
29.10.2019 22:37:30 : Выполнение анализа по параметрам: Номер ТС
29.10.2019 22:37:30 : Процедура получения анализа завершена
29.10.2019 22:37:36 : Запуск процедуры получения анализа
29.10.2019 22:37:36 : Группировка для расширенного анализа выполнена успешно
29.10.2019 22:37:36 : Экспорт данных в лист выполнен успешно
29.10.2019 22:37:36 : Создание первой диаграммы расширенного отчета завершено успешно
29.10.2019 22:37:36 : Создание второй диаграммы расширенного отчета завершено успешно
29.10.2019 22:37:36 : Заполнение таблицы расширенного отчета завершено успешно
29.10.2019 22:37:36 : Расширенный анализ номер ТС вес выполнен успешно
29.10.2019 22:37:36 : Выполнение анализа по параметрам: Номер ТС
29.10.2019 22:37:36 : Процедура получения анализа завершена
29.10.2019 22:38:07 : Были очищены все поля класса анализа
29.10.2019 22:38:07 : Очистка данных после получения анализа успешно завершена
29.10.2019 22:38:09 : Запуск процедуры добавления позиции
29.10.2019 22:38:48 : Ошибка получения параметров модификации позиции: Поле коррекции должно содержать значение
29.10.2019 22:38:51 : Данные модификации позиции успешно получены
29.10.2019 22:38:51 : Добавление позиции успешно завершено
29.10.2019 22:38:51 : Процедура добавления позиции завершена
29.10.2019 22:39:28 : Запуск процедуры добавления позиции
29.10.2019 22:40:31 : Данные модификации позиции успешно получены
29.10.2019 22:40:31 : Добавление позиции успешно завершено
29.10.2019 22:40:31 : Процедура добавления позиции завершена
29.10.2019 22:40:33 : Запуск процедуры добавления позиции
29.10.2019 22:40:58 : Данные модификации позиции успешно получены
29.10.2019 22:40:58 : Добавление позиции успешно завершено
29.10.2019 22:40:58 : Процедура добавления позиции завершена
29.10.2019 22:40:59 : Запуск процедуры добавления позиции
29.10.2019 22:41:29 : Данные модификации позиции успешно получены
29.10.2019 22:41:29 : Добавление позиции успешно завершено
29.10.2019 22:41:29 : Процедура добавления позиции завершена
29.10.2019 22:41:31 : Запуск процедуры добавления позиции
29.10.2019 22:41:55 : Данные модификации позиции успешно получены
29.10.2019 22:41:55 : Добавление позиции успешно завершено
29.10.2019 22:41:55 : Процедура добавления позиции завершена
29.10.2019 22:43:18 : Запуск процедуры добавления позиции
29.10.2019 22:44:12 : Данные модификации позиции успешно получены
29.10.2019 22:44:12 : Добавление позиции успешно завершено
29.10.2019 22:44:12 : Процедура добавления позиции завершена
29.10.2019 22:45:04 : Запуск процедуры добавления позиции
29.10.2019 22:46:08 : Данные модификации позиции успешно получены
29.10.2019 22:46:08 : Добавление позиции успешно завершено
29.10.2019 22:46:08 : Процедура добавления позиции завершена
29.10.2019 22:46:16 : Запуск процедура обычного анализа
29.10.2019 22:46:19 : Запуск процедуры получения анализа
29.10.2019 22:46:19 : Создание диаграммы краткого отчета завершено успешно
29.10.2019 22:46:19 : Заполнение таблицы краткого отчета завершено успешно
29.10.2019 22:46:19 : Краткий анализ бригада вес выполнен
29.10.2019 22:46:19 : Выполнение анализа по параметру: Вес | Бригада
29.10.2019 22:46:19 : Процедура получения анализа завершена
29.10.2019 22:46:30 : Были очищены все поля класса анализа
29.10.2019 22:46:30 : Очистка памяти после выполнения анализа успешно завершена
29.10.2019 22:46:31 : Запуск процедуры расширенного анализа
29.10.2019 22:46:36 : Запуск процедуры получения анализа
29.10.2019 22:46:36 : Группировка для расширенного анализа выполнена успешно
29.10.2019 22:46:36 : Экспорт данных в лист выполнен успешно
29.10.2019 22:46:36 : Создание первой диаграммы расширенного отчета завершено успешно
29.10.2019 22:46:36 : Создание второй диаграммы расширенного отчета завершено успешно
29.10.2019 22:46:36 : Заполнение таблицы расширенного отчета завершено успешно
29.10.2019 22:46:36 : Расширенный анализ бригада вес выполнен успешно
29.10.2019 22:46:36 : Выполнение анализа по параметрам: Бригады
29.10.2019 22:46:36 : Процедура получения анализа завершена
29.10.2019 22:47:23 : Запуск процедуры получения анализа
29.10.2019 22:47:23 : Группировка для расширенного анализа выполнена успешно
29.10.2019 22:47:23 : Экспорт данных в лист выполнен успешно
29.10.2019 22:47:23 : Создание первой диаграммы расширенного отчета завершено успешно
29.10.2019 22:47:23 : Создание второй диаграммы расширенного отчета завершено успешно
29.10.2019 22:47:23 : Заполнение таблицы расширенного отчета завершено успешно
29.10.2019 22:47:23 : Расширенный анализ описание вес выполнен успешно
29.10.2019 22:47:23 : Выполнение анализа по параметрам: Описание
29.10.2019 22:47:23 : Процедура получения анализа завершена
29.10.2019 22:47:26 : Запуск процедуры получения анализа
29.10.2019 22:47:26 : Группировка для расширенного анализа выполнена успешно
29.10.2019 22:47:26 : Экспорт данных в лист выполнен успешно
29.10.2019 22:47:26 : Создание первой диаграммы расширенного отчета завершено успешно
29.10.2019 22:47:26 : Создание второй диаграммы расширенного отчета завершено успешно
29.10.2019 22:47:26 : Заполнение таблицы расширенного отчета завершено успешно
29.10.2019 22:47:26 : Расширенный анализ описание вес выполнен успешно
29.10.2019 22:47:26 : Выполнение анализа по параметрам: Описание
29.10.2019 22:47:26 : Процедура получения анализа завершена
29.10.2019 22:47:28 : Запуск процедуры получения анализа
29.10.2019 22:47:28 : Группировка для расширенного анализа выполнена успешно
29.10.2019 22:47:28 : Экспорт данных в лист выполнен успешно
29.10.2019 22:47:28 : Создание первой диаграммы расширенного отчета завершено успешно
29.10.2019 22:47:28 : Создание второй диаграммы расширенного отчета завершено успешно
29.10.2019 22:47:28 : Заполнение таблицы расширенного отчета завершено успешно
29.10.2019 22:47:28 : Расширенный анализ описание вес выполнен успешно
29.10.2019 22:47:28 : Выполнение анализа по параметрам: Описание
29.10.2019 22:47:28 : Процедура получения анализа завершена
29.10.2019 22:47:42 : Запуск процедуры экспорта данных анализа
29.10.2019 22:47:42 : Началось формирование выгрузки расширенного анализа
29.10.2019 22:47:44 : Процедуры экспорта данных анализа завершена
29.10.2019 22:47:45 : Были очищены все поля класса анализа
29.10.2019 22:47:45 : Очистка данных после получения анализа успешно завершена
29.10.2019 22:50:36 : Запуск процедуры добавления позиции
29.10.2019 22:59:12 : Данные модификации позиции успешно получены
29.10.2019 22:59:12 : Добавление позиции успешно завершено
29.10.2019 22:59:12 : Процедура добавления позиции завершена
29.10.2019 22:59:16 : Запуск процедуры добавления позиции
29.10.2019 23:02:13 : Данные модификации позиции успешно получены
29.10.2019 23:02:13 : Добавление позиции успешно завершено
29.10.2019 23:02:13 : Процедура добавления позиции завершена
29.10.2019 23:02:20 : Запуск процедуры построение отчета
29.10.2019 23:02:22 : Началось формирование отчета
29.10.2019 23:02:24 : Выбрано место сохранения отчета
29.10.2019 23:02:24 : Процедура построения отчета успешно завершена
29.10.2019 23:02:56 : Запуск процедуры добавления позиции
29.10.2019 23:03:23 : Данные модификации позиции успешно получены
29.10.2019 23:03:23 : Добавление позиции успешно завершено
29.10.2019 23:03:23 : Процедура добавления позиции завершена
29.10.2019 23:03:25 : Запуск процедуры построение отчета
29.10.2019 23:03:26 : Началось формирование отчета
29.10.2019 23:03:29 : Выбрано место сохранения отчета
29.10.2019 23:03:29 : Процедура построения отчета успешно завершена
