07.11.2019 14:07:27 : Дешифрование пароля успешно завершено
07.11.2019 14:07:27 : Процедура проверки целостности файлов успешно завершена
07.11.2019 14:07:27 : Процедура проверки целостности файлов запущена...
07.11.2019 14:07:33 : Подключение к БД успешно установлено
07.11.2019 14:07:33 : Инициализация процедуры получения параметров с БД
07.11.2019 14:07:33 : Получение списка мест дефекта в производстве успешно завершено
07.11.2019 14:07:33 : Получение списка описаний дефекта успешно завершено
07.11.2019 14:07:33 : Получение списка диаметров успешно завершено
07.11.2019 14:07:33 : Получение списка бригад успешно завершено
07.11.2019 14:07:33 : Получение списка смен успешно завершено
07.11.2019 14:07:33 : Получение списка статусов коррекции успешно завершено
07.11.2019 14:07:33 : Получение списка номеров ТС успешно завершено
07.11.2019 14:07:33 : Получение списка марок сплавов успешно завершено
07.11.2019 14:07:33 : Получение списка типов дефекта успешно завершено
07.11.2019 14:07:33 : Получение списка позиций с сервера успешно завершено
07.11.2019 14:07:33 : Процедура получения параметров с БД успешно завершена
07.11.2019 14:07:45 : Запуск процедуры добавления позиции
07.11.2019 14:07:47 : Процедура добавления позиции завершена
07.11.2019 14:09:51 : Дешифрование пароля успешно завершено
07.11.2019 14:09:51 : Процедура проверки целостности файлов успешно завершена
07.11.2019 14:09:51 : Процедура проверки целостности файлов запущена...
07.11.2019 14:09:57 : Подключение к БД успешно установлено
07.11.2019 14:09:57 : Инициализация процедуры получения параметров с БД
07.11.2019 14:09:57 : Получение списка мест дефекта в производстве успешно завершено
07.11.2019 14:09:57 : Получение списка описаний дефекта успешно завершено
07.11.2019 14:09:57 : Получение списка диаметров успешно завершено
07.11.2019 14:09:57 : Получение списка бригад успешно завершено
07.11.2019 14:09:58 : Получение списка смен успешно завершено
07.11.2019 14:09:58 : Получение списка статусов коррекции успешно завершено
07.11.2019 14:09:58 : Получение списка номеров ТС успешно завершено
07.11.2019 14:09:58 : Получение списка марок сплавов успешно завершено
07.11.2019 14:09:58 : Получение списка типов дефекта успешно завершено
07.11.2019 14:09:58 : Получение списка позиций с сервера успешно завершено
07.11.2019 14:09:58 : Процедура получения параметров с БД успешно завершена
07.11.2019 14:10:01 : Запуск процедуры добавления позиции
07.11.2019 14:10:15 : Процедура добавления позиции завершена
07.11.2019 14:10:24 : Обновление статуса коррекции успешно завершено
07.11.2019 14:10:24 : Получение списка мест дефекта в производстве успешно завершено
07.11.2019 14:10:24 : Получение списка описаний дефекта успешно завершено
07.11.2019 14:10:24 : Получение списка диаметров успешно завершено
07.11.2019 14:10:24 : Получение списка бригад успешно завершено
07.11.2019 14:10:24 : Получение списка смен успешно завершено
07.11.2019 14:10:24 : Получение списка статусов коррекции успешно завершено
07.11.2019 14:10:24 : Получение списка номеров ТС успешно завершено
07.11.2019 14:10:24 : Получение списка марок сплавов успешно завершено
07.11.2019 14:10:24 : Получение списка типов дефекта успешно завершено
07.11.2019 14:10:24 : Получение списка позиций с сервера успешно завершено
07.11.2019 14:12:29 : Запуск процеры поиска по параметрам
07.11.2019 14:12:47 : Процеры поиска по параметрам завершена
07.11.2019 14:24:21 : Дешифрование пароля успешно завершено
07.11.2019 14:24:21 : Процедура проверки целостности файлов успешно завершена
07.11.2019 14:24:21 : Процедура проверки целостности файлов запущена...
07.11.2019 14:24:27 : Подключение к БД успешно установлено
07.11.2019 14:24:27 : Инициализация процедуры получения параметров с БД
07.11.2019 14:24:28 : Получение списка мест дефекта в производстве успешно завершено
07.11.2019 14:24:28 : Получение списка описаний дефекта успешно завершено
07.11.2019 14:24:28 : Получение списка диаметров успешно завершено
07.11.2019 14:24:28 : Получение списка бригад успешно завершено
07.11.2019 14:24:28 : Получение списка смен успешно завершено
07.11.2019 14:24:28 : Получение списка статусов коррекции успешно завершено
07.11.2019 14:24:28 : Получение списка номеров ТС успешно завершено
07.11.2019 14:24:28 : Получение списка марок сплавов успешно завершено
07.11.2019 14:24:28 : Получение списка типов дефекта успешно завершено
07.11.2019 14:24:28 : Получение списка позиций с сервера успешно завершено
07.11.2019 14:24:28 : Процедура получения параметров с БД успешно завершена
07.11.2019 14:24:50 : Запуск процеры поиска по параметрам
07.11.2019 14:25:09 : Процеры поиска по параметрам завершена
07.11.2019 14:25:19 : Запуск процеры поиска по параметрам
07.11.2019 14:25:26 : Процеры поиска по параметрам завершена
07.11.2019 14:25:45 : Дешифрование пароля успешно завершено
07.11.2019 14:25:45 : Процедура проверки целостности файлов успешно завершена
07.11.2019 14:25:45 : Процедура проверки целостности файлов запущена...
07.11.2019 14:25:51 : Подключение к БД успешно установлено
07.11.2019 14:25:51 : Инициализация процедуры получения параметров с БД
07.11.2019 14:25:51 : Получение списка мест дефекта в производстве успешно завершено
07.11.2019 14:25:51 : Получение списка описаний дефекта успешно завершено
07.11.2019 14:25:51 : Получение списка диаметров успешно завершено
07.11.2019 14:25:51 : Получение списка бригад успешно завершено
07.11.2019 14:25:51 : Получение списка смен успешно завершено
07.11.2019 14:25:51 : Получение списка статусов коррекции успешно завершено
07.11.2019 14:25:51 : Получение списка номеров ТС успешно завершено
07.11.2019 14:25:51 : Получение списка марок сплавов успешно завершено
07.11.2019 14:25:51 : Получение списка типов дефекта успешно завершено
07.11.2019 14:25:51 : Получение списка позиций с сервера успешно завершено
07.11.2019 14:25:51 : Процедура получения параметров с БД успешно завершена
07.11.2019 14:27:45 : Запуск процеры поиска по параметрам
07.11.2019 14:28:26 : Дешифрование пароля успешно завершено
07.11.2019 14:28:27 : Процедура проверки целостности файлов успешно завершена
07.11.2019 14:28:27 : Процедура проверки целостности файлов запущена...
07.11.2019 14:28:33 : Подключение к БД успешно установлено
07.11.2019 14:28:33 : Инициализация процедуры получения параметров с БД
07.11.2019 14:28:33 : Получение списка мест дефекта в производстве успешно завершено
07.11.2019 14:28:33 : Получение списка описаний дефекта успешно завершено
07.11.2019 14:28:33 : Получение списка диаметров успешно завершено
07.11.2019 14:28:33 : Получение списка бригад успешно завершено
07.11.2019 14:28:33 : Получение списка смен успешно завершено
07.11.2019 14:28:33 : Получение списка статусов коррекции успешно завершено
07.11.2019 14:28:33 : Получение списка номеров ТС успешно завершено
07.11.2019 14:28:33 : Получение списка марок сплавов успешно завершено
07.11.2019 14:28:33 : Получение списка типов дефекта успешно завершено
07.11.2019 14:28:33 : Получение списка позиций с сервера успешно завершено
07.11.2019 14:28:33 : Процедура получения параметров с БД успешно завершена
07.11.2019 14:28:34 : Запуск процеры поиска по параметрам
07.11.2019 14:28:58 : Отображение позиций по заданным параметрам
07.11.2019 14:29:02 : Процеры поиска по параметрам завершена
07.11.2019 14:54:13 : Дешифрование пароля успешно завершено
07.11.2019 14:54:13 : Процедура проверки целостности файлов успешно завершена
07.11.2019 14:54:13 : Процедура проверки целостности файлов запущена...
07.11.2019 14:54:19 : Подключение к БД успешно установлено
07.11.2019 14:54:19 : Инициализация процедуры получения параметров с БД
07.11.2019 14:54:19 : Получение списка мест дефекта в производстве успешно завершено
07.11.2019 14:54:19 : Получение списка описаний дефекта успешно завершено
07.11.2019 14:54:19 : Получение списка диаметров успешно завершено
07.11.2019 14:54:19 : Получение списка бригад успешно завершено
07.11.2019 14:54:19 : Получение списка смен успешно завершено
07.11.2019 14:54:19 : Получение списка статусов коррекции успешно завершено
07.11.2019 14:54:19 : Получение списка номеров ТС успешно завершено
07.11.2019 14:54:19 : Получение списка марок сплавов успешно завершено
07.11.2019 14:54:19 : Получение списка типов дефекта успешно завершено
07.11.2019 14:54:19 : Получение списка позиций с сервера успешно завершено
07.11.2019 14:54:19 : Процедура получения параметров с БД успешно завершена
07.11.2019 14:54:32 : Обновление статуса коррекции успешно завершено
07.11.2019 14:54:32 : Получение списка мест дефекта в производстве успешно завершено
07.11.2019 14:54:32 : Получение списка описаний дефекта успешно завершено
07.11.2019 14:54:32 : Получение списка диаметров успешно завершено
07.11.2019 14:54:32 : Получение списка бригад успешно завершено
07.11.2019 14:54:32 : Получение списка смен успешно завершено
07.11.2019 14:54:32 : Получение списка статусов коррекции успешно завершено
07.11.2019 14:54:32 : Получение списка номеров ТС успешно завершено
07.11.2019 14:54:32 : Получение списка марок сплавов успешно завершено
07.11.2019 14:54:32 : Получение списка типов дефекта успешно завершено
07.11.2019 14:54:32 : Получение списка позиций с сервера успешно завершено
07.11.2019 14:54:38 : Обновление статуса коррекции успешно завершено
07.11.2019 14:54:38 : Получение списка мест дефекта в производстве успешно завершено
07.11.2019 14:54:38 : Получение списка описаний дефекта успешно завершено
07.11.2019 14:54:38 : Получение списка диаметров успешно завершено
07.11.2019 14:54:38 : Получение списка бригад успешно завершено
07.11.2019 14:54:38 : Получение списка смен успешно завершено
07.11.2019 14:54:38 : Получение списка статусов коррекции успешно завершено
07.11.2019 14:54:38 : Получение списка номеров ТС успешно завершено
07.11.2019 14:54:38 : Получение списка марок сплавов успешно завершено
07.11.2019 14:54:38 : Получение списка типов дефекта успешно завершено
07.11.2019 14:54:38 : Получение списка позиций с сервера успешно завершено
07.11.2019 14:54:48 : Обновление статуса коррекции успешно завершено
07.11.2019 14:54:48 : Получение списка мест дефекта в производстве успешно завершено
07.11.2019 14:54:48 : Получение списка описаний дефекта успешно завершено
07.11.2019 14:54:48 : Получение списка диаметров успешно завершено
07.11.2019 14:54:48 : Получение списка бригад успешно завершено
07.11.2019 14:54:48 : Получение списка смен успешно завершено
07.11.2019 14:54:48 : Получение списка статусов коррекции успешно завершено
07.11.2019 14:54:48 : Получение списка номеров ТС успешно завершено
07.11.2019 14:54:48 : Получение списка марок сплавов успешно завершено
07.11.2019 14:54:48 : Получение списка типов дефекта успешно завершено
07.11.2019 14:54:48 : Получение списка позиций с сервера успешно завершено
07.11.2019 14:55:43 : Дешифрование пароля успешно завершено
07.11.2019 14:55:43 : Процедура проверки целостности файлов успешно завершена
07.11.2019 14:55:43 : Процедура проверки целостности файлов запущена...
07.11.2019 14:55:49 : Подключение к БД успешно установлено
07.11.2019 14:55:49 : Инициализация процедуры получения параметров с БД
07.11.2019 14:55:49 : Получение списка мест дефекта в производстве успешно завершено
07.11.2019 14:55:49 : Получение списка описаний дефекта успешно завершено
07.11.2019 14:55:49 : Получение списка диаметров успешно завершено
07.11.2019 14:55:49 : Получение списка бригад успешно завершено
07.11.2019 14:55:49 : Получение списка смен успешно завершено
07.11.2019 14:55:49 : Получение списка статусов коррекции успешно завершено
07.11.2019 14:55:49 : Получение списка номеров ТС успешно завершено
07.11.2019 14:55:49 : Получение списка марок сплавов успешно завершено
07.11.2019 14:55:49 : Получение списка типов дефекта успешно завершено
07.11.2019 14:55:49 : Получение списка позиций с сервера успешно завершено
07.11.2019 14:55:49 : Процедура получения параметров с БД успешно завершена
07.11.2019 14:55:53 : Дешифрование пароля успешно завершено
07.11.2019 14:55:53 : Процедура проверки целостности файлов успешно завершена
07.11.2019 14:55:53 : Процедура проверки целостности файлов запущена...
07.11.2019 14:55:59 : Подключение к БД успешно установлено
07.11.2019 14:55:59 : Инициализация процедуры получения параметров с БД
07.11.2019 14:55:59 : Получение списка мест дефекта в производстве успешно завершено
07.11.2019 14:55:59 : Получение списка описаний дефекта успешно завершено
07.11.2019 14:55:59 : Получение списка диаметров успешно завершено
07.11.2019 14:55:59 : Получение списка бригад успешно завершено
07.11.2019 14:55:59 : Получение списка смен успешно завершено
07.11.2019 14:55:59 : Получение списка статусов коррекции успешно завершено
07.11.2019 14:55:59 : Получение списка номеров ТС успешно завершено
07.11.2019 14:55:59 : Получение списка марок сплавов успешно завершено
07.11.2019 14:55:59 : Получение списка типов дефекта успешно завершено
07.11.2019 14:55:59 : Получение списка позиций с сервера успешно завершено
07.11.2019 14:55:59 : Процедура получения параметров с БД успешно завершена
07.11.2019 14:58:48 : Дешифрование пароля успешно завершено
07.11.2019 14:58:48 : Процедура проверки целостности файлов успешно завершена
07.11.2019 14:58:48 : Процедура проверки целостности файлов запущена...
07.11.2019 14:58:54 : Подключение к БД успешно установлено
07.11.2019 14:58:54 : Инициализация процедуры получения параметров с БД
07.11.2019 14:58:54 : Получение списка мест дефекта в производстве успешно завершено
07.11.2019 14:58:54 : Получение списка описаний дефекта успешно завершено
07.11.2019 14:58:54 : Получение списка диаметров успешно завершено
07.11.2019 14:58:54 : Получение списка бригад успешно завершено
07.11.2019 14:58:54 : Получение списка смен успешно завершено
07.11.2019 14:58:54 : Получение списка статусов коррекции успешно завершено
07.11.2019 14:58:54 : Получение списка номеров ТС успешно завершено
07.11.2019 14:58:54 : Получение списка марок сплавов успешно завершено
07.11.2019 14:58:54 : Получение списка типов дефекта успешно завершено
07.11.2019 14:58:54 : Получение списка позиций с сервера успешно завершено
07.11.2019 14:58:54 : Процедура получения параметров с БД успешно завершена
07.11.2019 14:58:59 : Запуск процедуры расширенного анализа
07.11.2019 14:59:01 : Запуск процедуры получения анализа
07.11.2019 14:59:01 : Группировка для расширенного анализа выполнена успешно
07.11.2019 14:59:01 : Экспорт данных в лист выполнен успешно
07.11.2019 14:59:01 : Создание первой диаграммы расширенного отчета завершено успешно
07.11.2019 14:59:01 : Создание второй диаграммы расширенного отчета завершено успешно
07.11.2019 14:59:02 : Заполнение таблицы расширенного отчета завершено успешно
07.11.2019 14:59:02 : Расширенный анализ бригада вес выполнен успешно
07.11.2019 14:59:02 : Выполнение анализа по параметрам: Бригады
07.11.2019 14:59:02 : Процедура получения анализа завершена
07.11.2019 14:59:05 : Запуск процедуры получения анализа
07.11.2019 15:02:52 : Дешифрование пароля успешно завершено
07.11.2019 15:02:52 : Процедура проверки целостности файлов успешно завершена
07.11.2019 15:02:52 : Процедура проверки целостности файлов запущена...
07.11.2019 15:02:58 : Подключение к БД успешно установлено
07.11.2019 15:02:58 : Инициализация процедуры получения параметров с БД
07.11.2019 15:02:58 : Получение списка мест дефекта в производстве успешно завершено
07.11.2019 15:02:58 : Получение списка описаний дефекта успешно завершено
07.11.2019 15:02:58 : Получение списка диаметров успешно завершено
07.11.2019 15:02:58 : Получение списка бригад успешно завершено
07.11.2019 15:02:58 : Получение списка смен успешно завершено
07.11.2019 15:02:58 : Получение списка статусов коррекции успешно завершено
07.11.2019 15:02:58 : Получение списка номеров ТС успешно завершено
07.11.2019 15:02:58 : Получение списка марок сплавов успешно завершено
07.11.2019 15:02:58 : Получение списка типов дефекта успешно завершено
07.11.2019 15:02:58 : Получение списка позиций с сервера успешно завершено
07.11.2019 15:02:58 : Процедура получения параметров с БД успешно завершена
07.11.2019 15:02:59 : Запуск процеры поиска по параметрам
07.11.2019 15:03:28 : Процеры поиска по параметрам завершена
07.11.2019 15:04:06 : Дешифрование пароля успешно завершено
07.11.2019 15:04:06 : Процедура проверки целостности файлов успешно завершена
07.11.2019 15:04:06 : Процедура проверки целостности файлов запущена...
07.11.2019 15:04:12 : Подключение к БД успешно установлено
07.11.2019 15:04:12 : Инициализация процедуры получения параметров с БД
07.11.2019 15:04:12 : Получение списка мест дефекта в производстве успешно завершено
07.11.2019 15:04:12 : Получение списка описаний дефекта успешно завершено
07.11.2019 15:04:12 : Получение списка диаметров успешно завершено
07.11.2019 15:04:12 : Получение списка бригад успешно завершено
07.11.2019 15:04:12 : Получение списка смен успешно завершено
07.11.2019 15:04:12 : Получение списка статусов коррекции успешно завершено
07.11.2019 15:04:12 : Получение списка номеров ТС успешно завершено
07.11.2019 15:04:12 : Получение списка марок сплавов успешно завершено
07.11.2019 15:04:12 : Получение списка типов дефекта успешно завершено
07.11.2019 15:04:12 : Получение списка позиций с сервера успешно завершено
07.11.2019 15:04:12 : Процедура получения параметров с БД успешно завершена
07.11.2019 15:04:13 : Запуск процеры поиска по параметрам
07.11.2019 15:04:19 : Процеры поиска по параметрам завершена
07.11.2019 15:04:27 : Дешифрование пароля успешно завершено
07.11.2019 15:04:27 : Процедура проверки целостности файлов успешно завершена
07.11.2019 15:04:27 : Процедура проверки целостности файлов запущена...
07.11.2019 15:04:33 : Подключение к БД успешно установлено
07.11.2019 15:04:33 : Инициализация процедуры получения параметров с БД
07.11.2019 15:04:33 : Получение списка мест дефекта в производстве успешно завершено
07.11.2019 15:04:33 : Получение списка описаний дефекта успешно завершено
07.11.2019 15:04:33 : Получение списка диаметров успешно завершено
07.11.2019 15:04:33 : Получение списка бригад успешно завершено
07.11.2019 15:04:33 : Получение списка смен успешно завершено
07.11.2019 15:04:33 : Получение списка статусов коррекции успешно завершено
07.11.2019 15:04:33 : Получение списка номеров ТС успешно завершено
07.11.2019 15:04:33 : Получение списка марок сплавов успешно завершено
07.11.2019 15:04:33 : Получение списка типов дефекта успешно завершено
07.11.2019 15:04:33 : Получение списка позиций с сервера успешно завершено
07.11.2019 15:04:33 : Процедура получения параметров с БД успешно завершена
07.11.2019 15:04:59 : Запуск процеры поиска по параметрам
07.11.2019 15:05:08 : Процеры поиска по параметрам завершена
07.11.2019 15:05:32 : Дешифрование пароля успешно завершено
07.11.2019 15:05:32 : Процедура проверки целостности файлов успешно завершена
07.11.2019 15:05:32 : Процедура проверки целостности файлов запущена...
07.11.2019 15:05:38 : Подключение к БД успешно установлено
07.11.2019 15:05:38 : Инициализация процедуры получения параметров с БД
07.11.2019 15:05:38 : Получение списка мест дефекта в производстве успешно завершено
07.11.2019 15:05:38 : Получение списка описаний дефекта успешно завершено
07.11.2019 15:05:38 : Получение списка диаметров успешно завершено
07.11.2019 15:05:38 : Получение списка бригад успешно завершено
07.11.2019 15:05:38 : Получение списка смен успешно завершено
07.11.2019 15:05:38 : Получение списка статусов коррекции успешно завершено
07.11.2019 15:05:38 : Получение списка номеров ТС успешно завершено
07.11.2019 15:05:38 : Получение списка марок сплавов успешно завершено
07.11.2019 15:05:38 : Получение списка типов дефекта успешно завершено
07.11.2019 15:05:38 : Получение списка позиций с сервера успешно завершено
07.11.2019 15:05:38 : Процедура получения параметров с БД успешно завершена
07.11.2019 15:05:42 : Запуск процеры поиска по параметрам
07.11.2019 15:05:51 : Процеры поиска по параметрам завершена
07.11.2019 15:05:55 : Запуск процедуры демонстрации места дефекта на слитке
07.11.2019 17:13:43 : Дешифрование пароля успешно завершено
07.11.2019 17:13:43 : Процедура проверки целостности файлов успешно завершена
07.11.2019 17:13:43 : Процедура проверки целостности файлов запущена...
07.11.2019 17:13:49 : Подключение к БД успешно установлено
07.11.2019 17:13:49 : Инициализация процедуры получения параметров с БД
07.11.2019 17:13:49 : Получение списка мест дефекта в производстве успешно завершено
07.11.2019 17:13:49 : Получение списка описаний дефекта успешно завершено
07.11.2019 17:13:49 : Получение списка диаметров успешно завершено
07.11.2019 17:13:49 : Получение списка бригад успешно завершено
07.11.2019 17:13:49 : Получение списка смен успешно завершено
07.11.2019 17:13:49 : Получение списка статусов коррекции успешно завершено
07.11.2019 17:13:49 : Получение списка номеров ТС успешно завершено
07.11.2019 17:13:49 : Получение списка марок сплавов успешно завершено
07.11.2019 17:13:49 : Получение списка типов дефекта успешно завершено
07.11.2019 17:13:49 : Получение списка позиций с сервера успешно завершено
07.11.2019 17:13:49 : Процедура получения параметров с БД успешно завершена
07.11.2019 17:14:06 : Были очищены все поля класса анализа
07.11.2019 17:20:02 : Дешифрование пароля успешно завершено
07.11.2019 17:20:02 : Процедура проверки целостности файлов успешно завершена
07.11.2019 17:20:02 : Процедура проверки целостности файлов запущена...
07.11.2019 17:20:08 : Подключение к БД успешно установлено
07.11.2019 17:20:08 : Инициализация процедуры получения параметров с БД
07.11.2019 17:20:08 : Получение списка мест дефекта в производстве успешно завершено
07.11.2019 17:20:08 : Получение списка описаний дефекта успешно завершено
07.11.2019 17:20:08 : Получение списка диаметров успешно завершено
07.11.2019 17:20:08 : Получение списка бригад успешно завершено
07.11.2019 17:20:08 : Получение списка смен успешно завершено
07.11.2019 17:20:08 : Получение списка статусов коррекции успешно завершено
07.11.2019 17:20:08 : Получение списка номеров ТС успешно завершено
07.11.2019 17:20:08 : Получение списка марок сплавов успешно завершено
07.11.2019 17:20:08 : Получение списка типов дефекта успешно завершено
07.11.2019 17:20:08 : Получение списка позиций с сервера успешно завершено
07.11.2019 17:20:08 : Процедура получения параметров с БД успешно завершена
07.11.2019 17:20:35 : Были очищены все поля класса анализа
07.11.2019 17:22:41 : Дешифрование пароля успешно завершено
07.11.2019 17:22:41 : Процедура проверки целостности файлов успешно завершена
07.11.2019 17:22:41 : Процедура проверки целостности файлов запущена...
07.11.2019 17:22:47 : Подключение к БД успешно установлено
07.11.2019 17:22:47 : Инициализация процедуры получения параметров с БД
07.11.2019 17:22:47 : Получение списка мест дефекта в производстве успешно завершено
07.11.2019 17:22:47 : Получение списка описаний дефекта успешно завершено
07.11.2019 17:22:47 : Получение списка диаметров успешно завершено
07.11.2019 17:22:47 : Получение списка бригад успешно завершено
07.11.2019 17:22:47 : Получение списка смен успешно завершено
07.11.2019 17:22:47 : Получение списка статусов коррекции успешно завершено
07.11.2019 17:22:47 : Получение списка номеров ТС успешно завершено
07.11.2019 17:22:47 : Получение списка марок сплавов успешно завершено
07.11.2019 17:22:47 : Получение списка типов дефекта успешно завершено
07.11.2019 17:22:47 : Получение списка позиций с сервера успешно завершено
07.11.2019 17:22:47 : Процедура получения параметров с БД успешно завершена
07.11.2019 17:27:42 : Были очищены все поля класса анализа
07.11.2019 17:27:55 : Дешифрование пароля успешно завершено
07.11.2019 17:27:55 : Процедура проверки целостности файлов успешно завершена
07.11.2019 17:27:55 : Процедура проверки целостности файлов запущена...
07.11.2019 17:28:01 : Подключение к БД успешно установлено
07.11.2019 17:28:01 : Инициализация процедуры получения параметров с БД
07.11.2019 17:28:01 : Получение списка мест дефекта в производстве успешно завершено
07.11.2019 17:28:01 : Получение списка описаний дефекта успешно завершено
07.11.2019 17:28:01 : Получение списка диаметров успешно завершено
07.11.2019 17:28:01 : Получение списка бригад успешно завершено
07.11.2019 17:28:01 : Получение списка смен успешно завершено
07.11.2019 17:28:01 : Получение списка статусов коррекции успешно завершено
07.11.2019 17:28:01 : Получение списка номеров ТС успешно завершено
07.11.2019 17:28:01 : Получение списка марок сплавов успешно завершено
07.11.2019 17:28:01 : Получение списка типов дефекта успешно завершено
07.11.2019 17:28:01 : Получение списка позиций с сервера успешно завершено
07.11.2019 17:28:01 : Процедура получения параметров с БД успешно завершена
07.11.2019 17:29:27 : Были очищены все поля класса анализа
07.11.2019 17:30:39 : Дешифрование пароля успешно завершено
07.11.2019 17:30:39 : Процедура проверки целостности файлов успешно завершена
07.11.2019 17:30:39 : Процедура проверки целостности файлов запущена...
07.11.2019 17:30:45 : Подключение к БД успешно установлено
07.11.2019 17:30:45 : Инициализация процедуры получения параметров с БД
07.11.2019 17:30:45 : Получение списка мест дефекта в производстве успешно завершено
07.11.2019 17:30:45 : Получение списка описаний дефекта успешно завершено
07.11.2019 17:30:45 : Получение списка диаметров успешно завершено
07.11.2019 17:30:45 : Получение списка бригад успешно завершено
07.11.2019 17:30:45 : Получение списка смен успешно завершено
07.11.2019 17:30:45 : Получение списка статусов коррекции успешно завершено
07.11.2019 17:30:45 : Получение списка номеров ТС успешно завершено
07.11.2019 17:30:45 : Получение списка марок сплавов успешно завершено
07.11.2019 17:30:45 : Получение списка типов дефекта успешно завершено
07.11.2019 17:30:45 : Получение списка позиций с сервера успешно завершено
07.11.2019 17:30:45 : Процедура получения параметров с БД успешно завершена
07.11.2019 17:30:55 : Дешифрование пароля успешно завершено
07.11.2019 17:30:55 : Процедура проверки целостности файлов успешно завершена
07.11.2019 17:30:55 : Процедура проверки целостности файлов запущена...
07.11.2019 17:31:01 : Подключение к БД успешно установлено
07.11.2019 17:31:01 : Инициализация процедуры получения параметров с БД
07.11.2019 17:31:01 : Получение списка мест дефекта в производстве успешно завершено
07.11.2019 17:31:01 : Получение списка описаний дефекта успешно завершено
07.11.2019 17:31:01 : Получение списка диаметров успешно завершено
07.11.2019 17:31:01 : Получение списка бригад успешно завершено
07.11.2019 17:31:01 : Получение списка смен успешно завершено
07.11.2019 17:31:01 : Получение списка статусов коррекции успешно завершено
07.11.2019 17:31:01 : Получение списка номеров ТС успешно завершено
07.11.2019 17:31:01 : Получение списка марок сплавов успешно завершено
07.11.2019 17:31:01 : Получение списка типов дефекта успешно завершено
07.11.2019 17:31:01 : Получение списка позиций с сервера успешно завершено
07.11.2019 17:31:01 : Процедура получения параметров с БД успешно завершена
07.11.2019 17:31:10 : Дешифрование пароля успешно завершено
07.11.2019 17:31:10 : Процедура проверки целостности файлов успешно завершена
07.11.2019 17:31:10 : Процедура проверки целостности файлов запущена...
07.11.2019 17:31:16 : Подключение к БД успешно установлено
07.11.2019 17:31:16 : Инициализация процедуры получения параметров с БД
07.11.2019 17:31:16 : Получение списка мест дефекта в производстве успешно завершено
07.11.2019 17:31:16 : Получение списка описаний дефекта успешно завершено
07.11.2019 17:31:16 : Получение списка диаметров успешно завершено
07.11.2019 17:31:16 : Получение списка бригад успешно завершено
07.11.2019 17:31:16 : Получение списка смен успешно завершено
07.11.2019 17:31:16 : Получение списка статусов коррекции успешно завершено
07.11.2019 17:31:16 : Получение списка номеров ТС успешно завершено
07.11.2019 17:31:16 : Получение списка марок сплавов успешно завершено
07.11.2019 17:31:16 : Получение списка типов дефекта успешно завершено
07.11.2019 17:31:16 : Получение списка позиций с сервера успешно завершено
07.11.2019 17:31:16 : Процедура получения параметров с БД успешно завершена
07.11.2019 17:31:26 : Дешифрование пароля успешно завершено
07.11.2019 17:31:26 : Процедура проверки целостности файлов успешно завершена
07.11.2019 17:31:26 : Процедура проверки целостности файлов запущена...
07.11.2019 17:31:32 : Подключение к БД успешно установлено
07.11.2019 17:31:32 : Инициализация процедуры получения параметров с БД
07.11.2019 17:31:32 : Получение списка мест дефекта в производстве успешно завершено
07.11.2019 17:31:32 : Получение списка описаний дефекта успешно завершено
07.11.2019 17:31:32 : Получение списка диаметров успешно завершено
07.11.2019 17:31:32 : Получение списка бригад успешно завершено
07.11.2019 17:31:32 : Получение списка смен успешно завершено
07.11.2019 17:31:32 : Получение списка статусов коррекции успешно завершено
07.11.2019 17:31:32 : Получение списка номеров ТС успешно завершено
07.11.2019 17:31:32 : Получение списка марок сплавов успешно завершено
07.11.2019 17:31:32 : Получение списка типов дефекта успешно завершено
07.11.2019 17:31:32 : Получение списка позиций с сервера успешно завершено
07.11.2019 17:31:32 : Процедура получения параметров с БД успешно завершена
07.11.2019 17:52:17 : Дешифрование пароля успешно завершено
07.11.2019 17:52:17 : Процедура проверки целостности файлов успешно завершена
07.11.2019 17:52:17 : Процедура проверки целостности файлов запущена...
07.11.2019 17:52:23 : Подключение к БД успешно установлено
07.11.2019 17:52:23 : Инициализация процедуры получения параметров с БД
07.11.2019 17:52:23 : Получение списка мест дефекта в производстве успешно завершено
07.11.2019 17:52:23 : Получение списка описаний дефекта успешно завершено
07.11.2019 17:52:23 : Получение списка диаметров успешно завершено
07.11.2019 17:52:23 : Получение списка бригад успешно завершено
07.11.2019 17:52:23 : Получение списка смен успешно завершено
07.11.2019 17:52:23 : Получение списка статусов коррекции успешно завершено
07.11.2019 17:52:23 : Получение списка номеров ТС успешно завершено
07.11.2019 17:52:23 : Получение списка марок сплавов успешно завершено
07.11.2019 17:52:23 : Получение списка типов дефекта успешно завершено
07.11.2019 17:52:23 : Получение списка позиций с сервера успешно завершено
07.11.2019 17:52:23 : Процедура получения параметров с БД успешно завершена
07.11.2019 21:13:06 : Дешифрование пароля успешно завершено
07.11.2019 21:13:06 : Процедура проверки целостности файлов успешно завершена
07.11.2019 21:13:06 : Процедура проверки целостности файлов запущена...
07.11.2019 21:13:12 : Подключение к БД успешно установлено
07.11.2019 21:13:12 : Инициализация процедуры получения параметров с БД
07.11.2019 21:13:13 : Получение списка мест дефекта в производстве успешно завершено
07.11.2019 21:13:13 : Получение списка описаний дефекта успешно завершено
07.11.2019 21:13:13 : Получение списка диаметров успешно завершено
07.11.2019 21:13:13 : Получение списка бригад успешно завершено
07.11.2019 21:13:13 : Получение списка смен успешно завершено
07.11.2019 21:13:13 : Получение списка статусов коррекции успешно завершено
07.11.2019 21:13:13 : Получение списка номеров ТС успешно завершено
07.11.2019 21:13:13 : Получение списка марок сплавов успешно завершено
07.11.2019 21:13:13 : Получение списка типов дефекта успешно завершено
07.11.2019 21:13:13 : Получение списка позиций с сервера успешно завершено
07.11.2019 21:13:13 : Процедура получения параметров с БД успешно завершена
07.11.2019 21:13:53 : Были очищены все поля класса анализа
07.11.2019 21:14:15 : Дешифрование пароля успешно завершено
07.11.2019 21:14:15 : Процедура проверки целостности файлов успешно завершена
07.11.2019 21:14:15 : Процедура проверки целостности файлов запущена...
07.11.2019 21:14:21 : Подключение к БД успешно установлено
07.11.2019 21:14:21 : Инициализация процедуры получения параметров с БД
07.11.2019 21:14:21 : Получение списка мест дефекта в производстве успешно завершено
07.11.2019 21:14:21 : Получение списка описаний дефекта успешно завершено
07.11.2019 21:14:21 : Получение списка диаметров успешно завершено
07.11.2019 21:14:21 : Получение списка бригад успешно завершено
07.11.2019 21:14:21 : Получение списка смен успешно завершено
07.11.2019 21:14:21 : Получение списка статусов коррекции успешно завершено
07.11.2019 21:14:21 : Получение списка номеров ТС успешно завершено
07.11.2019 21:14:21 : Получение списка марок сплавов успешно завершено
07.11.2019 21:14:21 : Получение списка типов дефекта успешно завершено
07.11.2019 21:14:21 : Получение списка позиций с сервера успешно завершено
07.11.2019 21:14:21 : Процедура получения параметров с БД успешно завершена
07.11.2019 21:14:28 : Были очищены все поля класса анализа
07.11.2019 21:16:05 : Дешифрование пароля успешно завершено
07.11.2019 21:16:05 : Процедура проверки целостности файлов успешно завершена
07.11.2019 21:16:05 : Процедура проверки целостности файлов запущена...
07.11.2019 21:16:11 : Подключение к БД успешно установлено
07.11.2019 21:16:11 : Инициализация процедуры получения параметров с БД
07.11.2019 21:16:11 : Получение списка мест дефекта в производстве успешно завершено
07.11.2019 21:16:11 : Получение списка описаний дефекта успешно завершено
07.11.2019 21:16:11 : Получение списка диаметров успешно завершено
07.11.2019 21:16:11 : Получение списка бригад успешно завершено
07.11.2019 21:16:11 : Получение списка смен успешно завершено
07.11.2019 21:16:11 : Получение списка статусов коррекции успешно завершено
07.11.2019 21:16:11 : Получение списка номеров ТС успешно завершено
07.11.2019 21:16:11 : Получение списка марок сплавов успешно завершено
07.11.2019 21:16:11 : Получение списка типов дефекта успешно завершено
07.11.2019 21:16:11 : Получение списка позиций с сервера успешно завершено
07.11.2019 21:16:11 : Процедура получения параметров с БД успешно завершена
07.11.2019 21:16:13 : Запуск процедуру изменения параметров БД
07.11.2019 21:16:13 : Получение системного пути резервной копии БД успешно завершено
07.11.2019 21:19:21 : Дешифрование пароля успешно завершено
07.11.2019 21:19:21 : Процедура проверки целостности файлов успешно завершена
07.11.2019 21:19:21 : Процедура проверки целостности файлов запущена...
07.11.2019 21:19:27 : Подключение к БД успешно установлено
07.11.2019 21:19:27 : Инициализация процедуры получения параметров с БД
07.11.2019 21:19:27 : Получение списка мест дефекта в производстве успешно завершено
07.11.2019 21:19:27 : Получение списка описаний дефекта успешно завершено
07.11.2019 21:19:27 : Получение списка диаметров успешно завершено
07.11.2019 21:19:27 : Получение списка бригад успешно завершено
07.11.2019 21:19:27 : Получение списка смен успешно завершено
07.11.2019 21:19:27 : Получение списка статусов коррекции успешно завершено
07.11.2019 21:19:27 : Получение списка номеров ТС успешно завершено
07.11.2019 21:19:27 : Получение списка марок сплавов успешно завершено
07.11.2019 21:19:27 : Получение списка типов дефекта успешно завершено
07.11.2019 21:19:27 : Получение списка позиций с сервера успешно завершено
07.11.2019 21:19:27 : Процедура получения параметров с БД успешно завершена
07.11.2019 21:19:29 : Запуск процедуру изменения параметров БД
07.11.2019 21:19:29 : Получение системного пути резервной копии БД успешно завершено
07.11.2019 21:19:33 : Запуск процедуры изменения конфигурации ПО
07.11.2019 21:19:51 : Запуск процедуру изменения параметров БД
07.11.2019 21:19:51 : Получение системного пути резервной копии БД успешно завершено
07.11.2019 21:21:37 : Были очищены все поля класса анализа
07.11.2019 21:21:59 : Дешифрование пароля успешно завершено
07.11.2019 21:21:59 : Процедура проверки целостности файлов успешно завершена
07.11.2019 21:21:59 : Процедура проверки целостности файлов запущена...
07.11.2019 21:22:05 : Подключение к БД успешно установлено
07.11.2019 21:22:05 : Инициализация процедуры получения параметров с БД
07.11.2019 21:22:05 : Получение списка мест дефекта в производстве успешно завершено
07.11.2019 21:22:05 : Получение списка описаний дефекта успешно завершено
07.11.2019 21:22:05 : Получение списка диаметров успешно завершено
07.11.2019 21:22:05 : Получение списка бригад успешно завершено
07.11.2019 21:22:05 : Получение списка смен успешно завершено
07.11.2019 21:22:05 : Получение списка статусов коррекции успешно завершено
07.11.2019 21:22:05 : Получение списка номеров ТС успешно завершено
07.11.2019 21:22:05 : Получение списка марок сплавов успешно завершено
07.11.2019 21:22:05 : Получение списка типов дефекта успешно завершено
07.11.2019 21:22:05 : Получение списка позиций с сервера успешно завершено
07.11.2019 21:22:05 : Процедура получения параметров с БД успешно завершена
07.11.2019 21:22:20 : Были очищены все поля класса анализа
07.11.2019 21:23:10 : Запуск процеры поиска по параметрам
07.11.2019 21:24:04 : Процеры поиска по параметрам завершена
07.11.2019 21:24:55 : Запуск процеры поиска по параметрам
07.11.2019 21:24:55 : Перебор значений по заданным параметрам успешно завершен
07.11.2019 21:25:00 : Количество объектов по параметрам поиска 0
07.11.2019 21:25:00 : Процеры поиска по параметрам завершена
07.11.2019 21:25:04 : Запуск процеры поиска по параметрам
07.11.2019 21:25:04 : Перебор значений по заданным параметрам успешно завершен
07.11.2019 21:25:04 : Отображение позиций по заданным параметрам
07.11.2019 21:25:04 : Процеры поиска по параметрам завершена
07.11.2019 21:25:12 : Запуск процеры поиска по параметрам
07.11.2019 21:25:12 : Перебор значений по заданным параметрам успешно завершен
07.11.2019 21:25:12 : Отображение позиций по заданным параметрам
07.11.2019 21:25:12 : Процеры поиска по параметрам завершена
07.11.2019 21:25:18 : Запуск процеры поиска по параметрам
07.11.2019 21:25:18 : Перебор значений по заданным параметрам успешно завершен
07.11.2019 21:25:18 : Отображение позиций по заданным параметрам
07.11.2019 21:25:18 : Процеры поиска по параметрам завершена
07.11.2019 21:25:22 : Запуск процеры поиска по параметрам
07.11.2019 21:25:22 : Перебор значений по заданным параметрам успешно завершен
07.11.2019 21:25:22 : Отображение позиций по заданным параметрам
07.11.2019 21:25:22 : Процеры поиска по параметрам завершена
07.11.2019 21:25:26 : Запуск процеры поиска по параметрам
07.11.2019 21:25:26 : Перебор значений по заданным параметрам успешно завершен
07.11.2019 21:25:26 : Отображение позиций по заданным параметрам
07.11.2019 21:25:26 : Процеры поиска по параметрам завершена
07.11.2019 21:25:36 : Запуск процедуры демонстрации места дефекта на слитке
07.11.2019 21:25:38 : Процедуры демонстрации места дефекта на слитке успешна завершена
07.11.2019 21:25:39 : Запуск процедуры демонстрации места дефекта на слитке
07.11.2019 21:25:40 : Процедуры демонстрации места дефекта на слитке успешна завершена
07.11.2019 21:40:41 : Дешифрование пароля успешно завершено
07.11.2019 21:40:41 : Процедура проверки целостности файлов успешно завершена
07.11.2019 21:40:41 : Процедура проверки целостности файлов запущена...
07.11.2019 21:40:47 : Подключение к БД успешно установлено
07.11.2019 21:40:47 : Инициализация процедуры получения параметров с БД
07.11.2019 21:40:47 : Получение списка мест дефекта в производстве успешно завершено
07.11.2019 21:40:47 : Получение списка описаний дефекта успешно завершено
07.11.2019 21:40:47 : Получение списка диаметров успешно завершено
07.11.2019 21:40:47 : Получение списка бригад успешно завершено
07.11.2019 21:40:47 : Получение списка смен успешно завершено
07.11.2019 21:40:47 : Получение списка статусов коррекции успешно завершено
07.11.2019 21:40:47 : Получение списка номеров ТС успешно завершено
07.11.2019 21:40:47 : Получение списка марок сплавов успешно завершено
07.11.2019 21:40:47 : Получение списка типов дефекта успешно завершено
07.11.2019 21:40:47 : Получение списка позиций с сервера успешно завершено
07.11.2019 21:40:47 : Процедура получения параметров с БД успешно завершена
07.11.2019 21:41:34 : Дешифрование пароля успешно завершено
07.11.2019 21:41:34 : Процедура проверки целостности файлов успешно завершена
07.11.2019 21:41:34 : Процедура проверки целостности файлов запущена...
07.11.2019 21:41:40 : Подключение к БД успешно установлено
07.11.2019 21:41:40 : Инициализация процедуры получения параметров с БД
07.11.2019 21:41:40 : Получение списка мест дефекта в производстве успешно завершено
07.11.2019 21:41:40 : Получение списка описаний дефекта успешно завершено
07.11.2019 21:41:40 : Получение списка диаметров успешно завершено
07.11.2019 21:41:40 : Получение списка бригад успешно завершено
07.11.2019 21:41:40 : Получение списка смен успешно завершено
07.11.2019 21:41:40 : Получение списка статусов коррекции успешно завершено
07.11.2019 21:41:40 : Получение списка номеров ТС успешно завершено
07.11.2019 21:41:40 : Получение списка марок сплавов успешно завершено
07.11.2019 21:41:40 : Получение списка типов дефекта успешно завершено
07.11.2019 21:41:40 : Получение списка позиций с сервера успешно завершено
07.11.2019 21:41:40 : Процедура получения параметров с БД успешно завершена
07.11.2019 21:43:14 : Дешифрование пароля успешно завершено
07.11.2019 21:43:14 : Процедура проверки целостности файлов успешно завершена
07.11.2019 21:43:14 : Процедура проверки целостности файлов запущена...
07.11.2019 21:43:52 : Дешифрование пароля успешно завершено
07.11.2019 21:43:52 : Процедура проверки целостности файлов успешно завершена
07.11.2019 21:43:52 : Процедура проверки целостности файлов запущена...
07.11.2019 21:43:58 : Подключение к БД успешно установлено
07.11.2019 21:43:59 : Инициализация процедуры получения параметров с БД
07.11.2019 21:43:59 : Получение списка мест дефекта в производстве успешно завершено
07.11.2019 21:43:59 : Получение списка описаний дефекта успешно завершено
07.11.2019 21:43:59 : Получение списка диаметров успешно завершено
07.11.2019 21:43:59 : Получение списка бригад успешно завершено
07.11.2019 21:43:59 : Получение списка смен успешно завершено
07.11.2019 21:43:59 : Получение списка статусов коррекции успешно завершено
07.11.2019 21:43:59 : Получение списка номеров ТС успешно завершено
07.11.2019 21:43:59 : Получение списка марок сплавов успешно завершено
07.11.2019 21:43:59 : Получение списка типов дефекта успешно завершено
07.11.2019 21:43:59 : Получение списка позиций с сервера успешно завершено
07.11.2019 21:43:59 : Процедура получения параметров с БД успешно завершена
07.11.2019 21:44:51 : Дешифрование пароля успешно завершено
07.11.2019 21:44:51 : Процедура проверки целостности файлов успешно завершена
07.11.2019 21:44:51 : Процедура проверки целостности файлов запущена...
07.11.2019 21:44:57 : Подключение к БД успешно установлено
07.11.2019 21:44:57 : Инициализация процедуры получения параметров с БД
07.11.2019 21:44:57 : Получение списка мест дефекта в производстве успешно завершено
07.11.2019 21:44:57 : Получение списка описаний дефекта успешно завершено
07.11.2019 21:44:57 : Получение списка диаметров успешно завершено
07.11.2019 21:44:57 : Получение списка бригад успешно завершено
07.11.2019 21:44:57 : Получение списка смен успешно завершено
07.11.2019 21:44:57 : Получение списка статусов коррекции успешно завершено
07.11.2019 21:44:57 : Получение списка номеров ТС успешно завершено
07.11.2019 21:44:57 : Получение списка марок сплавов успешно завершено
07.11.2019 21:44:57 : Получение списка типов дефекта успешно завершено
07.11.2019 21:44:57 : Получение списка позиций с сервера успешно завершено
07.11.2019 21:44:57 : Процедура получения параметров с БД успешно завершена
07.11.2019 21:49:25 : Дешифрование пароля успешно завершено
07.11.2019 21:49:25 : Процедура проверки целостности файлов успешно завершена
07.11.2019 21:49:25 : Процедура проверки целостности файлов запущена...
07.11.2019 21:49:31 : Подключение к БД успешно установлено
07.11.2019 21:49:31 : Инициализация процедуры получения параметров с БД
07.11.2019 21:49:31 : Получение списка мест дефекта в производстве успешно завершено
07.11.2019 21:49:31 : Получение списка описаний дефекта успешно завершено
07.11.2019 21:49:31 : Получение списка диаметров успешно завершено
07.11.2019 21:49:31 : Получение списка бригад успешно завершено
07.11.2019 21:49:31 : Получение списка смен успешно завершено
07.11.2019 21:49:31 : Получение списка статусов коррекции успешно завершено
07.11.2019 21:49:31 : Получение списка номеров ТС успешно завершено
07.11.2019 21:49:31 : Получение списка марок сплавов успешно завершено
07.11.2019 21:49:31 : Получение списка типов дефекта успешно завершено
07.11.2019 21:49:31 : Получение списка позиций с сервера успешно завершено
07.11.2019 21:49:31 : Процедура получения параметров с БД успешно завершена
07.11.2019 21:49:50 : Были очищены все поля класса анализа
07.11.2019 21:50:07 : Запуск процедуры изменения конфигурации ПО
07.11.2019 21:50:29 : Получено подтверждения на изменение параметра конфигурации
07.11.2019 21:50:29 : Запуск процедуры изменения параметра конфигурации
07.11.2019 21:50:33 : ошибка при получении параметров модификации: В поле значение должны быть данные
07.11.2019 21:50:37 : ошибка при получении параметров модификации: В поле значение должны быть данные
07.11.2019 21:50:39 : ошибка при получении параметров модификации: В поле значение должны быть данные
07.11.2019 21:50:40 : ошибка при получении параметров модификации: В поле значение должны быть данные
07.11.2019 21:50:41 : ошибка при получении параметров модификации: В поле значение должны быть данные
07.11.2019 21:50:42 : ошибка при получении параметров модификации: В поле значение должны быть данные
07.11.2019 21:51:16 : Были очищены все поля класса анализа
07.11.2019 21:53:00 : Дешифрование пароля успешно завершено
07.11.2019 21:53:00 : Процедура проверки целостности файлов успешно завершена
07.11.2019 21:53:01 : Процедура проверки целостности файлов запущена...
07.11.2019 21:53:07 : Подключение к БД успешно установлено
07.11.2019 21:53:07 : Инициализация процедуры получения параметров с БД
07.11.2019 21:53:07 : Получение списка мест дефекта в производстве успешно завершено
07.11.2019 21:53:07 : Получение списка описаний дефекта успешно завершено
07.11.2019 21:53:07 : Получение списка диаметров успешно завершено
07.11.2019 21:53:07 : Получение списка бригад успешно завершено
07.11.2019 21:53:07 : Получение списка смен успешно завершено
07.11.2019 21:53:07 : Получение списка статусов коррекции успешно завершено
07.11.2019 21:53:07 : Получение списка номеров ТС успешно завершено
07.11.2019 21:53:07 : Получение списка марок сплавов успешно завершено
07.11.2019 21:53:07 : Получение списка типов дефекта успешно завершено
07.11.2019 21:53:07 : Получение списка позиций с сервера успешно завершено
07.11.2019 21:53:07 : Процедура получения параметров с БД успешно завершена
07.11.2019 21:53:37 : Были очищены все поля класса анализа
07.11.2019 21:54:39 : Дешифрование пароля успешно завершено
07.11.2019 21:54:39 : Процедура проверки целостности файлов успешно завершена
07.11.2019 21:54:39 : Процедура проверки целостности файлов запущена...
07.11.2019 21:54:45 : Подключение к БД успешно установлено
07.11.2019 21:54:45 : Инициализация процедуры получения параметров с БД
07.11.2019 21:54:45 : Получение списка мест дефекта в производстве успешно завершено
07.11.2019 21:54:45 : Получение списка описаний дефекта успешно завершено
07.11.2019 21:54:45 : Получение списка диаметров успешно завершено
07.11.2019 21:54:45 : Получение списка бригад успешно завершено
07.11.2019 21:54:45 : Получение списка смен успешно завершено
07.11.2019 21:54:45 : Получение списка статусов коррекции успешно завершено
07.11.2019 21:54:45 : Получение списка номеров ТС успешно завершено
07.11.2019 21:54:45 : Получение списка марок сплавов успешно завершено
07.11.2019 21:54:45 : Получение списка типов дефекта успешно завершено
07.11.2019 21:54:45 : Получение списка позиций с сервера успешно завершено
07.11.2019 21:54:45 : Процедура получения параметров с БД успешно завершена
07.11.2019 21:54:51 : Были очищены все поля класса анализа
07.11.2019 21:55:10 : Были очищены все поля класса анализа
07.11.2019 21:56:02 : Дешифрование пароля успешно завершено
07.11.2019 21:56:02 : Процедура проверки целостности файлов успешно завершена
07.11.2019 21:56:02 : Процедура проверки целостности файлов запущена...
07.11.2019 21:56:08 : Подключение к БД успешно установлено
07.11.2019 21:56:08 : Инициализация процедуры получения параметров с БД
07.11.2019 21:56:08 : Получение списка мест дефекта в производстве успешно завершено
07.11.2019 21:56:08 : Получение списка описаний дефекта успешно завершено
07.11.2019 21:56:08 : Получение списка диаметров успешно завершено
07.11.2019 21:56:08 : Получение списка бригад успешно завершено
07.11.2019 21:56:08 : Получение списка смен успешно завершено
07.11.2019 21:56:08 : Получение списка статусов коррекции успешно завершено
07.11.2019 21:56:08 : Получение списка номеров ТС успешно завершено
07.11.2019 21:56:08 : Получение списка марок сплавов успешно завершено
07.11.2019 21:56:08 : Получение списка типов дефекта успешно завершено
07.11.2019 21:56:08 : Получение списка позиций с сервера успешно завершено
07.11.2019 21:56:08 : Процедура получения параметров с БД успешно завершена
07.11.2019 21:56:23 : Были очищены все поля класса анализа
07.11.2019 21:57:11 : Дешифрование пароля успешно завершено
07.11.2019 21:57:11 : Процедура проверки целостности файлов успешно завершена
07.11.2019 21:57:11 : Процедура проверки целостности файлов запущена...
07.11.2019 21:57:17 : Подключение к БД успешно установлено
07.11.2019 21:57:17 : Инициализация процедуры получения параметров с БД
07.11.2019 21:57:17 : Получение списка мест дефекта в производстве успешно завершено
07.11.2019 21:57:17 : Получение списка описаний дефекта успешно завершено
07.11.2019 21:57:17 : Получение списка диаметров успешно завершено
07.11.2019 21:57:17 : Получение списка бригад успешно завершено
07.11.2019 21:57:17 : Получение списка смен успешно завершено
07.11.2019 21:57:17 : Получение списка статусов коррекции успешно завершено
07.11.2019 21:57:17 : Получение списка номеров ТС успешно завершено
07.11.2019 21:57:17 : Получение списка марок сплавов успешно завершено
07.11.2019 21:57:17 : Получение списка типов дефекта успешно завершено
07.11.2019 21:57:17 : Получение списка позиций с сервера успешно завершено
07.11.2019 21:57:17 : Процедура получения параметров с БД успешно завершена
07.11.2019 21:57:39 : Были очищены все поля класса анализа
07.11.2019 21:58:45 : Дешифрование пароля успешно завершено
07.11.2019 21:58:45 : Процедура проверки целостности файлов успешно завершена
07.11.2019 21:58:45 : Процедура проверки целостности файлов запущена...
07.11.2019 21:58:51 : Подключение к БД успешно установлено
07.11.2019 21:58:51 : Инициализация процедуры получения параметров с БД
07.11.2019 21:58:51 : Получение списка мест дефекта в производстве успешно завершено
07.11.2019 21:58:51 : Получение списка описаний дефекта успешно завершено
07.11.2019 21:58:51 : Получение списка диаметров успешно завершено
07.11.2019 21:58:51 : Получение списка бригад успешно завершено
07.11.2019 21:58:51 : Получение списка смен успешно завершено
07.11.2019 21:58:51 : Получение списка статусов коррекции успешно завершено
07.11.2019 21:58:51 : Получение списка номеров ТС успешно завершено
07.11.2019 21:58:51 : Получение списка марок сплавов успешно завершено
07.11.2019 21:58:51 : Получение списка типов дефекта успешно завершено
07.11.2019 21:58:51 : Получение списка позиций с сервера успешно завершено
07.11.2019 21:58:51 : Процедура получения параметров с БД успешно завершена
07.11.2019 21:59:12 : Были очищены все поля класса анализа
07.11.2019 21:59:41 : Дешифрование пароля успешно завершено
07.11.2019 21:59:41 : Процедура проверки целостности файлов успешно завершена
07.11.2019 21:59:41 : Процедура проверки целостности файлов запущена...
07.11.2019 21:59:47 : Подключение к БД успешно установлено
07.11.2019 21:59:47 : Инициализация процедуры получения параметров с БД
07.11.2019 21:59:47 : Получение списка мест дефекта в производстве успешно завершено
07.11.2019 21:59:47 : Получение списка описаний дефекта успешно завершено
07.11.2019 21:59:47 : Получение списка диаметров успешно завершено
07.11.2019 21:59:47 : Получение списка бригад успешно завершено
07.11.2019 21:59:47 : Получение списка смен успешно завершено
07.11.2019 21:59:47 : Получение списка статусов коррекции успешно завершено
07.11.2019 21:59:47 : Получение списка номеров ТС успешно завершено
07.11.2019 21:59:47 : Получение списка марок сплавов успешно завершено
07.11.2019 21:59:47 : Получение списка типов дефекта успешно завершено
07.11.2019 21:59:47 : Получение списка позиций с сервера успешно завершено
07.11.2019 21:59:47 : Процедура получения параметров с БД успешно завершена
07.11.2019 22:00:04 : Были очищены все поля класса анализа
07.11.2019 22:00:10 : Были очищены все поля класса анализа
07.11.2019 22:04:26 : Дешифрование пароля успешно завершено
07.11.2019 22:04:26 : Процедура проверки целостности файлов успешно завершена
07.11.2019 22:04:26 : Процедура проверки целостности файлов запущена...
07.11.2019 22:04:32 : Подключение к БД успешно установлено
07.11.2019 22:04:32 : Инициализация процедуры получения параметров с БД
07.11.2019 22:04:32 : Получение списка мест дефекта в производстве успешно завершено
07.11.2019 22:04:32 : Получение списка описаний дефекта успешно завершено
07.11.2019 22:04:32 : Получение списка диаметров успешно завершено
07.11.2019 22:04:32 : Получение списка бригад успешно завершено
07.11.2019 22:04:32 : Получение списка смен успешно завершено
07.11.2019 22:04:32 : Получение списка статусов коррекции успешно завершено
07.11.2019 22:04:32 : Получение списка номеров ТС успешно завершено
07.11.2019 22:04:32 : Получение списка марок сплавов успешно завершено
07.11.2019 22:04:32 : Получение списка типов дефекта успешно завершено
07.11.2019 22:04:32 : Получение списка позиций с сервера успешно завершено
07.11.2019 22:04:32 : Процедура получения параметров с БД успешно завершена
07.11.2019 22:04:38 : Обновление статуса коррекции успешно завершено
07.11.2019 22:04:38 : Получение списка мест дефекта в производстве успешно завершено
07.11.2019 22:04:38 : Получение списка описаний дефекта успешно завершено
07.11.2019 22:04:38 : Получение списка диаметров успешно завершено
07.11.2019 22:04:38 : Получение списка бригад успешно завершено
07.11.2019 22:04:38 : Получение списка смен успешно завершено
07.11.2019 22:04:38 : Получение списка статусов коррекции успешно завершено
07.11.2019 22:04:38 : Получение списка номеров ТС успешно завершено
07.11.2019 22:04:38 : Получение списка марок сплавов успешно завершено
07.11.2019 22:04:38 : Получение списка типов дефекта успешно завершено
07.11.2019 22:04:38 : Получение списка позиций с сервера успешно завершено
07.11.2019 22:04:42 : Обновление статуса коррекции успешно завершено
07.11.2019 22:04:42 : Получение списка мест дефекта в производстве успешно завершено
07.11.2019 22:04:42 : Получение списка описаний дефекта успешно завершено
07.11.2019 22:04:42 : Получение списка диаметров успешно завершено
07.11.2019 22:04:42 : Получение списка бригад успешно завершено
07.11.2019 22:04:42 : Получение списка смен успешно завершено
07.11.2019 22:04:42 : Получение списка статусов коррекции успешно завершено
07.11.2019 22:04:42 : Получение списка номеров ТС успешно завершено
07.11.2019 22:04:42 : Получение списка марок сплавов успешно завершено
07.11.2019 22:04:42 : Получение списка типов дефекта успешно завершено
07.11.2019 22:04:42 : Получение списка позиций с сервера успешно завершено
07.11.2019 22:04:48 : Обновление статуса коррекции успешно завершено
07.11.2019 22:04:48 : Получение списка мест дефекта в производстве успешно завершено
07.11.2019 22:04:48 : Получение списка описаний дефекта успешно завершено
07.11.2019 22:04:48 : Получение списка диаметров успешно завершено
07.11.2019 22:04:48 : Получение списка бригад успешно завершено
07.11.2019 22:04:48 : Получение списка смен успешно завершено
07.11.2019 22:04:48 : Получение списка статусов коррекции успешно завершено
07.11.2019 22:04:48 : Получение списка номеров ТС успешно завершено
07.11.2019 22:04:48 : Получение списка марок сплавов успешно завершено
07.11.2019 22:04:48 : Получение списка типов дефекта успешно завершено
07.11.2019 22:04:48 : Получение списка позиций с сервера успешно завершено
07.11.2019 22:04:55 : Запуск процедуры демонстрации места дефекта на слитке
07.11.2019 22:04:59 : Запуск процедуры демонстрации места дефекта на слитке
07.11.2019 22:05:02 : Запуск процедуры демонстрации места дефекта на слитке
07.11.2019 22:05:04 : Запуск процеры поиска по параметрам
07.11.2019 22:05:35 : Отображение позиций по заданным параметрам
07.11.2019 22:05:56 : Процеры поиска по параметрам завершена
07.11.2019 22:06:22 : Запуск процеры поиска по параметрам
07.11.2019 22:06:22 : Перебор значений по заданным параметрам успешно завершен
07.11.2019 22:06:23 : Отображение позиций по заданным параметрам
07.11.2019 22:06:23 : Процеры поиска по параметрам завершена
07.11.2019 22:06:27 : Запуск процеры поиска по параметрам
07.11.2019 22:06:27 : Перебор значений по заданным параметрам успешно завершен
07.11.2019 22:06:27 : Отображение позиций по заданным параметрам
07.11.2019 22:06:27 : Процеры поиска по параметрам завершена
07.11.2019 22:06:30 : Запуск процеры поиска по параметрам
07.11.2019 22:06:30 : Перебор значений по заданным параметрам успешно завершен
07.11.2019 22:06:30 : Отображение позиций по заданным параметрам
07.11.2019 22:06:30 : Процеры поиска по параметрам завершена
07.11.2019 22:06:32 : Запуск процеры поиска по параметрам
07.11.2019 22:06:32 : Перебор значений по заданным параметрам успешно завершен
07.11.2019 22:06:32 : Отображение позиций по заданным параметрам
07.11.2019 22:06:32 : Процеры поиска по параметрам завершена
07.11.2019 22:06:43 : Запуск процеры поиска по параметрам
07.11.2019 22:06:43 : Перебор значений по заданным параметрам успешно завершен
07.11.2019 22:06:43 : Отображение позиций по заданным параметрам
07.11.2019 22:06:43 : Процеры поиска по параметрам завершена
07.11.2019 22:06:59 : Запуск процеры поиска по параметрам
07.11.2019 22:06:59 : Перебор значений по заданным параметрам успешно завершен
07.11.2019 22:06:59 : Отображение позиций по заданным параметрам
07.11.2019 22:06:59 : Процеры поиска по параметрам завершена
07.11.2019 22:07:07 : Запуск процеры поиска по параметрам
07.11.2019 22:07:07 : Перебор значений по заданным параметрам успешно завершен
07.11.2019 22:07:07 : Отображение позиций по заданным параметрам
07.11.2019 22:07:07 : Процеры поиска по параметрам завершена
07.11.2019 22:07:29 : Запуск процедуры изменения конфигурации ПО
07.11.2019 22:08:00 : Запуск процедура обычного анализа
07.11.2019 22:08:04 : Запуск процедуры получения анализа
07.11.2019 22:08:04 : Создание диаграммы краткого отчета завершено успешно
07.11.2019 22:08:04 : Заполнение таблицы краткого отчета завершено успешно
07.11.2019 22:08:04 : Краткий анализ бригада вес выполнен
07.11.2019 22:08:04 : Выполнение анализа по параметру: Вес | Бригада
07.11.2019 22:08:04 : Процедура получения анализа завершена
07.11.2019 22:08:30 : Запуск процедуры получения анализа
07.11.2019 22:08:30 : Создание диаграммы краткого отчета завершено успешно
07.11.2019 22:08:30 : Заполнение таблицы краткого отчета завершено успешно
07.11.2019 22:08:30 : Краткий анализ описание вес выполнен
07.11.2019 22:08:30 : Выполнение анализа по параметру: Вес | Описание
07.11.2019 22:08:30 : Процедура получения анализа завершена
07.11.2019 22:08:33 : Запуск процедуры получения анализа
07.11.2019 22:08:33 : Создание диаграммы краткого отчета завершено успешно
07.11.2019 22:08:34 : Заполнение таблицы краткого отчета завершено успешно
07.11.2019 22:08:34 : Краткий анализ номер ТС количество выполнен
07.11.2019 22:08:34 : Выполнение анализа по параметру: Количество | Номер ТС
07.11.2019 22:08:34 : Процедура получения анализа завершена
07.11.2019 22:08:38 : Запуск процедуры получения анализа
07.11.2019 22:08:38 : Создание диаграммы краткого отчета завершено успешно
07.11.2019 22:08:38 : Заполнение таблицы краткого отчета завершено успешно
07.11.2019 22:08:38 : Краткий анализ описание количество выполнен
07.11.2019 22:08:38 : Выполнение анализа по параметру: Количество | Описание
07.11.2019 22:08:38 : Процедура получения анализа завершена
07.11.2019 22:08:40 : Запуск процедуры получения анализа
07.11.2019 22:08:40 : Создание диаграммы краткого отчета завершено успешно
07.11.2019 22:08:40 : Заполнение таблицы краткого отчета завершено успешно
07.11.2019 22:08:40 : Краткий анализ описание количество выполнен
07.11.2019 22:08:40 : Выполнение анализа по параметру: Количество | Описание
07.11.2019 22:08:40 : Процедура получения анализа завершена
07.11.2019 22:08:47 : Запуск процедуры получения анализа
07.11.2019 22:08:47 : Создание диаграммы краткого отчета завершено успешно
07.11.2019 22:08:47 : Заполнение таблицы краткого отчета завершено успешно
07.11.2019 22:08:47 : Краткий анализ диаметр вес выполнен
07.11.2019 22:08:47 : Выполнение анализа по параметру: Вес | Диаметр
07.11.2019 22:08:47 : Процедура получения анализа завершена
07.11.2019 22:09:17 : Были очищены все поля класса анализа
07.11.2019 22:09:17 : Очистка памяти после выполнения анализа успешно завершена
07.11.2019 22:09:21 : Запуск процедуры построение отчета
07.11.2019 22:10:00 : Были очищены все поля класса анализа
07.11.2019 22:10:09 : Запуск процедуры изменения позиции
07.11.2019 22:10:09 : Получение текущих данных выбранного объекта успешно завершено
07.11.2019 22:10:25 : Процедура изменения позиции завершена
07.11.2019 22:16:03 : Дешифрование пароля успешно завершено
07.11.2019 22:16:03 : Процедура проверки целостности файлов успешно завершена
07.11.2019 22:16:03 : Процедура проверки целостности файлов запущена...
07.11.2019 22:16:09 : Подключение к БД успешно установлено
07.11.2019 22:16:09 : Инициализация процедуры получения параметров с БД
07.11.2019 22:16:09 : Получение списка мест дефекта в производстве успешно завершено
07.11.2019 22:16:09 : Получение списка описаний дефекта успешно завершено
07.11.2019 22:16:09 : Получение списка диаметров успешно завершено
07.11.2019 22:16:09 : Получение списка бригад успешно завершено
07.11.2019 22:16:09 : Получение списка смен успешно завершено
07.11.2019 22:16:09 : Получение списка статусов коррекции успешно завершено
07.11.2019 22:16:09 : Получение списка номеров ТС успешно завершено
07.11.2019 22:16:09 : Получение списка марок сплавов успешно завершено
07.11.2019 22:16:09 : Получение списка типов дефекта успешно завершено
07.11.2019 22:16:09 : Получение списка позиций с сервера успешно завершено
07.11.2019 22:16:09 : Процедура получения параметров с БД успешно завершена
07.11.2019 22:16:15 : Были очищены все поля класса анализа
07.11.2019 22:16:21 : Были очищены все поля класса анализа
07.11.2019 22:16:24 : Дешифрование пароля успешно завершено
07.11.2019 22:16:24 : Процедура проверки целостности файлов успешно завершена
07.11.2019 22:16:24 : Процедура проверки целостности файлов запущена...
07.11.2019 22:16:30 : Подключение к БД успешно установлено
07.11.2019 22:16:30 : Инициализация процедуры получения параметров с БД
07.11.2019 22:16:30 : Получение списка мест дефекта в производстве успешно завершено
07.11.2019 22:16:30 : Получение списка описаний дефекта успешно завершено
07.11.2019 22:16:30 : Получение списка диаметров успешно завершено
07.11.2019 22:16:30 : Получение списка бригад успешно завершено
07.11.2019 22:16:30 : Получение списка смен успешно завершено
07.11.2019 22:16:30 : Получение списка статусов коррекции успешно завершено
07.11.2019 22:16:30 : Получение списка номеров ТС успешно завершено
07.11.2019 22:16:30 : Получение списка марок сплавов успешно завершено
07.11.2019 22:16:30 : Получение списка типов дефекта успешно завершено
07.11.2019 22:16:30 : Получение списка позиций с сервера успешно завершено
07.11.2019 22:16:30 : Процедура получения параметров с БД успешно завершена
07.11.2019 22:16:33 : Дешифрование пароля успешно завершено
07.11.2019 22:16:33 : Процедура проверки целостности файлов успешно завершена
07.11.2019 22:16:33 : Процедура проверки целостности файлов запущена...
07.11.2019 22:16:39 : Подключение к БД успешно установлено
07.11.2019 22:16:39 : Инициализация процедуры получения параметров с БД
07.11.2019 22:16:39 : Получение списка мест дефекта в производстве успешно завершено
07.11.2019 22:16:39 : Получение списка описаний дефекта успешно завершено
07.11.2019 22:16:39 : Получение списка диаметров успешно завершено
07.11.2019 22:16:39 : Получение списка бригад успешно завершено
07.11.2019 22:16:39 : Получение списка смен успешно завершено
07.11.2019 22:16:39 : Получение списка статусов коррекции успешно завершено
07.11.2019 22:16:39 : Получение списка номеров ТС успешно завершено
07.11.2019 22:16:39 : Получение списка марок сплавов успешно завершено
07.11.2019 22:16:39 : Получение списка типов дефекта успешно завершено
07.11.2019 22:16:39 : Получение списка позиций с сервера успешно завершено
07.11.2019 22:16:39 : Процедура получения параметров с БД успешно завершена
07.11.2019 22:16:43 : Дешифрование пароля успешно завершено
07.11.2019 22:16:43 : Процедура проверки целостности файлов успешно завершена
07.11.2019 22:16:43 : Процедура проверки целостности файлов запущена...
07.11.2019 22:16:49 : Подключение к БД успешно установлено
07.11.2019 22:16:49 : Инициализация процедуры получения параметров с БД
07.11.2019 22:16:49 : Получение списка мест дефекта в производстве успешно завершено
07.11.2019 22:16:49 : Получение списка описаний дефекта успешно завершено
07.11.2019 22:16:49 : Получение списка диаметров успешно завершено
07.11.2019 22:16:49 : Получение списка бригад успешно завершено
07.11.2019 22:16:49 : Получение списка смен успешно завершено
07.11.2019 22:16:49 : Получение списка статусов коррекции успешно завершено
07.11.2019 22:16:49 : Получение списка номеров ТС успешно завершено
07.11.2019 22:16:49 : Получение списка марок сплавов успешно завершено
07.11.2019 22:16:49 : Получение списка типов дефекта успешно завершено
07.11.2019 22:16:49 : Получение списка позиций с сервера успешно завершено
07.11.2019 22:16:49 : Процедура получения параметров с БД успешно завершена
07.11.2019 22:16:51 : Запуск процедуры изменения позиции
07.11.2019 22:16:51 : Получение текущих данных выбранного объекта успешно завершено
07.11.2019 22:16:52 : Процедура изменения позиции завершена
07.11.2019 22:16:56 : Дешифрование пароля успешно завершено
07.11.2019 22:16:56 : Процедура проверки целостности файлов успешно завершена
07.11.2019 22:16:57 : Процедура проверки целостности файлов запущена...
07.11.2019 22:17:05 : Дешифрование пароля успешно завершено
07.11.2019 22:17:05 : Процедура проверки целостности файлов успешно завершена
07.11.2019 22:17:06 : Процедура проверки целостности файлов запущена...
07.11.2019 22:17:12 : Подключение к БД успешно установлено
07.11.2019 22:17:12 : Инициализация процедуры получения параметров с БД
07.11.2019 22:17:12 : Получение списка мест дефекта в производстве успешно завершено
07.11.2019 22:17:12 : Получение списка описаний дефекта успешно завершено
07.11.2019 22:17:12 : Получение списка диаметров успешно завершено
07.11.2019 22:17:12 : Получение списка бригад успешно завершено
07.11.2019 22:17:12 : Получение списка смен успешно завершено
07.11.2019 22:17:12 : Получение списка статусов коррекции успешно завершено
07.11.2019 22:17:12 : Получение списка номеров ТС успешно завершено
07.11.2019 22:17:12 : Получение списка марок сплавов успешно завершено
07.11.2019 22:17:12 : Получение списка типов дефекта успешно завершено
07.11.2019 22:17:12 : Получение списка позиций с сервера успешно завершено
07.11.2019 22:17:12 : Процедура получения параметров с БД успешно завершена
07.11.2019 22:17:15 : Дешифрование пароля успешно завершено
07.11.2019 22:17:15 : Процедура проверки целостности файлов успешно завершена
07.11.2019 22:17:15 : Процедура проверки целостности файлов запущена...
07.11.2019 22:17:21 : Подключение к БД успешно установлено
07.11.2019 22:17:21 : Инициализация процедуры получения параметров с БД
07.11.2019 22:17:21 : Получение списка мест дефекта в производстве успешно завершено
07.11.2019 22:17:21 : Получение списка описаний дефекта успешно завершено
07.11.2019 22:17:21 : Получение списка диаметров успешно завершено
07.11.2019 22:17:21 : Получение списка бригад успешно завершено
07.11.2019 22:17:21 : Получение списка смен успешно завершено
07.11.2019 22:17:21 : Получение списка статусов коррекции успешно завершено
07.11.2019 22:17:21 : Получение списка номеров ТС успешно завершено
07.11.2019 22:17:21 : Получение списка марок сплавов успешно завершено
07.11.2019 22:17:21 : Получение списка типов дефекта успешно завершено
07.11.2019 22:17:21 : Получение списка позиций с сервера успешно завершено
07.11.2019 22:17:21 : Процедура получения параметров с БД успешно завершена
07.11.2019 22:17:25 : Были очищены все поля класса анализа
07.11.2019 22:17:29 : Дешифрование пароля успешно завершено
07.11.2019 22:17:29 : Процедура проверки целостности файлов успешно завершена
07.11.2019 22:17:29 : Процедура проверки целостности файлов запущена...
07.11.2019 22:17:35 : Подключение к БД успешно установлено
07.11.2019 22:17:35 : Инициализация процедуры получения параметров с БД
07.11.2019 22:17:35 : Получение списка мест дефекта в производстве успешно завершено
07.11.2019 22:17:35 : Получение списка описаний дефекта успешно завершено
07.11.2019 22:17:35 : Получение списка диаметров успешно завершено
07.11.2019 22:17:35 : Получение списка бригад успешно завершено
07.11.2019 22:17:35 : Получение списка смен успешно завершено
07.11.2019 22:17:35 : Получение списка статусов коррекции успешно завершено
07.11.2019 22:17:35 : Получение списка номеров ТС успешно завершено
07.11.2019 22:17:35 : Получение списка марок сплавов успешно завершено
07.11.2019 22:17:35 : Получение списка типов дефекта успешно завершено
07.11.2019 22:17:35 : Получение списка позиций с сервера успешно завершено
07.11.2019 22:17:35 : Процедура получения параметров с БД успешно завершена
07.11.2019 22:18:57 : Запуск процедуры изменения позиции
07.11.2019 22:18:57 : Получение текущих данных выбранного объекта успешно завершено
07.11.2019 22:18:59 : Процедура изменения позиции завершена
07.11.2019 22:19:03 : Запуск процедура обычного анализа
07.11.2019 22:19:04 : Запуск процедуры получения анализа
07.11.2019 22:19:04 : Создание диаграммы краткого отчета завершено успешно
07.11.2019 22:19:04 : Заполнение таблицы краткого отчета завершено успешно
07.11.2019 22:19:04 : Краткий анализ бригада вес выполнен
07.11.2019 22:19:04 : Выполнение анализа по параметру: Вес | Бригада
07.11.2019 22:19:04 : Процедура получения анализа завершена
07.11.2019 22:19:06 : Были очищены все поля класса анализа
07.11.2019 22:19:06 : Очистка памяти после выполнения анализа успешно завершена
07.11.2019 22:19:10 : Дешифрование пароля успешно завершено
07.11.2019 22:19:10 : Процедура проверки целостности файлов успешно завершена
07.11.2019 22:19:10 : Процедура проверки целостности файлов запущена...
07.11.2019 22:19:16 : Подключение к БД успешно установлено
07.11.2019 22:19:16 : Инициализация процедуры получения параметров с БД
07.11.2019 22:19:16 : Получение списка мест дефекта в производстве успешно завершено
07.11.2019 22:19:16 : Получение списка описаний дефекта успешно завершено
07.11.2019 22:19:16 : Получение списка диаметров успешно завершено
07.11.2019 22:19:16 : Получение списка бригад успешно завершено
07.11.2019 22:19:16 : Получение списка смен успешно завершено
07.11.2019 22:19:16 : Получение списка статусов коррекции успешно завершено
07.11.2019 22:19:16 : Получение списка номеров ТС успешно завершено
07.11.2019 22:19:16 : Получение списка марок сплавов успешно завершено
07.11.2019 22:19:16 : Получение списка типов дефекта успешно завершено
07.11.2019 22:19:16 : Получение списка позиций с сервера успешно завершено
07.11.2019 22:19:16 : Процедура получения параметров с БД успешно завершена
07.11.2019 22:19:18 : Запуск процедуры построение отчета
07.11.2019 22:19:21 : Запуск процедура обычного анализа
07.11.2019 22:19:24 : Были очищены все поля класса анализа
07.11.2019 22:19:24 : Очистка памяти после выполнения анализа успешно завершена
07.11.2019 22:19:29 : Дешифрование пароля успешно завершено
07.11.2019 22:19:29 : Процедура проверки целостности файлов успешно завершена
07.11.2019 22:19:29 : Процедура проверки целостности файлов запущена...
07.11.2019 22:19:35 : Подключение к БД успешно установлено
07.11.2019 22:19:35 : Инициализация процедуры получения параметров с БД
07.11.2019 22:19:35 : Получение списка мест дефекта в производстве успешно завершено
07.11.2019 22:19:35 : Получение списка описаний дефекта успешно завершено
07.11.2019 22:19:35 : Получение списка диаметров успешно завершено
07.11.2019 22:19:35 : Получение списка бригад успешно завершено
07.11.2019 22:19:35 : Получение списка смен успешно завершено
07.11.2019 22:19:35 : Получение списка статусов коррекции успешно завершено
07.11.2019 22:19:35 : Получение списка номеров ТС успешно завершено
07.11.2019 22:19:35 : Получение списка марок сплавов успешно завершено
07.11.2019 22:19:35 : Получение списка типов дефекта успешно завершено
07.11.2019 22:19:35 : Получение списка позиций с сервера успешно завершено
07.11.2019 22:19:35 : Процедура получения параметров с БД успешно завершена
07.11.2019 22:19:38 : Запуск процедуры изменения конфигурации ПО
07.11.2019 22:19:54 : Дешифрование пароля успешно завершено
07.11.2019 22:19:54 : Процедура проверки целостности файлов успешно завершена
07.11.2019 22:19:54 : Процедура проверки целостности файлов запущена...
07.11.2019 22:20:00 : Подключение к БД успешно установлено
07.11.2019 22:20:00 : Инициализация процедуры получения параметров с БД
07.11.2019 22:20:00 : Получение списка мест дефекта в производстве успешно завершено
07.11.2019 22:20:00 : Получение списка описаний дефекта успешно завершено
07.11.2019 22:20:00 : Получение списка диаметров успешно завершено
07.11.2019 22:20:00 : Получение списка бригад успешно завершено
07.11.2019 22:20:00 : Получение списка смен успешно завершено
07.11.2019 22:20:00 : Получение списка статусов коррекции успешно завершено
07.11.2019 22:20:00 : Получение списка номеров ТС успешно завершено
07.11.2019 22:20:00 : Получение списка марок сплавов успешно завершено
07.11.2019 22:20:00 : Получение списка типов дефекта успешно завершено
07.11.2019 22:20:00 : Получение списка позиций с сервера успешно завершено
07.11.2019 22:20:00 : Процедура получения параметров с БД успешно завершена
07.11.2019 22:20:04 : Дешифрование пароля успешно завершено
07.11.2019 22:20:04 : Процедура проверки целостности файлов успешно завершена
07.11.2019 22:20:04 : Процедура проверки целостности файлов запущена...
07.11.2019 22:20:10 : Подключение к БД успешно установлено
07.11.2019 22:20:10 : Инициализация процедуры получения параметров с БД
07.11.2019 22:20:10 : Получение списка мест дефекта в производстве успешно завершено
07.11.2019 22:20:10 : Получение списка описаний дефекта успешно завершено
07.11.2019 22:20:10 : Получение списка диаметров успешно завершено
07.11.2019 22:20:10 : Получение списка бригад успешно завершено
07.11.2019 22:20:10 : Получение списка смен успешно завершено
07.11.2019 22:20:10 : Получение списка статусов коррекции успешно завершено
07.11.2019 22:20:10 : Получение списка номеров ТС успешно завершено
07.11.2019 22:20:10 : Получение списка марок сплавов успешно завершено
07.11.2019 22:20:10 : Получение списка типов дефекта успешно завершено
07.11.2019 22:20:10 : Получение списка позиций с сервера успешно завершено
07.11.2019 22:20:10 : Процедура получения параметров с БД успешно завершена
07.11.2019 22:20:12 : Запуск процедура обычного анализа
07.11.2019 22:20:15 : Запуск процедуры получения анализа
07.11.2019 22:20:15 : Создание диаграммы краткого отчета завершено успешно
07.11.2019 22:20:15 : Заполнение таблицы краткого отчета завершено успешно
07.11.2019 22:20:15 : Краткий анализ номер ТС вес выполнен
07.11.2019 22:20:15 : Выполнение анализа по параметру: Вес | Номер ТС
07.11.2019 22:20:15 : Процедура получения анализа завершена
07.11.2019 22:20:21 : Запуск процедуры получения анализа
07.11.2019 22:20:21 : Создание диаграммы краткого отчета завершено успешно
07.11.2019 22:20:21 : Заполнение таблицы краткого отчета завершено успешно
07.11.2019 22:20:21 : Краткий анализ номер ТС вес выполнен
07.11.2019 22:20:21 : Выполнение анализа по параметру: Вес | Номер ТС
07.11.2019 22:20:21 : Процедура получения анализа завершена
07.11.2019 22:20:54 : Запуск процедуры получения анализа
07.11.2019 22:20:54 : Создание диаграммы краткого отчета завершено успешно
07.11.2019 22:20:54 : Заполнение таблицы краткого отчета завершено успешно
07.11.2019 22:20:54 : Краткий анализ номер ТС вес выполнен
07.11.2019 22:20:54 : Выполнение анализа по параметру: Вес | Номер ТС
07.11.2019 22:20:54 : Процедура получения анализа завершена
07.11.2019 22:20:56 : Были очищены все поля класса анализа
07.11.2019 22:20:56 : Очистка памяти после выполнения анализа успешно завершена
07.11.2019 22:20:56 : Процедура обычного анализа успешно завершена
07.11.2019 22:21:00 : Дешифрование пароля успешно завершено
07.11.2019 22:21:00 : Процедура проверки целостности файлов успешно завершена
07.11.2019 22:21:00 : Процедура проверки целостности файлов запущена...
07.11.2019 22:21:06 : Подключение к БД успешно установлено
07.11.2019 22:21:06 : Инициализация процедуры получения параметров с БД
07.11.2019 22:21:06 : Получение списка мест дефекта в производстве успешно завершено
07.11.2019 22:21:06 : Получение списка описаний дефекта успешно завершено
07.11.2019 22:21:06 : Получение списка диаметров успешно завершено
07.11.2019 22:21:06 : Получение списка бригад успешно завершено
07.11.2019 22:21:06 : Получение списка смен успешно завершено
07.11.2019 22:21:06 : Получение списка статусов коррекции успешно завершено
07.11.2019 22:21:06 : Получение списка номеров ТС успешно завершено
07.11.2019 22:21:06 : Получение списка марок сплавов успешно завершено
07.11.2019 22:21:06 : Получение списка типов дефекта успешно завершено
07.11.2019 22:21:06 : Получение списка позиций с сервера успешно завершено
07.11.2019 22:21:06 : Процедура получения параметров с БД успешно завершена
07.11.2019 22:21:14 : Дешифрование пароля успешно завершено
07.11.2019 22:21:14 : Процедура проверки целостности файлов успешно завершена
07.11.2019 22:21:14 : Процедура проверки целостности файлов запущена...
07.11.2019 22:21:20 : Подключение к БД успешно установлено
07.11.2019 22:21:20 : Инициализация процедуры получения параметров с БД
07.11.2019 22:21:20 : Получение списка мест дефекта в производстве успешно завершено
07.11.2019 22:21:20 : Получение списка описаний дефекта успешно завершено
07.11.2019 22:21:20 : Получение списка диаметров успешно завершено
07.11.2019 22:21:20 : Получение списка бригад успешно завершено
07.11.2019 22:21:20 : Получение списка смен успешно завершено
07.11.2019 22:21:20 : Получение списка статусов коррекции успешно завершено
07.11.2019 22:21:20 : Получение списка номеров ТС успешно завершено
07.11.2019 22:21:20 : Получение списка марок сплавов успешно завершено
07.11.2019 22:21:20 : Получение списка типов дефекта успешно завершено
07.11.2019 22:21:20 : Получение списка позиций с сервера успешно завершено
07.11.2019 22:21:20 : Процедура получения параметров с БД успешно завершена
07.11.2019 22:22:02 : Дешифрование пароля успешно завершено
07.11.2019 22:22:02 : Процедура проверки целостности файлов успешно завершена
07.11.2019 22:22:02 : Процедура проверки целостности файлов запущена...
07.11.2019 22:22:11 : Ошибка при подключении к БД. Работа приложения остановлена
07.11.2019 22:22:36 : Дешифрование пароля успешно завершено
07.11.2019 22:22:36 : Процедура проверки целостности файлов успешно завершена
07.11.2019 22:22:36 : Процедура проверки целостности файлов запущена...
07.11.2019 22:22:42 : Подключение к БД успешно установлено
07.11.2019 22:22:42 : Инициализация процедуры получения параметров с БД
07.11.2019 22:22:42 : Получение списка мест дефекта в производстве успешно завершено
07.11.2019 22:22:42 : Получение списка описаний дефекта успешно завершено
07.11.2019 22:22:42 : Получение списка диаметров успешно завершено
07.11.2019 22:22:42 : Получение списка бригад успешно завершено
07.11.2019 22:22:42 : Получение списка смен успешно завершено
07.11.2019 22:22:42 : Получение списка статусов коррекции успешно завершено
07.11.2019 22:22:42 : Получение списка номеров ТС успешно завершено
07.11.2019 22:22:42 : Получение списка марок сплавов успешно завершено
07.11.2019 22:22:42 : Получение списка типов дефекта успешно завершено
07.11.2019 22:22:42 : Получение списка позиций с сервера успешно завершено
07.11.2019 22:22:42 : Процедура получения параметров с БД успешно завершена
07.11.2019 22:22:50 : Запуск процедуры изменения конфигурации ПО
07.11.2019 22:22:58 : Запуск процедуры изменения конфигурации ПО
07.11.2019 22:24:05 : Дешифрование пароля успешно завершено
07.11.2019 22:24:05 : Процедура проверки целостности файлов успешно завершена
07.11.2019 22:24:05 : Процедура проверки целостности файлов запущена...
07.11.2019 22:24:11 : Подключение к БД успешно установлено
07.11.2019 22:24:11 : Инициализация процедуры получения параметров с БД
07.11.2019 22:24:11 : Получение списка мест дефекта в производстве успешно завершено
07.11.2019 22:24:11 : Получение списка описаний дефекта успешно завершено
07.11.2019 22:24:11 : Получение списка диаметров успешно завершено
07.11.2019 22:24:11 : Получение списка бригад успешно завершено
07.11.2019 22:24:11 : Получение списка смен успешно завершено
07.11.2019 22:24:11 : Получение списка статусов коррекции успешно завершено
07.11.2019 22:24:11 : Получение списка номеров ТС успешно завершено
07.11.2019 22:24:11 : Получение списка марок сплавов успешно завершено
07.11.2019 22:24:11 : Получение списка типов дефекта успешно завершено
07.11.2019 22:24:11 : Получение списка позиций с сервера успешно завершено
07.11.2019 22:24:11 : Процедура получения параметров с БД успешно завершена
07.11.2019 22:24:13 : Запуск процедуры добавления позиции
07.11.2019 22:24:24 : Процедура добавления позиции завершена
07.11.2019 22:24:41 : Дешифрование пароля успешно завершено
07.11.2019 22:24:41 : Процедура проверки целостности файлов успешно завершена
07.11.2019 22:24:41 : Процедура проверки целостности файлов запущена...
07.11.2019 22:24:52 : Дешифрование пароля успешно завершено
07.11.2019 22:24:52 : Процедура проверки целостности файлов успешно завершена
07.11.2019 22:24:52 : Процедура проверки целостности файлов запущена...
07.11.2019 22:24:58 : Подключение к БД успешно установлено
07.11.2019 22:24:58 : Инициализация процедуры получения параметров с БД
07.11.2019 22:24:58 : Получение списка мест дефекта в производстве успешно завершено
07.11.2019 22:24:58 : Получение списка описаний дефекта успешно завершено
07.11.2019 22:24:59 : Получение списка диаметров успешно завершено
07.11.2019 22:24:59 : Получение списка бригад успешно завершено
07.11.2019 22:24:59 : Получение списка смен успешно завершено
07.11.2019 22:24:59 : Получение списка статусов коррекции успешно завершено
07.11.2019 22:24:59 : Получение списка номеров ТС успешно завершено
07.11.2019 22:24:59 : Получение списка марок сплавов успешно завершено
07.11.2019 22:24:59 : Получение списка типов дефекта успешно завершено
07.11.2019 22:24:59 : Получение списка позиций с сервера успешно завершено
07.11.2019 22:24:59 : Процедура получения параметров с БД успешно завершена
07.11.2019 22:25:37 : Дешифрование пароля успешно завершено
07.11.2019 22:25:37 : Процедура проверки целостности файлов успешно завершена
07.11.2019 22:25:37 : Процедура проверки целостности файлов запущена...
07.11.2019 22:25:43 : Подключение к БД успешно установлено
07.11.2019 22:25:43 : Инициализация процедуры получения параметров с БД
07.11.2019 22:25:43 : Получение списка мест дефекта в производстве успешно завершено
07.11.2019 22:25:43 : Получение списка описаний дефекта успешно завершено
07.11.2019 22:25:43 : Получение списка диаметров успешно завершено
07.11.2019 22:25:43 : Получение списка бригад успешно завершено
07.11.2019 22:25:43 : Получение списка смен успешно завершено
07.11.2019 22:25:43 : Получение списка статусов коррекции успешно завершено
07.11.2019 22:25:43 : Получение списка номеров ТС успешно завершено
07.11.2019 22:25:43 : Получение списка марок сплавов успешно завершено
07.11.2019 22:25:43 : Получение списка типов дефекта успешно завершено
07.11.2019 22:25:44 : Получение списка позиций с сервера успешно завершено
07.11.2019 22:25:44 : Процедура получения параметров с БД успешно завершена
07.11.2019 22:25:46 : Запуск процедуры построение отчета
07.11.2019 22:25:49 : Запуск процедуры изменения конфигурации ПО
07.11.2019 22:25:53 : Запуск процедуру изменения параметров БД
07.11.2019 22:25:53 : Получение системного пути резервной копии БД успешно завершено
07.11.2019 22:26:02 : Были очищены все поля класса анализа
07.11.2019 22:26:08 : Были очищены все поля класса анализа
07.11.2019 22:26:48 : Дешифрование пароля успешно завершено
07.11.2019 22:26:48 : Процедура проверки целостности файлов успешно завершена
07.11.2019 22:26:48 : Процедура проверки целостности файлов запущена...
07.11.2019 22:26:54 : Подключение к БД успешно установлено
07.11.2019 22:26:54 : Инициализация процедуры получения параметров с БД
07.11.2019 22:26:54 : Получение списка мест дефекта в производстве успешно завершено
07.11.2019 22:26:54 : Получение списка описаний дефекта успешно завершено
07.11.2019 22:26:54 : Получение списка диаметров успешно завершено
07.11.2019 22:26:54 : Получение списка бригад успешно завершено
07.11.2019 22:26:54 : Получение списка смен успешно завершено
07.11.2019 22:26:54 : Получение списка статусов коррекции успешно завершено
07.11.2019 22:26:54 : Получение списка номеров ТС успешно завершено
07.11.2019 22:26:54 : Получение списка марок сплавов успешно завершено
07.11.2019 22:26:54 : Получение списка типов дефекта успешно завершено
07.11.2019 22:26:54 : Получение списка позиций с сервера успешно завершено
07.11.2019 22:26:54 : Процедура получения параметров с БД успешно завершена
07.11.2019 22:27:06 : Запуск процедуру изменения параметров БД
07.11.2019 22:27:06 : Получение системного пути резервной копии БД успешно завершено
07.11.2019 22:27:08 : Запуск процедуры выбора пути резервной копии БД
07.11.2019 22:27:17 : Процедура выбора пути резервной копии БД успешно завершена
07.11.2019 22:27:18 : Запуск процедуры записи пути резервной копии БД
07.11.2019 22:27:19 : Запись системного пути резервной копии БД успешно завершена
07.11.2019 22:27:19 : Процедурыа записи пути резервной копии БД завершена
07.11.2019 22:27:20 : Запуск процедуры резервной копии БД
07.11.2019 22:27:22 : Резервная копия успешно создана
07.11.2019 22:27:22 : Процедура резервной копии БД завершена
07.11.2019 22:27:23 : Запуск процедуры резервной копии БД
07.11.2019 22:27:24 : Резервная копия успешно создана
07.11.2019 22:27:24 : Процедура резервной копии БД завершена
