23.11.2019 11:29:36 : Дешифрование пароля успешно завершено
23.11.2019 11:29:36 : Процедура проверки целостности файлов успешно завершена
23.11.2019 11:29:36 : Процедура проверки целостности файлов запущена...
23.11.2019 11:29:42 : Подключение к БД успешно установлено
23.11.2019 11:29:42 : Инициализация процедуры получения параметров с БД
23.11.2019 11:29:42 : Получение списка мест дефекта в производстве успешно завершено
23.11.2019 11:29:42 : Получение списка описаний дефекта успешно завершено
23.11.2019 11:29:42 : Получение списка диаметров успешно завершено
23.11.2019 11:29:42 : Получение списка бригад успешно завершено
23.11.2019 11:29:42 : Получение списка смен успешно завершено
23.11.2019 11:29:42 : Получение списка статусов коррекции успешно завершено
23.11.2019 11:29:42 : Получение списка номеров ТС успешно завершено
23.11.2019 11:29:42 : Получение списка марок сплавов успешно завершено
23.11.2019 11:29:42 : Получение списка типов дефекта успешно завершено
23.11.2019 11:29:42 : Получение списка позиций с сервера успешно завершено
23.11.2019 11:29:42 : Процедура получения параметров с БД успешно завершена
23.11.2019 21:03:07 : Дешифрование пароля успешно завершено
23.11.2019 21:03:07 : Процедура проверки целостности файлов успешно завершена
23.11.2019 21:03:07 : Процедура проверки целостности файлов запущена...
23.11.2019 21:03:13 : Подключение к БД успешно установлено
23.11.2019 21:03:13 : Инициализация процедуры получения параметров с БД
23.11.2019 21:03:13 : Получение списка мест дефекта в производстве успешно завершено
23.11.2019 21:03:13 : Получение списка описаний дефекта успешно завершено
23.11.2019 21:03:13 : Получение списка диаметров успешно завершено
23.11.2019 21:03:13 : Получение списка бригад успешно завершено
23.11.2019 21:03:13 : Получение списка смен успешно завершено
23.11.2019 21:03:13 : Получение списка статусов коррекции успешно завершено
23.11.2019 21:03:13 : Получение списка номеров ТС успешно завершено
23.11.2019 21:03:13 : Получение списка марок сплавов успешно завершено
23.11.2019 21:03:13 : Получение списка типов дефекта успешно завершено
23.11.2019 21:03:13 : Получение списка позиций с сервера успешно завершено
23.11.2019 21:03:13 : Процедура получения параметров с БД успешно завершена
23.11.2019 21:03:17 : Запуск процедуры построение отчета
23.11.2019 21:03:20 : Началось формирование отчета
23.11.2019 21:03:22 : Выбрано место сохранения отчета
23.11.2019 21:03:22 : Процедура построения отчета успешно завершена
23.11.2019 21:03:45 : Запуск процедура обычного анализа
23.11.2019 21:03:46 : Запуск процедуры получения анализа
23.11.2019 21:03:46 : Создание диаграммы краткого отчета завершено успешно
23.11.2019 21:03:46 : Заполнение таблицы краткого отчета завершено успешно
23.11.2019 21:03:46 : Краткий анализ бригада вес выполнен
23.11.2019 21:03:46 : Выполнение анализа по параметру: Вес | Бригада
23.11.2019 21:03:46 : Процедура получения анализа завершена
23.11.2019 21:03:50 : Запуск процедуры получения анализа
23.11.2019 21:03:50 : Создание диаграммы краткого отчета завершено успешно
23.11.2019 21:03:50 : Заполнение таблицы краткого отчета завершено успешно
23.11.2019 21:03:50 : Краткий анализ бригада вес выполнен
23.11.2019 21:03:50 : Выполнение анализа по параметру: Вес | Бригада
23.11.2019 21:03:50 : Процедура получения анализа завершена
23.11.2019 21:03:51 : Запуск процедуры экспорта данных анализа
23.11.2019 21:03:51 : Началось формирование выгрузки краткого анализа
23.11.2019 21:03:52 : Процедура экспорта данных анализа завершена
23.11.2019 21:03:54 : Были очищены все поля класса анализа
23.11.2019 21:03:54 : Очистка памяти после выполнения анализа успешно завершена
23.11.2019 21:04:22 : Запуск процедуры расширенного анализа
23.11.2019 21:04:28 : Запуск процедуры получения анализа
23.11.2019 21:04:28 : Группировка для расширенного анализа выполнена успешно
23.11.2019 21:04:28 : Экспорт данных в лист выполнен успешно
23.11.2019 21:04:28 : Создание первой диаграммы расширенного отчета завершено успешно
23.11.2019 21:04:28 : Создание второй диаграммы расширенного отчета завершено успешно
23.11.2019 21:04:28 : Заполнение таблицы расширенного отчета завершено успешно
23.11.2019 21:04:28 : Расширенный анализ бригада вес выполнен успешно
23.11.2019 21:04:28 : Выполнение анализа по параметрам: Бригады
23.11.2019 21:04:28 : Процедура получения анализа завершена
23.11.2019 21:04:32 : Запуск процедуры экспорта данных анализа
23.11.2019 21:04:32 : Началось формирование выгрузки расширенного анализа
23.11.2019 21:04:33 : Процедуры экспорта данных анализа завершена
23.11.2019 21:04:36 : Были очищены все поля класса анализа
23.11.2019 21:04:36 : Очистка памяти после выполнения анализа успешно завершена
23.11.2019 21:05:09 : Запуск процеры поиска по параметрам
23.11.2019 21:05:10 : Процеры поиска по параметрам завершена
23.11.2019 21:05:13 : Запуск процедуры изменения конфигурации ПО
23.11.2019 21:06:14 : Дешифрование пароля успешно завершено
23.11.2019 21:06:14 : Процедура проверки целостности файлов успешно завершена
23.11.2019 21:06:15 : Процедура проверки целостности файлов запущена...
23.11.2019 21:06:21 : Подключение к БД успешно установлено
23.11.2019 21:06:21 : Инициализация процедуры получения параметров с БД
23.11.2019 21:06:21 : Получение списка мест дефекта в производстве успешно завершено
23.11.2019 21:06:21 : Получение списка описаний дефекта успешно завершено
23.11.2019 21:06:21 : Получение списка диаметров успешно завершено
23.11.2019 21:06:21 : Получение списка бригад успешно завершено
23.11.2019 21:06:21 : Получение списка смен успешно завершено
23.11.2019 21:06:21 : Получение списка статусов коррекции успешно завершено
23.11.2019 21:06:21 : Получение списка номеров ТС успешно завершено
23.11.2019 21:06:21 : Получение списка марок сплавов успешно завершено
23.11.2019 21:06:21 : Получение списка типов дефекта успешно завершено
23.11.2019 21:06:21 : Получение списка позиций с сервера успешно завершено
23.11.2019 21:06:21 : Процедура получения параметров с БД успешно завершена
23.11.2019 21:06:46 : Были очищены все поля класса анализа
23.11.2019 21:06:48 : Запуск процедуры изменения конфигурации ПО
23.11.2019 21:08:56 : Дешифрование пароля успешно завершено
23.11.2019 21:08:56 : Процедура проверки целостности файлов успешно завершена
23.11.2019 21:08:56 : Процедура проверки целостности файлов запущена...
23.11.2019 21:09:02 : Подключение к БД успешно установлено
23.11.2019 21:09:02 : Инициализация процедуры получения параметров с БД
23.11.2019 21:09:02 : Получение списка мест дефекта в производстве успешно завершено
23.11.2019 21:09:02 : Получение списка описаний дефекта успешно завершено
23.11.2019 21:09:02 : Получение списка диаметров успешно завершено
23.11.2019 21:09:02 : Получение списка бригад успешно завершено
23.11.2019 21:09:02 : Получение списка смен успешно завершено
23.11.2019 21:09:02 : Получение списка статусов коррекции успешно завершено
23.11.2019 21:09:02 : Получение списка номеров ТС успешно завершено
23.11.2019 21:09:02 : Получение списка марок сплавов успешно завершено
23.11.2019 21:09:02 : Получение списка типов дефекта успешно завершено
23.11.2019 21:09:02 : Получение списка позиций с сервера успешно завершено
23.11.2019 21:09:02 : Процедура получения параметров с БД успешно завершена
23.11.2019 21:09:09 : Запуск процедура обычного анализа
23.11.2019 21:09:13 : Запуск процедуры получения анализа
23.11.2019 21:09:13 : Создание диаграммы краткого отчета завершено успешно
23.11.2019 21:09:13 : Заполнение таблицы краткого отчета завершено успешно
23.11.2019 21:09:13 : Краткий анализ бригада вес выполнен
23.11.2019 21:09:13 : Выполнение анализа по параметру: Вес | Бригада
23.11.2019 21:09:13 : Процедура получения анализа завершена
23.11.2019 21:09:31 : Запуск процедуры получения анализа
23.11.2019 21:09:31 : Создание диаграммы краткого отчета завершено успешно
23.11.2019 21:09:31 : Заполнение таблицы краткого отчета завершено успешно
23.11.2019 21:09:31 : Краткий анализ диаметр вес выполнен
23.11.2019 21:09:31 : Выполнение анализа по параметру: Вес | Диаметр
23.11.2019 21:09:31 : Процедура получения анализа завершена
23.11.2019 21:09:33 : Запуск процедуры получения анализа
23.11.2019 21:09:33 : Создание диаграммы краткого отчета завершено успешно
23.11.2019 21:09:33 : Заполнение таблицы краткого отчета завершено успешно
23.11.2019 21:09:33 : Краткий анализ описание вес выполнен
23.11.2019 21:09:33 : Выполнение анализа по параметру: Вес | Описание
23.11.2019 21:09:33 : Процедура получения анализа завершена
23.11.2019 21:09:35 : Запуск процедуры получения анализа
23.11.2019 21:09:35 : Создание диаграммы краткого отчета завершено успешно
23.11.2019 21:09:35 : Заполнение таблицы краткого отчета завершено успешно
23.11.2019 21:09:35 : Краткий анализ номер ТС вес выполнен
23.11.2019 21:09:35 : Выполнение анализа по параметру: Вес | Номер ТС
23.11.2019 21:09:35 : Процедура получения анализа завершена
23.11.2019 21:09:37 : Запуск процедуры получения анализа
23.11.2019 21:09:37 : Создание диаграммы краткого отчета завершено успешно
23.11.2019 21:09:37 : Заполнение таблицы краткого отчета завершено успешно
23.11.2019 21:09:37 : Краткий анализ описание вес выполнен
23.11.2019 21:09:37 : Выполнение анализа по параметру: Вес | Описание
23.11.2019 21:09:37 : Процедура получения анализа завершена
23.11.2019 21:09:41 : Запуск процедуры экспорта данных анализа
23.11.2019 21:09:41 : Началось формирование выгрузки краткого анализа
23.11.2019 21:09:42 : Процедура экспорта данных анализа завершена
23.11.2019 21:10:28 : Запуск процедуры получения анализа
23.11.2019 21:10:28 : Создание диаграммы краткого отчета завершено успешно
23.11.2019 21:10:28 : Заполнение таблицы краткого отчета завершено успешно
23.11.2019 21:10:28 : Краткий анализ описание количество выполнен
23.11.2019 21:10:28 : Выполнение анализа по параметру: Количество | Описание
23.11.2019 21:10:28 : Процедура получения анализа завершена
23.11.2019 21:10:30 : Запуск процедуры получения анализа
23.11.2019 21:10:30 : Создание диаграммы краткого отчета завершено успешно
23.11.2019 21:10:30 : Заполнение таблицы краткого отчета завершено успешно
23.11.2019 21:10:30 : Краткий анализ номер ТС количество выполнен
23.11.2019 21:10:30 : Выполнение анализа по параметру: Количество | Номер ТС
23.11.2019 21:10:30 : Процедура получения анализа завершена
23.11.2019 21:10:31 : Запуск процедуры экспорта данных анализа
23.11.2019 21:10:31 : Началось формирование выгрузки краткого анализа
23.11.2019 21:10:32 : Процедура экспорта данных анализа завершена
23.11.2019 21:10:35 : Были очищены все поля класса анализа
23.11.2019 21:10:35 : Очистка памяти после выполнения анализа успешно завершена
23.11.2019 21:10:50 : Запуск процедуры расширенного анализа
23.11.2019 21:10:52 : Запуск процедуры получения анализа
23.11.2019 21:10:52 : Группировка для расширенного анализа выполнена успешно
23.11.2019 21:10:52 : Экспорт данных в лист выполнен успешно
23.11.2019 21:10:52 : Создание первой диаграммы расширенного отчета завершено успешно
23.11.2019 21:10:52 : Создание второй диаграммы расширенного отчета завершено успешно
23.11.2019 21:10:52 : Заполнение таблицы расширенного отчета завершено успешно
23.11.2019 21:10:52 : Расширенный анализ бригада вес выполнен успешно
23.11.2019 21:10:52 : Выполнение анализа по параметрам: Бригады
23.11.2019 21:10:52 : Процедура получения анализа завершена
23.11.2019 21:10:54 : Запуск процедуры получения анализа
23.11.2019 21:10:54 : Группировка для расширенного анализа выполнена успешно
23.11.2019 21:10:55 : Экспорт данных в лист выполнен успешно
23.11.2019 21:10:55 : Создание первой диаграммы расширенного отчета завершено успешно
23.11.2019 21:10:55 : Создание второй диаграммы расширенного отчета завершено успешно
23.11.2019 21:10:55 : Заполнение таблицы расширенного отчета завершено успешно
23.11.2019 21:10:55 : Расширенный анализ бригада вес выполнен успешно
23.11.2019 21:10:55 : Выполнение анализа по параметрам: Бригады
23.11.2019 21:10:55 : Процедура получения анализа завершена
23.11.2019 21:10:56 : Запуск процедуры экспорта данных анализа
23.11.2019 21:10:56 : Началось формирование выгрузки расширенного анализа
23.11.2019 21:10:57 : Процедуры экспорта данных анализа завершена
23.11.2019 21:11:03 : Запуск процедуры получения анализа
23.11.2019 21:11:03 : Группировка для расширенного анализа выполнена успешно
23.11.2019 21:11:03 : Экспорт данных в лист выполнен успешно
23.11.2019 21:11:03 : Создание первой диаграммы расширенного отчета завершено успешно
23.11.2019 21:11:03 : Создание второй диаграммы расширенного отчета завершено успешно
23.11.2019 21:11:03 : Заполнение таблицы расширенного отчета завершено успешно
23.11.2019 21:11:03 : Расширенный анализ описание вес выполнен успешно
23.11.2019 21:11:03 : Выполнение анализа по параметрам: Описание
23.11.2019 21:11:03 : Процедура получения анализа завершена
23.11.2019 21:11:05 : Запуск процедуры получения анализа
23.11.2019 21:11:05 : Группировка для расширенного анализа выполнена успешно
23.11.2019 21:11:05 : Экспорт данных в лист выполнен успешно
23.11.2019 21:11:05 : Создание первой диаграммы расширенного отчета завершено успешно
23.11.2019 21:11:05 : Создание второй диаграммы расширенного отчета завершено успешно
23.11.2019 21:11:05 : Заполнение таблицы расширенного отчета завершено успешно
23.11.2019 21:11:05 : Расширенный анализ описание вес выполнен успешно
23.11.2019 21:11:05 : Выполнение анализа по параметрам: Описание
23.11.2019 21:11:05 : Процедура получения анализа завершена
23.11.2019 21:11:07 : Запуск процедуры экспорта данных анализа
23.11.2019 21:11:07 : Началось формирование выгрузки расширенного анализа
23.11.2019 21:11:08 : Процедуры экспорта данных анализа завершена
23.11.2019 21:11:10 : Были очищены все поля класса анализа
23.11.2019 21:11:10 : Очистка памяти после выполнения анализа успешно завершена
23.11.2019 21:12:16 : Запуск процедуры построение отчета
23.11.2019 21:12:18 : Началось формирование отчета
23.11.2019 21:12:19 : Выбрано место сохранения отчета
23.11.2019 21:12:19 : Процедура построения отчета успешно завершена
23.11.2019 21:13:10 : Были очищены все поля класса анализа
23.11.2019 21:13:13 : Были очищены все поля класса анализа
23.11.2019 21:14:22 : Дешифрование пароля успешно завершено
23.11.2019 21:14:22 : Процедура проверки целостности файлов успешно завершена
23.11.2019 21:14:22 : Процедура проверки целостности файлов запущена...
23.11.2019 21:14:28 : Подключение к БД успешно установлено
23.11.2019 21:14:28 : Инициализация процедуры получения параметров с БД
23.11.2019 21:14:28 : Получение списка мест дефекта в производстве успешно завершено
23.11.2019 21:14:28 : Получение списка описаний дефекта успешно завершено
23.11.2019 21:14:28 : Получение списка диаметров успешно завершено
23.11.2019 21:14:28 : Получение списка бригад успешно завершено
23.11.2019 21:14:28 : Получение списка смен успешно завершено
23.11.2019 21:14:28 : Получение списка статусов коррекции успешно завершено
23.11.2019 21:14:28 : Получение списка номеров ТС успешно завершено
23.11.2019 21:14:28 : Получение списка марок сплавов успешно завершено
23.11.2019 21:14:28 : Получение списка типов дефекта успешно завершено
23.11.2019 21:14:28 : Получение списка позиций с сервера успешно завершено
23.11.2019 21:14:28 : Процедура получения параметров с БД успешно завершена
23.11.2019 21:14:33 : Запуск процедура обычного анализа
23.11.2019 21:14:36 : Запуск процедуры получения анализа
23.11.2019 21:14:36 : Создание диаграммы краткого отчета завершено успешно
23.11.2019 21:14:36 : Заполнение таблицы краткого отчета завершено успешно
23.11.2019 21:14:36 : Краткий анализ бригада вес выполнен
23.11.2019 21:14:36 : Выполнение анализа по параметру: Вес | Бригада
23.11.2019 21:14:36 : Процедура получения анализа завершена
23.11.2019 21:14:40 : Запуск процедуры получения анализа
23.11.2019 21:14:40 : Создание диаграммы краткого отчета завершено успешно
23.11.2019 21:14:40 : Заполнение таблицы краткого отчета завершено успешно
23.11.2019 21:14:40 : Краткий анализ бригада вес выполнен
23.11.2019 21:14:40 : Выполнение анализа по параметру: Вес | Бригада
23.11.2019 21:14:40 : Процедура получения анализа завершена
23.11.2019 21:14:49 : Запуск процедуры получения анализа
23.11.2019 21:14:49 : Создание диаграммы краткого отчета завершено успешно
23.11.2019 21:14:49 : Заполнение таблицы краткого отчета завершено успешно
23.11.2019 21:14:49 : Краткий анализ описание вес выполнен
23.11.2019 21:14:49 : Выполнение анализа по параметру: Вес | Описание
23.11.2019 21:14:49 : Процедура получения анализа завершена
23.11.2019 21:15:02 : Запуск процедуры экспорта данных анализа
23.11.2019 21:15:02 : Началось формирование выгрузки краткого анализа
23.11.2019 21:15:04 : Процедура экспорта данных анализа завершена
23.11.2019 21:15:06 : Были очищены все поля класса анализа
23.11.2019 21:15:06 : Очистка памяти после выполнения анализа успешно завершена
23.11.2019 21:32:11 : Дешифрование пароля успешно завершено
23.11.2019 21:32:11 : Процедура проверки целостности файлов успешно завершена
23.11.2019 21:32:11 : Процедура проверки целостности файлов запущена...
23.11.2019 21:32:18 : Подключение к БД успешно установлено
23.11.2019 21:32:18 : Инициализация процедуры получения параметров с БД
23.11.2019 21:32:18 : Получение списка мест дефекта в производстве успешно завершено
23.11.2019 21:32:18 : Получение списка описаний дефекта успешно завершено
23.11.2019 21:32:18 : Получение списка диаметров успешно завершено
23.11.2019 21:32:18 : Получение списка бригад успешно завершено
23.11.2019 21:32:18 : Получение списка смен успешно завершено
23.11.2019 21:32:18 : Получение списка статусов коррекции успешно завершено
23.11.2019 21:32:18 : Получение списка номеров ТС успешно завершено
23.11.2019 21:32:18 : Получение списка марок сплавов успешно завершено
23.11.2019 21:32:18 : Получение списка типов дефекта успешно завершено
23.11.2019 21:32:18 : Получение списка позиций с сервера успешно завершено
23.11.2019 21:32:18 : Процедура получения параметров с БД успешно завершена
23.11.2019 21:32:23 : Запуск процедура обычного анализа
23.11.2019 21:32:24 : Запуск процедуры получения анализа
23.11.2019 21:32:25 : Создание диаграммы краткого отчета завершено успешно
23.11.2019 21:32:25 : Заполнение таблицы краткого отчета завершено успешно
23.11.2019 21:32:25 : Краткий анализ бригада вес выполнен
23.11.2019 21:32:25 : Выполнение анализа по параметру: Вес | Бригада
23.11.2019 21:32:25 : Процедура получения анализа завершена
23.11.2019 21:32:27 : Запуск процедуры получения анализа
23.11.2019 21:32:27 : Создание диаграммы краткого отчета завершено успешно
23.11.2019 21:32:27 : Заполнение таблицы краткого отчета завершено успешно
23.11.2019 21:32:27 : Краткий анализ бригада вес выполнен
23.11.2019 21:32:27 : Выполнение анализа по параметру: Вес | Бригада
23.11.2019 21:32:27 : Процедура получения анализа завершена
23.11.2019 21:32:30 : Запуск процедуры получения анализа
23.11.2019 21:32:30 : Создание диаграммы краткого отчета завершено успешно
23.11.2019 21:32:30 : Заполнение таблицы краткого отчета завершено успешно
23.11.2019 21:32:30 : Краткий анализ описание вес выполнен
23.11.2019 21:32:30 : Выполнение анализа по параметру: Вес | Описание
23.11.2019 21:32:30 : Процедура получения анализа завершена
23.11.2019 21:32:32 : Запуск процедуры экспорта данных анализа
23.11.2019 21:32:32 : Началось формирование выгрузки краткого анализа
23.11.2019 21:32:34 : Процедура экспорта данных анализа завершена
23.11.2019 21:32:35 : Были очищены все поля класса анализа
23.11.2019 21:32:35 : Очистка памяти после выполнения анализа успешно завершена
