30.10.2019 11:04:16 : Процедура проверки целостности файлов запущена...
30.10.2019 11:04:16 : Дешифрование пароля успешно завершено
30.10.2019 11:04:16 : Процедура проверки целостности файлов успешно завершена
30.10.2019 11:04:19 : Подключение к БД успешно установлено
30.10.2019 11:04:19 : Инициализация процедуры получения параметров с БД
30.10.2019 11:04:19 : Получение списка мест дефекта в производстве успешно завершено
30.10.2019 11:04:19 : Получение списка описаний дефекта успешно завершено
30.10.2019 11:04:19 : Получение списка диаметров успешно завершено
30.10.2019 11:04:19 : Получение списка бригад успешно завершено
30.10.2019 11:04:19 : Получение списка смен успешно завершено
30.10.2019 11:04:19 : Получение списка статусов коррекции успешно завершено
30.10.2019 11:04:19 : Получение списка номеров ТС успешно завершено
30.10.2019 11:04:19 : Получение списка марок сплавов успешно завершено
30.10.2019 11:04:19 : Получение списка типов дефекта успешно завершено
30.10.2019 11:04:19 : Получение списка позиций с сервера успешно завершено
30.10.2019 11:04:19 : Процедура получения параметров с БД успешно завершена
30.10.2019 11:05:04 : Запуск процедуры изменения конфигурации ПО
30.10.2019 11:05:45 : Процедура проверки целостности файлов запущена...
30.10.2019 11:05:45 : Дешифрование пароля успешно завершено
30.10.2019 11:05:45 : Процедура проверки целостности файлов успешно завершена
30.10.2019 11:05:49 : Подключение к БД успешно установлено
30.10.2019 11:05:49 : Инициализация процедуры получения параметров с БД
30.10.2019 11:05:49 : Получение списка мест дефекта в производстве успешно завершено
30.10.2019 11:05:49 : Получение списка описаний дефекта успешно завершено
30.10.2019 11:05:49 : Получение списка диаметров успешно завершено
30.10.2019 11:05:49 : Получение списка бригад успешно завершено
30.10.2019 11:05:49 : Получение списка смен успешно завершено
30.10.2019 11:05:49 : Получение списка статусов коррекции успешно завершено
30.10.2019 11:05:49 : Получение списка номеров ТС успешно завершено
30.10.2019 11:05:49 : Получение списка марок сплавов успешно завершено
30.10.2019 11:05:49 : Получение списка типов дефекта успешно завершено
30.10.2019 11:05:49 : Получение списка позиций с сервера успешно завершено
30.10.2019 11:05:49 : Процедура получения параметров с БД успешно завершена
30.10.2019 21:44:48 : Процедура проверки целостности файлов запущена...
30.10.2019 21:44:48 : Дешифрование пароля успешно завершено
30.10.2019 21:44:49 : Процедура проверки целостности файлов успешно завершена
30.10.2019 21:44:52 : Подключение к БД успешно установлено
30.10.2019 21:44:52 : Инициализация процедуры получения параметров с БД
30.10.2019 21:44:52 : Получение списка мест дефекта в производстве успешно завершено
30.10.2019 21:44:52 : Получение списка описаний дефекта успешно завершено
30.10.2019 21:44:52 : Получение списка диаметров успешно завершено
30.10.2019 21:44:52 : Получение списка бригад успешно завершено
30.10.2019 21:44:52 : Получение списка смен успешно завершено
30.10.2019 21:44:52 : Получение списка статусов коррекции успешно завершено
30.10.2019 21:44:52 : Получение списка номеров ТС успешно завершено
30.10.2019 21:44:52 : Получение списка марок сплавов успешно завершено
30.10.2019 21:44:52 : Получение списка типов дефекта успешно завершено
30.10.2019 21:44:52 : Получение списка позиций с сервера успешно завершено
30.10.2019 21:44:52 : Процедура получения параметров с БД успешно завершена
30.10.2019 21:54:25 : Процедура проверки целостности файлов запущена...
30.10.2019 21:54:25 : Дешифрование пароля успешно завершено
30.10.2019 21:54:25 : Процедура проверки целостности файлов успешно завершена
30.10.2019 21:54:29 : Подключение к БД успешно установлено
30.10.2019 21:54:29 : Инициализация процедуры получения параметров с БД
30.10.2019 21:54:29 : Получение списка мест дефекта в производстве успешно завершено
30.10.2019 21:54:29 : Получение списка описаний дефекта успешно завершено
30.10.2019 21:54:29 : Получение списка диаметров успешно завершено
30.10.2019 21:54:29 : Получение списка бригад успешно завершено
30.10.2019 21:54:29 : Получение списка смен успешно завершено
30.10.2019 21:54:29 : Получение списка статусов коррекции успешно завершено
30.10.2019 21:54:29 : Получение списка номеров ТС успешно завершено
30.10.2019 21:54:29 : Получение списка марок сплавов успешно завершено
30.10.2019 21:54:29 : Получение списка типов дефекта успешно завершено
30.10.2019 21:54:29 : Получение списка позиций с сервера успешно завершено
30.10.2019 21:54:29 : Процедура получения параметров с БД успешно завершена
30.10.2019 21:55:20 : Запуск процеры поиска по параметрам
30.10.2019 21:55:21 : Получено пустое значение параметра поиска
30.10.2019 21:55:21 : Процеры поиска по параметрам завершена
30.10.2019 22:02:02 : Процедура проверки целостности файлов запущена...
30.10.2019 22:02:02 : Дешифрование пароля успешно завершено
30.10.2019 22:02:02 : Процедура проверки целостности файлов успешно завершена
30.10.2019 22:02:06 : Подключение к БД успешно установлено
30.10.2019 22:02:06 : Инициализация процедуры получения параметров с БД
30.10.2019 22:02:06 : Получение списка мест дефекта в производстве успешно завершено
30.10.2019 22:02:06 : Получение списка описаний дефекта успешно завершено
30.10.2019 22:02:06 : Получение списка диаметров успешно завершено
30.10.2019 22:02:06 : Получение списка бригад успешно завершено
30.10.2019 22:02:06 : Получение списка смен успешно завершено
30.10.2019 22:02:06 : Получение списка статусов коррекции успешно завершено
30.10.2019 22:02:06 : Получение списка номеров ТС успешно завершено
30.10.2019 22:02:06 : Получение списка марок сплавов успешно завершено
30.10.2019 22:02:06 : Получение списка типов дефекта успешно завершено
30.10.2019 22:02:06 : Получение списка позиций с сервера успешно завершено
30.10.2019 22:02:06 : Процедура получения параметров с БД успешно завершена
30.10.2019 22:02:59 : Запуск процеду сброса параметров фильтрации
30.10.2019 22:02:59 : Процедура сброса параметров фильтрации успешно завершена
30.10.2019 22:03:51 : Процедура проверки целостности файлов запущена...
30.10.2019 22:03:51 : Дешифрование пароля успешно завершено
30.10.2019 22:03:51 : Процедура проверки целостности файлов успешно завершена
30.10.2019 22:03:55 : Подключение к БД успешно установлено
30.10.2019 22:03:55 : Инициализация процедуры получения параметров с БД
30.10.2019 22:03:55 : Получение списка мест дефекта в производстве успешно завершено
30.10.2019 22:03:55 : Получение списка описаний дефекта успешно завершено
30.10.2019 22:03:55 : Получение списка диаметров успешно завершено
30.10.2019 22:03:55 : Получение списка бригад успешно завершено
30.10.2019 22:03:55 : Получение списка смен успешно завершено
30.10.2019 22:03:55 : Получение списка статусов коррекции успешно завершено
30.10.2019 22:03:55 : Получение списка номеров ТС успешно завершено
30.10.2019 22:03:55 : Получение списка марок сплавов успешно завершено
30.10.2019 22:03:55 : Получение списка типов дефекта успешно завершено
30.10.2019 22:03:55 : Получение списка позиций с сервера успешно завершено
30.10.2019 22:03:55 : Процедура получения параметров с БД успешно завершена
30.10.2019 22:06:29 : Процедура проверки целостности файлов запущена...
30.10.2019 22:06:29 : Дешифрование пароля успешно завершено
30.10.2019 22:06:29 : Процедура проверки целостности файлов успешно завершена
30.10.2019 22:06:33 : Подключение к БД успешно установлено
30.10.2019 22:06:33 : Инициализация процедуры получения параметров с БД
30.10.2019 22:06:33 : Получение списка мест дефекта в производстве успешно завершено
30.10.2019 22:06:33 : Получение списка описаний дефекта успешно завершено
30.10.2019 22:06:33 : Получение списка диаметров успешно завершено
30.10.2019 22:06:33 : Получение списка бригад успешно завершено
30.10.2019 22:06:33 : Получение списка смен успешно завершено
30.10.2019 22:06:33 : Получение списка статусов коррекции успешно завершено
30.10.2019 22:06:33 : Получение списка номеров ТС успешно завершено
30.10.2019 22:06:33 : Получение списка марок сплавов успешно завершено
30.10.2019 22:06:33 : Получение списка типов дефекта успешно завершено
30.10.2019 22:06:33 : Получение списка позиций с сервера успешно завершено
30.10.2019 22:06:33 : Процедура получения параметров с БД успешно завершена
30.10.2019 22:07:25 : Процедура проверки целостности файлов запущена...
30.10.2019 22:07:25 : Дешифрование пароля успешно завершено
30.10.2019 22:07:25 : Процедура проверки целостности файлов успешно завершена
30.10.2019 22:07:29 : Подключение к БД успешно установлено
30.10.2019 22:07:29 : Инициализация процедуры получения параметров с БД
30.10.2019 22:07:29 : Получение списка мест дефекта в производстве успешно завершено
30.10.2019 22:07:29 : Получение списка описаний дефекта успешно завершено
30.10.2019 22:07:29 : Получение списка диаметров успешно завершено
30.10.2019 22:07:29 : Получение списка бригад успешно завершено
30.10.2019 22:07:29 : Получение списка смен успешно завершено
30.10.2019 22:07:29 : Получение списка статусов коррекции успешно завершено
30.10.2019 22:07:29 : Получение списка номеров ТС успешно завершено
30.10.2019 22:07:29 : Получение списка марок сплавов успешно завершено
30.10.2019 22:07:29 : Получение списка типов дефекта успешно завершено
30.10.2019 22:07:29 : Получение списка позиций с сервера успешно завершено
30.10.2019 22:07:29 : Процедура получения параметров с БД успешно завершена
30.10.2019 22:07:36 : Запуск процеры поиска по параметрам
30.10.2019 22:07:36 : Перебор значений по заданным параметрам успешно завершен
30.10.2019 22:07:36 : Отображение позиций по заданным параметрам
30.10.2019 22:07:36 : Процеры поиска по параметрам завершена
30.10.2019 22:07:45 : Обновление статуса коррекции успешно завершено
30.10.2019 22:07:45 : Получение списка мест дефекта в производстве успешно завершено
30.10.2019 22:07:45 : Получение списка описаний дефекта успешно завершено
30.10.2019 22:07:45 : Получение списка диаметров успешно завершено
30.10.2019 22:07:45 : Получение списка бригад успешно завершено
30.10.2019 22:07:45 : Получение списка смен успешно завершено
30.10.2019 22:07:45 : Получение списка статусов коррекции успешно завершено
30.10.2019 22:07:45 : Получение списка номеров ТС успешно завершено
30.10.2019 22:07:45 : Получение списка марок сплавов успешно завершено
30.10.2019 22:07:45 : Получение списка типов дефекта успешно завершено
30.10.2019 22:07:45 : Получение списка позиций с сервера успешно завершено
30.10.2019 22:07:58 : Запуск процеры поиска по параметрам
30.10.2019 22:07:58 : Перебор значений по заданным параметрам успешно завершен
30.10.2019 22:07:58 : Отображение позиций по заданным параметрам
30.10.2019 22:07:58 : Процеры поиска по параметрам завершена
30.10.2019 22:11:45 : Процедура проверки целостности файлов запущена...
30.10.2019 22:11:45 : Дешифрование пароля успешно завершено
30.10.2019 22:11:45 : Процедура проверки целостности файлов успешно завершена
30.10.2019 22:11:49 : Подключение к БД успешно установлено
30.10.2019 22:11:49 : Инициализация процедуры получения параметров с БД
30.10.2019 22:11:49 : Получение списка мест дефекта в производстве успешно завершено
30.10.2019 22:11:49 : Получение списка описаний дефекта успешно завершено
30.10.2019 22:11:49 : Получение списка диаметров успешно завершено
30.10.2019 22:11:49 : Получение списка бригад успешно завершено
30.10.2019 22:11:49 : Получение списка смен успешно завершено
30.10.2019 22:11:49 : Получение списка статусов коррекции успешно завершено
30.10.2019 22:11:49 : Получение списка номеров ТС успешно завершено
30.10.2019 22:11:49 : Получение списка марок сплавов успешно завершено
30.10.2019 22:11:49 : Получение списка типов дефекта успешно завершено
30.10.2019 22:11:49 : Получение списка позиций с сервера успешно завершено
30.10.2019 22:11:49 : Процедура получения параметров с БД успешно завершена
30.10.2019 22:19:42 : Процедура проверки целостности файлов запущена...
30.10.2019 22:19:42 : Дешифрование пароля успешно завершено
30.10.2019 22:19:42 : Процедура проверки целостности файлов успешно завершена
30.10.2019 22:19:45 : Подключение к БД успешно установлено
30.10.2019 22:19:45 : Инициализация процедуры получения параметров с БД
30.10.2019 22:19:45 : Получение списка мест дефекта в производстве успешно завершено
30.10.2019 22:19:45 : Получение списка описаний дефекта успешно завершено
30.10.2019 22:19:45 : Получение списка диаметров успешно завершено
30.10.2019 22:19:45 : Получение списка бригад успешно завершено
30.10.2019 22:19:45 : Получение списка смен успешно завершено
30.10.2019 22:19:45 : Получение списка статусов коррекции успешно завершено
30.10.2019 22:19:45 : Получение списка номеров ТС успешно завершено
30.10.2019 22:19:45 : Получение списка марок сплавов успешно завершено
30.10.2019 22:19:45 : Получение списка типов дефекта успешно завершено
30.10.2019 22:19:45 : Получение списка позиций с сервера успешно завершено
30.10.2019 22:19:45 : Процедура получения параметров с БД успешно завершена
30.10.2019 22:22:33 : Процедура проверки целостности файлов запущена...
30.10.2019 22:22:33 : Дешифрование пароля успешно завершено
30.10.2019 22:22:33 : Процедура проверки целостности файлов успешно завершена
30.10.2019 22:22:37 : Подключение к БД успешно установлено
30.10.2019 22:22:37 : Инициализация процедуры получения параметров с БД
30.10.2019 22:22:37 : Получение списка мест дефекта в производстве успешно завершено
30.10.2019 22:22:37 : Получение списка описаний дефекта успешно завершено
30.10.2019 22:22:37 : Получение списка диаметров успешно завершено
30.10.2019 22:22:37 : Получение списка бригад успешно завершено
30.10.2019 22:22:37 : Получение списка смен успешно завершено
30.10.2019 22:22:37 : Получение списка статусов коррекции успешно завершено
30.10.2019 22:22:37 : Получение списка номеров ТС успешно завершено
30.10.2019 22:22:37 : Получение списка марок сплавов успешно завершено
30.10.2019 22:22:37 : Получение списка типов дефекта успешно завершено
30.10.2019 22:22:37 : Получение списка позиций с сервера успешно завершено
30.10.2019 22:22:37 : Процедура получения параметров с БД успешно завершена
30.10.2019 22:24:02 : Процедура проверки целостности файлов запущена...
30.10.2019 22:24:02 : Дешифрование пароля успешно завершено
30.10.2019 22:24:02 : Процедура проверки целостности файлов успешно завершена
30.10.2019 22:24:05 : Подключение к БД успешно установлено
30.10.2019 22:24:05 : Инициализация процедуры получения параметров с БД
30.10.2019 22:24:05 : Получение списка мест дефекта в производстве успешно завершено
30.10.2019 22:24:05 : Получение списка описаний дефекта успешно завершено
30.10.2019 22:24:05 : Получение списка диаметров успешно завершено
30.10.2019 22:24:06 : Получение списка бригад успешно завершено
30.10.2019 22:24:06 : Получение списка смен успешно завершено
30.10.2019 22:24:06 : Получение списка статусов коррекции успешно завершено
30.10.2019 22:24:06 : Получение списка номеров ТС успешно завершено
30.10.2019 22:24:06 : Получение списка марок сплавов успешно завершено
30.10.2019 22:24:06 : Получение списка типов дефекта успешно завершено
30.10.2019 22:24:06 : Получение списка позиций с сервера успешно завершено
30.10.2019 22:24:06 : Процедура получения параметров с БД успешно завершена
30.10.2019 22:24:29 : Запуск процедуры изменения позиции
30.10.2019 22:24:29 : Получение текущих данных выбранного объекта успешно завершено
30.10.2019 22:24:38 : Данные модификации позиции успешно получены
30.10.2019 22:24:38 : Изменение параметров позиции успешно завершено
30.10.2019 22:24:38 : Процедура изменения позиции завершена
30.10.2019 22:24:52 : Запуск процедуры изменения позиции
30.10.2019 22:24:52 : Получение текущих данных выбранного объекта успешно завершено
30.10.2019 22:24:56 : Данные модификации позиции успешно получены
30.10.2019 22:24:56 : Изменение параметров позиции успешно завершено
30.10.2019 22:24:56 : Процедура изменения позиции завершена
30.10.2019 22:26:49 : Процедура проверки целостности файлов запущена...
30.10.2019 22:26:49 : Дешифрование пароля успешно завершено
30.10.2019 22:26:49 : Процедура проверки целостности файлов успешно завершена
30.10.2019 22:26:52 : Подключение к БД успешно установлено
30.10.2019 22:26:52 : Инициализация процедуры получения параметров с БД
30.10.2019 22:26:52 : Получение списка мест дефекта в производстве успешно завершено
30.10.2019 22:26:52 : Получение списка описаний дефекта успешно завершено
30.10.2019 22:26:52 : Получение списка диаметров успешно завершено
30.10.2019 22:26:53 : Получение списка бригад успешно завершено
30.10.2019 22:26:53 : Получение списка смен успешно завершено
30.10.2019 22:26:53 : Получение списка статусов коррекции успешно завершено
30.10.2019 22:26:53 : Получение списка номеров ТС успешно завершено
30.10.2019 22:26:53 : Получение списка марок сплавов успешно завершено
30.10.2019 22:26:53 : Получение списка типов дефекта успешно завершено
30.10.2019 22:26:53 : Получение списка позиций с сервера успешно завершено
30.10.2019 22:26:53 : Процедура получения параметров с БД успешно завершена
30.10.2019 22:27:16 : Запуск процедура обычного анализа
30.10.2019 22:27:19 : Запуск процедуры получения анализа
30.10.2019 22:27:19 : Создание диаграммы краткого отчета завершено успешно
30.10.2019 22:27:19 : Заполнение таблицы краткого отчета завершено успешно
30.10.2019 22:27:20 : Краткий анализ бригада вес выполнен
30.10.2019 22:27:20 : Выполнение анализа по параметру: Вес | Бригада
30.10.2019 22:27:20 : Процедура получения анализа завершена
30.10.2019 22:27:44 : Были очищены все поля класса анализа
30.10.2019 22:27:44 : Очистка памяти после выполнения анализа успешно завершена
