29.10.2019 14:20:59 : Процедура проверки целостности файлов запущена...
29.10.2019 14:20:59 : Дешифрование пароля успешно завершено
29.10.2019 14:20:59 : Процедура проверки целостности файлов успешно завершена
29.10.2019 14:21:02 : Подключение к БД успешно установлено
29.10.2019 14:21:02 : Инициализация процедуры получения параметров с БД
29.10.2019 14:21:02 : Получение списка мест дефекта в производстве успешно завершено
29.10.2019 14:21:02 : Получение списка описаний дефекта успешно завершено
29.10.2019 14:21:02 : Получение списка диаметров успешно завершено
29.10.2019 14:21:02 : Получение списка бригад успешно завершено
29.10.2019 14:21:02 : Получение списка смен успешно завершено
29.10.2019 14:21:02 : Получение списка статусов коррекции успешно завершено
29.10.2019 14:21:02 : Получение списка номеров ТС успешно завершено
29.10.2019 14:21:03 : Получение списка марок сплавов успешно завершено
29.10.2019 14:21:03 : Получение списка типов дефекта успешно завершено
29.10.2019 14:21:03 : Получение списка позиций с сервера успешно завершено
29.10.2019 14:21:03 : Процедура получения параметров с БД успешно завершена
29.10.2019 14:21:10 : Обновление статуса коррекции успешно завершено
29.10.2019 14:21:10 : Получение списка мест дефекта в производстве успешно завершено
29.10.2019 14:21:10 : Получение списка описаний дефекта успешно завершено
29.10.2019 14:21:10 : Получение списка диаметров успешно завершено
29.10.2019 14:21:10 : Получение списка бригад успешно завершено
29.10.2019 14:21:10 : Получение списка смен успешно завершено
29.10.2019 14:21:10 : Получение списка статусов коррекции успешно завершено
29.10.2019 14:21:10 : Получение списка номеров ТС успешно завершено
29.10.2019 14:21:10 : Получение списка марок сплавов успешно завершено
29.10.2019 14:21:10 : Получение списка типов дефекта успешно завершено
29.10.2019 14:21:10 : Получение списка позиций с сервера успешно завершено
29.10.2019 14:21:11 : Запуск процедуры добавления позиции
29.10.2019 14:21:20 : Данные модификации позиции успешно получены
29.10.2019 14:21:20 : Добавление позиции успешно завершено
29.10.2019 14:21:20 : Процедура добавления позиции завершена
29.10.2019 14:21:27 : Обновление статуса коррекции успешно завершено
29.10.2019 14:21:27 : Получение списка мест дефекта в производстве успешно завершено
29.10.2019 14:21:27 : Получение списка описаний дефекта успешно завершено
29.10.2019 14:21:27 : Получение списка диаметров успешно завершено
29.10.2019 14:21:27 : Получение списка бригад успешно завершено
29.10.2019 14:21:27 : Получение списка смен успешно завершено
29.10.2019 14:21:27 : Получение списка статусов коррекции успешно завершено
29.10.2019 14:21:27 : Получение списка номеров ТС успешно завершено
29.10.2019 14:21:27 : Получение списка марок сплавов успешно завершено
29.10.2019 14:21:27 : Получение списка типов дефекта успешно завершено
29.10.2019 14:21:27 : Получение списка позиций с сервера успешно завершено
29.10.2019 14:21:31 : Обновление статуса коррекции успешно завершено
29.10.2019 14:21:31 : Получение списка мест дефекта в производстве успешно завершено
29.10.2019 14:21:32 : Получение списка описаний дефекта успешно завершено
29.10.2019 14:21:32 : Получение списка диаметров успешно завершено
29.10.2019 14:21:32 : Получение списка бригад успешно завершено
29.10.2019 14:21:32 : Получение списка смен успешно завершено
29.10.2019 14:21:32 : Получение списка статусов коррекции успешно завершено
29.10.2019 14:21:32 : Получение списка номеров ТС успешно завершено
29.10.2019 14:21:32 : Получение списка марок сплавов успешно завершено
29.10.2019 14:21:32 : Получение списка типов дефекта успешно завершено
29.10.2019 14:21:32 : Получение списка позиций с сервера успешно завершено
29.10.2019 14:21:38 : Обновление статуса коррекции успешно завершено
29.10.2019 14:21:39 : Получение списка мест дефекта в производстве успешно завершено
29.10.2019 14:21:39 : Получение списка описаний дефекта успешно завершено
29.10.2019 14:21:39 : Получение списка диаметров успешно завершено
29.10.2019 14:21:39 : Получение списка бригад успешно завершено
29.10.2019 14:21:39 : Получение списка смен успешно завершено
29.10.2019 14:21:39 : Получение списка статусов коррекции успешно завершено
29.10.2019 14:21:39 : Получение списка номеров ТС успешно завершено
29.10.2019 14:21:39 : Получение списка марок сплавов успешно завершено
29.10.2019 14:21:39 : Получение списка типов дефекта успешно завершено
29.10.2019 14:21:39 : Получение списка позиций с сервера успешно завершено
29.10.2019 14:21:42 : Обновление статуса коррекции успешно завершено
29.10.2019 14:21:42 : Получение списка мест дефекта в производстве успешно завершено
29.10.2019 14:21:42 : Получение списка описаний дефекта успешно завершено
29.10.2019 14:21:42 : Получение списка диаметров успешно завершено
29.10.2019 14:21:42 : Получение списка бригад успешно завершено
29.10.2019 14:21:42 : Получение списка смен успешно завершено
29.10.2019 14:21:42 : Получение списка статусов коррекции успешно завершено
29.10.2019 14:21:42 : Получение списка номеров ТС успешно завершено
29.10.2019 14:21:42 : Получение списка марок сплавов успешно завершено
29.10.2019 14:21:42 : Получение списка типов дефекта успешно завершено
29.10.2019 14:21:42 : Получение списка позиций с сервера успешно завершено
29.10.2019 14:22:22 : Запуск процедуры построение отчета
29.10.2019 14:22:25 : Запуск процедуры изменения позиции
29.10.2019 14:22:25 : Получение текущих данных выбранного объекта успешно завершено
29.10.2019 14:22:27 : Процедура изменения позиции завершена
29.10.2019 14:23:01 : Процедура проверки целостности файлов запущена...
29.10.2019 14:23:01 : Дешифрование пароля успешно завершено
29.10.2019 14:23:01 : Процедура проверки целостности файлов успешно завершена
29.10.2019 14:23:05 : Подключение к БД успешно установлено
29.10.2019 14:23:05 : Инициализация процедуры получения параметров с БД
29.10.2019 14:23:05 : Получение списка мест дефекта в производстве успешно завершено
29.10.2019 14:23:05 : Получение списка описаний дефекта успешно завершено
29.10.2019 14:23:05 : Получение списка диаметров успешно завершено
29.10.2019 14:23:05 : Получение списка бригад успешно завершено
29.10.2019 14:23:05 : Получение списка смен успешно завершено
29.10.2019 14:23:05 : Получение списка статусов коррекции успешно завершено
29.10.2019 14:23:05 : Получение списка номеров ТС успешно завершено
29.10.2019 14:23:05 : Получение списка марок сплавов успешно завершено
29.10.2019 14:23:05 : Получение списка типов дефекта успешно завершено
29.10.2019 14:23:05 : Получение списка позиций с сервера успешно завершено
29.10.2019 14:23:05 : Процедура получения параметров с БД успешно завершена
29.10.2019 14:23:09 : Запуск процедура обычного анализа
29.10.2019 14:23:19 : Запуск процедуры получения анализа
29.10.2019 14:23:19 : Создание диаграммы краткого отчета завершено успешно
29.10.2019 14:23:19 : Заполнение таблицы краткого отчета завершено успешно
29.10.2019 14:23:19 : Краткий анализ бригада вес выполнен
29.10.2019 14:23:19 : Выполнение анализа по параметру: Вес | Бригада
29.10.2019 14:23:19 : Процедура получения анализа завершена
29.10.2019 14:23:40 : Были очищены все поля класса анализа
29.10.2019 14:23:40 : Очистка памяти после выполнения анализа успешно завершена
29.10.2019 14:23:43 : Запуск процедуры расширенного анализа
29.10.2019 14:24:00 : Запуск процедуры получения анализа
29.10.2019 14:24:00 : Группировка для расширенного анализа выполнена успешно
29.10.2019 14:24:00 : Экспорт данных в лист выполнен успешно
29.10.2019 14:24:00 : Создание первой диаграммы расширенного отчета завершено успешно
29.10.2019 14:24:00 : Создание второй диаграммы расширенного отчета завершено успешно
29.10.2019 14:24:00 : Заполнение таблицы расширенного отчета завершено успешно
29.10.2019 14:24:00 : Расширенный анализ бригада вес выполнен успешно
29.10.2019 14:24:00 : Выполнение анализа по параметрам: Бригады
29.10.2019 14:24:00 : Процедура получения анализа завершена
29.10.2019 14:24:15 : Запуск процедуры получения анализа
29.10.2019 14:24:15 : Группировка для расширенного анализа выполнена успешно
29.10.2019 14:24:15 : Экспорт данных в лист выполнен успешно
29.10.2019 14:24:15 : Создание первой диаграммы расширенного отчета завершено успешно
29.10.2019 14:24:15 : Создание второй диаграммы расширенного отчета завершено успешно
29.10.2019 14:24:15 : Заполнение таблицы расширенного отчета завершено успешно
29.10.2019 14:24:15 : Расширенный анализ бригада вес выполнен успешно
29.10.2019 14:24:15 : Выполнение анализа по параметрам: Бригады
29.10.2019 14:24:15 : Процедура получения анализа завершена
29.10.2019 14:24:16 : Запуск процедуры получения анализа
29.10.2019 14:24:16 : Группировка для расширенного анализа выполнена успешно
29.10.2019 14:24:16 : Экспорт данных в лист выполнен успешно
29.10.2019 14:24:16 : Создание первой диаграммы расширенного отчета завершено успешно
29.10.2019 14:24:16 : Создание второй диаграммы расширенного отчета завершено успешно
29.10.2019 14:24:16 : Заполнение таблицы расширенного отчета завершено успешно
29.10.2019 14:24:16 : Расширенный анализ бригада вес выполнен успешно
29.10.2019 14:24:16 : Выполнение анализа по параметрам: Бригады
29.10.2019 14:24:16 : Процедура получения анализа завершена
29.10.2019 14:24:18 : Запуск процедуры получения анализа
29.10.2019 14:24:18 : Группировка для расширенного анализа выполнена успешно
29.10.2019 14:24:18 : Экспорт данных в лист выполнен успешно
29.10.2019 14:24:18 : Создание первой диаграммы расширенного отчета завершено успешно
29.10.2019 14:24:18 : Создание второй диаграммы расширенного отчета завершено успешно
29.10.2019 14:24:18 : Заполнение таблицы расширенного отчета завершено успешно
29.10.2019 14:24:18 : Расширенный анализ бригада вес выполнен успешно
29.10.2019 14:24:18 : Выполнение анализа по параметрам: Бригады
29.10.2019 14:24:18 : Процедура получения анализа завершена
29.10.2019 14:24:25 : Запуск процедуры получения анализа
29.10.2019 14:24:25 : Группировка для расширенного анализа выполнена успешно
29.10.2019 14:24:25 : Экспорт данных в лист выполнен успешно
29.10.2019 14:24:25 : Создание первой диаграммы расширенного отчета завершено успешно
29.10.2019 14:24:25 : Создание второй диаграммы расширенного отчета завершено успешно
29.10.2019 14:24:25 : Заполнение таблицы расширенного отчета завершено успешно
29.10.2019 14:24:25 : Расширенный анализ бригада вес выполнен успешно
29.10.2019 14:24:25 : Выполнение анализа по параметрам: Бригады
29.10.2019 14:24:25 : Процедура получения анализа завершена
29.10.2019 14:24:31 : Запуск процедуры получения анализа
29.10.2019 14:24:31 : Группировка для расширенного анализа выполнена успешно
29.10.2019 14:24:31 : Экспорт данных в лист выполнен успешно
29.10.2019 14:24:31 : Создание первой диаграммы расширенного отчета завершено успешно
29.10.2019 14:24:31 : Создание второй диаграммы расширенного отчета завершено успешно
29.10.2019 14:24:31 : Заполнение таблицы расширенного отчета завершено успешно
29.10.2019 14:24:31 : Расширенный анализ бригада вес выполнен успешно
29.10.2019 14:24:31 : Выполнение анализа по параметрам: Бригады
29.10.2019 14:24:31 : Процедура получения анализа завершена
29.10.2019 14:25:48 : Были очищены все поля класса анализа
29.10.2019 14:25:48 : Очистка данных после получения анализа успешно завершена
29.10.2019 14:26:23 : Процедура проверки целостности файлов запущена...
29.10.2019 14:26:23 : Дешифрование пароля успешно завершено
29.10.2019 14:26:23 : Процедура проверки целостности файлов успешно завершена
29.10.2019 14:26:27 : Подключение к БД успешно установлено
29.10.2019 14:26:27 : Инициализация процедуры получения параметров с БД
29.10.2019 14:26:27 : Получение списка мест дефекта в производстве успешно завершено
29.10.2019 14:26:27 : Получение списка описаний дефекта успешно завершено
29.10.2019 14:26:27 : Получение списка диаметров успешно завершено
29.10.2019 14:26:27 : Получение списка бригад успешно завершено
29.10.2019 14:26:27 : Получение списка смен успешно завершено
29.10.2019 14:26:27 : Получение списка статусов коррекции успешно завершено
29.10.2019 14:26:27 : Получение списка номеров ТС успешно завершено
29.10.2019 14:26:27 : Получение списка марок сплавов успешно завершено
29.10.2019 14:26:27 : Получение списка типов дефекта успешно завершено
29.10.2019 14:26:27 : Получение списка позиций с сервера успешно завершено
29.10.2019 14:26:27 : Процедура получения параметров с БД успешно завершена
29.10.2019 14:26:31 : Запуск процедуры построение отчета
29.10.2019 14:26:35 : Запуск процедуры расширенного анализа
29.10.2019 14:26:37 : Запуск процедуры получения анализа
29.10.2019 14:26:37 : Группировка для расширенного анализа выполнена успешно
29.10.2019 14:26:37 : Экспорт данных в лист выполнен успешно
29.10.2019 14:26:37 : Создание первой диаграммы расширенного отчета завершено успешно
29.10.2019 14:26:37 : Создание второй диаграммы расширенного отчета завершено успешно
29.10.2019 14:26:37 : Заполнение таблицы расширенного отчета завершено успешно
29.10.2019 14:26:37 : Расширенный анализ бригада вес выполнен успешно
29.10.2019 14:26:37 : Выполнение анализа по параметрам: Бригады
29.10.2019 14:26:37 : Процедура получения анализа завершена
29.10.2019 14:26:45 : Запуск процедуры получения анализа
29.10.2019 14:26:45 : Группировка для расширенного анализа выполнена успешно
29.10.2019 14:26:45 : Экспорт данных в лист выполнен успешно
29.10.2019 14:26:45 : Создание первой диаграммы расширенного отчета завершено успешно
29.10.2019 14:26:46 : Создание второй диаграммы расширенного отчета завершено успешно
29.10.2019 14:26:46 : Заполнение таблицы расширенного отчета завершено успешно
29.10.2019 14:26:46 : Расширенный анализ описание вес выполнен успешно
29.10.2019 14:26:46 : Выполнение анализа по параметрам: Описание
29.10.2019 14:26:46 : Процедура получения анализа завершена
29.10.2019 14:26:54 : Были очищены все поля класса анализа
29.10.2019 14:26:54 : Очистка данных после получения анализа успешно завершена
29.10.2019 14:27:08 : Обновление статуса коррекции успешно завершено
29.10.2019 14:27:08 : Получение списка мест дефекта в производстве успешно завершено
29.10.2019 14:27:08 : Получение списка описаний дефекта успешно завершено
29.10.2019 14:27:08 : Получение списка диаметров успешно завершено
29.10.2019 14:27:08 : Получение списка бригад успешно завершено
29.10.2019 14:27:08 : Получение списка смен успешно завершено
29.10.2019 14:27:08 : Получение списка статусов коррекции успешно завершено
29.10.2019 14:27:08 : Получение списка номеров ТС успешно завершено
29.10.2019 14:27:08 : Получение списка марок сплавов успешно завершено
29.10.2019 14:27:08 : Получение списка типов дефекта успешно завершено
29.10.2019 14:27:08 : Получение списка позиций с сервера успешно завершено
29.10.2019 14:27:25 : Запуск процедуры добавления позиции
29.10.2019 14:27:27 : Процедура добавления позиции завершена
29.10.2019 14:27:28 : Запуск процедуры добавления позиции
29.10.2019 14:27:31 : Процедура добавления позиции завершена
29.10.2019 14:27:41 : Процедура проверки целостности файлов запущена...
29.10.2019 14:27:41 : Дешифрование пароля успешно завершено
29.10.2019 14:27:41 : Процедура проверки целостности файлов успешно завершена
29.10.2019 14:27:45 : Подключение к БД успешно установлено
29.10.2019 14:27:45 : Инициализация процедуры получения параметров с БД
29.10.2019 14:27:45 : Получение списка мест дефекта в производстве успешно завершено
29.10.2019 14:27:45 : Получение списка описаний дефекта успешно завершено
29.10.2019 14:27:45 : Получение списка диаметров успешно завершено
29.10.2019 14:27:45 : Получение списка бригад успешно завершено
29.10.2019 14:27:45 : Получение списка смен успешно завершено
29.10.2019 14:27:45 : Получение списка статусов коррекции успешно завершено
29.10.2019 14:27:45 : Получение списка номеров ТС успешно завершено
29.10.2019 14:27:45 : Получение списка марок сплавов успешно завершено
29.10.2019 14:27:45 : Получение списка типов дефекта успешно завершено
29.10.2019 14:27:45 : Получение списка позиций с сервера успешно завершено
29.10.2019 14:27:45 : Процедура получения параметров с БД успешно завершена
29.10.2019 14:27:47 : Запуск процедуры демонстрации места дефекта на слитке
29.10.2019 14:31:37 : Процедура проверки целостности файлов запущена...
29.10.2019 14:31:37 : Дешифрование пароля успешно завершено
29.10.2019 14:31:37 : Процедура проверки целостности файлов успешно завершена
29.10.2019 14:31:41 : Подключение к БД успешно установлено
29.10.2019 14:31:41 : Инициализация процедуры получения параметров с БД
29.10.2019 14:31:41 : Получение списка мест дефекта в производстве успешно завершено
29.10.2019 14:31:41 : Получение списка описаний дефекта успешно завершено
29.10.2019 14:31:41 : Получение списка диаметров успешно завершено
29.10.2019 14:31:41 : Получение списка бригад успешно завершено
29.10.2019 14:31:41 : Получение списка смен успешно завершено
29.10.2019 14:31:41 : Получение списка статусов коррекции успешно завершено
29.10.2019 14:31:41 : Получение списка номеров ТС успешно завершено
29.10.2019 14:31:41 : Получение списка марок сплавов успешно завершено
29.10.2019 14:31:41 : Получение списка типов дефекта успешно завершено
29.10.2019 14:31:41 : Получение списка позиций с сервера успешно завершено
29.10.2019 14:31:41 : Процедура получения параметров с БД успешно завершена
29.10.2019 14:31:43 : Запуск процедуры демонстрации места дефекта на слитке
29.10.2019 14:32:02 : Процедуры демонстрации места дефекта на слитке успешна завершена
29.10.2019 14:32:22 : Обновление статуса коррекции успешно завершено
29.10.2019 14:32:22 : Получение списка мест дефекта в производстве успешно завершено
29.10.2019 14:32:22 : Получение списка описаний дефекта успешно завершено
29.10.2019 14:32:22 : Получение списка диаметров успешно завершено
29.10.2019 14:32:22 : Получение списка бригад успешно завершено
29.10.2019 14:32:22 : Получение списка смен успешно завершено
29.10.2019 14:32:22 : Получение списка статусов коррекции успешно завершено
29.10.2019 14:32:22 : Получение списка номеров ТС успешно завершено
29.10.2019 14:32:22 : Получение списка марок сплавов успешно завершено
29.10.2019 14:32:22 : Получение списка типов дефекта успешно завершено
29.10.2019 14:32:22 : Получение списка позиций с сервера успешно завершено
29.10.2019 14:32:39 : Запуск процедуры изменения конфигурации ПО
29.10.2019 14:32:53 : Запуск процедуры построение отчета
29.10.2019 14:33:21 : Запуск процедуру изменения параметров БД
29.10.2019 14:33:21 : Получение системного пути резервной копии БД успешно завершено
29.10.2019 14:34:01 : Запуск процедуры удаления позиции
29.10.2019 14:34:02 : Удаление позиции успешно завершено
29.10.2019 14:34:02 : Процедура удаления позиции завершена
29.10.2019 14:34:03 : Запуск процедуры удаления позиции
29.10.2019 14:34:04 : Удаление позиции успешно завершено
29.10.2019 14:34:04 : Процедура удаления позиции завершена
29.10.2019 14:35:04 : Процедура проверки целостности файлов запущена...
29.10.2019 14:35:04 : Дешифрование пароля успешно завершено
29.10.2019 14:35:04 : Процедура проверки целостности файлов успешно завершена
29.10.2019 14:35:08 : Подключение к БД успешно установлено
29.10.2019 14:35:08 : Инициализация процедуры получения параметров с БД
29.10.2019 14:35:08 : Получение списка мест дефекта в производстве успешно завершено
29.10.2019 14:35:08 : Получение списка описаний дефекта успешно завершено
29.10.2019 14:35:08 : Получение списка диаметров успешно завершено
29.10.2019 14:35:08 : Получение списка бригад успешно завершено
29.10.2019 14:35:08 : Получение списка смен успешно завершено
29.10.2019 14:35:08 : Получение списка статусов коррекции успешно завершено
29.10.2019 14:35:08 : Получение списка номеров ТС успешно завершено
29.10.2019 14:35:08 : Получение списка марок сплавов успешно завершено
29.10.2019 14:35:08 : Получение списка типов дефекта успешно завершено
29.10.2019 14:35:08 : Получение списка позиций с сервера успешно завершено
29.10.2019 14:35:08 : Процедура получения параметров с БД успешно завершена
29.10.2019 14:35:12 : Запуск процедуры расширенного анализа
29.10.2019 14:35:13 : Были очищены все поля класса анализа
29.10.2019 14:35:13 : Очистка данных после получения анализа успешно завершена
29.10.2019 14:35:16 : Запуск процедуры добавления позиции
29.10.2019 14:35:20 : Процедура добавления позиции завершена
29.10.2019 14:35:23 : Запуск процедура обычного анализа
29.10.2019 14:35:24 : Были очищены все поля класса анализа
29.10.2019 14:35:24 : Очистка памяти после выполнения анализа успешно завершена
29.10.2019 14:35:56 : Процедура проверки целостности файлов запущена...
29.10.2019 14:35:56 : Дешифрование пароля успешно завершено
29.10.2019 14:35:56 : Процедура проверки целостности файлов успешно завершена
29.10.2019 14:36:00 : Подключение к БД успешно установлено
29.10.2019 14:36:00 : Инициализация процедуры получения параметров с БД
29.10.2019 14:36:00 : Получение списка мест дефекта в производстве успешно завершено
29.10.2019 14:36:00 : Получение списка описаний дефекта успешно завершено
29.10.2019 14:36:00 : Получение списка диаметров успешно завершено
29.10.2019 14:36:00 : Получение списка бригад успешно завершено
29.10.2019 14:36:00 : Получение списка смен успешно завершено
29.10.2019 14:36:00 : Получение списка статусов коррекции успешно завершено
29.10.2019 14:36:00 : Получение списка номеров ТС успешно завершено
29.10.2019 14:36:00 : Получение списка марок сплавов успешно завершено
29.10.2019 14:36:00 : Получение списка типов дефекта успешно завершено
29.10.2019 14:36:00 : Получение списка позиций с сервера успешно завершено
29.10.2019 14:36:00 : Процедура получения параметров с БД успешно завершена
29.10.2019 14:36:05 : Запуск процеры поиска по параметрам
29.10.2019 14:36:05 : Перебор значений по заданным параметрам успешно завершен
29.10.2019 14:36:07 : Количество объектов по параметрам поиска 0
29.10.2019 14:36:07 : Процеры поиска по параметрам завершена
29.10.2019 14:36:07 : Запуск процеры поиска по параметрам
29.10.2019 14:36:07 : Перебор значений по заданным параметрам успешно завершен
29.10.2019 14:36:09 : Количество объектов по параметрам поиска 0
29.10.2019 14:36:09 : Процеры поиска по параметрам завершена
29.10.2019 14:36:09 : Запуск процеду сброса параметров фильтрации
29.10.2019 14:36:09 : Процедура сброса параметров фильтрации успешно завершена
