05.11.2019 12:08:46 : Дешифрование пароля успешно завершено
05.11.2019 12:08:46 : Процедура проверки целостности файлов успешно завершена
05.11.2019 12:08:46 : Процедура проверки целостности файлов запущена...
05.11.2019 12:08:52 : Подключение к БД успешно установлено
05.11.2019 12:08:52 : Инициализация процедуры получения параметров с БД
05.11.2019 12:08:52 : Получение списка мест дефекта в производстве успешно завершено
05.11.2019 12:08:52 : Получение списка описаний дефекта успешно завершено
05.11.2019 12:08:52 : Получение списка диаметров успешно завершено
05.11.2019 12:08:52 : Получение списка бригад успешно завершено
05.11.2019 12:08:52 : Получение списка смен успешно завершено
05.11.2019 12:08:52 : Получение списка статусов коррекции успешно завершено
05.11.2019 12:08:52 : Получение списка номеров ТС успешно завершено
05.11.2019 12:08:52 : Получение списка марок сплавов успешно завершено
05.11.2019 12:08:52 : Получение списка типов дефекта успешно завершено
05.11.2019 12:08:52 : Получение списка позиций с сервера успешно завершено
05.11.2019 12:08:52 : Процедура получения параметров с БД успешно завершена
05.11.2019 12:09:21 : Дешифрование пароля успешно завершено
05.11.2019 12:09:21 : Процедура проверки целостности файлов успешно завершена
05.11.2019 12:09:21 : Процедура проверки целостности файлов запущена...
05.11.2019 12:09:28 : Подключение к БД успешно установлено
05.11.2019 12:09:28 : Инициализация процедуры получения параметров с БД
05.11.2019 12:09:28 : Получение списка мест дефекта в производстве успешно завершено
05.11.2019 12:09:28 : Получение списка описаний дефекта успешно завершено
05.11.2019 12:09:28 : Получение списка диаметров успешно завершено
05.11.2019 12:09:28 : Получение списка бригад успешно завершено
05.11.2019 12:09:28 : Получение списка смен успешно завершено
05.11.2019 12:09:28 : Получение списка статусов коррекции успешно завершено
05.11.2019 12:09:28 : Получение списка номеров ТС успешно завершено
05.11.2019 12:09:28 : Получение списка марок сплавов успешно завершено
05.11.2019 12:09:28 : Получение списка типов дефекта успешно завершено
05.11.2019 12:09:28 : Получение списка позиций с сервера успешно завершено
05.11.2019 12:09:28 : Процедура получения параметров с БД успешно завершена
05.11.2019 12:09:31 : Дешифрование пароля успешно завершено
05.11.2019 12:09:31 : Процедура проверки целостности файлов успешно завершена
05.11.2019 12:09:32 : Процедура проверки целостности файлов запущена...
05.11.2019 12:09:38 : Подключение к БД успешно установлено
05.11.2019 12:09:38 : Инициализация процедуры получения параметров с БД
05.11.2019 12:09:38 : Получение списка мест дефекта в производстве успешно завершено
05.11.2019 12:09:38 : Получение списка описаний дефекта успешно завершено
05.11.2019 12:09:38 : Получение списка диаметров успешно завершено
05.11.2019 12:09:38 : Получение списка бригад успешно завершено
05.11.2019 12:09:38 : Получение списка смен успешно завершено
05.11.2019 12:09:38 : Получение списка статусов коррекции успешно завершено
05.11.2019 12:09:38 : Получение списка номеров ТС успешно завершено
05.11.2019 12:09:38 : Получение списка марок сплавов успешно завершено
05.11.2019 12:09:38 : Получение списка типов дефекта успешно завершено
05.11.2019 12:09:38 : Получение списка позиций с сервера успешно завершено
05.11.2019 12:09:38 : Процедура получения параметров с БД успешно завершена
05.11.2019 12:09:49 : Запуск процедуры добавления позиции
05.11.2019 12:09:54 : Процедура добавления позиции завершена
05.11.2019 12:09:58 : Запуск процедуры добавления позиции
05.11.2019 12:10:05 : Процедура добавления позиции завершена
05.11.2019 12:10:22 : Запуск процедуры добавления позиции
05.11.2019 12:11:39 : Данные модификации позиции успешно получены
05.11.2019 12:11:40 : Добавление позиции успешно завершено
05.11.2019 12:11:40 : Процедура добавления позиции завершена
05.11.2019 12:11:42 : Запуск процедуры добавления позиции
05.11.2019 12:12:14 : Данные модификации позиции успешно получены
05.11.2019 12:12:14 : Добавление позиции успешно завершено
05.11.2019 12:12:14 : Процедура добавления позиции завершена
05.11.2019 12:12:15 : Запуск процедуры добавления позиции
05.11.2019 12:12:59 : Данные модификации позиции успешно получены
05.11.2019 12:12:59 : Добавление позиции успешно завершено
05.11.2019 12:12:59 : Процедура добавления позиции завершена
05.11.2019 12:13:03 : Запуск процедуры добавления позиции
05.11.2019 12:13:48 : Данные модификации позиции успешно получены
05.11.2019 12:13:48 : Добавление позиции успешно завершено
05.11.2019 12:13:48 : Процедура добавления позиции завершена
05.11.2019 12:58:56 : Запуск процедуры добавления позиции
05.11.2019 12:59:38 : Данные модификации позиции успешно получены
05.11.2019 12:59:38 : Добавление позиции успешно завершено
05.11.2019 12:59:38 : Процедура добавления позиции завершена
05.11.2019 12:59:40 : Запуск процедуры добавления позиции
05.11.2019 13:00:16 : Данные модификации позиции успешно получены
05.11.2019 13:00:16 : Добавление позиции успешно завершено
05.11.2019 13:00:16 : Процедура добавления позиции завершена
05.11.2019 13:00:19 : Запуск процедура обычного анализа
05.11.2019 13:00:20 : Запуск процедуры получения анализа
05.11.2019 13:00:20 : Создание диаграммы краткого отчета завершено успешно
05.11.2019 13:00:20 : Заполнение таблицы краткого отчета завершено успешно
05.11.2019 13:00:20 : Краткий анализ бригада вес выполнен
05.11.2019 13:00:20 : Выполнение анализа по параметру: Вес | Бригада
05.11.2019 13:00:20 : Процедура получения анализа завершена
05.11.2019 13:00:25 : Запуск процедуры получения анализа
05.11.2019 13:00:25 : Создание диаграммы краткого отчета завершено успешно
05.11.2019 13:00:25 : Заполнение таблицы краткого отчета завершено успешно
05.11.2019 13:00:25 : Краткий анализ бригада вес выполнен
05.11.2019 13:00:25 : Выполнение анализа по параметру: Вес | Бригада
05.11.2019 13:00:25 : Процедура получения анализа завершена
05.11.2019 13:00:29 : Запуск процедуры получения анализа
05.11.2019 13:00:29 : Создание диаграммы краткого отчета завершено успешно
05.11.2019 13:00:29 : Заполнение таблицы краткого отчета завершено успешно
05.11.2019 13:00:29 : Краткий анализ бригада количество выполнен
05.11.2019 13:00:29 : Выполнение анализа по параметру: Количество | Бригада
05.11.2019 13:00:29 : Процедура получения анализа завершена
05.11.2019 13:00:31 : Запуск процедуры получения анализа
05.11.2019 13:00:31 : Создание диаграммы краткого отчета завершено успешно
05.11.2019 13:00:31 : Заполнение таблицы краткого отчета завершено успешно
05.11.2019 13:00:31 : Краткий анализ описание вес выполнен
05.11.2019 13:00:31 : Выполнение анализа по параметру: Вес | Описание
05.11.2019 13:00:31 : Процедура получения анализа завершена
05.11.2019 13:00:34 : Запуск процедуры получения анализа
05.11.2019 13:00:34 : Создание диаграммы краткого отчета завершено успешно
05.11.2019 13:00:34 : Заполнение таблицы краткого отчета завершено успешно
05.11.2019 13:00:34 : Краткий анализ описание количество выполнен
05.11.2019 13:00:34 : Выполнение анализа по параметру: Количество | Описание
05.11.2019 13:00:34 : Процедура получения анализа завершена
05.11.2019 13:00:38 : Были очищены все поля класса анализа
05.11.2019 13:00:38 : Очистка памяти после выполнения анализа успешно завершена
05.11.2019 13:00:41 : Запуск процедуры построение отчета
05.11.2019 13:00:44 : Началось формирование отчета
05.11.2019 13:00:48 : Выбрано место сохранения отчета
05.11.2019 13:00:49 : Процедура построения отчета успешно завершена
05.11.2019 13:02:26 : Запуск процедуры добавления позиции
05.11.2019 13:02:58 : Ошибка получения параметров модификации позиции: Поле коррекции должно содержать значение
05.11.2019 13:03:11 : Данные модификации позиции успешно получены
05.11.2019 13:03:11 : Добавление позиции успешно завершено
05.11.2019 13:03:11 : Процедура добавления позиции завершена
05.11.2019 13:03:12 : Запуск процедуры добавления позиции
05.11.2019 13:03:58 : Данные модификации позиции успешно получены
05.11.2019 13:03:58 : Добавление позиции успешно завершено
05.11.2019 13:03:58 : Процедура добавления позиции завершена
05.11.2019 13:04:31 : Запуск процедуры добавления позиции
05.11.2019 13:04:34 : Процедура добавления позиции завершена
05.11.2019 13:06:10 : Дешифрование пароля успешно завершено
05.11.2019 13:06:10 : Процедура проверки целостности файлов успешно завершена
05.11.2019 13:06:10 : Процедура проверки целостности файлов запущена...
05.11.2019 13:06:16 : Подключение к БД успешно установлено
05.11.2019 13:06:16 : Инициализация процедуры получения параметров с БД
05.11.2019 13:06:16 : Получение списка мест дефекта в производстве успешно завершено
05.11.2019 13:06:16 : Получение списка описаний дефекта успешно завершено
05.11.2019 13:06:16 : Получение списка диаметров успешно завершено
05.11.2019 13:06:16 : Получение списка бригад успешно завершено
05.11.2019 13:06:16 : Получение списка смен успешно завершено
05.11.2019 13:06:16 : Получение списка статусов коррекции успешно завершено
05.11.2019 13:06:16 : Получение списка номеров ТС успешно завершено
05.11.2019 13:06:16 : Получение списка марок сплавов успешно завершено
05.11.2019 13:06:16 : Получение списка типов дефекта успешно завершено
05.11.2019 13:06:16 : Получение списка позиций с сервера успешно завершено
05.11.2019 13:06:16 : Процедура получения параметров с БД успешно завершена
05.11.2019 13:06:35 : Запуск процедуры добавления позиции
05.11.2019 13:08:11 : Данные модификации позиции успешно получены
05.11.2019 13:08:11 : Добавление позиции успешно завершено
05.11.2019 13:08:11 : Процедура добавления позиции завершена
05.11.2019 13:08:36 : Дешифрование пароля успешно завершено
05.11.2019 13:08:36 : Процедура проверки целостности файлов успешно завершена
05.11.2019 13:08:36 : Процедура проверки целостности файлов запущена...
05.11.2019 13:08:42 : Подключение к БД успешно установлено
05.11.2019 13:08:42 : Инициализация процедуры получения параметров с БД
05.11.2019 13:08:42 : Получение списка мест дефекта в производстве успешно завершено
05.11.2019 13:08:42 : Получение списка описаний дефекта успешно завершено
05.11.2019 13:08:42 : Получение списка диаметров успешно завершено
05.11.2019 13:08:42 : Получение списка бригад успешно завершено
05.11.2019 13:08:42 : Получение списка смен успешно завершено
05.11.2019 13:08:42 : Получение списка статусов коррекции успешно завершено
05.11.2019 13:08:42 : Получение списка номеров ТС успешно завершено
05.11.2019 13:08:42 : Получение списка марок сплавов успешно завершено
05.11.2019 13:08:42 : Получение списка типов дефекта успешно завершено
05.11.2019 13:08:42 : Получение списка позиций с сервера успешно завершено
05.11.2019 13:08:42 : Процедура получения параметров с БД успешно завершена
05.11.2019 13:08:49 : Запуск процедуры добавления позиции
05.11.2019 13:09:25 : Данные модификации позиции успешно получены
05.11.2019 13:09:25 : Добавление позиции успешно завершено
05.11.2019 13:09:25 : Процедура добавления позиции завершена
05.11.2019 13:09:47 : Запуск процедуры построение отчета
05.11.2019 13:09:50 : Началось формирование отчета
05.11.2019 13:09:52 : Выбрано место сохранения отчета
05.11.2019 13:09:52 : Процедура построения отчета успешно завершена
05.11.2019 13:10:25 : Запуск процедуры добавления позиции
05.11.2019 13:10:29 : Процедура добавления позиции завершена
05.11.2019 13:10:42 : Запуск процедуры добавления позиции
05.11.2019 13:11:40 : Данные модификации позиции успешно получены
05.11.2019 13:11:40 : Добавление позиции успешно завершено
05.11.2019 13:11:40 : Процедура добавления позиции завершена
05.11.2019 13:11:49 : Запуск процедуры добавления позиции
05.11.2019 13:12:04 : Данные модификации позиции успешно получены
05.11.2019 13:12:04 : Добавление позиции успешно завершено
05.11.2019 13:12:04 : Процедура добавления позиции завершена
05.11.2019 13:12:07 : Запуск процедуры добавления позиции
05.11.2019 13:12:28 : Данные модификации позиции успешно получены
05.11.2019 13:12:28 : Добавление позиции успешно завершено
05.11.2019 13:12:28 : Процедура добавления позиции завершена
05.11.2019 13:12:31 : Запуск процедуры добавления позиции
05.11.2019 13:12:52 : Данные модификации позиции успешно получены
05.11.2019 13:12:52 : Добавление позиции успешно завершено
05.11.2019 13:12:53 : Процедура добавления позиции завершена
05.11.2019 13:12:58 : Запуск процедуры добавления позиции
05.11.2019 13:13:30 : Данные модификации позиции успешно получены
05.11.2019 13:13:31 : Добавление позиции успешно завершено
05.11.2019 13:13:31 : Процедура добавления позиции завершена
05.11.2019 13:13:47 : Обновление статуса коррекции успешно завершено
05.11.2019 13:13:47 : Получение списка мест дефекта в производстве успешно завершено
05.11.2019 13:13:47 : Получение списка описаний дефекта успешно завершено
05.11.2019 13:13:47 : Получение списка диаметров успешно завершено
05.11.2019 13:13:47 : Получение списка бригад успешно завершено
05.11.2019 13:13:47 : Получение списка смен успешно завершено
05.11.2019 13:13:47 : Получение списка статусов коррекции успешно завершено
05.11.2019 13:13:47 : Получение списка номеров ТС успешно завершено
05.11.2019 13:13:47 : Получение списка марок сплавов успешно завершено
05.11.2019 13:13:47 : Получение списка типов дефекта успешно завершено
05.11.2019 13:13:47 : Получение списка позиций с сервера успешно завершено
05.11.2019 13:13:49 : Обновление статуса коррекции успешно завершено
05.11.2019 13:13:49 : Получение списка мест дефекта в производстве успешно завершено
05.11.2019 13:13:49 : Получение списка описаний дефекта успешно завершено
05.11.2019 13:13:49 : Получение списка диаметров успешно завершено
05.11.2019 13:13:49 : Получение списка бригад успешно завершено
05.11.2019 13:13:49 : Получение списка смен успешно завершено
05.11.2019 13:13:49 : Получение списка статусов коррекции успешно завершено
05.11.2019 13:13:49 : Получение списка номеров ТС успешно завершено
05.11.2019 13:13:49 : Получение списка марок сплавов успешно завершено
05.11.2019 13:13:49 : Получение списка типов дефекта успешно завершено
05.11.2019 13:13:49 : Получение списка позиций с сервера успешно завершено
05.11.2019 13:13:52 : Обновление статуса коррекции успешно завершено
05.11.2019 13:13:52 : Получение списка мест дефекта в производстве успешно завершено
05.11.2019 13:13:52 : Получение списка описаний дефекта успешно завершено
05.11.2019 13:13:52 : Получение списка диаметров успешно завершено
05.11.2019 13:13:52 : Получение списка бригад успешно завершено
05.11.2019 13:13:52 : Получение списка смен успешно завершено
05.11.2019 13:13:52 : Получение списка статусов коррекции успешно завершено
05.11.2019 13:13:52 : Получение списка номеров ТС успешно завершено
05.11.2019 13:13:52 : Получение списка марок сплавов успешно завершено
05.11.2019 13:13:52 : Получение списка типов дефекта успешно завершено
05.11.2019 13:13:52 : Получение списка позиций с сервера успешно завершено
05.11.2019 13:13:55 : Обновление статуса коррекции успешно завершено
05.11.2019 13:13:55 : Получение списка мест дефекта в производстве успешно завершено
05.11.2019 13:13:55 : Получение списка описаний дефекта успешно завершено
05.11.2019 13:13:55 : Получение списка диаметров успешно завершено
05.11.2019 13:13:55 : Получение списка бригад успешно завершено
05.11.2019 13:13:55 : Получение списка смен успешно завершено
05.11.2019 13:13:55 : Получение списка статусов коррекции успешно завершено
05.11.2019 13:13:55 : Получение списка номеров ТС успешно завершено
05.11.2019 13:13:55 : Получение списка марок сплавов успешно завершено
05.11.2019 13:13:55 : Получение списка типов дефекта успешно завершено
05.11.2019 13:13:55 : Получение списка позиций с сервера успешно завершено
05.11.2019 13:13:58 : Обновление статуса коррекции успешно завершено
05.11.2019 13:13:58 : Получение списка мест дефекта в производстве успешно завершено
05.11.2019 13:13:58 : Получение списка описаний дефекта успешно завершено
05.11.2019 13:13:58 : Получение списка диаметров успешно завершено
05.11.2019 13:13:58 : Получение списка бригад успешно завершено
05.11.2019 13:13:58 : Получение списка смен успешно завершено
05.11.2019 13:13:58 : Получение списка статусов коррекции успешно завершено
05.11.2019 13:13:58 : Получение списка номеров ТС успешно завершено
05.11.2019 13:13:58 : Получение списка марок сплавов успешно завершено
05.11.2019 13:13:58 : Получение списка типов дефекта успешно завершено
05.11.2019 13:13:58 : Получение списка позиций с сервера успешно завершено
05.11.2019 13:14:07 : Запуск процедуры добавления позиции
05.11.2019 13:14:31 : Данные модификации позиции успешно получены
05.11.2019 13:14:31 : Добавление позиции успешно завершено
05.11.2019 13:14:31 : Процедура добавления позиции завершена
05.11.2019 13:14:38 : Запуск процеду сброса параметров фильтрации
05.11.2019 13:14:38 : Процедура сброса параметров фильтрации успешно завершена
05.11.2019 13:14:53 : Запуск процедуры добавления позиции
05.11.2019 13:15:19 : Данные модификации позиции успешно получены
05.11.2019 13:15:19 : Добавление позиции успешно завершено
05.11.2019 13:15:19 : Процедура добавления позиции завершена
05.11.2019 13:15:25 : Запуск процедуры добавления позиции
05.11.2019 13:15:56 : Данные модификации позиции успешно получены
05.11.2019 13:15:56 : Добавление позиции успешно завершено
05.11.2019 13:15:56 : Процедура добавления позиции завершена
05.11.2019 13:16:08 : Запуск процедуры добавления позиции
05.11.2019 13:16:39 : Данные модификации позиции успешно получены
05.11.2019 13:16:40 : Добавление позиции успешно завершено
05.11.2019 13:16:40 : Процедура добавления позиции завершена
05.11.2019 13:16:45 : Запуск процедуры изменения позиции
05.11.2019 13:16:45 : Получение текущих данных выбранного объекта успешно завершено
05.11.2019 13:16:48 : Данные модификации позиции успешно получены
05.11.2019 13:16:48 : Изменение параметров позиции успешно завершено
05.11.2019 13:16:48 : Процедура изменения позиции завершена
05.11.2019 13:16:51 : Запуск процедуры изменения позиции
05.11.2019 13:16:51 : Получение текущих данных выбранного объекта успешно завершено
05.11.2019 13:16:52 : Данные модификации позиции успешно получены
05.11.2019 13:16:52 : Изменение параметров позиции успешно завершено
05.11.2019 13:16:52 : Процедура изменения позиции завершена
05.11.2019 13:16:54 : Запуск процедуры изменения позиции
05.11.2019 13:16:54 : Получение текущих данных выбранного объекта успешно завершено
05.11.2019 13:16:57 : Данные модификации позиции успешно получены
05.11.2019 13:16:57 : Изменение параметров позиции успешно завершено
05.11.2019 13:16:57 : Процедура изменения позиции завершена
05.11.2019 13:17:09 : Запуск процедуры изменения позиции
05.11.2019 13:17:09 : Получение текущих данных выбранного объекта успешно завершено
05.11.2019 13:17:11 : Данные модификации позиции успешно получены
05.11.2019 13:17:11 : Изменение параметров позиции успешно завершено
05.11.2019 13:17:11 : Процедура изменения позиции завершена
05.11.2019 13:17:29 : Запуск процедуры изменения позиции
05.11.2019 13:17:29 : Получение текущих данных выбранного объекта успешно завершено
05.11.2019 13:17:31 : Данные модификации позиции успешно получены
05.11.2019 13:17:31 : Изменение параметров позиции успешно завершено
05.11.2019 13:17:31 : Процедура изменения позиции завершена
05.11.2019 13:17:41 : Запуск процедуры добавления позиции
05.11.2019 13:18:20 : Данные модификации позиции успешно получены
05.11.2019 13:18:20 : Добавление позиции успешно завершено
05.11.2019 13:18:20 : Процедура добавления позиции завершена
05.11.2019 13:18:27 : Запуск процедуры изменения позиции
05.11.2019 13:18:27 : Получение текущих данных выбранного объекта успешно завершено
05.11.2019 13:18:31 : Данные модификации позиции успешно получены
05.11.2019 13:18:31 : Изменение параметров позиции успешно завершено
05.11.2019 13:18:31 : Процедура изменения позиции завершена
05.11.2019 13:18:41 : Запуск процедуры добавления позиции
05.11.2019 13:19:08 : Данные модификации позиции успешно получены
05.11.2019 13:19:08 : Добавление позиции успешно завершено
05.11.2019 13:19:08 : Процедура добавления позиции завершена
05.11.2019 13:19:12 : Запуск процедуры изменения позиции
05.11.2019 13:19:12 : Получение текущих данных выбранного объекта успешно завершено
05.11.2019 13:19:15 : Данные модификации позиции успешно получены
05.11.2019 13:19:15 : Изменение параметров позиции успешно завершено
05.11.2019 13:19:15 : Процедура изменения позиции завершена
05.11.2019 13:19:25 : Запуск процедуры добавления позиции
05.11.2019 13:19:52 : Данные модификации позиции успешно получены
05.11.2019 13:19:52 : Добавление позиции успешно завершено
05.11.2019 13:19:52 : Процедура добавления позиции завершена
05.11.2019 13:19:56 : Запуск процедуры изменения позиции
05.11.2019 13:19:56 : Получение текущих данных выбранного объекта успешно завершено
05.11.2019 13:19:59 : Данные модификации позиции успешно получены
05.11.2019 13:19:59 : Изменение параметров позиции успешно завершено
05.11.2019 13:19:59 : Процедура изменения позиции завершена
05.11.2019 13:20:01 : Запуск процедура обычного анализа
05.11.2019 13:20:02 : Запуск процедуры получения анализа
05.11.2019 13:20:03 : Создание диаграммы краткого отчета завершено успешно
05.11.2019 13:20:03 : Заполнение таблицы краткого отчета завершено успешно
05.11.2019 13:20:03 : Краткий анализ бригада вес выполнен
05.11.2019 13:20:03 : Выполнение анализа по параметру: Вес | Бригада
05.11.2019 13:20:03 : Процедура получения анализа завершена
05.11.2019 13:20:05 : Запуск процедуры получения анализа
05.11.2019 13:20:06 : Создание диаграммы краткого отчета завершено успешно
05.11.2019 13:20:06 : Заполнение таблицы краткого отчета завершено успешно
05.11.2019 13:20:06 : Краткий анализ номер ТС количество выполнен
05.11.2019 13:20:06 : Выполнение анализа по параметру: Количество | Номер ТС
05.11.2019 13:20:06 : Процедура получения анализа завершена
05.11.2019 13:20:08 : Запуск процедуры получения анализа
05.11.2019 13:20:08 : Создание диаграммы краткого отчета завершено успешно
05.11.2019 13:20:08 : Заполнение таблицы краткого отчета завершено успешно
05.11.2019 13:20:08 : Краткий анализ номер ТС вес выполнен
05.11.2019 13:20:08 : Выполнение анализа по параметру: Вес | Номер ТС
05.11.2019 13:20:08 : Процедура получения анализа завершена
05.11.2019 13:20:11 : Запуск процедуры получения анализа
05.11.2019 13:20:12 : Создание диаграммы краткого отчета завершено успешно
05.11.2019 13:20:12 : Заполнение таблицы краткого отчета завершено успешно
05.11.2019 13:20:12 : Краткий анализ номер ТС вес выполнен
05.11.2019 13:20:12 : Выполнение анализа по параметру: Вес | Номер ТС
05.11.2019 13:20:12 : Процедура получения анализа завершена
05.11.2019 13:20:26 : Были очищены все поля класса анализа
05.11.2019 13:20:26 : Очистка памяти после выполнения анализа успешно завершена
05.11.2019 13:20:28 : Запуск процедуры расширенного анализа
05.11.2019 13:20:31 : Запуск процедуры получения анализа
05.11.2019 13:20:31 : Группировка для расширенного анализа выполнена успешно
05.11.2019 13:20:32 : Экспорт данных в лист выполнен успешно
05.11.2019 13:20:32 : Создание первой диаграммы расширенного отчета завершено успешно
05.11.2019 13:20:32 : Создание второй диаграммы расширенного отчета завершено успешно
05.11.2019 13:20:32 : Заполнение таблицы расширенного отчета завершено успешно
05.11.2019 13:20:32 : Расширенный анализ бригада вес выполнен успешно
05.11.2019 13:20:32 : Выполнение анализа по параметрам: Бригады
05.11.2019 13:20:32 : Процедура получения анализа завершена
05.11.2019 13:21:20 : Запуск процедуры получения анализа
05.11.2019 13:21:20 : Группировка для расширенного анализа выполнена успешно
05.11.2019 13:21:20 : Экспорт данных в лист выполнен успешно
05.11.2019 13:21:20 : Создание первой диаграммы расширенного отчета завершено успешно
05.11.2019 13:21:20 : Создание второй диаграммы расширенного отчета завершено успешно
05.11.2019 13:21:20 : Заполнение таблицы расширенного отчета завершено успешно
05.11.2019 13:21:20 : Расширенный анализ диаметр вес выполнен успешно
05.11.2019 13:21:20 : Выполнение анализа по параметрам: Диаметр
05.11.2019 13:21:20 : Процедура получения анализа завершена
05.11.2019 13:21:26 : Запуск процедуры получения анализа
05.11.2019 13:21:26 : Группировка для расширенного анализа выполнена успешно
05.11.2019 13:21:26 : Экспорт данных в лист выполнен успешно
05.11.2019 13:21:26 : Создание первой диаграммы расширенного отчета завершено успешно
05.11.2019 13:21:26 : Создание второй диаграммы расширенного отчета завершено успешно
05.11.2019 13:21:26 : Заполнение таблицы расширенного отчета завершено успешно
05.11.2019 13:21:26 : Расширенный анализ диаметр вес выполнен успешно
05.11.2019 13:21:26 : Выполнение анализа по параметрам: Диаметр
05.11.2019 13:21:26 : Процедура получения анализа завершена
05.11.2019 13:21:38 : Были очищены все поля класса анализа
05.11.2019 13:21:38 : Очистка памяти после выполнения анализа успешно завершена
05.11.2019 13:21:44 : Запуск процедуры добавления позиции
05.11.2019 13:22:30 : Данные модификации позиции успешно получены
05.11.2019 13:22:30 : Добавление позиции успешно завершено
05.11.2019 13:22:31 : Процедура добавления позиции завершена
05.11.2019 13:22:33 : Запуск процедуры добавления позиции
05.11.2019 13:23:12 : Данные модификации позиции успешно получены
05.11.2019 13:23:12 : Добавление позиции успешно завершено
05.11.2019 13:23:12 : Процедура добавления позиции завершена
05.11.2019 13:23:24 : Запуск процедуры добавления позиции
05.11.2019 13:23:55 : Данные модификации позиции успешно получены
05.11.2019 13:23:55 : Добавление позиции успешно завершено
05.11.2019 13:23:55 : Процедура добавления позиции завершена
05.11.2019 13:24:00 : Запуск процедуры изменения позиции
05.11.2019 13:24:00 : Получение текущих данных выбранного объекта успешно завершено
05.11.2019 13:24:05 : Данные модификации позиции успешно получены
05.11.2019 13:24:05 : Изменение параметров позиции успешно завершено
05.11.2019 13:24:05 : Процедура изменения позиции завершена
05.11.2019 13:24:07 : Запуск процедуры добавления позиции
05.11.2019 13:25:00 : Данные модификации позиции успешно получены
05.11.2019 13:25:00 : Добавление позиции успешно завершено
05.11.2019 13:25:00 : Процедура добавления позиции завершена
05.11.2019 13:25:02 : Запуск процедуры добавления позиции
05.11.2019 13:26:16 : Данные модификации позиции успешно получены
05.11.2019 13:26:16 : Добавление позиции успешно завершено
05.11.2019 13:26:16 : Процедура добавления позиции завершена
05.11.2019 13:26:20 : Запуск процедуры изменения позиции
05.11.2019 13:26:20 : Получение текущих данных выбранного объекта успешно завершено
05.11.2019 13:26:29 : Данные модификации позиции успешно получены
05.11.2019 13:26:30 : Изменение параметров позиции успешно завершено
05.11.2019 13:26:30 : Процедура изменения позиции завершена
05.11.2019 13:26:46 : Запуск процедуры построение отчета
05.11.2019 13:26:49 : Началось формирование отчета
05.11.2019 13:26:51 : Выбрано место сохранения отчета
05.11.2019 13:26:51 : Процедура построения отчета успешно завершена
05.11.2019 13:27:27 : Дешифрование пароля успешно завершено
05.11.2019 13:27:27 : Процедура проверки целостности файлов успешно завершена
05.11.2019 13:27:28 : Процедура проверки целостности файлов запущена...
05.11.2019 13:27:34 : Подключение к БД успешно установлено
05.11.2019 13:27:34 : Инициализация процедуры получения параметров с БД
05.11.2019 13:27:34 : Получение списка мест дефекта в производстве успешно завершено
05.11.2019 13:27:34 : Получение списка описаний дефекта успешно завершено
05.11.2019 13:27:34 : Получение списка диаметров успешно завершено
05.11.2019 13:27:34 : Получение списка бригад успешно завершено
05.11.2019 13:27:34 : Получение списка смен успешно завершено
05.11.2019 13:27:34 : Получение списка статусов коррекции успешно завершено
05.11.2019 13:27:34 : Получение списка номеров ТС успешно завершено
05.11.2019 13:27:34 : Получение списка марок сплавов успешно завершено
05.11.2019 13:27:34 : Получение списка типов дефекта успешно завершено
05.11.2019 13:27:34 : Получение списка позиций с сервера успешно завершено
05.11.2019 13:27:35 : Процедура получения параметров с БД успешно завершена
05.11.2019 13:27:49 : Запуск процедуры изменения позиции
05.11.2019 13:27:49 : Получение текущих данных выбранного объекта успешно завершено
05.11.2019 13:27:54 : Данные модификации позиции успешно получены
05.11.2019 13:27:54 : Изменение параметров позиции успешно завершено
05.11.2019 13:27:54 : Процедура изменения позиции завершена
05.11.2019 13:28:28 : Запуск процедуры изменения позиции
05.11.2019 13:28:28 : Получение текущих данных выбранного объекта успешно завершено
05.11.2019 13:28:33 : Данные модификации позиции успешно получены
05.11.2019 13:28:34 : Изменение параметров позиции успешно завершено
05.11.2019 13:28:34 : Процедура изменения позиции завершена
05.11.2019 13:28:38 : Запуск процеду сброса параметров фильтрации
05.11.2019 13:28:38 : Процедура сброса параметров фильтрации успешно завершена
05.11.2019 13:28:39 : Запуск процеры поиска по параметрам
05.11.2019 13:28:52 : Процеры поиска по параметрам завершена
05.11.2019 13:28:54 : Запуск процеры поиска по параметрам
05.11.2019 13:28:58 : Отображение позиций по заданным параметрам
05.11.2019 13:28:59 : Процеры поиска по параметрам завершена
05.11.2019 13:29:00 : Запуск процеры поиска по параметрам
05.11.2019 13:29:13 : Отображение позиций по заданным параметрам
05.11.2019 13:29:14 : Процеры поиска по параметрам завершена
05.11.2019 13:29:15 : Запуск процеры поиска по параметрам
05.11.2019 13:29:18 : Отображение позиций по заданным параметрам
05.11.2019 13:29:19 : Процеры поиска по параметрам завершена
05.11.2019 13:29:24 : Запуск процедуры построение отчета
05.11.2019 13:29:27 : Началось формирование отчета
05.11.2019 13:29:29 : Выбрано место сохранения отчета
05.11.2019 13:29:29 : Процедура построения отчета успешно завершена
05.11.2019 13:29:31 : Запуск процедуры расширенного анализа
05.11.2019 13:29:33 : Запуск процедуры получения анализа
05.11.2019 13:29:33 : Группировка для расширенного анализа выполнена успешно
05.11.2019 13:29:33 : Экспорт данных в лист выполнен успешно
05.11.2019 13:29:33 : Создание первой диаграммы расширенного отчета завершено успешно
05.11.2019 13:29:33 : Создание второй диаграммы расширенного отчета завершено успешно
05.11.2019 13:29:33 : Заполнение таблицы расширенного отчета завершено успешно
05.11.2019 13:29:33 : Расширенный анализ бригада вес выполнен успешно
05.11.2019 13:29:33 : Выполнение анализа по параметрам: Бригады
05.11.2019 13:29:33 : Процедура получения анализа завершена
05.11.2019 13:29:38 : Запуск процедуры получения анализа
05.11.2019 13:29:38 : Группировка для расширенного анализа выполнена успешно
05.11.2019 13:29:38 : Экспорт данных в лист выполнен успешно
05.11.2019 13:29:38 : Создание первой диаграммы расширенного отчета завершено успешно
05.11.2019 13:29:38 : Создание второй диаграммы расширенного отчета завершено успешно
05.11.2019 13:29:38 : Заполнение таблицы расширенного отчета завершено успешно
05.11.2019 13:29:38 : Расширенный анализ бригада вес выполнен успешно
05.11.2019 13:29:38 : Выполнение анализа по параметрам: Бригады
05.11.2019 13:29:38 : Процедура получения анализа завершена
05.11.2019 13:29:43 : Были очищены все поля класса анализа
05.11.2019 13:29:43 : Очистка памяти после выполнения анализа успешно завершена
