24.11.2019 14:35:05 : Дешифрование пароля успешно завершено
24.11.2019 14:35:05 : Процедура проверки целостности файлов успешно завершена
24.11.2019 14:35:05 : Процедура проверки целостности файлов запущена...
24.11.2019 14:35:11 : Подключение к БД успешно установлено
24.11.2019 14:35:11 : Инициализация процедуры получения параметров с БД
24.11.2019 14:35:11 : Получение списка мест дефекта в производстве успешно завершено
24.11.2019 14:35:11 : Получение списка описаний дефекта успешно завершено
24.11.2019 14:35:11 : Получение списка диаметров успешно завершено
24.11.2019 14:35:11 : Получение списка бригад успешно завершено
24.11.2019 14:35:11 : Получение списка смен успешно завершено
24.11.2019 14:35:11 : Получение списка статусов коррекции успешно завершено
24.11.2019 14:35:11 : Получение списка номеров ТС успешно завершено
24.11.2019 14:35:11 : Получение списка марок сплавов успешно завершено
24.11.2019 14:35:11 : Получение списка типов дефекта успешно завершено
24.11.2019 14:35:11 : Получение списка позиций с сервера успешно завершено
24.11.2019 14:35:11 : Процедура получения параметров с БД успешно завершена
24.11.2019 14:35:16 : Запуск процедура обычного анализа
24.11.2019 14:35:19 : Запуск процедуры получения анализа
24.11.2019 14:35:19 : Создание диаграммы краткого отчета завершено успешно
24.11.2019 14:35:19 : Заполнение таблицы краткого отчета завершено успешно
24.11.2019 14:35:19 : Краткий анализ описание вес выполнен
24.11.2019 14:35:19 : Выполнение анализа по параметру: Вес | Описание
24.11.2019 14:35:19 : Процедура получения анализа завершена
24.11.2019 14:35:22 : Запуск процедуры получения анализа
24.11.2019 14:35:22 : Создание диаграммы краткого отчета завершено успешно
24.11.2019 14:35:22 : Заполнение таблицы краткого отчета завершено успешно
24.11.2019 14:35:22 : Краткий анализ описание вес выполнен
24.11.2019 14:35:22 : Выполнение анализа по параметру: Вес | Описание
24.11.2019 14:35:22 : Процедура получения анализа завершена
24.11.2019 14:35:23 : Запуск процедуры экспорта данных анализа
24.11.2019 14:35:23 : Началось формирование выгрузки краткого анализа
24.11.2019 14:35:24 : Процедура экспорта данных анализа завершена
24.11.2019 14:35:26 : Были очищены все поля класса анализа
24.11.2019 14:35:26 : Очистка памяти после выполнения анализа успешно завершена
24.11.2019 14:36:48 : Дешифрование пароля успешно завершено
24.11.2019 14:36:48 : Процедура проверки целостности файлов успешно завершена
24.11.2019 14:36:48 : Процедура проверки целостности файлов запущена...
24.11.2019 14:36:54 : Подключение к БД успешно установлено
24.11.2019 14:36:54 : Инициализация процедуры получения параметров с БД
24.11.2019 14:36:54 : Получение списка мест дефекта в производстве успешно завершено
24.11.2019 14:36:54 : Получение списка описаний дефекта успешно завершено
24.11.2019 14:36:54 : Получение списка диаметров успешно завершено
24.11.2019 14:36:54 : Получение списка бригад успешно завершено
24.11.2019 14:36:54 : Получение списка смен успешно завершено
24.11.2019 14:36:54 : Получение списка статусов коррекции успешно завершено
24.11.2019 14:36:54 : Получение списка номеров ТС успешно завершено
24.11.2019 14:36:54 : Получение списка марок сплавов успешно завершено
24.11.2019 14:36:54 : Получение списка типов дефекта успешно завершено
24.11.2019 14:36:54 : Получение списка позиций с сервера успешно завершено
24.11.2019 14:36:54 : Процедура получения параметров с БД успешно завершена
24.11.2019 14:36:56 : Запуск процедура обычного анализа
24.11.2019 14:36:57 : Запуск процедуры получения анализа
24.11.2019 14:36:57 : Создание диаграммы краткого отчета завершено успешно
24.11.2019 14:36:57 : Заполнение таблицы краткого отчета завершено успешно
24.11.2019 14:36:58 : Краткий анализ бригада вес выполнен
24.11.2019 14:36:58 : Выполнение анализа по параметру: Вес | Бригада
24.11.2019 14:36:58 : Процедура получения анализа завершена
24.11.2019 14:37:03 : Запуск процедуры получения анализа
24.11.2019 14:37:03 : Создание диаграммы краткого отчета завершено успешно
24.11.2019 14:37:03 : Заполнение таблицы краткого отчета завершено успешно
24.11.2019 14:37:03 : Краткий анализ описание вес выполнен
24.11.2019 14:37:03 : Выполнение анализа по параметру: Вес | Описание
24.11.2019 14:37:03 : Процедура получения анализа завершена
24.11.2019 14:37:04 : Запуск процедуры экспорта данных анализа
24.11.2019 14:37:04 : Началось формирование выгрузки краткого анализа
24.11.2019 14:37:05 : Процедура экспорта данных анализа завершена
24.11.2019 14:37:07 : Были очищены все поля класса анализа
24.11.2019 14:37:07 : Очистка памяти после выполнения анализа успешно завершена
24.11.2019 14:38:06 : Дешифрование пароля успешно завершено
24.11.2019 14:38:06 : Процедура проверки целостности файлов успешно завершена
24.11.2019 14:38:06 : Процедура проверки целостности файлов запущена...
24.11.2019 14:38:12 : Подключение к БД успешно установлено
24.11.2019 14:38:12 : Инициализация процедуры получения параметров с БД
24.11.2019 14:38:12 : Получение списка мест дефекта в производстве успешно завершено
24.11.2019 14:38:12 : Получение списка описаний дефекта успешно завершено
24.11.2019 14:38:12 : Получение списка диаметров успешно завершено
24.11.2019 14:38:12 : Получение списка бригад успешно завершено
24.11.2019 14:38:12 : Получение списка смен успешно завершено
24.11.2019 14:38:12 : Получение списка статусов коррекции успешно завершено
24.11.2019 14:38:12 : Получение списка номеров ТС успешно завершено
24.11.2019 14:38:12 : Получение списка марок сплавов успешно завершено
24.11.2019 14:38:12 : Получение списка типов дефекта успешно завершено
24.11.2019 14:38:12 : Получение списка позиций с сервера успешно завершено
24.11.2019 14:38:12 : Процедура получения параметров с БД успешно завершена
24.11.2019 14:38:15 : Запуск процедура обычного анализа
24.11.2019 14:38:19 : Запуск процедуры получения анализа
24.11.2019 14:38:19 : Создание диаграммы краткого отчета завершено успешно
24.11.2019 14:38:19 : Заполнение таблицы краткого отчета завершено успешно
24.11.2019 14:38:19 : Краткий анализ описание вес выполнен
24.11.2019 14:38:19 : Выполнение анализа по параметру: Вес | Описание
24.11.2019 14:38:19 : Процедура получения анализа завершена
24.11.2019 14:38:20 : Запуск процедуры экспорта данных анализа
24.11.2019 14:38:20 : Началось формирование выгрузки краткого анализа
24.11.2019 14:38:21 : Процедура экспорта данных анализа завершена
24.11.2019 14:38:23 : Были очищены все поля класса анализа
24.11.2019 14:38:23 : Очистка памяти после выполнения анализа успешно завершена
24.11.2019 14:39:07 : Дешифрование пароля успешно завершено
24.11.2019 14:39:07 : Процедура проверки целостности файлов успешно завершена
24.11.2019 14:39:07 : Процедура проверки целостности файлов запущена...
24.11.2019 14:39:13 : Подключение к БД успешно установлено
24.11.2019 14:39:13 : Инициализация процедуры получения параметров с БД
24.11.2019 14:39:13 : Получение списка мест дефекта в производстве успешно завершено
24.11.2019 14:39:13 : Получение списка описаний дефекта успешно завершено
24.11.2019 14:39:13 : Получение списка диаметров успешно завершено
24.11.2019 14:39:13 : Получение списка бригад успешно завершено
24.11.2019 14:39:13 : Получение списка смен успешно завершено
24.11.2019 14:39:13 : Получение списка статусов коррекции успешно завершено
24.11.2019 14:39:13 : Получение списка номеров ТС успешно завершено
24.11.2019 14:39:13 : Получение списка марок сплавов успешно завершено
24.11.2019 14:39:13 : Получение списка типов дефекта успешно завершено
24.11.2019 14:39:13 : Получение списка позиций с сервера успешно завершено
24.11.2019 14:39:13 : Процедура получения параметров с БД успешно завершена
24.11.2019 14:39:16 : Запуск процедуры расширенного анализа
24.11.2019 14:39:19 : Были очищены все поля класса анализа
24.11.2019 14:39:19 : Очистка памяти после выполнения анализа успешно завершена
24.11.2019 14:39:21 : Запуск процедура обычного анализа
24.11.2019 14:39:26 : Запуск процедуры получения анализа
24.11.2019 14:39:26 : Создание диаграммы краткого отчета завершено успешно
24.11.2019 14:39:26 : Заполнение таблицы краткого отчета завершено успешно
24.11.2019 14:39:26 : Краткий анализ описание вес выполнен
24.11.2019 14:39:26 : Выполнение анализа по параметру: Вес | Описание
24.11.2019 14:39:26 : Процедура получения анализа завершена
24.11.2019 14:39:27 : Запуск процедуры экспорта данных анализа
24.11.2019 14:39:27 : Началось формирование выгрузки краткого анализа
24.11.2019 14:39:28 : Процедура экспорта данных анализа завершена
24.11.2019 14:39:30 : Были очищены все поля класса анализа
24.11.2019 14:39:30 : Очистка памяти после выполнения анализа успешно завершена
24.11.2019 14:42:02 : Дешифрование пароля успешно завершено
24.11.2019 14:42:02 : Процедура проверки целостности файлов успешно завершена
24.11.2019 14:42:02 : Процедура проверки целостности файлов запущена...
24.11.2019 14:42:08 : Подключение к БД успешно установлено
24.11.2019 14:42:08 : Инициализация процедуры получения параметров с БД
24.11.2019 14:42:08 : Получение списка мест дефекта в производстве успешно завершено
24.11.2019 14:42:08 : Получение списка описаний дефекта успешно завершено
24.11.2019 14:42:08 : Получение списка диаметров успешно завершено
24.11.2019 14:42:08 : Получение списка бригад успешно завершено
24.11.2019 14:42:08 : Получение списка смен успешно завершено
24.11.2019 14:42:08 : Получение списка статусов коррекции успешно завершено
24.11.2019 14:42:08 : Получение списка номеров ТС успешно завершено
24.11.2019 14:42:08 : Получение списка марок сплавов успешно завершено
24.11.2019 14:42:08 : Получение списка типов дефекта успешно завершено
24.11.2019 14:42:08 : Получение списка позиций с сервера успешно завершено
24.11.2019 14:42:08 : Процедура получения параметров с БД успешно завершена
24.11.2019 14:42:11 : Запуск процедура обычного анализа
24.11.2019 14:42:15 : Запуск процедуры получения анализа
24.11.2019 14:42:15 : Создание диаграммы краткого отчета завершено успешно
24.11.2019 14:42:15 : Заполнение таблицы краткого отчета завершено успешно
24.11.2019 14:42:15 : Краткий анализ описание вес выполнен
24.11.2019 14:42:15 : Выполнение анализа по параметру: Вес | Описание
24.11.2019 14:42:15 : Процедура получения анализа завершена
24.11.2019 14:42:16 : Запуск процедуры экспорта данных анализа
24.11.2019 14:42:16 : Началось формирование выгрузки краткого анализа
24.11.2019 14:42:18 : Процедура экспорта данных анализа завершена
24.11.2019 14:42:19 : Были очищены все поля класса анализа
24.11.2019 14:42:19 : Очистка памяти после выполнения анализа успешно завершена
24.11.2019 14:43:28 : Дешифрование пароля успешно завершено
24.11.2019 14:43:28 : Процедура проверки целостности файлов успешно завершена
24.11.2019 14:43:28 : Процедура проверки целостности файлов запущена...
24.11.2019 14:43:34 : Подключение к БД успешно установлено
24.11.2019 14:43:34 : Инициализация процедуры получения параметров с БД
24.11.2019 14:43:34 : Получение списка мест дефекта в производстве успешно завершено
24.11.2019 14:43:34 : Получение списка описаний дефекта успешно завершено
24.11.2019 14:43:34 : Получение списка диаметров успешно завершено
24.11.2019 14:43:34 : Получение списка бригад успешно завершено
24.11.2019 14:43:34 : Получение списка смен успешно завершено
24.11.2019 14:43:34 : Получение списка статусов коррекции успешно завершено
24.11.2019 14:43:34 : Получение списка номеров ТС успешно завершено
24.11.2019 14:43:34 : Получение списка марок сплавов успешно завершено
24.11.2019 14:43:34 : Получение списка типов дефекта успешно завершено
24.11.2019 14:43:34 : Получение списка позиций с сервера успешно завершено
24.11.2019 14:43:34 : Процедура получения параметров с БД успешно завершена
24.11.2019 14:43:36 : Запуск процедура обычного анализа
24.11.2019 14:43:40 : Запуск процедуры получения анализа
24.11.2019 14:43:40 : Создание диаграммы краткого отчета завершено успешно
24.11.2019 14:43:40 : Заполнение таблицы краткого отчета завершено успешно
24.11.2019 14:43:40 : Краткий анализ описание вес выполнен
24.11.2019 14:43:40 : Выполнение анализа по параметру: Вес | Описание
24.11.2019 14:43:40 : Процедура получения анализа завершена
24.11.2019 14:43:40 : Запуск процедуры экспорта данных анализа
24.11.2019 14:43:40 : Началось формирование выгрузки краткого анализа
24.11.2019 14:43:42 : Процедура экспорта данных анализа завершена
24.11.2019 14:43:43 : Были очищены все поля класса анализа
24.11.2019 14:43:43 : Очистка памяти после выполнения анализа успешно завершена
24.11.2019 14:43:53 : Запуск процедура обычного анализа
24.11.2019 14:43:56 : Запуск процедуры получения анализа
24.11.2019 14:43:56 : Создание диаграммы краткого отчета завершено успешно
24.11.2019 14:43:56 : Заполнение таблицы краткого отчета завершено успешно
24.11.2019 14:43:56 : Краткий анализ описание вес выполнен
24.11.2019 14:43:56 : Выполнение анализа по параметру: Вес | Описание
24.11.2019 14:43:56 : Процедура получения анализа завершена
24.11.2019 14:44:29 : Были очищены все поля класса анализа
24.11.2019 14:44:29 : Очистка памяти после выполнения анализа успешно завершена
24.11.2019 14:45:16 : Запуск процедуры расширенного анализа
24.11.2019 14:45:30 : Запуск процедуры получения анализа
24.11.2019 14:45:30 : Группировка для расширенного анализа выполнена успешно
24.11.2019 14:45:30 : Экспорт данных в лист выполнен успешно
24.11.2019 14:45:30 : Создание первой диаграммы расширенного отчета завершено успешно
24.11.2019 14:45:30 : Создание второй диаграммы расширенного отчета завершено успешно
24.11.2019 14:45:30 : Заполнение таблицы расширенного отчета завершено успешно
24.11.2019 14:45:30 : Расширенный анализ описание вес выполнен успешно
24.11.2019 14:45:30 : Выполнение анализа по параметрам: Описание
24.11.2019 14:45:30 : Процедура получения анализа завершена
24.11.2019 14:45:32 : Запуск процедуры экспорта данных анализа
24.11.2019 14:45:32 : Началось формирование выгрузки расширенного анализа
24.11.2019 14:45:36 : Процедуры экспорта данных анализа завершена
24.11.2019 14:45:40 : Были очищены все поля класса анализа
24.11.2019 14:45:40 : Очистка памяти после выполнения анализа успешно завершена
24.11.2019 14:46:26 : Запуск процедуры построение отчета
24.11.2019 14:46:30 : Началось формирование отчета
24.11.2019 14:46:31 : Выбрано место сохранения отчета
24.11.2019 14:46:31 : Процедура построения отчета успешно завершена
24.11.2019 14:52:02 : Дешифрование пароля успешно завершено
24.11.2019 14:52:02 : Процедура проверки целостности файлов успешно завершена
24.11.2019 14:52:02 : Процедура проверки целостности файлов запущена...
24.11.2019 14:52:08 : Подключение к БД успешно установлено
24.11.2019 14:52:08 : Инициализация процедуры получения параметров с БД
24.11.2019 14:52:08 : Получение списка мест дефекта в производстве успешно завершено
24.11.2019 14:52:08 : Получение списка описаний дефекта успешно завершено
24.11.2019 14:52:08 : Получение списка диаметров успешно завершено
24.11.2019 14:52:08 : Получение списка бригад успешно завершено
24.11.2019 14:52:08 : Получение списка смен успешно завершено
24.11.2019 14:52:08 : Получение списка статусов коррекции успешно завершено
24.11.2019 14:52:08 : Получение списка номеров ТС успешно завершено
24.11.2019 14:52:08 : Получение списка марок сплавов успешно завершено
24.11.2019 14:52:08 : Получение списка типов дефекта успешно завершено
24.11.2019 14:52:08 : Получение списка позиций с сервера успешно завершено
24.11.2019 14:52:08 : Процедура получения параметров с БД успешно завершена
24.11.2019 14:52:10 : Запуск процедуры построение отчета
24.11.2019 14:52:12 : Началось формирование отчета
24.11.2019 14:52:13 : Выбрано место сохранения отчета
24.11.2019 14:52:14 : Процедура построения отчета успешно завершена
24.11.2019 14:53:16 : Дешифрование пароля успешно завершено
24.11.2019 14:53:16 : Процедура проверки целостности файлов успешно завершена
24.11.2019 14:53:16 : Процедура проверки целостности файлов запущена...
24.11.2019 14:53:22 : Подключение к БД успешно установлено
24.11.2019 14:53:22 : Инициализация процедуры получения параметров с БД
24.11.2019 14:53:22 : Получение списка мест дефекта в производстве успешно завершено
24.11.2019 14:53:22 : Получение списка описаний дефекта успешно завершено
24.11.2019 14:53:22 : Получение списка диаметров успешно завершено
24.11.2019 14:53:22 : Получение списка бригад успешно завершено
24.11.2019 14:53:22 : Получение списка смен успешно завершено
24.11.2019 14:53:22 : Получение списка статусов коррекции успешно завершено
24.11.2019 14:53:22 : Получение списка номеров ТС успешно завершено
24.11.2019 14:53:22 : Получение списка марок сплавов успешно завершено
24.11.2019 14:53:22 : Получение списка типов дефекта успешно завершено
24.11.2019 14:53:22 : Получение списка позиций с сервера успешно завершено
24.11.2019 14:53:22 : Процедура получения параметров с БД успешно завершена
24.11.2019 14:53:27 : Запуск процедуры изменения конфигурации ПО
24.11.2019 14:53:30 : Запуск процедуры построение отчета
24.11.2019 14:53:33 : Началось формирование отчета
24.11.2019 14:53:34 : Выбрано место сохранения отчета
24.11.2019 14:53:34 : Процедура построения отчета успешно завершена
24.11.2019 14:55:59 : Дешифрование пароля успешно завершено
24.11.2019 14:55:59 : Процедура проверки целостности файлов успешно завершена
24.11.2019 14:56:00 : Процедура проверки целостности файлов запущена...
24.11.2019 14:56:06 : Подключение к БД успешно установлено
24.11.2019 14:56:06 : Инициализация процедуры получения параметров с БД
24.11.2019 14:56:06 : Получение списка мест дефекта в производстве успешно завершено
24.11.2019 14:56:06 : Получение списка описаний дефекта успешно завершено
24.11.2019 14:56:06 : Получение списка диаметров успешно завершено
24.11.2019 14:56:06 : Получение списка бригад успешно завершено
24.11.2019 14:56:06 : Получение списка смен успешно завершено
24.11.2019 14:56:06 : Получение списка статусов коррекции успешно завершено
24.11.2019 14:56:06 : Получение списка номеров ТС успешно завершено
24.11.2019 14:56:06 : Получение списка марок сплавов успешно завершено
24.11.2019 14:56:06 : Получение списка типов дефекта успешно завершено
24.11.2019 14:56:06 : Получение списка позиций с сервера успешно завершено
24.11.2019 14:56:06 : Процедура получения параметров с БД успешно завершена
24.11.2019 14:56:09 : Запуск процедуры построение отчета
24.11.2019 14:56:12 : Началось формирование отчета
24.11.2019 14:56:13 : Выбрано место сохранения отчета
24.11.2019 14:56:13 : Процедура построения отчета успешно завершена
24.11.2019 14:57:47 : Дешифрование пароля успешно завершено
24.11.2019 14:57:47 : Процедура проверки целостности файлов успешно завершена
24.11.2019 14:57:47 : Процедура проверки целостности файлов запущена...
24.11.2019 14:57:53 : Подключение к БД успешно установлено
24.11.2019 14:57:53 : Инициализация процедуры получения параметров с БД
24.11.2019 14:57:53 : Получение списка мест дефекта в производстве успешно завершено
24.11.2019 14:57:53 : Получение списка описаний дефекта успешно завершено
24.11.2019 14:57:53 : Получение списка диаметров успешно завершено
24.11.2019 14:57:53 : Получение списка бригад успешно завершено
24.11.2019 14:57:53 : Получение списка смен успешно завершено
24.11.2019 14:57:53 : Получение списка статусов коррекции успешно завершено
24.11.2019 14:57:53 : Получение списка номеров ТС успешно завершено
24.11.2019 14:57:53 : Получение списка марок сплавов успешно завершено
24.11.2019 14:57:53 : Получение списка типов дефекта успешно завершено
24.11.2019 14:57:53 : Получение списка позиций с сервера успешно завершено
24.11.2019 14:57:53 : Процедура получения параметров с БД успешно завершена
24.11.2019 14:57:55 : Запуск процедуры построение отчета
24.11.2019 14:57:58 : Началось формирование отчета
24.11.2019 14:57:59 : Выбрано место сохранения отчета
24.11.2019 14:57:59 : Процедура построения отчета успешно завершена
24.11.2019 14:58:37 : Дешифрование пароля успешно завершено
24.11.2019 14:58:37 : Процедура проверки целостности файлов успешно завершена
24.11.2019 14:58:37 : Процедура проверки целостности файлов запущена...
24.11.2019 14:58:43 : Подключение к БД успешно установлено
24.11.2019 14:58:43 : Инициализация процедуры получения параметров с БД
24.11.2019 14:58:43 : Получение списка мест дефекта в производстве успешно завершено
24.11.2019 14:58:43 : Получение списка описаний дефекта успешно завершено
24.11.2019 14:58:43 : Получение списка диаметров успешно завершено
24.11.2019 14:58:43 : Получение списка бригад успешно завершено
24.11.2019 14:58:43 : Получение списка смен успешно завершено
24.11.2019 14:58:43 : Получение списка статусов коррекции успешно завершено
24.11.2019 14:58:43 : Получение списка номеров ТС успешно завершено
24.11.2019 14:58:43 : Получение списка марок сплавов успешно завершено
24.11.2019 14:58:43 : Получение списка типов дефекта успешно завершено
24.11.2019 14:58:43 : Получение списка позиций с сервера успешно завершено
24.11.2019 14:58:43 : Процедура получения параметров с БД успешно завершена
24.11.2019 14:58:45 : Запуск процедуры построение отчета
24.11.2019 14:58:48 : Началось формирование отчета
24.11.2019 14:58:49 : Выбрано место сохранения отчета
24.11.2019 14:58:50 : Процедура построения отчета успешно завершена
24.11.2019 14:59:37 : Дешифрование пароля успешно завершено
24.11.2019 14:59:37 : Процедура проверки целостности файлов успешно завершена
24.11.2019 14:59:37 : Процедура проверки целостности файлов запущена...
24.11.2019 14:59:43 : Подключение к БД успешно установлено
24.11.2019 14:59:43 : Инициализация процедуры получения параметров с БД
24.11.2019 14:59:43 : Получение списка мест дефекта в производстве успешно завершено
24.11.2019 14:59:43 : Получение списка описаний дефекта успешно завершено
24.11.2019 14:59:43 : Получение списка диаметров успешно завершено
24.11.2019 14:59:43 : Получение списка бригад успешно завершено
24.11.2019 14:59:43 : Получение списка смен успешно завершено
24.11.2019 14:59:43 : Получение списка статусов коррекции успешно завершено
24.11.2019 14:59:43 : Получение списка номеров ТС успешно завершено
24.11.2019 14:59:43 : Получение списка марок сплавов успешно завершено
24.11.2019 14:59:43 : Получение списка типов дефекта успешно завершено
24.11.2019 14:59:43 : Получение списка позиций с сервера успешно завершено
24.11.2019 14:59:43 : Процедура получения параметров с БД успешно завершена
24.11.2019 14:59:47 : Запуск процедура обычного анализа
24.11.2019 14:59:50 : Запуск процедуры получения анализа
24.11.2019 14:59:50 : Создание диаграммы краткого отчета завершено успешно
24.11.2019 14:59:50 : Заполнение таблицы краткого отчета завершено успешно
24.11.2019 14:59:50 : Краткий анализ номер ТС вес выполнен
24.11.2019 14:59:50 : Выполнение анализа по параметру: Вес | Номер ТС
24.11.2019 14:59:50 : Процедура получения анализа завершена
24.11.2019 14:59:54 : Запуск процедуры получения анализа
24.11.2019 14:59:54 : Создание диаграммы краткого отчета завершено успешно
24.11.2019 14:59:54 : Заполнение таблицы краткого отчета завершено успешно
24.11.2019 14:59:54 : Краткий анализ номер ТС вес выполнен
24.11.2019 14:59:54 : Выполнение анализа по параметру: Вес | Номер ТС
24.11.2019 14:59:54 : Процедура получения анализа завершена
24.11.2019 14:59:54 : Запуск процедуры экспорта данных анализа
24.11.2019 14:59:54 : Началось формирование выгрузки краткого анализа
24.11.2019 14:59:56 : Процедура экспорта данных анализа завершена
24.11.2019 14:59:59 : Запуск процедуры получения анализа
24.11.2019 14:59:59 : Создание диаграммы краткого отчета завершено успешно
24.11.2019 14:59:59 : Заполнение таблицы краткого отчета завершено успешно
24.11.2019 14:59:59 : Краткий анализ описание вес выполнен
24.11.2019 14:59:59 : Выполнение анализа по параметру: Вес | Описание
24.11.2019 14:59:59 : Процедура получения анализа завершена
24.11.2019 15:00:00 : Запуск процедуры экспорта данных анализа
24.11.2019 15:00:00 : Началось формирование выгрузки краткого анализа
24.11.2019 15:00:01 : Процедура экспорта данных анализа завершена
24.11.2019 15:00:02 : Были очищены все поля класса анализа
24.11.2019 15:00:02 : Очистка памяти после выполнения анализа успешно завершена
24.11.2019 15:01:06 : Запуск процедуры расширенного анализа
24.11.2019 15:01:16 : Запуск процедуры получения анализа
24.11.2019 15:01:16 : Группировка для расширенного анализа выполнена успешно
24.11.2019 15:01:16 : Экспорт данных в лист выполнен успешно
24.11.2019 15:01:16 : Создание первой диаграммы расширенного отчета завершено успешно
24.11.2019 15:01:16 : Создание второй диаграммы расширенного отчета завершено успешно
24.11.2019 15:01:16 : Заполнение таблицы расширенного отчета завершено успешно
24.11.2019 15:01:16 : Расширенный анализ описание вес выполнен успешно
24.11.2019 15:01:16 : Выполнение анализа по параметрам: Описание
24.11.2019 15:01:16 : Процедура получения анализа завершена
24.11.2019 15:01:19 : Запуск процедуры получения анализа
24.11.2019 15:01:19 : Группировка для расширенного анализа выполнена успешно
24.11.2019 15:01:19 : Экспорт данных в лист выполнен успешно
24.11.2019 15:01:19 : Создание первой диаграммы расширенного отчета завершено успешно
24.11.2019 15:01:19 : Создание второй диаграммы расширенного отчета завершено успешно
24.11.2019 15:01:19 : Заполнение таблицы расширенного отчета завершено успешно
24.11.2019 15:01:19 : Расширенный анализ описание вес выполнен успешно
24.11.2019 15:01:19 : Выполнение анализа по параметрам: Описание
24.11.2019 15:01:19 : Процедура получения анализа завершена
24.11.2019 15:01:25 : Запуск процедуры экспорта данных анализа
24.11.2019 15:01:25 : Началось формирование выгрузки расширенного анализа
24.11.2019 15:01:26 : Процедуры экспорта данных анализа завершена
24.11.2019 15:01:28 : Были очищены все поля класса анализа
24.11.2019 15:01:28 : Очистка памяти после выполнения анализа успешно завершена
24.11.2019 15:02:10 : Запуск процедуры демонстрации места дефекта на слитке
24.11.2019 15:02:21 : Запуск процедуры расширенного анализа
24.11.2019 15:02:33 : Были очищены все поля класса анализа
24.11.2019 15:02:33 : Очистка памяти после выполнения анализа успешно завершена
24.11.2019 15:03:06 : Были очищены все поля класса анализа
