14.12.2019 12:09:18 : Дешифрование пароля успешно завершено
14.12.2019 12:09:18 : Процедура проверки целостности файлов успешно завершена
14.12.2019 12:09:18 : Процедура проверки целостности файлов запущена...
14.12.2019 12:09:24 : Подключение к БД успешно установлено
14.12.2019 12:09:24 : Инициализация процедуры получения параметров с БД
14.12.2019 12:09:24 : Получение списка мест дефекта в производстве успешно завершено
14.12.2019 12:09:24 : Получение списка описаний дефекта успешно завершено
14.12.2019 12:09:24 : Получение списка диаметров успешно завершено
14.12.2019 12:09:24 : Получение списка бригад успешно завершено
14.12.2019 12:09:24 : Получение списка смен успешно завершено
14.12.2019 12:09:24 : Получение списка статусов коррекции успешно завершено
14.12.2019 12:09:24 : Получение списка номеров ТС успешно завершено
14.12.2019 12:09:24 : Получение списка марок сплавов успешно завершено
14.12.2019 12:09:24 : Получение списка типов дефекта успешно завершено
14.12.2019 12:09:24 : Получение списка позиций с сервера успешно завершено
14.12.2019 12:09:24 : Процедура получения параметров с БД успешно завершена
14.12.2019 12:09:28 : Запуск процедура обычного анализа
14.12.2019 12:09:29 : Запуск процедуры получения анализа
14.12.2019 12:09:30 : Создание диаграммы краткого отчета завершено успешно
14.12.2019 12:09:30 : Заполнение таблицы краткого отчета завершено успешно
14.12.2019 12:09:30 : Краткий анализ бригада вес выполнен
14.12.2019 12:09:30 : Выполнение анализа по параметру: Вес | Бригада
14.12.2019 12:09:30 : Процедура получения анализа завершена
14.12.2019 12:09:34 : Запуск процедуры получения анализа
14.12.2019 12:09:34 : Создание диаграммы краткого отчета завершено успешно
14.12.2019 12:09:34 : Заполнение таблицы краткого отчета завершено успешно
14.12.2019 12:09:34 : Краткий анализ бригада вес выполнен
14.12.2019 12:09:34 : Выполнение анализа по параметру: Вес | Бригада
14.12.2019 12:09:34 : Процедура получения анализа завершена
14.12.2019 12:09:35 : Запуск процедуры получения анализа
14.12.2019 12:09:35 : Создание диаграммы краткого отчета завершено успешно
14.12.2019 12:09:35 : Заполнение таблицы краткого отчета завершено успешно
14.12.2019 12:09:35 : Краткий анализ бригада вес выполнен
14.12.2019 12:09:35 : Выполнение анализа по параметру: Вес | Бригада
14.12.2019 12:09:35 : Процедура получения анализа завершена
14.12.2019 12:09:37 : Запуск процедуры получения анализа
14.12.2019 12:09:37 : Создание диаграммы краткого отчета завершено успешно
14.12.2019 12:09:37 : Заполнение таблицы краткого отчета завершено успешно
14.12.2019 12:09:37 : Краткий анализ бригада вес выполнен
14.12.2019 12:09:37 : Выполнение анализа по параметру: Вес | Бригада
14.12.2019 12:09:37 : Процедура получения анализа завершена
14.12.2019 12:09:43 : Запуск процедуры экспорта данных анализа
14.12.2019 12:09:43 : Началось формирование выгрузки краткого анализа
14.12.2019 12:09:47 : Процедура экспорта данных анализа завершена
14.12.2019 12:09:49 : Были очищены все поля класса анализа
14.12.2019 12:09:49 : Очистка памяти после выполнения анализа успешно завершена
14.12.2019 12:09:50 : Запуск процедура обычного анализа
14.12.2019 12:09:53 : Были очищены все поля класса анализа
14.12.2019 12:09:53 : Очистка памяти после выполнения анализа успешно завершена
14.12.2019 12:09:55 : Запуск процедуры расширенного анализа
14.12.2019 12:09:59 : Запуск процедуры получения анализа
14.12.2019 12:09:59 : Группировка для расширенного анализа выполнена успешно
14.12.2019 12:09:59 : Экспорт данных в лист выполнен успешно
14.12.2019 12:09:59 : Создание первой диаграммы расширенного отчета завершено успешно
14.12.2019 12:09:59 : Создание второй диаграммы расширенного отчета завершено успешно
14.12.2019 12:09:59 : Заполнение таблицы расширенного отчета завершено успешно
14.12.2019 12:09:59 : Расширенный анализ бригада вес выполнен успешно
14.12.2019 12:09:59 : Выполнение анализа по параметрам: Бригады
14.12.2019 12:09:59 : Процедура получения анализа завершена
14.12.2019 12:10:00 : Запуск процедуры экспорта данных анализа
14.12.2019 12:10:00 : Началось формирование выгрузки расширенного анализа
14.12.2019 12:10:02 : Процедуры экспорта данных анализа завершена
14.12.2019 12:10:04 : Были очищены все поля класса анализа
14.12.2019 12:10:04 : Очистка памяти после выполнения анализа успешно завершена
14.12.2019 12:10:12 : Были очищены все поля класса анализа
14.12.2019 12:10:22 : Были очищены все поля класса анализа
14.12.2019 12:10:24 : Запуск процедуры построение отчета
14.12.2019 12:10:27 : Началось формирование отчета
14.12.2019 12:10:28 : Выбрано место сохранения отчета
14.12.2019 12:10:28 : Процедура построения отчета успешно завершена
14.12.2019 12:10:30 : Запуск процедуры изменения конфигурации ПО
14.12.2019 12:10:34 : Запуск процедуры добавления позиции
14.12.2019 12:10:38 : Процедура добавления позиции завершена
14.12.2019 12:10:39 : Запуск процедуры изменения позиции
14.12.2019 12:10:39 : Получение текущих данных выбранного объекта успешно завершено
14.12.2019 12:10:43 : Процедура изменения позиции завершена
14.12.2019 12:10:48 : Запуск процедуры удаления позиции
14.12.2019 12:10:49 : Процедура удаления позиции завершена
14.12.2019 12:11:03 : Запуск процеры поиска по параметрам
14.12.2019 12:11:03 : Перебор значений по заданным параметрам успешно завершен
14.12.2019 12:11:03 : Отображение позиций по заданным параметрам
14.12.2019 12:11:03 : Процеры поиска по параметрам завершена
14.12.2019 12:11:08 : Запуск процеры поиска по параметрам
14.12.2019 12:11:08 : Перебор значений по заданным параметрам успешно завершен
14.12.2019 12:11:09 : Количество объектов по параметрам поиска 0
14.12.2019 12:11:09 : Процеры поиска по параметрам завершена
14.12.2019 12:11:17 : Запуск процеду сброса параметров фильтрации
14.12.2019 12:11:17 : Процедура сброса параметров фильтрации успешно завершена
14.12.2019 12:11:20 : Запуск процеры поиска по параметрам
14.12.2019 12:11:34 : Отображение позиций по заданным параметрам
14.12.2019 12:11:35 : Процеры поиска по параметрам завершена
14.12.2019 12:11:37 : Запуск процеры поиска по параметрам
14.12.2019 12:11:44 : Отображение позиций по заданным параметрам
14.12.2019 12:11:47 : Процеры поиска по параметрам завершена
14.12.2019 12:11:48 : Запуск процедуры демонстрации места дефекта на слитке
14.12.2019 12:11:50 : Процедуры демонстрации места дефекта на слитке успешна завершена
14.12.2019 12:17:08 : Дешифрование пароля успешно завершено
14.12.2019 12:17:08 : Процедура проверки целостности файлов успешно завершена
14.12.2019 12:17:08 : Процедура проверки целостности файлов запущена...
14.12.2019 12:17:14 : Подключение к БД успешно установлено
14.12.2019 12:17:14 : Инициализация процедуры получения параметров с БД
14.12.2019 12:17:14 : Получение списка мест дефекта в производстве успешно завершено
14.12.2019 12:17:14 : Получение списка описаний дефекта успешно завершено
14.12.2019 12:17:14 : Получение списка диаметров успешно завершено
14.12.2019 12:17:14 : Получение списка бригад успешно завершено
14.12.2019 12:17:14 : Получение списка смен успешно завершено
14.12.2019 12:17:14 : Получение списка статусов коррекции успешно завершено
14.12.2019 12:17:14 : Получение списка номеров ТС успешно завершено
14.12.2019 12:17:14 : Получение списка марок сплавов успешно завершено
14.12.2019 12:17:14 : Получение списка типов дефекта успешно завершено
14.12.2019 12:17:15 : Получение списка позиций с сервера успешно завершено
14.12.2019 12:17:15 : Процедура получения параметров с БД успешно завершена
14.12.2019 12:17:21 : Запуск процедуры изменения позиции
14.12.2019 12:17:21 : Получение текущих данных выбранного объекта успешно завершено
14.12.2019 12:17:27 : Данные модификации позиции успешно получены
14.12.2019 12:17:27 : Изменение параметров позиции успешно завершено
14.12.2019 12:17:27 : Процедура изменения позиции завершена
14.12.2019 12:20:52 : Дешифрование пароля успешно завершено
14.12.2019 12:20:52 : Процедура проверки целостности файлов успешно завершена
14.12.2019 12:20:52 : Процедура проверки целостности файлов запущена...
14.12.2019 12:20:58 : Подключение к БД успешно установлено
14.12.2019 12:20:58 : Инициализация процедуры получения параметров с БД
14.12.2019 12:20:58 : Получение списка мест дефекта в производстве успешно завершено
14.12.2019 12:20:58 : Получение списка описаний дефекта успешно завершено
14.12.2019 12:20:58 : Получение списка диаметров успешно завершено
14.12.2019 12:20:58 : Получение списка бригад успешно завершено
14.12.2019 12:20:58 : Получение списка смен успешно завершено
14.12.2019 12:20:58 : Получение списка статусов коррекции успешно завершено
14.12.2019 12:20:58 : Получение списка номеров ТС успешно завершено
14.12.2019 12:20:58 : Получение списка марок сплавов успешно завершено
14.12.2019 12:20:58 : Получение списка типов дефекта успешно завершено
14.12.2019 12:20:58 : Получение списка позиций с сервера успешно завершено
14.12.2019 12:20:58 : Процедура получения параметров с БД успешно завершена
14.12.2019 12:21:14 : Запуск процедуры изменения позиции
14.12.2019 12:21:14 : Получение текущих данных выбранного объекта успешно завершено
14.12.2019 12:21:21 : Процедура изменения позиции завершена
14.12.2019 12:21:35 : Запуск процедуры добавления позиции
14.12.2019 12:21:50 : Процедура добавления позиции завершена
14.12.2019 12:24:09 : Дешифрование пароля успешно завершено
14.12.2019 12:24:09 : Процедура проверки целостности файлов успешно завершена
14.12.2019 12:24:09 : Процедура проверки целостности файлов запущена...
14.12.2019 12:24:15 : Подключение к БД успешно установлено
14.12.2019 12:24:16 : Инициализация процедуры получения параметров с БД
14.12.2019 12:24:16 : Получение списка мест дефекта в производстве успешно завершено
14.12.2019 12:24:16 : Получение списка описаний дефекта успешно завершено
14.12.2019 12:24:16 : Получение списка диаметров успешно завершено
14.12.2019 12:24:16 : Получение списка бригад успешно завершено
14.12.2019 12:24:16 : Получение списка смен успешно завершено
14.12.2019 12:24:16 : Получение списка статусов коррекции успешно завершено
14.12.2019 12:24:16 : Получение списка номеров ТС успешно завершено
14.12.2019 12:24:16 : Получение списка марок сплавов успешно завершено
14.12.2019 12:24:16 : Получение списка типов дефекта успешно завершено
14.12.2019 12:24:16 : Получение списка позиций с сервера успешно завершено
14.12.2019 12:24:16 : Процедура получения параметров с БД успешно завершена
14.12.2019 12:24:24 : Запуск процедуры изменения позиции
14.12.2019 12:24:24 : Получение текущих данных выбранного объекта успешно завершено
14.12.2019 12:24:28 : Данные модификации позиции успешно получены
14.12.2019 12:24:28 : Изменение параметров позиции успешно завершено
14.12.2019 12:24:28 : Процедура изменения позиции завершена
14.12.2019 12:25:18 : Запуск процедуры демонстрации места дефекта на слитке
14.12.2019 12:25:19 : Процедуры демонстрации места дефекта на слитке успешна завершена
14.12.2019 12:25:26 : Запуск процедуры изменения конфигурации ПО
14.12.2019 12:46:48 : Дешифрование пароля успешно завершено
14.12.2019 12:46:48 : Процедура проверки целостности файлов успешно завершена
14.12.2019 12:46:48 : Процедура проверки целостности файлов запущена...
14.12.2019 12:46:54 : Подключение к БД успешно установлено
14.12.2019 12:46:54 : Инициализация процедуры получения параметров с БД
14.12.2019 12:46:54 : Получение списка мест дефекта в производстве успешно завершено
14.12.2019 12:46:54 : Получение списка описаний дефекта успешно завершено
14.12.2019 12:46:54 : Получение списка диаметров успешно завершено
14.12.2019 12:46:54 : Получение списка бригад успешно завершено
14.12.2019 12:46:54 : Получение списка смен успешно завершено
14.12.2019 12:46:54 : Получение списка статусов коррекции успешно завершено
14.12.2019 12:46:54 : Получение списка номеров ТС успешно завершено
14.12.2019 12:46:54 : Получение списка марок сплавов успешно завершено
14.12.2019 12:46:54 : Получение списка типов дефекта успешно завершено
14.12.2019 12:46:54 : Получение списка позиций с сервера успешно завершено
14.12.2019 12:46:54 : Процедура получения параметров с БД успешно завершена
14.12.2019 12:47:13 : Были очищены все поля класса анализа
14.12.2019 12:49:52 : Дешифрование пароля успешно завершено
14.12.2019 12:49:52 : Процедура проверки целостности файлов успешно завершена
14.12.2019 12:49:52 : Процедура проверки целостности файлов запущена...
14.12.2019 12:49:58 : Подключение к БД успешно установлено
14.12.2019 12:49:59 : Инициализация процедуры получения параметров с БД
14.12.2019 12:49:59 : Получение списка мест дефекта в производстве успешно завершено
14.12.2019 12:49:59 : Получение списка описаний дефекта успешно завершено
14.12.2019 12:49:59 : Получение списка диаметров успешно завершено
14.12.2019 12:49:59 : Получение списка бригад успешно завершено
14.12.2019 12:49:59 : Получение списка смен успешно завершено
14.12.2019 12:49:59 : Получение списка статусов коррекции успешно завершено
14.12.2019 12:49:59 : Получение списка номеров ТС успешно завершено
14.12.2019 12:49:59 : Получение списка марок сплавов успешно завершено
14.12.2019 12:49:59 : Получение списка типов дефекта успешно завершено
14.12.2019 12:49:59 : Получение списка позиций с сервера успешно завершено
14.12.2019 12:49:59 : Процедура получения параметров с БД успешно завершена
14.12.2019 12:50:48 : Были очищены все поля класса анализа
14.12.2019 12:50:50 : Запуск процедура обычного анализа
14.12.2019 12:50:53 : Были очищены все поля класса анализа
14.12.2019 12:50:53 : Очистка памяти после выполнения анализа успешно завершена
14.12.2019 13:01:39 : Дешифрование пароля успешно завершено
14.12.2019 13:01:39 : Процедура проверки целостности файлов успешно завершена
14.12.2019 13:01:39 : Процедура проверки целостности файлов запущена...
14.12.2019 13:01:45 : Подключение к БД успешно установлено
14.12.2019 13:01:45 : Инициализация процедуры получения параметров с БД
14.12.2019 13:01:45 : Получение списка мест дефекта в производстве успешно завершено
14.12.2019 13:01:45 : Получение списка описаний дефекта успешно завершено
14.12.2019 13:01:45 : Получение списка диаметров успешно завершено
14.12.2019 13:01:45 : Получение списка бригад успешно завершено
14.12.2019 13:01:45 : Получение списка смен успешно завершено
14.12.2019 13:01:45 : Получение списка статусов коррекции успешно завершено
14.12.2019 13:01:45 : Получение списка номеров ТС успешно завершено
14.12.2019 13:01:45 : Получение списка марок сплавов успешно завершено
14.12.2019 13:01:45 : Получение списка типов дефекта успешно завершено
14.12.2019 13:01:46 : Получение списка позиций с сервера успешно завершено
14.12.2019 13:01:46 : Процедура получения параметров с БД успешно завершена
14.12.2019 13:05:54 : Дешифрование пароля успешно завершено
14.12.2019 13:05:54 : Процедура проверки целостности файлов успешно завершена
14.12.2019 13:05:55 : Процедура проверки целостности файлов запущена...
14.12.2019 13:06:01 : Подключение к БД успешно установлено
14.12.2019 13:06:01 : Инициализация процедуры получения параметров с БД
14.12.2019 13:06:01 : Получение списка мест дефекта в производстве успешно завершено
14.12.2019 13:06:01 : Получение списка описаний дефекта успешно завершено
14.12.2019 13:06:01 : Получение списка диаметров успешно завершено
14.12.2019 13:06:01 : Получение списка бригад успешно завершено
14.12.2019 13:06:01 : Получение списка смен успешно завершено
14.12.2019 13:06:01 : Получение списка статусов коррекции успешно завершено
14.12.2019 13:06:01 : Получение списка номеров ТС успешно завершено
14.12.2019 13:06:01 : Получение списка марок сплавов успешно завершено
14.12.2019 13:06:01 : Получение списка типов дефекта успешно завершено
14.12.2019 13:06:01 : Получение списка позиций с сервера успешно завершено
14.12.2019 13:06:01 : Процедура получения параметров с БД успешно завершена
14.12.2019 13:06:05 : Запуск процедура обычного анализа
14.12.2019 13:06:08 : Запуск процедуры получения анализа
14.12.2019 13:06:08 : Создание диаграммы краткого отчета завершено успешно
14.12.2019 13:06:08 : Краткий анализ бригада вес выполнен
14.12.2019 13:06:08 : Выполнение анализа по параметру: Вес | Бригада
14.12.2019 13:06:08 : Процедура получения анализа завершена
14.12.2019 13:06:26 : Запуск процедуры экспорта данных анализа
14.12.2019 13:06:26 : Началось формирование выгрузки краткого анализа
14.12.2019 13:06:30 : Процедура экспорта данных анализа завершена
14.12.2019 13:06:39 : Были очищены все поля класса анализа
14.12.2019 13:06:39 : Очистка памяти после выполнения анализа успешно завершена
14.12.2019 13:10:16 : Дешифрование пароля успешно завершено
14.12.2019 13:10:16 : Процедура проверки целостности файлов успешно завершена
14.12.2019 13:10:16 : Процедура проверки целостности файлов запущена...
14.12.2019 13:10:22 : Подключение к БД успешно установлено
14.12.2019 13:10:23 : Инициализация процедуры получения параметров с БД
14.12.2019 13:10:23 : Получение списка мест дефекта в производстве успешно завершено
14.12.2019 13:10:23 : Получение списка описаний дефекта успешно завершено
14.12.2019 13:10:23 : Получение списка диаметров успешно завершено
14.12.2019 13:10:23 : Получение списка бригад успешно завершено
14.12.2019 13:10:23 : Получение списка смен успешно завершено
14.12.2019 13:10:23 : Получение списка статусов коррекции успешно завершено
14.12.2019 13:10:23 : Получение списка номеров ТС успешно завершено
14.12.2019 13:10:23 : Получение списка марок сплавов успешно завершено
14.12.2019 13:10:23 : Получение списка типов дефекта успешно завершено
14.12.2019 13:10:23 : Получение списка позиций с сервера успешно завершено
14.12.2019 13:10:23 : Процедура получения параметров с БД успешно завершена
14.12.2019 13:10:28 : Запуск процедура обычного анализа
14.12.2019 13:10:31 : Запуск процедуры получения анализа
14.12.2019 13:10:31 : Создание диаграммы краткого отчета завершено успешно
14.12.2019 13:10:31 : Заполнение таблицы краткого отчета завершено успешно
14.12.2019 13:10:31 : Краткий анализ бригада вес выполнен
14.12.2019 13:10:31 : Выполнение анализа по параметру: Вес | Бригада
14.12.2019 13:10:31 : Процедура получения анализа завершена
14.12.2019 13:10:48 : Запуск процедуры получения анализа
14.12.2019 13:10:48 : Создание диаграммы краткого отчета завершено успешно
14.12.2019 13:10:48 : Заполнение таблицы краткого отчета завершено успешно
14.12.2019 13:10:48 : Краткий анализ бригада количество выполнен
14.12.2019 13:10:48 : Выполнение анализа по параметру: Количество | Бригада
14.12.2019 13:10:48 : Процедура получения анализа завершена
14.12.2019 13:10:54 : Запуск процедуры получения анализа
14.12.2019 13:10:54 : Создание диаграммы краткого отчета завершено успешно
14.12.2019 13:10:54 : Заполнение таблицы краткого отчета завершено успешно
14.12.2019 13:10:54 : Краткий анализ бригада количество выполнен
14.12.2019 13:10:54 : Выполнение анализа по параметру: Количество | Бригада
14.12.2019 13:10:54 : Процедура получения анализа завершена
14.12.2019 13:10:55 : Запуск процедуры получения анализа
14.12.2019 13:10:55 : Создание диаграммы краткого отчета завершено успешно
14.12.2019 13:10:55 : Заполнение таблицы краткого отчета завершено успешно
14.12.2019 13:10:55 : Краткий анализ бригада количество выполнен
14.12.2019 13:10:55 : Выполнение анализа по параметру: Количество | Бригада
14.12.2019 13:10:55 : Процедура получения анализа завершена
14.12.2019 13:10:56 : Запуск процедуры получения анализа
14.12.2019 13:10:56 : Создание диаграммы краткого отчета завершено успешно
14.12.2019 13:10:56 : Заполнение таблицы краткого отчета завершено успешно
14.12.2019 13:10:56 : Краткий анализ бригада количество выполнен
14.12.2019 13:10:56 : Выполнение анализа по параметру: Количество | Бригада
14.12.2019 13:10:56 : Процедура получения анализа завершена
14.12.2019 13:11:42 : Дешифрование пароля успешно завершено
14.12.2019 13:11:42 : Процедура проверки целостности файлов успешно завершена
14.12.2019 13:11:42 : Процедура проверки целостности файлов запущена...
14.12.2019 13:11:48 : Подключение к БД успешно установлено
14.12.2019 13:11:48 : Инициализация процедуры получения параметров с БД
14.12.2019 13:11:48 : Получение списка мест дефекта в производстве успешно завершено
14.12.2019 13:11:48 : Получение списка описаний дефекта успешно завершено
14.12.2019 13:11:48 : Получение списка диаметров успешно завершено
14.12.2019 13:11:48 : Получение списка бригад успешно завершено
14.12.2019 13:11:48 : Получение списка смен успешно завершено
14.12.2019 13:11:48 : Получение списка статусов коррекции успешно завершено
14.12.2019 13:11:48 : Получение списка номеров ТС успешно завершено
14.12.2019 13:11:49 : Получение списка марок сплавов успешно завершено
14.12.2019 13:11:49 : Получение списка типов дефекта успешно завершено
14.12.2019 13:11:49 : Получение списка позиций с сервера успешно завершено
14.12.2019 13:11:49 : Процедура получения параметров с БД успешно завершена
14.12.2019 13:11:52 : Запуск процедура обычного анализа
14.12.2019 13:11:55 : Запуск процедуры получения анализа
14.12.2019 13:11:55 : Создание диаграммы краткого отчета завершено успешно
14.12.2019 13:11:55 : Заполнение таблицы краткого отчета завершено успешно
14.12.2019 13:11:56 : Краткий анализ бригада вес выполнен
14.12.2019 13:11:56 : Выполнение анализа по параметру: Вес | Бригада
14.12.2019 13:11:56 : Процедура получения анализа завершена
14.12.2019 13:11:57 : Запуск процедуры получения анализа
14.12.2019 13:11:57 : Создание диаграммы краткого отчета завершено успешно
14.12.2019 18:05:11 : Дешифрование пароля успешно завершено
14.12.2019 18:05:11 : Процедура проверки целостности файлов успешно завершена
14.12.2019 18:05:11 : Процедура проверки целостности файлов запущена...
14.12.2019 18:05:17 : Подключение к БД успешно установлено
14.12.2019 18:05:17 : Инициализация процедуры получения параметров с БД
14.12.2019 18:05:17 : Получение списка мест дефекта в производстве успешно завершено
14.12.2019 18:05:17 : Получение списка описаний дефекта успешно завершено
14.12.2019 18:05:17 : Получение списка диаметров успешно завершено
14.12.2019 18:05:17 : Получение списка бригад успешно завершено
14.12.2019 18:05:17 : Получение списка смен успешно завершено
14.12.2019 18:05:17 : Получение списка статусов коррекции успешно завершено
14.12.2019 18:05:17 : Получение списка номеров ТС успешно завершено
14.12.2019 18:05:17 : Получение списка марок сплавов успешно завершено
14.12.2019 18:05:17 : Получение списка типов дефекта успешно завершено
14.12.2019 18:05:17 : Получение списка позиций с сервера успешно завершено
14.12.2019 18:05:17 : Процедура получения параметров с БД успешно завершена
14.12.2019 18:05:21 : Запуск процедура обычного анализа
14.12.2019 18:05:24 : Запуск процедуры получения анализа
14.12.2019 18:05:24 : Создание диаграммы краткого отчета завершено успешно
14.12.2019 18:05:24 : Краткий анализ бригада вес выполнен
14.12.2019 18:05:24 : Выполнение анализа по параметру: Вес | Бригада
14.12.2019 18:05:24 : Процедура получения анализа завершена
14.12.2019 18:05:31 : Запуск процедуры получения анализа
14.12.2019 18:05:31 : Создание диаграммы краткого отчета завершено успешно
14.12.2019 18:05:31 : Краткий анализ бригада вес выполнен
14.12.2019 18:06:49 : Дешифрование пароля успешно завершено
14.12.2019 18:06:49 : Процедура проверки целостности файлов успешно завершена
14.12.2019 18:06:50 : Процедура проверки целостности файлов запущена...
14.12.2019 18:06:56 : Подключение к БД успешно установлено
14.12.2019 18:06:56 : Инициализация процедуры получения параметров с БД
14.12.2019 18:06:56 : Получение списка мест дефекта в производстве успешно завершено
14.12.2019 18:06:56 : Получение списка описаний дефекта успешно завершено
14.12.2019 18:06:56 : Получение списка диаметров успешно завершено
14.12.2019 18:06:56 : Получение списка бригад успешно завершено
14.12.2019 18:06:56 : Получение списка смен успешно завершено
14.12.2019 18:06:56 : Получение списка статусов коррекции успешно завершено
14.12.2019 18:06:56 : Получение списка номеров ТС успешно завершено
14.12.2019 18:06:56 : Получение списка марок сплавов успешно завершено
14.12.2019 18:06:56 : Получение списка типов дефекта успешно завершено
14.12.2019 18:06:56 : Получение списка позиций с сервера успешно завершено
14.12.2019 18:06:56 : Процедура получения параметров с БД успешно завершена
14.12.2019 18:06:58 : Запуск процедура обычного анализа
14.12.2019 18:07:02 : Запуск процедуры получения анализа
14.12.2019 18:07:02 : Создание диаграммы краткого отчета завершено успешно
14.12.2019 18:07:02 : Краткий анализ диаметр вес выполнен
14.12.2019 18:07:02 : Выполнение анализа по параметру: Вес | Диаметр
14.12.2019 18:07:02 : Процедура получения анализа завершена
14.12.2019 18:07:03 : Запуск процедуры получения анализа
14.12.2019 18:07:03 : Создание диаграммы краткого отчета завершено успешно
14.12.2019 18:07:03 : Краткий анализ диаметр вес выполнен
14.12.2019 18:07:03 : Выполнение анализа по параметру: Вес | Диаметр
14.12.2019 18:07:03 : Процедура получения анализа завершена
14.12.2019 18:07:03 : Запуск процедуры получения анализа
14.12.2019 18:07:03 : Создание диаграммы краткого отчета завершено успешно
14.12.2019 18:07:03 : Краткий анализ диаметр вес выполнен
14.12.2019 18:07:03 : Выполнение анализа по параметру: Вес | Диаметр
14.12.2019 18:07:03 : Процедура получения анализа завершена
14.12.2019 18:07:04 : Запуск процедуры получения анализа
14.12.2019 18:07:04 : Создание диаграммы краткого отчета завершено успешно
14.12.2019 18:07:04 : Краткий анализ диаметр вес выполнен
14.12.2019 18:07:04 : Выполнение анализа по параметру: Вес | Диаметр
14.12.2019 18:07:04 : Процедура получения анализа завершена
14.12.2019 18:07:04 : Запуск процедуры получения анализа
14.12.2019 18:07:04 : Создание диаграммы краткого отчета завершено успешно
14.12.2019 18:07:04 : Краткий анализ диаметр вес выполнен
14.12.2019 18:07:04 : Выполнение анализа по параметру: Вес | Диаметр
14.12.2019 18:07:04 : Процедура получения анализа завершена
14.12.2019 18:07:08 : Запуск процедуры получения анализа
14.12.2019 18:07:08 : Создание диаграммы краткого отчета завершено успешно
14.12.2019 18:07:08 : Краткий анализ диаметр вес выполнен
14.12.2019 18:07:08 : Выполнение анализа по параметру: Вес | Диаметр
14.12.2019 18:07:08 : Процедура получения анализа завершена
14.12.2019 18:07:14 : Запуск процедуры получения анализа
14.12.2019 18:07:14 : Создание диаграммы краткого отчета завершено успешно
14.12.2019 18:07:14 : Краткий анализ диаметр вес выполнен
14.12.2019 18:07:14 : Выполнение анализа по параметру: Вес | Диаметр
14.12.2019 18:07:14 : Процедура получения анализа завершена
14.12.2019 18:07:24 : Запуск процедуры получения анализа
14.12.2019 18:07:24 : Создание диаграммы краткого отчета завершено успешно
14.12.2019 18:07:24 : Краткий анализ бригада количество выполнен
14.12.2019 18:07:24 : Выполнение анализа по параметру: Количество | Бригада
14.12.2019 18:07:24 : Процедура получения анализа завершена
14.12.2019 18:07:27 : Запуск процедуры получения анализа
14.12.2019 18:07:27 : Создание диаграммы краткого отчета завершено успешно
14.12.2019 18:07:27 : Краткий анализ описание количество выполнен
14.12.2019 18:07:27 : Выполнение анализа по параметру: Количество | Описание
14.12.2019 18:07:27 : Процедура получения анализа завершена
14.12.2019 18:07:32 : Запуск процедуры получения анализа
14.12.2019 18:07:32 : Создание диаграммы краткого отчета завершено успешно
14.12.2019 18:07:32 : Краткий анализ описание количество выполнен
14.12.2019 18:07:32 : Выполнение анализа по параметру: Количество | Описание
14.12.2019 18:07:32 : Процедура получения анализа завершена
14.12.2019 18:07:36 : Были очищены все поля класса анализа
14.12.2019 18:07:36 : Очистка памяти после выполнения анализа успешно завершена
14.12.2019 18:10:29 : Дешифрование пароля успешно завершено
14.12.2019 18:10:29 : Процедура проверки целостности файлов успешно завершена
14.12.2019 18:10:29 : Процедура проверки целостности файлов запущена...
14.12.2019 18:10:35 : Подключение к БД успешно установлено
14.12.2019 18:10:35 : Инициализация процедуры получения параметров с БД
14.12.2019 18:10:35 : Получение списка мест дефекта в производстве успешно завершено
14.12.2019 18:10:35 : Получение списка описаний дефекта успешно завершено
14.12.2019 18:10:35 : Получение списка диаметров успешно завершено
14.12.2019 18:10:35 : Получение списка бригад успешно завершено
14.12.2019 18:10:35 : Получение списка смен успешно завершено
14.12.2019 18:10:35 : Получение списка статусов коррекции успешно завершено
14.12.2019 18:10:35 : Получение списка номеров ТС успешно завершено
14.12.2019 18:10:35 : Получение списка марок сплавов успешно завершено
14.12.2019 18:10:35 : Получение списка типов дефекта успешно завершено
14.12.2019 18:10:35 : Получение списка позиций с сервера успешно завершено
14.12.2019 18:10:35 : Процедура получения параметров с БД успешно завершена
14.12.2019 18:10:38 : Запуск процедура обычного анализа
14.12.2019 18:10:40 : Запуск процедуры получения анализа
14.12.2019 18:10:40 : Создание диаграммы краткого отчета завершено успешно
14.12.2019 18:10:40 : Краткий анализ бригада вес выполнен
14.12.2019 18:10:40 : Выполнение анализа по параметру: Вес | Бригада
14.12.2019 18:10:40 : Процедура получения анализа завершена
14.12.2019 18:10:42 : Запуск процедуры получения анализа
14.12.2019 18:10:43 : Создание диаграммы краткого отчета завершено успешно
14.12.2019 18:10:43 : Краткий анализ бригада вес выполнен
14.12.2019 18:10:43 : Выполнение анализа по параметру: Вес | Бригада
14.12.2019 18:10:43 : Процедура получения анализа завершена
14.12.2019 18:10:48 : Запуск процедуры получения анализа
14.12.2019 18:10:48 : Создание диаграммы краткого отчета завершено успешно
14.12.2019 18:10:48 : Краткий анализ бригада вес выполнен
14.12.2019 18:10:48 : Выполнение анализа по параметру: Вес | Бригада
14.12.2019 18:10:48 : Процедура получения анализа завершена
14.12.2019 18:10:52 : Запуск процедуры экспорта данных анализа
14.12.2019 18:10:52 : Началось формирование выгрузки краткого анализа
14.12.2019 18:10:54 : Процедура экспорта данных анализа завершена
14.12.2019 18:10:58 : Запуск процедуры получения анализа
14.12.2019 18:10:58 : Создание диаграммы краткого отчета завершено успешно
14.12.2019 18:10:58 : Краткий анализ бригада вес выполнен
14.12.2019 18:10:58 : Выполнение анализа по параметру: Вес | Бригада
14.12.2019 18:10:58 : Процедура получения анализа завершена
14.12.2019 18:10:59 : Запуск процедуры экспорта данных анализа
14.12.2019 18:10:59 : Началось формирование выгрузки краткого анализа
14.12.2019 18:11:01 : Процедура экспорта данных анализа завершена
14.12.2019 18:11:03 : Были очищены все поля класса анализа
14.12.2019 18:11:03 : Очистка памяти после выполнения анализа успешно завершена
14.12.2019 18:12:30 : Дешифрование пароля успешно завершено
14.12.2019 18:12:30 : Процедура проверки целостности файлов успешно завершена
14.12.2019 18:12:30 : Процедура проверки целостности файлов запущена...
14.12.2019 18:12:36 : Подключение к БД успешно установлено
14.12.2019 18:12:36 : Инициализация процедуры получения параметров с БД
14.12.2019 18:12:36 : Получение списка мест дефекта в производстве успешно завершено
14.12.2019 18:12:36 : Получение списка описаний дефекта успешно завершено
14.12.2019 18:12:36 : Получение списка диаметров успешно завершено
14.12.2019 18:12:36 : Получение списка бригад успешно завершено
14.12.2019 18:12:36 : Получение списка смен успешно завершено
14.12.2019 18:12:36 : Получение списка статусов коррекции успешно завершено
14.12.2019 18:12:36 : Получение списка номеров ТС успешно завершено
14.12.2019 18:12:36 : Получение списка марок сплавов успешно завершено
14.12.2019 18:12:36 : Получение списка типов дефекта успешно завершено
14.12.2019 18:12:36 : Получение списка позиций с сервера успешно завершено
14.12.2019 18:12:36 : Процедура получения параметров с БД успешно завершена
14.12.2019 18:12:51 : Запуск процедура обычного анализа
14.12.2019 18:12:55 : Запуск процедуры получения анализа
14.12.2019 18:12:55 : Создание диаграммы краткого отчета завершено успешно
14.12.2019 18:12:55 : Краткий анализ бригада вес выполнен
14.12.2019 18:12:55 : Выполнение анализа по параметру: Вес | Бригада
14.12.2019 18:12:55 : Процедура получения анализа завершена
14.12.2019 18:12:59 : Запуск процедуры экспорта данных анализа
14.12.2019 18:12:59 : Началось формирование выгрузки краткого анализа
14.12.2019 18:13:01 : Процедура экспорта данных анализа завершена
14.12.2019 18:13:03 : Были очищены все поля класса анализа
14.12.2019 18:13:03 : Очистка памяти после выполнения анализа успешно завершена
14.12.2019 18:15:10 : Дешифрование пароля успешно завершено
14.12.2019 18:15:10 : Процедура проверки целостности файлов успешно завершена
14.12.2019 18:15:10 : Процедура проверки целостности файлов запущена...
14.12.2019 18:15:16 : Подключение к БД успешно установлено
14.12.2019 18:15:16 : Инициализация процедуры получения параметров с БД
14.12.2019 18:15:16 : Получение списка мест дефекта в производстве успешно завершено
14.12.2019 18:15:16 : Получение списка описаний дефекта успешно завершено
14.12.2019 18:15:16 : Получение списка диаметров успешно завершено
14.12.2019 18:15:16 : Получение списка бригад успешно завершено
14.12.2019 18:15:16 : Получение списка смен успешно завершено
14.12.2019 18:15:16 : Получение списка статусов коррекции успешно завершено
14.12.2019 18:15:16 : Получение списка номеров ТС успешно завершено
14.12.2019 18:15:16 : Получение списка марок сплавов успешно завершено
14.12.2019 18:15:16 : Получение списка типов дефекта успешно завершено
14.12.2019 18:15:16 : Получение списка позиций с сервера успешно завершено
14.12.2019 18:15:16 : Процедура получения параметров с БД успешно завершена
14.12.2019 18:15:19 : Запуск процедура обычного анализа
14.12.2019 18:15:20 : Запуск процедуры получения анализа
14.12.2019 18:15:20 : Создание диаграммы краткого отчета завершено успешно
14.12.2019 18:15:20 : Краткий анализ бригада вес выполнен
14.12.2019 18:15:20 : Выполнение анализа по параметру: Вес | Бригада
14.12.2019 18:15:20 : Процедура получения анализа завершена
14.12.2019 18:15:22 : Запуск процедуры получения анализа
14.12.2019 18:15:22 : Создание диаграммы краткого отчета завершено успешно
14.12.2019 18:15:22 : Краткий анализ бригада вес выполнен
14.12.2019 18:15:22 : Выполнение анализа по параметру: Вес | Бригада
14.12.2019 18:15:22 : Процедура получения анализа завершена
14.12.2019 18:15:27 : Были очищены все поля класса анализа
14.12.2019 18:15:27 : Очистка памяти после выполнения анализа успешно завершена
14.12.2019 18:15:44 : Были очищены все поля класса анализа
14.12.2019 18:19:55 : Дешифрование пароля успешно завершено
14.12.2019 18:19:55 : Процедура проверки целостности файлов успешно завершена
14.12.2019 18:19:55 : Процедура проверки целостности файлов запущена...
14.12.2019 18:20:01 : Подключение к БД успешно установлено
14.12.2019 18:20:01 : Инициализация процедуры получения параметров с БД
14.12.2019 18:20:01 : Получение списка мест дефекта в производстве успешно завершено
14.12.2019 18:20:01 : Получение списка описаний дефекта успешно завершено
14.12.2019 18:20:01 : Получение списка диаметров успешно завершено
14.12.2019 18:20:01 : Получение списка бригад успешно завершено
14.12.2019 18:20:01 : Получение списка смен успешно завершено
14.12.2019 18:20:01 : Получение списка статусов коррекции успешно завершено
14.12.2019 18:20:01 : Получение списка номеров ТС успешно завершено
14.12.2019 18:20:01 : Получение списка марок сплавов успешно завершено
14.12.2019 18:20:01 : Получение списка типов дефекта успешно завершено
14.12.2019 18:20:01 : Получение списка позиций с сервера успешно завершено
14.12.2019 18:20:01 : Процедура получения параметров с БД успешно завершена
14.12.2019 18:20:03 : Запуск процедура обычного анализа
14.12.2019 18:20:05 : Запуск процедуры получения анализа
14.12.2019 18:20:05 : Создание диаграммы краткого отчета завершено успешно
14.12.2019 18:20:05 : Краткий анализ бригада вес выполнен
14.12.2019 18:20:05 : Выполнение анализа по параметру: Вес | Бригада
14.12.2019 18:20:05 : Процедура получения анализа завершена
14.12.2019 18:20:06 : Запуск процедуры получения анализа
14.12.2019 18:20:06 : Создание диаграммы краткого отчета завершено успешно
14.12.2019 18:20:06 : Краткий анализ бригада вес выполнен
14.12.2019 18:20:06 : Выполнение анализа по параметру: Вес | Бригада
14.12.2019 18:20:06 : Процедура получения анализа завершена
14.12.2019 18:20:06 : Запуск процедуры получения анализа
14.12.2019 18:20:06 : Создание диаграммы краткого отчета завершено успешно
14.12.2019 18:20:06 : Краткий анализ бригада вес выполнен
14.12.2019 18:20:06 : Выполнение анализа по параметру: Вес | Бригада
14.12.2019 18:20:06 : Процедура получения анализа завершена
14.12.2019 18:20:06 : Запуск процедуры получения анализа
14.12.2019 18:20:06 : Создание диаграммы краткого отчета завершено успешно
14.12.2019 18:20:06 : Краткий анализ бригада вес выполнен
14.12.2019 18:20:06 : Выполнение анализа по параметру: Вес | Бригада
14.12.2019 18:20:06 : Процедура получения анализа завершена
14.12.2019 18:20:08 : Запуск процедуры получения анализа
14.12.2019 18:20:08 : Создание диаграммы краткого отчета завершено успешно
14.12.2019 18:20:08 : Краткий анализ бригада вес выполнен
14.12.2019 18:20:08 : Выполнение анализа по параметру: Вес | Бригада
14.12.2019 18:20:08 : Процедура получения анализа завершена
14.12.2019 18:20:09 : Запуск процедуры получения анализа
14.12.2019 18:20:09 : Создание диаграммы краткого отчета завершено успешно
14.12.2019 18:20:09 : Краткий анализ бригада вес выполнен
14.12.2019 18:20:09 : Выполнение анализа по параметру: Вес | Бригада
14.12.2019 18:20:09 : Процедура получения анализа завершена
14.12.2019 18:20:09 : Запуск процедуры получения анализа
14.12.2019 18:20:09 : Создание диаграммы краткого отчета завершено успешно
14.12.2019 18:20:09 : Краткий анализ бригада вес выполнен
14.12.2019 18:20:09 : Выполнение анализа по параметру: Вес | Бригада
14.12.2019 18:20:09 : Процедура получения анализа завершена
14.12.2019 18:20:09 : Запуск процедуры получения анализа
14.12.2019 18:20:09 : Создание диаграммы краткого отчета завершено успешно
14.12.2019 18:20:09 : Краткий анализ бригада вес выполнен
14.12.2019 18:20:09 : Выполнение анализа по параметру: Вес | Бригада
14.12.2019 18:20:09 : Процедура получения анализа завершена
14.12.2019 18:20:09 : Запуск процедуры получения анализа
14.12.2019 18:20:09 : Создание диаграммы краткого отчета завершено успешно
14.12.2019 18:20:09 : Краткий анализ бригада вес выполнен
14.12.2019 18:20:09 : Выполнение анализа по параметру: Вес | Бригада
14.12.2019 18:20:09 : Процедура получения анализа завершена
14.12.2019 18:20:09 : Запуск процедуры получения анализа
14.12.2019 18:20:09 : Создание диаграммы краткого отчета завершено успешно
14.12.2019 18:20:09 : Краткий анализ бригада вес выполнен
14.12.2019 18:20:09 : Выполнение анализа по параметру: Вес | Бригада
14.12.2019 18:20:09 : Процедура получения анализа завершена
14.12.2019 18:20:34 : Запуск процедуры получения анализа
14.12.2019 18:20:34 : Создание диаграммы краткого отчета завершено успешно
14.12.2019 18:20:34 : Краткий анализ бригада вес выполнен
14.12.2019 18:20:34 : Выполнение анализа по параметру: Вес | Бригада
14.12.2019 18:20:34 : Процедура получения анализа завершена
14.12.2019 18:20:42 : Запуск процедуры экспорта данных анализа
14.12.2019 18:20:42 : Началось формирование выгрузки краткого анализа
14.12.2019 18:20:44 : Процедура экспорта данных анализа завершена
14.12.2019 18:20:46 : Были очищены все поля класса анализа
14.12.2019 18:20:46 : Очистка памяти после выполнения анализа успешно завершена
