02.11.2019 9:35:50 : Процедура проверки целостности файлов запущена...
02.11.2019 9:35:50 : Дешифрование пароля успешно завершено
02.11.2019 9:35:50 : Процедура проверки целостности файлов успешно завершена
02.11.2019 9:35:56 : Подключение к БД успешно установлено
02.11.2019 9:35:56 : Инициализация процедуры получения параметров с БД
02.11.2019 9:35:56 : Получение списка мест дефекта в производстве успешно завершено
02.11.2019 9:35:56 : Получение списка описаний дефекта успешно завершено
02.11.2019 9:35:56 : Получение списка диаметров успешно завершено
02.11.2019 9:35:56 : Получение списка бригад успешно завершено
02.11.2019 9:35:56 : Получение списка смен успешно завершено
02.11.2019 9:35:56 : Получение списка статусов коррекции успешно завершено
02.11.2019 9:35:56 : Получение списка номеров ТС успешно завершено
02.11.2019 9:35:56 : Получение списка марок сплавов успешно завершено
02.11.2019 9:35:56 : Получение списка типов дефекта успешно завершено
02.11.2019 9:35:56 : Получение списка позиций с сервера успешно завершено
02.11.2019 9:35:56 : Процедура получения параметров с БД успешно завершена
02.11.2019 9:35:58 : Запуск процедуру изменения параметров БД
02.11.2019 9:35:58 : Получение системного пути резервной копии БД успешно завершено
02.11.2019 9:36:00 : Запуск процедуры резервной копии БД
02.11.2019 9:36:01 : Запрашиваемый файл не обнаружен
02.11.2019 9:36:01 : Процедура резервной копии БД завершена
02.11.2019 9:36:03 : Запуск процедуры выбора пути резервной копии БД
02.11.2019 9:36:08 : Процедура выбора пути резервной копии БД успешно завершена
02.11.2019 9:36:11 : Запуск процедуры записи пути резервной копии БД
02.11.2019 9:36:11 : Запись системного пути резервной копии БД успешно завершена
02.11.2019 9:36:11 : Процедурыа записи пути резервной копии БД завершена
02.11.2019 9:36:12 : Запуск процедуры резервной копии БД
02.11.2019 9:36:14 : Резервная копия успешно создана
02.11.2019 9:36:14 : Процедура резервной копии БД завершена
02.11.2019 9:36:35 : Запуск процеры поиска по параметрам
02.11.2019 9:36:52 : Процеры поиска по параметрам завершена
02.11.2019 9:36:55 : Запуск процеры поиска по параметрам
02.11.2019 9:37:18 : Процеры поиска по параметрам завершена
02.11.2019 9:37:22 : Запуск процеры поиска по параметрам
02.11.2019 9:37:36 : Отображение позиций по заданным параметрам
02.11.2019 9:37:38 : Процеры поиска по параметрам завершена
02.11.2019 9:37:41 : Запуск процеду сброса параметров фильтрации
02.11.2019 9:37:41 : Процедура сброса параметров фильтрации успешно завершена
02.11.2019 9:37:56 : Обновление статуса коррекции успешно завершено
02.11.2019 9:37:56 : Получение списка мест дефекта в производстве успешно завершено
02.11.2019 9:37:56 : Получение списка описаний дефекта успешно завершено
02.11.2019 9:37:56 : Получение списка диаметров успешно завершено
02.11.2019 9:37:56 : Получение списка бригад успешно завершено
02.11.2019 9:37:56 : Получение списка смен успешно завершено
02.11.2019 9:37:56 : Получение списка статусов коррекции успешно завершено
02.11.2019 9:37:56 : Получение списка номеров ТС успешно завершено
02.11.2019 9:37:56 : Получение списка марок сплавов успешно завершено
02.11.2019 9:37:56 : Получение списка типов дефекта успешно завершено
02.11.2019 9:37:56 : Получение списка позиций с сервера успешно завершено
02.11.2019 9:42:42 : Процедура проверки целостности файлов запущена...
02.11.2019 9:42:42 : Дешифрование пароля успешно завершено
02.11.2019 9:42:42 : Процедура проверки целостности файлов успешно завершена
02.11.2019 9:42:48 : Подключение к БД успешно установлено
02.11.2019 9:42:48 : Инициализация процедуры получения параметров с БД
02.11.2019 9:42:48 : Получение списка мест дефекта в производстве успешно завершено
02.11.2019 9:42:48 : Получение списка описаний дефекта успешно завершено
02.11.2019 9:42:48 : Получение списка диаметров успешно завершено
02.11.2019 9:42:48 : Получение списка бригад успешно завершено
02.11.2019 9:42:48 : Получение списка смен успешно завершено
02.11.2019 9:42:48 : Получение списка статусов коррекции успешно завершено
02.11.2019 9:42:48 : Получение списка номеров ТС успешно завершено
02.11.2019 9:42:48 : Получение списка марок сплавов успешно завершено
02.11.2019 9:42:48 : Получение списка типов дефекта успешно завершено
02.11.2019 9:42:48 : Получение списка позиций с сервера успешно завершено
02.11.2019 9:42:48 : Процедура получения параметров с БД успешно завершена
02.11.2019 9:44:14 : Процедура проверки целостности файлов запущена...
02.11.2019 9:44:14 : Дешифрование пароля успешно завершено
02.11.2019 9:44:14 : Процедура проверки целостности файлов успешно завершена
02.11.2019 9:44:20 : Подключение к БД успешно установлено
02.11.2019 9:44:20 : Инициализация процедуры получения параметров с БД
02.11.2019 9:44:20 : Получение списка мест дефекта в производстве успешно завершено
02.11.2019 9:44:20 : Получение списка описаний дефекта успешно завершено
02.11.2019 9:44:20 : Получение списка диаметров успешно завершено
02.11.2019 9:44:20 : Получение списка бригад успешно завершено
02.11.2019 9:44:20 : Получение списка смен успешно завершено
02.11.2019 9:44:20 : Получение списка статусов коррекции успешно завершено
02.11.2019 9:44:20 : Получение списка номеров ТС успешно завершено
02.11.2019 9:44:20 : Получение списка марок сплавов успешно завершено
02.11.2019 9:44:20 : Получение списка типов дефекта успешно завершено
02.11.2019 9:44:20 : Получение списка позиций с сервера успешно завершено
02.11.2019 9:44:20 : Процедура получения параметров с БД успешно завершена
02.11.2019 9:45:04 : Процедура проверки целостности файлов запущена...
02.11.2019 9:45:04 : Дешифрование пароля успешно завершено
02.11.2019 9:45:04 : Процедура проверки целостности файлов успешно завершена
02.11.2019 9:45:10 : Ошибка при подключении к БД. Работа приложения остановлена
02.11.2019 9:46:21 : Процедура проверки целостности файлов запущена...
02.11.2019 9:46:21 : Дешифрование пароля успешно завершено
02.11.2019 9:46:21 : Процедура проверки целостности файлов успешно завершена
02.11.2019 9:46:32 : Ошибка при подключении к БД. Работа приложения остановлена
02.11.2019 9:46:38 : Процедура проверки целостности файлов запущена...
02.11.2019 9:46:38 : Дешифрование пароля успешно завершено
02.11.2019 9:46:38 : Процедура проверки целостности файлов успешно завершена
02.11.2019 9:46:48 : Ошибка при подключении к БД. Работа приложения остановлена
02.11.2019 9:46:58 : Процедура проверки целостности файлов запущена...
02.11.2019 9:46:58 : Дешифрование пароля успешно завершено
02.11.2019 9:46:58 : Процедура проверки целостности файлов успешно завершена
02.11.2019 9:47:06 : Ошибка при подключении к БД. Работа приложения остановлена
02.11.2019 9:47:29 : Процедура проверки целостности файлов запущена...
02.11.2019 9:47:29 : Дешифрование пароля успешно завершено
02.11.2019 9:47:29 : Процедура проверки целостности файлов успешно завершена
02.11.2019 9:50:33 : Процедура проверки целостности файлов запущена...
02.11.2019 9:50:33 : Дешифрование пароля успешно завершено
02.11.2019 9:50:33 : Процедура проверки целостности файлов успешно завершена
02.11.2019 9:50:46 : Ошибка при подключении к БД. Работа приложения остановлена
02.11.2019 18:50:32 : Процедура проверки целостности файлов запущена...
02.11.2019 18:50:32 : Дешифрование пароля успешно завершено
02.11.2019 18:50:32 : Процедура проверки целостности файлов успешно завершена
02.11.2019 18:50:39 : Ошибка при подключении к БД. Работа приложения остановлена
02.11.2019 18:50:42 : Процедура проверки целостности файлов запущена...
02.11.2019 18:50:42 : Дешифрование пароля успешно завершено
02.11.2019 18:50:42 : Процедура проверки целостности файлов успешно завершена
02.11.2019 18:50:50 : Ошибка при подключении к БД. Работа приложения остановлена
02.11.2019 18:50:55 : Процедура проверки целостности файлов запущена...
02.11.2019 18:50:55 : Дешифрование пароля успешно завершено
02.11.2019 18:50:55 : Процедура проверки целостности файлов успешно завершена
02.11.2019 18:51:02 : Ошибка при подключении к БД. Работа приложения остановлена
02.11.2019 18:51:24 : Процедура проверки целостности файлов запущена...
02.11.2019 18:51:24 : Дешифрование пароля успешно завершено
02.11.2019 18:51:24 : Процедура проверки целостности файлов успешно завершена
02.11.2019 18:51:30 : Подключение к БД успешно установлено
02.11.2019 18:51:30 : Инициализация процедуры получения параметров с БД
02.11.2019 18:51:30 : Получение списка мест дефекта в производстве успешно завершено
02.11.2019 18:51:30 : Получение списка описаний дефекта успешно завершено
02.11.2019 18:51:30 : Получение списка диаметров успешно завершено
02.11.2019 18:51:30 : Получение списка бригад успешно завершено
02.11.2019 18:51:30 : Получение списка смен успешно завершено
02.11.2019 18:51:30 : Получение списка статусов коррекции успешно завершено
02.11.2019 18:51:30 : Получение списка номеров ТС успешно завершено
02.11.2019 18:51:30 : Получение списка марок сплавов успешно завершено
02.11.2019 18:51:30 : Получение списка типов дефекта успешно завершено
02.11.2019 18:51:30 : Получение списка позиций с сервера успешно завершено
02.11.2019 18:51:30 : Процедура получения параметров с БД успешно завершена
02.11.2019 18:55:46 : Процедура проверки целостности файлов запущена...
02.11.2019 18:55:46 : Дешифрование пароля успешно завершено
02.11.2019 18:55:46 : Процедура проверки целостности файлов успешно завершена
02.11.2019 18:55:52 : Подключение к БД успешно установлено
02.11.2019 18:55:52 : Инициализация процедуры получения параметров с БД
02.11.2019 18:55:52 : Получение списка мест дефекта в производстве успешно завершено
02.11.2019 18:55:52 : Получение списка описаний дефекта успешно завершено
02.11.2019 18:55:52 : Получение списка диаметров успешно завершено
02.11.2019 18:55:52 : Получение списка бригад успешно завершено
02.11.2019 18:55:52 : Получение списка смен успешно завершено
02.11.2019 18:55:52 : Получение списка статусов коррекции успешно завершено
02.11.2019 18:55:53 : Получение списка номеров ТС успешно завершено
02.11.2019 18:55:53 : Получение списка марок сплавов успешно завершено
02.11.2019 18:55:53 : Получение списка типов дефекта успешно завершено
02.11.2019 18:55:53 : Получение списка позиций с сервера успешно завершено
02.11.2019 18:55:53 : Процедура получения параметров с БД успешно завершена
02.11.2019 18:55:54 : Запуск процеры поиска по параметрам
02.11.2019 18:55:56 : Получено пустое значение параметра поиска
02.11.2019 18:55:56 : Процеры поиска по параметрам завершена
02.11.2019 18:55:56 : Запуск процеры поиска по параметрам
02.11.2019 18:55:57 : Получено пустое значение параметра поиска
02.11.2019 18:55:57 : Процеры поиска по параметрам завершена
02.11.2019 18:55:57 : Запуск процеры поиска по параметрам
02.11.2019 18:55:58 : Получено пустое значение параметра поиска
02.11.2019 18:55:58 : Процеры поиска по параметрам завершена
02.11.2019 18:55:58 : Запуск процеры поиска по параметрам
02.11.2019 18:55:59 : Получено пустое значение параметра поиска
02.11.2019 18:55:59 : Процеры поиска по параметрам завершена
02.11.2019 18:55:59 : Запуск процеры поиска по параметрам
02.11.2019 18:56:00 : Получено пустое значение параметра поиска
02.11.2019 18:56:00 : Процеры поиска по параметрам завершена
02.11.2019 18:56:00 : Запуск процеры поиска по параметрам
02.11.2019 18:56:00 : Получено пустое значение параметра поиска
02.11.2019 18:56:00 : Процеры поиска по параметрам завершена
02.11.2019 18:56:00 : Запуск процеры поиска по параметрам
02.11.2019 18:56:02 : Получено пустое значение параметра поиска
02.11.2019 18:56:02 : Процеры поиска по параметрам завершена
02.11.2019 18:56:04 : Запуск процеры поиска по параметрам
02.11.2019 18:56:04 : Получено пустое значение параметра поиска
02.11.2019 18:56:04 : Процеры поиска по параметрам завершена
02.11.2019 18:56:04 : Запуск процеры поиска по параметрам
02.11.2019 18:56:05 : Получено пустое значение параметра поиска
02.11.2019 18:56:05 : Процеры поиска по параметрам завершена
02.11.2019 18:56:05 : Запуск процеры поиска по параметрам
02.11.2019 18:56:06 : Получено пустое значение параметра поиска
02.11.2019 18:56:06 : Процеры поиска по параметрам завершена
02.11.2019 18:56:06 : Запуск процеры поиска по параметрам
02.11.2019 18:56:07 : Получено пустое значение параметра поиска
02.11.2019 18:56:07 : Процеры поиска по параметрам завершена
02.11.2019 18:56:07 : Запуск процеры поиска по параметрам
02.11.2019 18:56:09 : Получено пустое значение параметра поиска
02.11.2019 18:56:09 : Процеры поиска по параметрам завершена
02.11.2019 18:56:10 : Запуск процеры поиска по параметрам
02.11.2019 18:56:11 : Получено пустое значение параметра поиска
02.11.2019 18:56:11 : Процеры поиска по параметрам завершена
02.11.2019 18:56:11 : Запуск процеры поиска по параметрам
02.11.2019 18:56:11 : Получено пустое значение параметра поиска
02.11.2019 18:56:11 : Процеры поиска по параметрам завершена
02.11.2019 18:56:11 : Запуск процеры поиска по параметрам
02.11.2019 18:56:12 : Получено пустое значение параметра поиска
02.11.2019 18:56:12 : Процеры поиска по параметрам завершена
02.11.2019 18:56:12 : Запуск процеры поиска по параметрам
02.11.2019 18:56:12 : Получено пустое значение параметра поиска
02.11.2019 18:56:12 : Процеры поиска по параметрам завершена
02.11.2019 18:56:12 : Запуск процеры поиска по параметрам
02.11.2019 18:56:12 : Получено пустое значение параметра поиска
02.11.2019 18:56:12 : Процеры поиска по параметрам завершена
02.11.2019 18:56:12 : Запуск процеры поиска по параметрам
02.11.2019 18:56:12 : Получено пустое значение параметра поиска
02.11.2019 18:56:12 : Процеры поиска по параметрам завершена
02.11.2019 18:56:12 : Запуск процеры поиска по параметрам
02.11.2019 18:56:13 : Получено пустое значение параметра поиска
02.11.2019 18:56:13 : Процеры поиска по параметрам завершена
02.11.2019 18:56:13 : Запуск процеры поиска по параметрам
02.11.2019 18:56:13 : Получено пустое значение параметра поиска
02.11.2019 18:56:13 : Процеры поиска по параметрам завершена
02.11.2019 18:56:13 : Запуск процеры поиска по параметрам
02.11.2019 18:56:13 : Получено пустое значение параметра поиска
02.11.2019 18:56:13 : Процеры поиска по параметрам завершена
02.11.2019 18:56:13 : Запуск процеры поиска по параметрам
02.11.2019 18:56:13 : Получено пустое значение параметра поиска
02.11.2019 18:56:13 : Процеры поиска по параметрам завершена
02.11.2019 18:56:14 : Запуск процеры поиска по параметрам
02.11.2019 18:56:14 : Получено пустое значение параметра поиска
02.11.2019 18:56:14 : Процеры поиска по параметрам завершена
02.11.2019 18:56:14 : Запуск процеры поиска по параметрам
02.11.2019 18:56:14 : Получено пустое значение параметра поиска
02.11.2019 18:56:14 : Процеры поиска по параметрам завершена
02.11.2019 18:56:14 : Запуск процеры поиска по параметрам
02.11.2019 18:56:14 : Получено пустое значение параметра поиска
02.11.2019 18:56:14 : Процеры поиска по параметрам завершена
02.11.2019 18:56:14 : Запуск процеры поиска по параметрам
02.11.2019 18:56:14 : Получено пустое значение параметра поиска
02.11.2019 18:56:14 : Процеры поиска по параметрам завершена
02.11.2019 18:56:14 : Запуск процеры поиска по параметрам
02.11.2019 18:56:14 : Получено пустое значение параметра поиска
02.11.2019 18:56:14 : Процеры поиска по параметрам завершена
02.11.2019 18:56:14 : Запуск процеры поиска по параметрам
02.11.2019 18:56:14 : Получено пустое значение параметра поиска
02.11.2019 18:56:14 : Процеры поиска по параметрам завершена
02.11.2019 18:56:14 : Запуск процеры поиска по параметрам
02.11.2019 18:56:15 : Получено пустое значение параметра поиска
02.11.2019 18:56:15 : Процеры поиска по параметрам завершена
02.11.2019 18:56:15 : Запуск процеры поиска по параметрам
02.11.2019 18:56:15 : Получено пустое значение параметра поиска
02.11.2019 18:56:15 : Процеры поиска по параметрам завершена
02.11.2019 18:56:15 : Запуск процеры поиска по параметрам
02.11.2019 18:56:15 : Получено пустое значение параметра поиска
02.11.2019 18:56:15 : Процеры поиска по параметрам завершена
02.11.2019 18:56:15 : Запуск процеры поиска по параметрам
02.11.2019 18:56:17 : Получено пустое значение параметра поиска
02.11.2019 18:56:17 : Процеры поиска по параметрам завершена
02.11.2019 18:56:20 : Запуск процеры поиска по параметрам
02.11.2019 18:56:21 : Получено пустое значение параметра поиска
02.11.2019 18:56:21 : Процеры поиска по параметрам завершена
02.11.2019 18:56:21 : Запуск процеры поиска по параметрам
02.11.2019 18:56:21 : Получено пустое значение параметра поиска
02.11.2019 18:56:21 : Процеры поиска по параметрам завершена
02.11.2019 18:56:26 : Запуск процеры поиска по параметрам
02.11.2019 18:56:29 : Процеры поиска по параметрам завершена
02.11.2019 18:56:29 : Запуск процеры поиска по параметрам
02.11.2019 18:56:29 : Получено пустое значение параметра поиска
02.11.2019 18:56:29 : Процеры поиска по параметрам завершена
02.11.2019 18:56:29 : Запуск процеры поиска по параметрам
02.11.2019 18:56:30 : Получено пустое значение параметра поиска
02.11.2019 18:56:30 : Процеры поиска по параметрам завершена
02.11.2019 18:56:32 : Запуск процеры поиска по параметрам
02.11.2019 18:56:36 : Процеры поиска по параметрам завершена
02.11.2019 19:19:31 : Процедура проверки целостности файлов запущена...
02.11.2019 19:19:31 : Дешифрование пароля успешно завершено
02.11.2019 19:19:31 : Процедура проверки целостности файлов успешно завершена
02.11.2019 19:19:37 : Подключение к БД успешно установлено
02.11.2019 19:19:37 : Инициализация процедуры получения параметров с БД
02.11.2019 19:19:37 : Получение списка мест дефекта в производстве успешно завершено
02.11.2019 19:19:37 : Получение списка описаний дефекта успешно завершено
02.11.2019 19:19:37 : Получение списка диаметров успешно завершено
02.11.2019 19:19:37 : Получение списка бригад успешно завершено
02.11.2019 19:19:37 : Получение списка смен успешно завершено
02.11.2019 19:19:37 : Получение списка статусов коррекции успешно завершено
02.11.2019 19:19:37 : Получение списка номеров ТС успешно завершено
02.11.2019 19:19:37 : Получение списка марок сплавов успешно завершено
02.11.2019 19:19:37 : Получение списка типов дефекта успешно завершено
02.11.2019 19:19:37 : Получение списка позиций с сервера успешно завершено
02.11.2019 19:19:37 : Процедура получения параметров с БД успешно завершена
02.11.2019 19:19:42 : Запуск процеры поиска по параметрам
02.11.2019 19:19:43 : Получено пустое значение параметра поиска
02.11.2019 19:19:43 : Процеры поиска по параметрам завершена
02.11.2019 19:19:43 : Запуск процеры поиска по параметрам
02.11.2019 19:19:44 : Получено пустое значение параметра поиска
02.11.2019 19:19:44 : Процеры поиска по параметрам завершена
02.11.2019 19:19:44 : Запуск процеры поиска по параметрам
02.11.2019 19:19:44 : Получено пустое значение параметра поиска
02.11.2019 19:19:44 : Процеры поиска по параметрам завершена
02.11.2019 19:19:44 : Запуск процеры поиска по параметрам
02.11.2019 19:19:44 : Получено пустое значение параметра поиска
02.11.2019 19:19:44 : Процеры поиска по параметрам завершена
02.11.2019 19:19:45 : Запуск процеры поиска по параметрам
02.11.2019 19:19:45 : Получено пустое значение параметра поиска
02.11.2019 19:19:45 : Процеры поиска по параметрам завершена
02.11.2019 19:19:45 : Запуск процеры поиска по параметрам
02.11.2019 19:19:45 : Получено пустое значение параметра поиска
02.11.2019 19:19:45 : Процеры поиска по параметрам завершена
02.11.2019 19:19:45 : Запуск процеры поиска по параметрам
02.11.2019 19:19:45 : Получено пустое значение параметра поиска
02.11.2019 19:19:45 : Процеры поиска по параметрам завершена
02.11.2019 19:19:45 : Запуск процеры поиска по параметрам
02.11.2019 19:19:47 : Получено пустое значение параметра поиска
02.11.2019 19:19:47 : Процеры поиска по параметрам завершена
02.11.2019 19:20:01 : Запуск процеры поиска по параметрам
02.11.2019 19:20:03 : Процеры поиска по параметрам завершена
02.11.2019 19:21:12 : Процедура проверки целостности файлов запущена...
02.11.2019 19:21:12 : Дешифрование пароля успешно завершено
02.11.2019 19:21:12 : Процедура проверки целостности файлов успешно завершена
02.11.2019 19:21:18 : Подключение к БД успешно установлено
02.11.2019 19:21:18 : Инициализация процедуры получения параметров с БД
02.11.2019 19:21:19 : Получение списка мест дефекта в производстве успешно завершено
02.11.2019 19:21:19 : Получение списка описаний дефекта успешно завершено
02.11.2019 19:21:19 : Получение списка диаметров успешно завершено
02.11.2019 19:21:19 : Получение списка бригад успешно завершено
02.11.2019 19:21:19 : Получение списка смен успешно завершено
02.11.2019 19:21:19 : Получение списка статусов коррекции успешно завершено
02.11.2019 19:21:19 : Получение списка номеров ТС успешно завершено
02.11.2019 19:21:19 : Получение списка марок сплавов успешно завершено
02.11.2019 19:21:19 : Получение списка типов дефекта успешно завершено
02.11.2019 19:21:19 : Получение списка позиций с сервера успешно завершено
02.11.2019 19:21:19 : Процедура получения параметров с БД успешно завершена
02.11.2019 19:21:21 : Запуск процеры поиска по параметрам
02.11.2019 19:21:22 : Получено пустое значение параметра поиска
02.11.2019 19:21:22 : Процеры поиска по параметрам завершена
02.11.2019 19:21:23 : Запуск процеры поиска по параметрам
02.11.2019 19:21:24 : Получено пустое значение параметра поиска
02.11.2019 19:21:24 : Процеры поиска по параметрам завершена
02.11.2019 19:21:24 : Запуск процеры поиска по параметрам
02.11.2019 19:21:25 : Получено пустое значение параметра поиска
02.11.2019 19:21:25 : Процеры поиска по параметрам завершена
02.11.2019 19:21:26 : Запуск процеры поиска по параметрам
02.11.2019 19:21:26 : Получено пустое значение параметра поиска
02.11.2019 19:21:26 : Процеры поиска по параметрам завершена
02.11.2019 19:21:27 : Запуск процеры поиска по параметрам
02.11.2019 19:21:27 : Получено пустое значение параметра поиска
02.11.2019 19:21:27 : Процеры поиска по параметрам завершена
02.11.2019 19:21:30 : Запуск процеры поиска по параметрам
02.11.2019 19:21:32 : Процеры поиска по параметрам завершена
02.11.2019 19:22:56 : Процедура проверки целостности файлов запущена...
02.11.2019 19:22:56 : Дешифрование пароля успешно завершено
02.11.2019 19:22:56 : Процедура проверки целостности файлов успешно завершена
02.11.2019 19:23:02 : Подключение к БД успешно установлено
02.11.2019 19:23:02 : Инициализация процедуры получения параметров с БД
02.11.2019 19:23:02 : Получение списка мест дефекта в производстве успешно завершено
02.11.2019 19:23:02 : Получение списка описаний дефекта успешно завершено
02.11.2019 19:23:02 : Получение списка диаметров успешно завершено
02.11.2019 19:23:02 : Получение списка бригад успешно завершено
02.11.2019 19:23:02 : Получение списка смен успешно завершено
02.11.2019 19:23:02 : Получение списка статусов коррекции успешно завершено
02.11.2019 19:23:02 : Получение списка номеров ТС успешно завершено
02.11.2019 19:23:02 : Получение списка марок сплавов успешно завершено
02.11.2019 19:23:02 : Получение списка типов дефекта успешно завершено
02.11.2019 19:23:02 : Получение списка позиций с сервера успешно завершено
02.11.2019 19:23:02 : Процедура получения параметров с БД успешно завершена
02.11.2019 19:23:09 : Запуск процеры поиска по параметрам
02.11.2019 19:23:11 : Получено пустое значение параметра поиска
02.11.2019 19:23:11 : Процеры поиска по параметрам завершена
02.11.2019 19:23:12 : Запуск процеры поиска по параметрам
02.11.2019 19:23:13 : Получено пустое значение параметра поиска
02.11.2019 19:23:13 : Процеры поиска по параметрам завершена
02.11.2019 19:23:13 : Запуск процеры поиска по параметрам
02.11.2019 19:23:14 : Получено пустое значение параметра поиска
02.11.2019 19:23:14 : Процеры поиска по параметрам завершена
02.11.2019 19:23:50 : Процедура проверки целостности файлов запущена...
02.11.2019 19:23:50 : Дешифрование пароля успешно завершено
02.11.2019 19:23:50 : Процедура проверки целостности файлов успешно завершена
02.11.2019 19:23:56 : Подключение к БД успешно установлено
02.11.2019 19:23:56 : Инициализация процедуры получения параметров с БД
02.11.2019 19:23:56 : Получение списка мест дефекта в производстве успешно завершено
02.11.2019 19:23:56 : Получение списка описаний дефекта успешно завершено
02.11.2019 19:23:56 : Получение списка диаметров успешно завершено
02.11.2019 19:23:56 : Получение списка бригад успешно завершено
02.11.2019 19:23:56 : Получение списка смен успешно завершено
02.11.2019 19:23:56 : Получение списка статусов коррекции успешно завершено
02.11.2019 19:23:56 : Получение списка номеров ТС успешно завершено
02.11.2019 19:23:56 : Получение списка марок сплавов успешно завершено
02.11.2019 19:23:56 : Получение списка типов дефекта успешно завершено
02.11.2019 19:23:56 : Получение списка позиций с сервера успешно завершено
02.11.2019 19:23:56 : Процедура получения параметров с БД успешно завершена
02.11.2019 19:24:00 : Запуск процедуры демонстрации места дефекта на слитке
02.11.2019 19:24:01 : Процедуры демонстрации места дефекта на слитке успешна завершена
02.11.2019 19:26:49 : Процедура проверки целостности файлов запущена...
02.11.2019 19:26:49 : Дешифрование пароля успешно завершено
02.11.2019 19:26:49 : Процедура проверки целостности файлов успешно завершена
02.11.2019 19:26:55 : Подключение к БД успешно установлено
02.11.2019 19:26:55 : Инициализация процедуры получения параметров с БД
02.11.2019 19:26:55 : Получение списка мест дефекта в производстве успешно завершено
02.11.2019 19:26:55 : Получение списка описаний дефекта успешно завершено
02.11.2019 19:26:55 : Получение списка диаметров успешно завершено
02.11.2019 19:26:55 : Получение списка бригад успешно завершено
02.11.2019 19:26:55 : Получение списка смен успешно завершено
02.11.2019 19:26:55 : Получение списка статусов коррекции успешно завершено
02.11.2019 19:26:55 : Получение списка номеров ТС успешно завершено
02.11.2019 19:26:55 : Получение списка марок сплавов успешно завершено
02.11.2019 19:26:55 : Получение списка типов дефекта успешно завершено
02.11.2019 19:26:55 : Получение списка позиций с сервера успешно завершено
02.11.2019 19:26:55 : Процедура получения параметров с БД успешно завершена
02.11.2019 19:26:59 : Запуск процедуры демонстрации места дефекта на слитке
02.11.2019 19:27:00 : Процедуры демонстрации места дефекта на слитке успешна завершена
02.11.2019 19:28:25 : Процедура проверки целостности файлов запущена...
02.11.2019 19:28:25 : Дешифрование пароля успешно завершено
02.11.2019 19:28:25 : Процедура проверки целостности файлов успешно завершена
02.11.2019 19:28:31 : Подключение к БД успешно установлено
02.11.2019 19:28:32 : Инициализация процедуры получения параметров с БД
02.11.2019 19:28:32 : Получение списка мест дефекта в производстве успешно завершено
02.11.2019 19:28:32 : Получение списка описаний дефекта успешно завершено
02.11.2019 19:28:32 : Получение списка диаметров успешно завершено
02.11.2019 19:28:32 : Получение списка бригад успешно завершено
02.11.2019 19:28:32 : Получение списка смен успешно завершено
02.11.2019 19:28:32 : Получение списка статусов коррекции успешно завершено
02.11.2019 19:28:32 : Получение списка номеров ТС успешно завершено
02.11.2019 19:28:32 : Получение списка марок сплавов успешно завершено
02.11.2019 19:28:32 : Получение списка типов дефекта успешно завершено
02.11.2019 19:28:32 : Получение списка позиций с сервера успешно завершено
02.11.2019 19:28:32 : Процедура получения параметров с БД успешно завершена
02.11.2019 19:28:41 : Запуск процедуры демонстрации места дефекта на слитке
02.11.2019 19:28:42 : Процедуры демонстрации места дефекта на слитке успешна завершена
02.11.2019 19:28:43 : Запуск процедуры демонстрации места дефекта на слитке
02.11.2019 19:28:44 : Процедуры демонстрации места дефекта на слитке успешна завершена
02.11.2019 19:28:44 : Запуск процедуры демонстрации места дефекта на слитке
02.11.2019 19:28:45 : Процедуры демонстрации места дефекта на слитке успешна завершена
02.11.2019 19:28:45 : Запуск процедуры демонстрации места дефекта на слитке
02.11.2019 19:28:46 : Процедуры демонстрации места дефекта на слитке успешна завершена
02.11.2019 19:28:46 : Запуск процедуры демонстрации места дефекта на слитке
02.11.2019 19:28:46 : Процедуры демонстрации места дефекта на слитке успешна завершена
02.11.2019 19:28:47 : Запуск процедуры демонстрации места дефекта на слитке
02.11.2019 19:28:47 : Процедуры демонстрации места дефекта на слитке успешна завершена
02.11.2019 19:28:47 : Запуск процедуры демонстрации места дефекта на слитке
02.11.2019 19:28:47 : Процедуры демонстрации места дефекта на слитке успешна завершена
02.11.2019 19:28:47 : Запуск процедуры демонстрации места дефекта на слитке
02.11.2019 19:28:48 : Процедуры демонстрации места дефекта на слитке успешна завершена
02.11.2019 19:28:48 : Запуск процедуры демонстрации места дефекта на слитке
02.11.2019 19:28:48 : Процедуры демонстрации места дефекта на слитке успешна завершена
02.11.2019 19:28:48 : Запуск процедуры демонстрации места дефекта на слитке
02.11.2019 19:28:48 : Процедуры демонстрации места дефекта на слитке успешна завершена
02.11.2019 19:28:49 : Запуск процедуры демонстрации места дефекта на слитке
02.11.2019 19:28:50 : Процедуры демонстрации места дефекта на слитке успешна завершена
02.11.2019 19:28:51 : Запуск процедуры демонстрации места дефекта на слитке
02.11.2019 19:28:51 : Процедуры демонстрации места дефекта на слитке успешна завершена
02.11.2019 19:28:51 : Запуск процедуры демонстрации места дефекта на слитке
02.11.2019 19:28:52 : Процедуры демонстрации места дефекта на слитке успешна завершена
02.11.2019 19:28:52 : Запуск процедуры демонстрации места дефекта на слитке
02.11.2019 19:28:52 : Процедуры демонстрации места дефекта на слитке успешна завершена
02.11.2019 19:28:52 : Запуск процедуры демонстрации места дефекта на слитке
02.11.2019 19:28:53 : Процедуры демонстрации места дефекта на слитке успешна завершена
02.11.2019 19:28:53 : Запуск процедуры демонстрации места дефекта на слитке
02.11.2019 19:28:53 : Процедуры демонстрации места дефекта на слитке успешна завершена
02.11.2019 19:28:53 : Запуск процедуры демонстрации места дефекта на слитке
02.11.2019 19:28:53 : Процедуры демонстрации места дефекта на слитке успешна завершена
02.11.2019 19:28:54 : Запуск процедуры демонстрации места дефекта на слитке
02.11.2019 19:28:54 : Процедуры демонстрации места дефекта на слитке успешна завершена
02.11.2019 19:29:33 : Процедура проверки целостности файлов запущена...
02.11.2019 19:29:33 : Дешифрование пароля успешно завершено
02.11.2019 19:29:33 : Процедура проверки целостности файлов успешно завершена
02.11.2019 19:29:39 : Подключение к БД успешно установлено
02.11.2019 19:29:39 : Инициализация процедуры получения параметров с БД
02.11.2019 19:29:39 : Получение списка мест дефекта в производстве успешно завершено
02.11.2019 19:29:39 : Получение списка описаний дефекта успешно завершено
02.11.2019 19:29:39 : Получение списка диаметров успешно завершено
02.11.2019 19:29:39 : Получение списка бригад успешно завершено
02.11.2019 19:29:39 : Получение списка смен успешно завершено
02.11.2019 19:29:39 : Получение списка статусов коррекции успешно завершено
02.11.2019 19:29:39 : Получение списка номеров ТС успешно завершено
02.11.2019 19:29:39 : Получение списка марок сплавов успешно завершено
02.11.2019 19:29:39 : Получение списка типов дефекта успешно завершено
02.11.2019 19:29:39 : Получение списка позиций с сервера успешно завершено
02.11.2019 19:29:39 : Процедура получения параметров с БД успешно завершена
02.11.2019 19:34:33 : Процедура проверки целостности файлов запущена...
02.11.2019 19:34:33 : Дешифрование пароля успешно завершено
02.11.2019 19:34:33 : Процедура проверки целостности файлов успешно завершена
02.11.2019 19:34:39 : Подключение к БД успешно установлено
02.11.2019 19:34:39 : Инициализация процедуры получения параметров с БД
02.11.2019 19:34:39 : Получение списка мест дефекта в производстве успешно завершено
02.11.2019 19:34:39 : Получение списка описаний дефекта успешно завершено
02.11.2019 19:34:39 : Получение списка диаметров успешно завершено
02.11.2019 19:34:39 : Получение списка бригад успешно завершено
02.11.2019 19:34:39 : Получение списка смен успешно завершено
02.11.2019 19:34:39 : Получение списка статусов коррекции успешно завершено
02.11.2019 19:34:39 : Получение списка номеров ТС успешно завершено
02.11.2019 19:34:39 : Получение списка марок сплавов успешно завершено
02.11.2019 19:34:39 : Получение списка типов дефекта успешно завершено
02.11.2019 19:34:39 : Получение списка позиций с сервера успешно завершено
02.11.2019 19:34:39 : Процедура получения параметров с БД успешно завершена
02.11.2019 19:34:45 : Запуск процеры поиска по параметрам
02.11.2019 19:34:46 : Процеры поиска по параметрам завершена
02.11.2019 19:34:47 : Запуск процеры поиска по параметрам
02.11.2019 19:34:48 : Процеры поиска по параметрам завершена
02.11.2019 19:34:49 : Запуск процедуры изменения позиции
02.11.2019 19:34:49 : Получение текущих данных выбранного объекта успешно завершено
02.11.2019 19:35:01 : Процедура изменения позиции завершена
02.11.2019 19:35:07 : Процедура проверки целостности файлов запущена...
02.11.2019 19:35:07 : Дешифрование пароля успешно завершено
02.11.2019 19:35:07 : Процедура проверки целостности файлов успешно завершена
02.11.2019 19:35:13 : Подключение к БД успешно установлено
02.11.2019 19:35:13 : Инициализация процедуры получения параметров с БД
02.11.2019 19:35:13 : Получение списка мест дефекта в производстве успешно завершено
02.11.2019 19:35:13 : Получение списка описаний дефекта успешно завершено
02.11.2019 19:35:13 : Получение списка диаметров успешно завершено
02.11.2019 19:35:13 : Получение списка бригад успешно завершено
02.11.2019 19:35:13 : Получение списка смен успешно завершено
02.11.2019 19:35:13 : Получение списка статусов коррекции успешно завершено
02.11.2019 19:35:13 : Получение списка номеров ТС успешно завершено
02.11.2019 19:35:13 : Получение списка марок сплавов успешно завершено
02.11.2019 19:35:13 : Получение списка типов дефекта успешно завершено
02.11.2019 19:35:13 : Получение списка позиций с сервера успешно завершено
02.11.2019 19:35:13 : Процедура получения параметров с БД успешно завершена
02.11.2019 19:36:02 : Запуск процеры поиска по параметрам
02.11.2019 19:36:03 : Получено пустое значение параметра поиска
02.11.2019 19:36:03 : Процеры поиска по параметрам завершена
02.11.2019 19:37:49 : Процедура проверки целостности файлов запущена...
02.11.2019 19:37:49 : Дешифрование пароля успешно завершено
02.11.2019 19:37:49 : Процедура проверки целостности файлов успешно завершена
02.11.2019 19:37:55 : Подключение к БД успешно установлено
02.11.2019 19:37:55 : Инициализация процедуры получения параметров с БД
02.11.2019 19:37:55 : Получение списка мест дефекта в производстве успешно завершено
02.11.2019 19:37:55 : Получение списка описаний дефекта успешно завершено
02.11.2019 19:37:55 : Получение списка диаметров успешно завершено
02.11.2019 19:37:55 : Получение списка бригад успешно завершено
02.11.2019 19:37:55 : Получение списка смен успешно завершено
02.11.2019 19:37:55 : Получение списка статусов коррекции успешно завершено
02.11.2019 19:37:55 : Получение списка номеров ТС успешно завершено
02.11.2019 19:37:55 : Получение списка марок сплавов успешно завершено
02.11.2019 19:37:55 : Получение списка типов дефекта успешно завершено
02.11.2019 19:37:55 : Получение списка позиций с сервера успешно завершено
02.11.2019 19:37:55 : Процедура получения параметров с БД успешно завершена
02.11.2019 19:39:14 : Процедура проверки целостности файлов запущена...
02.11.2019 19:39:14 : Дешифрование пароля успешно завершено
02.11.2019 19:39:14 : Процедура проверки целостности файлов успешно завершена
02.11.2019 19:39:20 : Подключение к БД успешно установлено
02.11.2019 19:39:20 : Инициализация процедуры получения параметров с БД
02.11.2019 19:39:20 : Получение списка мест дефекта в производстве успешно завершено
02.11.2019 19:39:21 : Получение списка описаний дефекта успешно завершено
02.11.2019 19:39:21 : Получение списка диаметров успешно завершено
02.11.2019 19:39:21 : Получение списка бригад успешно завершено
02.11.2019 19:39:21 : Получение списка смен успешно завершено
02.11.2019 19:39:21 : Получение списка статусов коррекции успешно завершено
02.11.2019 19:39:21 : Получение списка номеров ТС успешно завершено
02.11.2019 19:39:21 : Получение списка марок сплавов успешно завершено
02.11.2019 19:39:21 : Получение списка типов дефекта успешно завершено
02.11.2019 19:39:21 : Получение списка позиций с сервера успешно завершено
02.11.2019 19:39:21 : Процедура получения параметров с БД успешно завершена
02.11.2019 19:39:23 : Запуск процедуры демонстрации места дефекта на слитке
02.11.2019 19:39:24 : Процедуры демонстрации места дефекта на слитке успешна завершена
02.11.2019 19:39:24 : Запуск процедуры демонстрации места дефекта на слитке
02.11.2019 19:39:25 : Процедуры демонстрации места дефекта на слитке успешна завершена
02.11.2019 19:39:26 : Запуск процедуры демонстрации места дефекта на слитке
02.11.2019 19:39:27 : Процедуры демонстрации места дефекта на слитке успешна завершена
02.11.2019 19:39:28 : Запуск процедуры демонстрации места дефекта на слитке
02.11.2019 19:39:28 : Процедуры демонстрации места дефекта на слитке успешна завершена
02.11.2019 19:40:25 : Процедура проверки целостности файлов запущена...
02.11.2019 19:40:25 : Дешифрование пароля успешно завершено
02.11.2019 19:40:25 : Процедура проверки целостности файлов успешно завершена
02.11.2019 19:40:31 : Подключение к БД успешно установлено
02.11.2019 19:40:31 : Инициализация процедуры получения параметров с БД
02.11.2019 19:40:31 : Получение списка мест дефекта в производстве успешно завершено
02.11.2019 19:40:31 : Получение списка описаний дефекта успешно завершено
02.11.2019 19:40:31 : Получение списка диаметров успешно завершено
02.11.2019 19:40:31 : Получение списка бригад успешно завершено
02.11.2019 19:40:31 : Получение списка смен успешно завершено
02.11.2019 19:40:31 : Получение списка статусов коррекции успешно завершено
02.11.2019 19:40:31 : Получение списка номеров ТС успешно завершено
02.11.2019 19:40:31 : Получение списка марок сплавов успешно завершено
02.11.2019 19:40:31 : Получение списка типов дефекта успешно завершено
02.11.2019 19:40:31 : Получение списка позиций с сервера успешно завершено
02.11.2019 19:40:31 : Процедура получения параметров с БД успешно завершена
02.11.2019 19:40:44 : Запуск процедуры добавления позиции
02.11.2019 19:40:46 : Ошибка получения параметров модификации позиции: Поле номера плавки должно содержать значение
02.11.2019 19:40:47 : Процедура добавления позиции завершена
02.11.2019 19:42:57 : Процедура проверки целостности файлов запущена...
02.11.2019 19:42:57 : Дешифрование пароля успешно завершено
02.11.2019 19:42:57 : Процедура проверки целостности файлов успешно завершена
02.11.2019 19:43:03 : Подключение к БД успешно установлено
02.11.2019 19:43:03 : Инициализация процедуры получения параметров с БД
02.11.2019 19:43:03 : Получение списка мест дефекта в производстве успешно завершено
02.11.2019 19:43:03 : Получение списка описаний дефекта успешно завершено
02.11.2019 19:43:03 : Получение списка диаметров успешно завершено
02.11.2019 19:43:03 : Получение списка бригад успешно завершено
02.11.2019 19:43:03 : Получение списка смен успешно завершено
02.11.2019 19:43:03 : Получение списка статусов коррекции успешно завершено
02.11.2019 19:43:03 : Получение списка номеров ТС успешно завершено
02.11.2019 19:43:03 : Получение списка марок сплавов успешно завершено
02.11.2019 19:43:03 : Получение списка типов дефекта успешно завершено
02.11.2019 19:43:03 : Получение списка позиций с сервера успешно завершено
02.11.2019 19:43:03 : Процедура получения параметров с БД успешно завершена
02.11.2019 19:43:06 : Запуск процедура обычного анализа
02.11.2019 19:43:19 : Были очищены все поля класса анализа
02.11.2019 19:43:19 : Очистка памяти после выполнения анализа успешно завершена
02.11.2019 19:43:33 : Процедура проверки целостности файлов запущена...
02.11.2019 19:43:33 : Дешифрование пароля успешно завершено
02.11.2019 19:43:33 : Процедура проверки целостности файлов успешно завершена
02.11.2019 19:43:39 : Подключение к БД успешно установлено
02.11.2019 19:43:39 : Инициализация процедуры получения параметров с БД
02.11.2019 19:43:39 : Получение списка мест дефекта в производстве успешно завершено
02.11.2019 19:43:39 : Получение списка описаний дефекта успешно завершено
02.11.2019 19:43:39 : Получение списка диаметров успешно завершено
02.11.2019 19:43:39 : Получение списка бригад успешно завершено
02.11.2019 19:43:39 : Получение списка смен успешно завершено
02.11.2019 19:43:39 : Получение списка статусов коррекции успешно завершено
02.11.2019 19:43:39 : Получение списка номеров ТС успешно завершено
02.11.2019 19:43:39 : Получение списка марок сплавов успешно завершено
02.11.2019 19:43:39 : Получение списка типов дефекта успешно завершено
02.11.2019 19:43:39 : Получение списка позиций с сервера успешно завершено
02.11.2019 19:43:39 : Процедура получения параметров с БД успешно завершена
02.11.2019 19:43:42 : Запуск процедура обычного анализа
02.11.2019 19:43:43 : Запуск процедуры получения анализа
02.11.2019 19:43:43 : Создание диаграммы краткого отчета завершено успешно
02.11.2019 19:43:43 : Заполнение таблицы краткого отчета завершено успешно
02.11.2019 19:43:43 : Краткий анализ бригада вес выполнен
02.11.2019 19:43:43 : Выполнение анализа по параметру: Вес | Бригада
02.11.2019 19:43:43 : Процедура получения анализа завершена
02.11.2019 19:43:47 : Были очищены все поля класса анализа
02.11.2019 19:43:47 : Очистка памяти после выполнения анализа успешно завершена
02.11.2019 19:43:47 : Процедура обычного анализа успешно завершена
02.11.2019 19:43:53 : Запуск процедура обычного анализа
02.11.2019 19:43:55 : Запуск процедуры получения анализа
02.11.2019 19:43:55 : Создание диаграммы краткого отчета завершено успешно
02.11.2019 19:43:55 : Заполнение таблицы краткого отчета завершено успешно
02.11.2019 19:43:55 : Краткий анализ бригада вес выполнен
02.11.2019 19:43:55 : Выполнение анализа по параметру: Вес | Бригада
02.11.2019 19:43:55 : Процедура получения анализа завершена
02.11.2019 19:43:56 : Запуск процедуры экспорта данных анализа
02.11.2019 19:43:56 : Началось формирование выгрузки краткого анализа
02.11.2019 19:43:58 : Процедура экспорта данных анализа завершена
02.11.2019 19:44:03 : Запуск процедуры получения анализа
02.11.2019 19:44:03 : Создание диаграммы краткого отчета завершено успешно
02.11.2019 19:44:03 : Заполнение таблицы краткого отчета завершено успешно
02.11.2019 19:44:03 : Краткий анализ бригада вес выполнен
02.11.2019 19:44:03 : Выполнение анализа по параметру: Вес | Бригада
02.11.2019 19:44:03 : Процедура получения анализа завершена
02.11.2019 19:44:08 : Запуск процедуры получения анализа
02.11.2019 19:44:08 : Создание диаграммы краткого отчета завершено успешно
02.11.2019 19:44:08 : Заполнение таблицы краткого отчета завершено успешно
02.11.2019 19:44:08 : Краткий анализ бригада вес выполнен
02.11.2019 19:44:08 : Выполнение анализа по параметру: Вес | Бригада
02.11.2019 19:44:08 : Процедура получения анализа завершена
02.11.2019 19:44:09 : Запуск процедуры экспорта данных анализа
02.11.2019 19:44:09 : Началось формирование выгрузки краткого анализа
02.11.2019 19:44:10 : Процедура экспорта данных анализа завершена
02.11.2019 19:44:13 : Были очищены все поля класса анализа
02.11.2019 19:44:13 : Очистка памяти после выполнения анализа успешно завершена
02.11.2019 19:44:13 : Процедура обычного анализа успешно завершена
02.11.2019 19:48:59 : Процедура проверки целостности файлов запущена...
02.11.2019 19:48:59 : Дешифрование пароля успешно завершено
02.11.2019 19:48:59 : Процедура проверки целостности файлов успешно завершена
02.11.2019 19:49:05 : Подключение к БД успешно установлено
02.11.2019 19:49:05 : Инициализация процедуры получения параметров с БД
02.11.2019 19:49:05 : Получение списка мест дефекта в производстве успешно завершено
02.11.2019 19:49:05 : Получение списка описаний дефекта успешно завершено
02.11.2019 19:49:05 : Получение списка диаметров успешно завершено
02.11.2019 19:49:05 : Получение списка бригад успешно завершено
02.11.2019 19:49:05 : Получение списка смен успешно завершено
02.11.2019 19:49:05 : Получение списка статусов коррекции успешно завершено
02.11.2019 19:49:05 : Получение списка номеров ТС успешно завершено
02.11.2019 19:49:05 : Получение списка марок сплавов успешно завершено
02.11.2019 19:49:05 : Получение списка типов дефекта успешно завершено
02.11.2019 19:49:05 : Получение списка позиций с сервера успешно завершено
02.11.2019 19:49:05 : Процедура получения параметров с БД успешно завершена
02.11.2019 19:49:08 : Запуск процедура обычного анализа
02.11.2019 19:49:24 : Запуск процедуры получения анализа
02.11.2019 19:49:24 : Создание диаграммы краткого отчета завершено успешно
02.11.2019 19:49:24 : Заполнение таблицы краткого отчета завершено успешно
02.11.2019 19:49:24 : Краткий анализ бригада вес выполнен
02.11.2019 19:49:24 : Выполнение анализа по параметру: Вес | Бригада
02.11.2019 19:49:24 : Процедура получения анализа завершена
02.11.2019 19:49:28 : Запуск процедуры получения анализа
02.11.2019 19:49:28 : Создание диаграммы краткого отчета завершено успешно
02.11.2019 19:49:28 : Заполнение таблицы краткого отчета завершено успешно
02.11.2019 19:49:28 : Краткий анализ бригада вес выполнен
02.11.2019 19:49:28 : Выполнение анализа по параметру: Вес | Бригада
02.11.2019 19:49:28 : Процедура получения анализа завершена
02.11.2019 19:49:32 : Запуск процедуры экспорта данных анализа
02.11.2019 19:49:32 : Началось формирование выгрузки краткого анализа
02.11.2019 19:49:33 : Процедура экспорта данных анализа завершена
02.11.2019 19:49:35 : Запуск процедуры получения анализа
02.11.2019 19:49:35 : Создание диаграммы краткого отчета завершено успешно
02.11.2019 19:49:35 : Заполнение таблицы краткого отчета завершено успешно
02.11.2019 19:49:35 : Краткий анализ бригада вес выполнен
02.11.2019 19:49:35 : Выполнение анализа по параметру: Вес | Бригада
02.11.2019 19:49:35 : Процедура получения анализа завершена
02.11.2019 19:49:38 : Запуск процедуры получения анализа
02.11.2019 19:49:38 : Создание диаграммы краткого отчета завершено успешно
02.11.2019 19:49:38 : Заполнение таблицы краткого отчета завершено успешно
02.11.2019 19:49:38 : Краткий анализ бригада вес выполнен
02.11.2019 19:49:38 : Выполнение анализа по параметру: Вес | Бригада
02.11.2019 19:49:38 : Процедура получения анализа завершена
02.11.2019 19:49:56 : Были очищены все поля класса анализа
02.11.2019 19:49:56 : Очистка памяти после выполнения анализа успешно завершена
02.11.2019 19:49:56 : Процедура обычного анализа успешно завершена
02.11.2019 19:52:04 : Процедура проверки целостности файлов запущена...
02.11.2019 19:52:04 : Дешифрование пароля успешно завершено
02.11.2019 19:52:04 : Процедура проверки целостности файлов успешно завершена
02.11.2019 19:52:11 : Подключение к БД успешно установлено
02.11.2019 19:52:11 : Инициализация процедуры получения параметров с БД
02.11.2019 19:52:11 : Получение списка мест дефекта в производстве успешно завершено
02.11.2019 19:52:11 : Получение списка описаний дефекта успешно завершено
02.11.2019 19:52:11 : Получение списка диаметров успешно завершено
02.11.2019 19:52:11 : Получение списка бригад успешно завершено
02.11.2019 19:52:11 : Получение списка смен успешно завершено
02.11.2019 19:52:11 : Получение списка статусов коррекции успешно завершено
02.11.2019 19:52:11 : Получение списка номеров ТС успешно завершено
02.11.2019 19:52:11 : Получение списка марок сплавов успешно завершено
02.11.2019 19:52:11 : Получение списка типов дефекта успешно завершено
02.11.2019 19:52:11 : Получение списка позиций с сервера успешно завершено
02.11.2019 19:52:11 : Процедура получения параметров с БД успешно завершена
02.11.2019 19:52:13 : Запуск процедуры расширенного анализа
02.11.2019 19:52:21 : Были очищены все поля класса анализа
02.11.2019 19:52:21 : Очистка памяти после выполнения анализа успешно завершена
02.11.2019 19:52:34 : Процедура проверки целостности файлов запущена...
02.11.2019 19:52:34 : Дешифрование пароля успешно завершено
02.11.2019 19:52:34 : Процедура проверки целостности файлов успешно завершена
02.11.2019 19:53:10 : Процедура проверки целостности файлов запущена...
02.11.2019 19:53:10 : Дешифрование пароля успешно завершено
02.11.2019 19:53:10 : Процедура проверки целостности файлов успешно завершена
02.11.2019 19:53:16 : Подключение к БД успешно установлено
02.11.2019 19:53:16 : Инициализация процедуры получения параметров с БД
02.11.2019 19:53:16 : Получение списка мест дефекта в производстве успешно завершено
02.11.2019 19:53:16 : Получение списка описаний дефекта успешно завершено
02.11.2019 19:53:16 : Получение списка диаметров успешно завершено
02.11.2019 19:53:16 : Получение списка бригад успешно завершено
02.11.2019 19:53:16 : Получение списка смен успешно завершено
02.11.2019 19:53:16 : Получение списка статусов коррекции успешно завершено
02.11.2019 19:53:16 : Получение списка номеров ТС успешно завершено
02.11.2019 19:53:16 : Получение списка марок сплавов успешно завершено
02.11.2019 19:53:16 : Получение списка типов дефекта успешно завершено
02.11.2019 19:53:16 : Получение списка позиций с сервера успешно завершено
02.11.2019 19:53:16 : Процедура получения параметров с БД успешно завершена
02.11.2019 19:53:18 : Запуск процедуры расширенного анализа
02.11.2019 19:53:21 : Запуск процедуры получения анализа
02.11.2019 19:53:21 : Группировка для расширенного анализа выполнена успешно
02.11.2019 19:53:21 : Экспорт данных в лист выполнен успешно
02.11.2019 19:53:21 : Создание первой диаграммы расширенного отчета завершено успешно
02.11.2019 19:53:21 : Создание второй диаграммы расширенного отчета завершено успешно
02.11.2019 19:53:21 : Заполнение таблицы расширенного отчета завершено успешно
02.11.2019 19:53:21 : Расширенный анализ бригада вес выполнен успешно
02.11.2019 19:53:21 : Выполнение анализа по параметрам: Бригады
02.11.2019 19:53:21 : Процедура получения анализа завершена
02.11.2019 19:53:23 : Запуск процедуры экспорта данных анализа
02.11.2019 19:53:23 : Началось формирование выгрузки расширенного анализа
02.11.2019 19:53:25 : Процедуры экспорта данных анализа завершена
02.11.2019 19:53:37 : Были очищены все поля класса анализа
02.11.2019 19:53:37 : Очистка памяти после выполнения анализа успешно завершена
02.11.2019 19:54:51 : Процедура проверки целостности файлов запущена...
02.11.2019 19:54:51 : Дешифрование пароля успешно завершено
02.11.2019 19:54:51 : Процедура проверки целостности файлов успешно завершена
02.11.2019 19:54:57 : Подключение к БД успешно установлено
02.11.2019 19:54:57 : Инициализация процедуры получения параметров с БД
02.11.2019 19:54:57 : Получение списка мест дефекта в производстве успешно завершено
02.11.2019 19:54:57 : Получение списка описаний дефекта успешно завершено
02.11.2019 19:54:57 : Получение списка диаметров успешно завершено
02.11.2019 19:54:57 : Получение списка бригад успешно завершено
02.11.2019 19:54:57 : Получение списка смен успешно завершено
02.11.2019 19:54:57 : Получение списка статусов коррекции успешно завершено
02.11.2019 19:54:57 : Получение списка номеров ТС успешно завершено
02.11.2019 19:54:58 : Получение списка марок сплавов успешно завершено
02.11.2019 19:54:58 : Получение списка типов дефекта успешно завершено
02.11.2019 19:54:58 : Получение списка позиций с сервера успешно завершено
02.11.2019 19:54:58 : Процедура получения параметров с БД успешно завершена
02.11.2019 19:55:00 : Запуск процедуры расширенного анализа
02.11.2019 19:55:02 : Были очищены все поля класса анализа
02.11.2019 19:55:02 : Очистка памяти после выполнения анализа успешно завершена
02.11.2019 19:55:02 : Процедура расширенного анализа успешно завершена
02.11.2019 19:55:04 : Запуск процедуры расширенного анализа
02.11.2019 19:55:06 : Были очищены все поля класса анализа
02.11.2019 19:55:06 : Очистка памяти после выполнения анализа успешно завершена
02.11.2019 19:55:08 : Запуск процедуры расширенного анализа
02.11.2019 19:55:09 : Запуск процедуры получения анализа
02.11.2019 19:55:09 : Группировка для расширенного анализа выполнена успешно
02.11.2019 19:55:09 : Экспорт данных в лист выполнен успешно
02.11.2019 19:55:10 : Создание первой диаграммы расширенного отчета завершено успешно
02.11.2019 19:55:10 : Создание второй диаграммы расширенного отчета завершено успешно
02.11.2019 19:55:10 : Заполнение таблицы расширенного отчета завершено успешно
02.11.2019 19:55:10 : Расширенный анализ бригада вес выполнен успешно
02.11.2019 19:55:10 : Выполнение анализа по параметрам: Бригады
02.11.2019 19:55:10 : Процедура получения анализа завершена
02.11.2019 19:55:11 : Запуск процедуры экспорта данных анализа
02.11.2019 19:55:11 : Началось формирование выгрузки расширенного анализа
02.11.2019 19:55:12 : Процедуры экспорта данных анализа завершена
02.11.2019 19:55:13 : Были очищены все поля класса анализа
02.11.2019 19:55:13 : Очистка памяти после выполнения анализа успешно завершена
02.11.2019 19:55:13 : Процедура расширенного анализа успешно завершена
02.11.2019 19:55:16 : Запуск процедура обычного анализа
02.11.2019 19:55:20 : Были очищены все поля класса анализа
02.11.2019 19:55:20 : Очистка памяти после выполнения анализа успешно завершена
02.11.2019 19:55:50 : Процедура проверки целостности файлов запущена...
02.11.2019 19:55:50 : Дешифрование пароля успешно завершено
02.11.2019 19:55:50 : Процедура проверки целостности файлов успешно завершена
02.11.2019 19:56:54 : Процедура проверки целостности файлов запущена...
02.11.2019 19:56:54 : Дешифрование пароля успешно завершено
02.11.2019 19:56:54 : Процедура проверки целостности файлов успешно завершена
02.11.2019 19:57:01 : Процедура проверки целостности файлов запущена...
02.11.2019 19:57:01 : Дешифрование пароля успешно завершено
02.11.2019 19:57:01 : Процедура проверки целостности файлов успешно завершена
02.11.2019 19:57:08 : Ошибка при подключении к БД. Работа приложения остановлена
02.11.2019 19:57:10 : Процедура проверки целостности файлов запущена...
02.11.2019 19:57:10 : Дешифрование пароля успешно завершено
02.11.2019 19:57:10 : Процедура проверки целостности файлов успешно завершена
02.11.2019 19:57:22 : Ошибка при подключении к БД. Работа приложения остановлена
02.11.2019 19:57:26 : Процедура проверки целостности файлов запущена...
02.11.2019 19:57:26 : Дешифрование пароля успешно завершено
02.11.2019 19:57:26 : Процедура проверки целостности файлов успешно завершена
02.11.2019 19:57:32 : Подключение к БД успешно установлено
02.11.2019 19:57:32 : Инициализация процедуры получения параметров с БД
02.11.2019 19:57:32 : Получение списка мест дефекта в производстве успешно завершено
02.11.2019 19:57:32 : Получение списка описаний дефекта успешно завершено
02.11.2019 19:57:32 : Получение списка диаметров успешно завершено
02.11.2019 19:57:32 : Получение списка бригад успешно завершено
02.11.2019 19:57:32 : Получение списка смен успешно завершено
02.11.2019 19:57:32 : Получение списка статусов коррекции успешно завершено
02.11.2019 19:57:32 : Получение списка номеров ТС успешно завершено
02.11.2019 19:57:32 : Получение списка марок сплавов успешно завершено
02.11.2019 19:57:32 : Получение списка типов дефекта успешно завершено
02.11.2019 19:57:32 : Получение списка позиций с сервера успешно завершено
02.11.2019 19:57:32 : Процедура получения параметров с БД успешно завершена
02.11.2019 19:57:46 : Запуск процедуры демонстрации места дефекта на слитке
02.11.2019 19:57:47 : Процедуры демонстрации места дефекта на слитке успешна завершена
02.11.2019 19:58:06 : Процедура проверки целостности файлов запущена...
02.11.2019 19:58:06 : Дешифрование пароля успешно завершено
02.11.2019 19:58:06 : Процедура проверки целостности файлов успешно завершена
02.11.2019 19:58:29 : Процедура проверки целостности файлов запущена...
02.11.2019 19:58:30 : Дешифрование пароля успешно завершено
02.11.2019 19:58:30 : Процедура проверки целостности файлов успешно завершена
02.11.2019 19:58:36 : Подключение к БД успешно установлено
02.11.2019 19:58:36 : Инициализация процедуры получения параметров с БД
02.11.2019 19:58:36 : Получение списка мест дефекта в производстве успешно завершено
02.11.2019 19:58:36 : Получение списка описаний дефекта успешно завершено
02.11.2019 19:58:36 : Получение списка диаметров успешно завершено
02.11.2019 19:58:36 : Получение списка бригад успешно завершено
02.11.2019 19:58:36 : Получение списка смен успешно завершено
02.11.2019 19:58:36 : Получение списка статусов коррекции успешно завершено
02.11.2019 19:58:36 : Получение списка номеров ТС успешно завершено
02.11.2019 19:58:36 : Получение списка марок сплавов успешно завершено
02.11.2019 19:58:36 : Получение списка типов дефекта успешно завершено
02.11.2019 19:58:36 : Получение списка позиций с сервера успешно завершено
02.11.2019 19:58:36 : Процедура получения параметров с БД успешно завершена
02.11.2019 19:59:31 : Процедура проверки целостности файлов запущена...
02.11.2019 19:59:31 : Дешифрование пароля успешно завершено
02.11.2019 19:59:31 : Процедура проверки целостности файлов успешно завершена
02.11.2019 19:59:39 : Ошибка при подключении к БД. Работа приложения остановлена
02.11.2019 19:59:42 : Процедура проверки целостности файлов запущена...
02.11.2019 19:59:42 : Дешифрование пароля успешно завершено
02.11.2019 19:59:42 : Процедура проверки целостности файлов успешно завершена
02.11.2019 19:59:51 : Ошибка при подключении к БД. Работа приложения остановлена
02.11.2019 19:59:53 : Процедура проверки целостности файлов запущена...
02.11.2019 19:59:53 : Дешифрование пароля успешно завершено
02.11.2019 19:59:54 : Процедура проверки целостности файлов успешно завершена
02.11.2019 20:00:00 : Подключение к БД успешно установлено
02.11.2019 20:00:00 : Инициализация процедуры получения параметров с БД
02.11.2019 20:00:00 : Получение списка мест дефекта в производстве успешно завершено
02.11.2019 20:00:00 : Получение списка описаний дефекта успешно завершено
02.11.2019 20:00:00 : Получение списка диаметров успешно завершено
02.11.2019 20:00:00 : Получение списка бригад успешно завершено
02.11.2019 20:00:00 : Получение списка смен успешно завершено
02.11.2019 20:00:00 : Получение списка статусов коррекции успешно завершено
02.11.2019 20:00:00 : Получение списка номеров ТС успешно завершено
02.11.2019 20:00:00 : Получение списка марок сплавов успешно завершено
02.11.2019 20:00:00 : Получение списка типов дефекта успешно завершено
02.11.2019 20:00:00 : Получение списка позиций с сервера успешно завершено
02.11.2019 20:00:00 : Процедура получения параметров с БД успешно завершена
02.11.2019 20:00:01 : Запуск процедуры демонстрации места дефекта на слитке
02.11.2019 20:00:08 : Процедуры демонстрации места дефекта на слитке успешна завершена
02.11.2019 20:03:36 : Процедура проверки целостности файлов запущена...
02.11.2019 20:03:36 : Дешифрование пароля успешно завершено
02.11.2019 20:03:36 : Процедура проверки целостности файлов успешно завершена
02.11.2019 20:03:42 : Подключение к БД успешно установлено
02.11.2019 20:03:42 : Инициализация процедуры получения параметров с БД
02.11.2019 20:03:42 : Получение списка мест дефекта в производстве успешно завершено
02.11.2019 20:03:42 : Получение списка описаний дефекта успешно завершено
02.11.2019 20:03:42 : Получение списка диаметров успешно завершено
02.11.2019 20:03:42 : Получение списка бригад успешно завершено
02.11.2019 20:03:42 : Получение списка смен успешно завершено
02.11.2019 20:03:42 : Получение списка статусов коррекции успешно завершено
02.11.2019 20:03:42 : Получение списка номеров ТС успешно завершено
02.11.2019 20:03:42 : Получение списка марок сплавов успешно завершено
02.11.2019 20:03:42 : Получение списка типов дефекта успешно завершено
02.11.2019 20:03:42 : Получение списка позиций с сервера успешно завершено
02.11.2019 20:03:42 : Процедура получения параметров с БД успешно завершена
02.11.2019 20:03:43 : Запуск процедуры добавления позиции
02.11.2019 20:03:58 : Процедура добавления позиции завершена
02.11.2019 20:15:56 : Процедура проверки целостности файлов запущена...
02.11.2019 20:15:56 : Дешифрование пароля успешно завершено
02.11.2019 20:15:56 : Процедура проверки целостности файлов успешно завершена
02.11.2019 20:16:05 : Ошибка при подключении к БД. Работа приложения остановлена
02.11.2019 20:17:09 : Процедура проверки целостности файлов запущена...
02.11.2019 20:17:09 : Дешифрование пароля успешно завершено
02.11.2019 20:17:09 : Процедура проверки целостности файлов успешно завершена
02.11.2019 20:17:18 : Ошибка при подключении к БД
02.11.2019 20:17:18 : Ошибка при подключении к БД. Работа приложения остановлена
02.11.2019 20:17:26 : Процедура проверки целостности файлов запущена...
02.11.2019 20:17:26 : Дешифрование пароля успешно завершено
02.11.2019 20:17:26 : Процедура проверки целостности файлов успешно завершена
02.11.2019 20:17:32 : Подключение к БД успешно установлено
02.11.2019 20:18:28 : Процедура проверки целостности файлов запущена...
02.11.2019 20:18:28 : Дешифрование пароля успешно завершено
02.11.2019 20:18:28 : Процедура проверки целостности файлов успешно завершена
02.11.2019 20:18:38 : Ошибка при подключении к БД
02.11.2019 20:18:38 : Ошибка при подключении к БД. Работа приложения остановлена
02.11.2019 20:18:52 : Процедура проверки целостности файлов запущена...
02.11.2019 20:18:52 : Дешифрование пароля успешно завершено
02.11.2019 20:18:52 : Процедура проверки целостности файлов успешно завершена
02.11.2019 20:19:00 : Ошибка при подключении к БД
02.11.2019 20:19:00 : Ошибка при подключении к БД. Работа приложения остановлена
02.11.2019 20:22:27 : Процедура проверки целостности файлов запущена...
02.11.2019 20:22:27 : Дешифрование пароля успешно завершено
02.11.2019 20:22:27 : Процедура проверки целостности файлов успешно завершена
02.11.2019 20:22:33 : Подключение к БД успешно установлено
02.11.2019 20:22:33 : Инициализация процедуры получения параметров с БД
02.11.2019 20:22:33 : Получение списка мест дефекта в производстве успешно завершено
02.11.2019 20:22:33 : Получение списка описаний дефекта успешно завершено
02.11.2019 20:22:33 : Получение списка диаметров успешно завершено
02.11.2019 20:22:33 : Получение списка бригад успешно завершено
02.11.2019 20:22:33 : Получение списка смен успешно завершено
02.11.2019 20:22:33 : Получение списка статусов коррекции успешно завершено
02.11.2019 20:22:33 : Получение списка номеров ТС успешно завершено
02.11.2019 20:22:33 : Получение списка марок сплавов успешно завершено
02.11.2019 20:22:33 : Получение списка типов дефекта успешно завершено
02.11.2019 20:22:34 : Получение списка позиций с сервера успешно завершено
02.11.2019 20:22:34 : Процедура получения параметров с БД успешно завершена
02.11.2019 20:22:38 : Процедура проверки целостности файлов запущена...
02.11.2019 20:22:38 : Дешифрование пароля успешно завершено
02.11.2019 20:22:38 : Процедура проверки целостности файлов успешно завершена
02.11.2019 20:22:52 : Ошибка при подключении к БД
02.11.2019 20:22:52 : Ошибка при подключении к БД. Работа приложения остановлена
02.11.2019 20:23:11 : Процедура проверки целостности файлов запущена...
02.11.2019 20:23:11 : Дешифрование пароля успешно завершено
02.11.2019 20:23:11 : Процедура проверки целостности файлов успешно завершена
02.11.2019 20:23:24 : Ошибка при подключении к БД
02.11.2019 20:23:24 : Ошибка при подключении к БД. Работа приложения остановлена
02.11.2019 20:23:33 : Процедура проверки целостности файлов запущена...
02.11.2019 20:23:33 : Дешифрование пароля успешно завершено
02.11.2019 20:23:33 : Процедура проверки целостности файлов успешно завершена
02.11.2019 20:23:45 : Подключение к БД успешно установлено
02.11.2019 20:23:45 : Инициализация процедуры получения параметров с БД
02.11.2019 20:23:45 : Получение списка мест дефекта в производстве успешно завершено
02.11.2019 20:23:45 : Получение списка описаний дефекта успешно завершено
02.11.2019 20:23:45 : Получение списка диаметров успешно завершено
02.11.2019 20:23:45 : Получение списка бригад успешно завершено
02.11.2019 20:23:45 : Получение списка смен успешно завершено
02.11.2019 20:23:45 : Получение списка статусов коррекции успешно завершено
02.11.2019 20:23:45 : Получение списка номеров ТС успешно завершено
02.11.2019 20:23:45 : Получение списка марок сплавов успешно завершено
02.11.2019 20:23:45 : Получение списка типов дефекта успешно завершено
02.11.2019 20:23:45 : Получение списка позиций с сервера успешно завершено
02.11.2019 20:23:45 : Процедура получения параметров с БД успешно завершена
02.11.2019 20:25:50 : Процедура проверки целостности файлов запущена...
02.11.2019 20:25:50 : Дешифрование пароля успешно завершено
02.11.2019 20:25:50 : Процедура проверки целостности файлов успешно завершена
02.11.2019 20:26:35 : Процедура проверки целостности файлов запущена...
02.11.2019 20:26:35 : Дешифрование пароля успешно завершено
02.11.2019 20:26:36 : Процедура проверки целостности файлов успешно завершена
02.11.2019 20:26:46 : Подключение к БД успешно установлено
02.11.2019 20:26:46 : Инициализация процедуры получения параметров с БД
02.11.2019 20:26:46 : Получение списка мест дефекта в производстве успешно завершено
02.11.2019 20:26:46 : Получение списка описаний дефекта успешно завершено
02.11.2019 20:26:46 : Получение списка диаметров успешно завершено
02.11.2019 20:26:46 : Получение списка бригад успешно завершено
02.11.2019 20:26:46 : Получение списка смен успешно завершено
02.11.2019 20:26:46 : Получение списка статусов коррекции успешно завершено
02.11.2019 20:26:46 : Получение списка номеров ТС успешно завершено
02.11.2019 20:26:46 : Получение списка марок сплавов успешно завершено
02.11.2019 20:26:46 : Получение списка типов дефекта успешно завершено
02.11.2019 20:26:46 : Получение списка позиций с сервера успешно завершено
02.11.2019 20:26:46 : Процедура получения параметров с БД успешно завершена
02.11.2019 20:26:50 : Процедура проверки целостности файлов запущена...
02.11.2019 20:26:50 : Дешифрование пароля успешно завершено
02.11.2019 20:26:50 : Процедура проверки целостности файлов успешно завершена
02.11.2019 20:27:00 : Подключение к БД успешно установлено
02.11.2019 20:27:00 : Инициализация процедуры получения параметров с БД
02.11.2019 20:27:00 : Получение списка мест дефекта в производстве успешно завершено
02.11.2019 20:27:00 : Получение списка описаний дефекта успешно завершено
02.11.2019 20:27:00 : Получение списка диаметров успешно завершено
02.11.2019 20:27:00 : Получение списка бригад успешно завершено
02.11.2019 20:27:01 : Получение списка смен успешно завершено
02.11.2019 20:27:01 : Получение списка статусов коррекции успешно завершено
02.11.2019 20:27:01 : Получение списка номеров ТС успешно завершено
02.11.2019 20:27:01 : Получение списка марок сплавов успешно завершено
02.11.2019 20:27:01 : Получение списка типов дефекта успешно завершено
02.11.2019 20:27:01 : Получение списка позиций с сервера успешно завершено
02.11.2019 20:27:01 : Процедура получения параметров с БД успешно завершена
02.11.2019 20:27:05 : Процедура проверки целостности файлов запущена...
02.11.2019 20:27:05 : Дешифрование пароля успешно завершено
02.11.2019 20:27:05 : Процедура проверки целостности файлов успешно завершена
02.11.2019 20:27:15 : Подключение к БД успешно установлено
02.11.2019 20:27:15 : Инициализация процедуры получения параметров с БД
02.11.2019 20:27:15 : Получение списка мест дефекта в производстве успешно завершено
02.11.2019 20:27:15 : Получение списка описаний дефекта успешно завершено
02.11.2019 20:27:15 : Получение списка диаметров успешно завершено
02.11.2019 20:27:15 : Получение списка бригад успешно завершено
02.11.2019 20:27:15 : Получение списка смен успешно завершено
02.11.2019 20:27:15 : Получение списка статусов коррекции успешно завершено
02.11.2019 20:27:15 : Получение списка номеров ТС успешно завершено
02.11.2019 20:27:15 : Получение списка марок сплавов успешно завершено
02.11.2019 20:27:15 : Получение списка типов дефекта успешно завершено
02.11.2019 20:27:15 : Получение списка позиций с сервера успешно завершено
02.11.2019 20:27:15 : Процедура получения параметров с БД успешно завершена
02.11.2019 20:27:21 : Процедура проверки целостности файлов запущена...
02.11.2019 20:27:21 : Дешифрование пароля успешно завершено
02.11.2019 20:27:21 : Процедура проверки целостности файлов успешно завершена
02.11.2019 20:27:31 : Подключение к БД успешно установлено
02.11.2019 20:27:31 : Инициализация процедуры получения параметров с БД
02.11.2019 20:27:31 : Получение списка мест дефекта в производстве успешно завершено
02.11.2019 20:27:31 : Получение списка описаний дефекта успешно завершено
02.11.2019 20:27:31 : Получение списка диаметров успешно завершено
02.11.2019 20:27:31 : Получение списка бригад успешно завершено
02.11.2019 20:27:31 : Получение списка смен успешно завершено
02.11.2019 20:27:31 : Получение списка статусов коррекции успешно завершено
02.11.2019 20:27:31 : Получение списка номеров ТС успешно завершено
02.11.2019 20:27:31 : Получение списка марок сплавов успешно завершено
02.11.2019 20:27:31 : Получение списка типов дефекта успешно завершено
02.11.2019 20:27:31 : Получение списка позиций с сервера успешно завершено
02.11.2019 20:27:31 : Процедура получения параметров с БД успешно завершена
02.11.2019 20:28:04 : Процедура проверки целостности файлов запущена...
02.11.2019 20:28:04 : Дешифрование пароля успешно завершено
02.11.2019 20:28:04 : Процедура проверки целостности файлов успешно завершена
02.11.2019 20:28:14 : Подключение к БД успешно установлено
02.11.2019 20:28:14 : Инициализация процедуры получения параметров с БД
02.11.2019 20:28:14 : Получение списка мест дефекта в производстве успешно завершено
02.11.2019 20:28:14 : Получение списка описаний дефекта успешно завершено
02.11.2019 20:28:14 : Получение списка диаметров успешно завершено
02.11.2019 20:28:14 : Получение списка бригад успешно завершено
02.11.2019 20:28:14 : Получение списка смен успешно завершено
02.11.2019 20:28:14 : Получение списка статусов коррекции успешно завершено
02.11.2019 20:28:14 : Получение списка номеров ТС успешно завершено
02.11.2019 20:28:14 : Получение списка марок сплавов успешно завершено
02.11.2019 20:28:14 : Получение списка типов дефекта успешно завершено
02.11.2019 20:28:14 : Получение списка позиций с сервера успешно завершено
02.11.2019 20:28:14 : Процедура получения параметров с БД успешно завершена
02.11.2019 20:28:26 : Процедура проверки целостности файлов запущена...
02.11.2019 20:28:26 : Дешифрование пароля успешно завершено
02.11.2019 20:28:26 : Процедура проверки целостности файлов успешно завершена
02.11.2019 20:28:32 : Подключение к БД успешно установлено
02.11.2019 20:28:32 : Инициализация процедуры получения параметров с БД
02.11.2019 20:28:33 : Получение списка мест дефекта в производстве успешно завершено
02.11.2019 20:28:33 : Получение списка описаний дефекта успешно завершено
02.11.2019 20:28:33 : Получение списка диаметров успешно завершено
02.11.2019 20:28:33 : Получение списка бригад успешно завершено
02.11.2019 20:28:33 : Получение списка смен успешно завершено
02.11.2019 20:28:33 : Получение списка статусов коррекции успешно завершено
02.11.2019 20:28:33 : Получение списка номеров ТС успешно завершено
02.11.2019 20:28:33 : Получение списка марок сплавов успешно завершено
02.11.2019 20:28:33 : Получение списка типов дефекта успешно завершено
02.11.2019 20:28:33 : Получение списка позиций с сервера успешно завершено
02.11.2019 20:28:33 : Процедура получения параметров с БД успешно завершена
02.11.2019 20:28:37 : Процедура проверки целостности файлов запущена...
02.11.2019 20:28:37 : Дешифрование пароля успешно завершено
02.11.2019 20:28:37 : Процедура проверки целостности файлов успешно завершена
02.11.2019 20:28:43 : Подключение к БД успешно установлено
02.11.2019 20:28:43 : Инициализация процедуры получения параметров с БД
02.11.2019 20:28:43 : Получение списка мест дефекта в производстве успешно завершено
02.11.2019 20:28:43 : Получение списка описаний дефекта успешно завершено
02.11.2019 20:28:43 : Получение списка диаметров успешно завершено
02.11.2019 20:28:43 : Получение списка бригад успешно завершено
02.11.2019 20:28:44 : Получение списка смен успешно завершено
02.11.2019 20:28:44 : Получение списка статусов коррекции успешно завершено
02.11.2019 20:28:44 : Получение списка номеров ТС успешно завершено
02.11.2019 20:28:44 : Получение списка марок сплавов успешно завершено
02.11.2019 20:28:44 : Получение списка типов дефекта успешно завершено
02.11.2019 20:28:44 : Получение списка позиций с сервера успешно завершено
02.11.2019 20:28:44 : Процедура получения параметров с БД успешно завершена
02.11.2019 20:28:47 : Процедура проверки целостности файлов запущена...
02.11.2019 20:28:47 : Дешифрование пароля успешно завершено
02.11.2019 20:28:47 : Процедура проверки целостности файлов успешно завершена
02.11.2019 20:31:24 : Дешифрование пароля успешно завершено
02.11.2019 20:31:24 : Процедура проверки целостности файлов успешно завершена
02.11.2019 20:31:24 : Процедура проверки целостности файлов запущена...
02.11.2019 20:31:30 : Подключение к БД успешно установлено
02.11.2019 20:31:30 : Инициализация процедуры получения параметров с БД
02.11.2019 20:31:30 : Получение списка мест дефекта в производстве успешно завершено
02.11.2019 20:31:30 : Получение списка описаний дефекта успешно завершено
02.11.2019 20:31:30 : Получение списка диаметров успешно завершено
02.11.2019 20:31:30 : Получение списка бригад успешно завершено
02.11.2019 20:31:30 : Получение списка смен успешно завершено
02.11.2019 20:31:30 : Получение списка статусов коррекции успешно завершено
02.11.2019 20:31:30 : Получение списка номеров ТС успешно завершено
02.11.2019 20:31:30 : Получение списка марок сплавов успешно завершено
02.11.2019 20:31:30 : Получение списка типов дефекта успешно завершено
02.11.2019 20:31:30 : Получение списка позиций с сервера успешно завершено
02.11.2019 20:31:30 : Процедура получения параметров с БД успешно завершена
02.11.2019 20:31:36 : Дешифрование пароля успешно завершено
02.11.2019 20:31:36 : Процедура проверки целостности файлов успешно завершена
02.11.2019 20:31:36 : Процедура проверки целостности файлов запущена...
02.11.2019 20:31:42 : Подключение к БД успешно установлено
02.11.2019 20:31:42 : Инициализация процедуры получения параметров с БД
02.11.2019 20:31:42 : Получение списка мест дефекта в производстве успешно завершено
02.11.2019 20:31:42 : Получение списка описаний дефекта успешно завершено
02.11.2019 20:31:42 : Получение списка диаметров успешно завершено
02.11.2019 20:31:42 : Получение списка бригад успешно завершено
02.11.2019 20:31:42 : Получение списка смен успешно завершено
02.11.2019 20:31:42 : Получение списка статусов коррекции успешно завершено
02.11.2019 20:31:42 : Получение списка номеров ТС успешно завершено
02.11.2019 20:31:42 : Получение списка марок сплавов успешно завершено
02.11.2019 20:31:42 : Получение списка типов дефекта успешно завершено
02.11.2019 20:31:42 : Получение списка позиций с сервера успешно завершено
02.11.2019 20:31:42 : Процедура получения параметров с БД успешно завершена
02.11.2019 20:31:47 : Дешифрование пароля успешно завершено
02.11.2019 20:31:47 : Процедура проверки целостности файлов успешно завершена
02.11.2019 20:31:47 : Процедура проверки целостности файлов запущена...
02.11.2019 20:31:53 : Подключение к БД успешно установлено
02.11.2019 20:31:53 : Инициализация процедуры получения параметров с БД
02.11.2019 20:31:53 : Получение списка мест дефекта в производстве успешно завершено
02.11.2019 20:31:53 : Получение списка описаний дефекта успешно завершено
02.11.2019 20:31:53 : Получение списка диаметров успешно завершено
02.11.2019 20:31:53 : Получение списка бригад успешно завершено
02.11.2019 20:31:53 : Получение списка смен успешно завершено
02.11.2019 20:31:53 : Получение списка статусов коррекции успешно завершено
02.11.2019 20:31:53 : Получение списка номеров ТС успешно завершено
02.11.2019 20:31:53 : Получение списка марок сплавов успешно завершено
02.11.2019 20:31:53 : Получение списка типов дефекта успешно завершено
02.11.2019 20:31:53 : Получение списка позиций с сервера успешно завершено
02.11.2019 20:31:53 : Процедура получения параметров с БД успешно завершена
02.11.2019 20:31:58 : Дешифрование пароля успешно завершено
02.11.2019 20:31:58 : Процедура проверки целостности файлов успешно завершена
02.11.2019 20:31:58 : Процедура проверки целостности файлов запущена...
02.11.2019 20:32:04 : Подключение к БД успешно установлено
02.11.2019 20:32:04 : Инициализация процедуры получения параметров с БД
02.11.2019 20:32:04 : Получение списка мест дефекта в производстве успешно завершено
02.11.2019 20:32:04 : Получение списка описаний дефекта успешно завершено
02.11.2019 20:32:04 : Получение списка диаметров успешно завершено
02.11.2019 20:32:04 : Получение списка бригад успешно завершено
02.11.2019 20:32:04 : Получение списка смен успешно завершено
02.11.2019 20:32:04 : Получение списка статусов коррекции успешно завершено
02.11.2019 20:32:04 : Получение списка номеров ТС успешно завершено
02.11.2019 20:32:04 : Получение списка марок сплавов успешно завершено
02.11.2019 20:32:04 : Получение списка типов дефекта успешно завершено
02.11.2019 20:32:04 : Получение списка позиций с сервера успешно завершено
02.11.2019 20:32:04 : Процедура получения параметров с БД успешно завершена
02.11.2019 20:32:08 : Дешифрование пароля успешно завершено
02.11.2019 20:32:08 : Процедура проверки целостности файлов успешно завершена
02.11.2019 20:32:08 : Процедура проверки целостности файлов запущена...
02.11.2019 20:32:14 : Подключение к БД успешно установлено
02.11.2019 20:32:14 : Инициализация процедуры получения параметров с БД
02.11.2019 20:32:14 : Получение списка мест дефекта в производстве успешно завершено
02.11.2019 20:32:14 : Получение списка описаний дефекта успешно завершено
02.11.2019 20:32:14 : Получение списка диаметров успешно завершено
02.11.2019 20:32:14 : Получение списка бригад успешно завершено
02.11.2019 20:32:14 : Получение списка смен успешно завершено
02.11.2019 20:32:14 : Получение списка статусов коррекции успешно завершено
02.11.2019 20:32:14 : Получение списка номеров ТС успешно завершено
02.11.2019 20:32:14 : Получение списка марок сплавов успешно завершено
02.11.2019 20:32:14 : Получение списка типов дефекта успешно завершено
02.11.2019 20:32:14 : Получение списка позиций с сервера успешно завершено
02.11.2019 20:32:14 : Процедура получения параметров с БД успешно завершена
02.11.2019 20:32:16 : Запуск процедуры демонстрации места дефекта на слитке
02.11.2019 20:32:18 : Процедуры демонстрации места дефекта на слитке успешна завершена
02.11.2019 20:32:21 : Дешифрование пароля успешно завершено
02.11.2019 20:32:21 : Процедура проверки целостности файлов успешно завершена
02.11.2019 20:32:22 : Процедура проверки целостности файлов запущена...
02.11.2019 20:32:28 : Подключение к БД успешно установлено
02.11.2019 20:32:28 : Инициализация процедуры получения параметров с БД
02.11.2019 20:32:28 : Получение списка мест дефекта в производстве успешно завершено
02.11.2019 20:32:28 : Получение списка описаний дефекта успешно завершено
02.11.2019 20:32:28 : Получение списка диаметров успешно завершено
02.11.2019 20:32:28 : Получение списка бригад успешно завершено
02.11.2019 20:32:28 : Получение списка смен успешно завершено
02.11.2019 20:32:28 : Получение списка статусов коррекции успешно завершено
02.11.2019 20:32:28 : Получение списка номеров ТС успешно завершено
02.11.2019 20:32:28 : Получение списка марок сплавов успешно завершено
02.11.2019 20:32:28 : Получение списка типов дефекта успешно завершено
02.11.2019 20:32:28 : Получение списка позиций с сервера успешно завершено
02.11.2019 20:32:28 : Процедура получения параметров с БД успешно завершена
02.11.2019 20:32:32 : Дешифрование пароля успешно завершено
02.11.2019 20:32:32 : Процедура проверки целостности файлов успешно завершена
02.11.2019 20:32:32 : Процедура проверки целостности файлов запущена...
02.11.2019 20:32:38 : Подключение к БД успешно установлено
02.11.2019 20:32:38 : Инициализация процедуры получения параметров с БД
02.11.2019 20:32:38 : Получение списка мест дефекта в производстве успешно завершено
02.11.2019 20:32:38 : Получение списка описаний дефекта успешно завершено
02.11.2019 20:32:38 : Получение списка диаметров успешно завершено
02.11.2019 20:32:38 : Получение списка бригад успешно завершено
02.11.2019 20:32:38 : Получение списка смен успешно завершено
02.11.2019 20:32:38 : Получение списка статусов коррекции успешно завершено
02.11.2019 20:32:38 : Получение списка номеров ТС успешно завершено
02.11.2019 20:32:38 : Получение списка марок сплавов успешно завершено
02.11.2019 20:32:38 : Получение списка типов дефекта успешно завершено
02.11.2019 20:32:39 : Получение списка позиций с сервера успешно завершено
02.11.2019 20:32:39 : Процедура получения параметров с БД успешно завершена
02.11.2019 20:34:09 : Дешифрование пароля успешно завершено
02.11.2019 20:34:09 : Процедура проверки целостности файлов успешно завершена
02.11.2019 20:34:09 : Процедура проверки целостности файлов запущена...
02.11.2019 20:34:15 : Подключение к БД успешно установлено
02.11.2019 20:34:15 : Инициализация процедуры получения параметров с БД
02.11.2019 20:34:15 : Получение списка мест дефекта в производстве успешно завершено
02.11.2019 20:34:15 : Получение списка описаний дефекта успешно завершено
02.11.2019 20:34:15 : Получение списка диаметров успешно завершено
02.11.2019 20:34:15 : Получение списка бригад успешно завершено
02.11.2019 20:34:15 : Получение списка смен успешно завершено
02.11.2019 20:34:15 : Получение списка статусов коррекции успешно завершено
02.11.2019 20:34:16 : Получение списка номеров ТС успешно завершено
02.11.2019 20:34:16 : Получение списка марок сплавов успешно завершено
02.11.2019 20:34:16 : Получение списка типов дефекта успешно завершено
02.11.2019 20:34:16 : Получение списка позиций с сервера успешно завершено
02.11.2019 20:34:16 : Процедура получения параметров с БД успешно завершена
02.11.2019 20:34:21 : Дешифрование пароля успешно завершено
02.11.2019 20:34:21 : Процедура проверки целостности файлов успешно завершена
02.11.2019 20:34:21 : Процедура проверки целостности файлов запущена...
02.11.2019 20:34:27 : Подключение к БД успешно установлено
02.11.2019 20:34:27 : Инициализация процедуры получения параметров с БД
02.11.2019 20:34:27 : Получение списка мест дефекта в производстве успешно завершено
02.11.2019 20:34:27 : Получение списка описаний дефекта успешно завершено
02.11.2019 20:34:27 : Получение списка диаметров успешно завершено
02.11.2019 20:34:28 : Получение списка бригад успешно завершено
02.11.2019 20:34:28 : Получение списка смен успешно завершено
02.11.2019 20:34:28 : Получение списка статусов коррекции успешно завершено
02.11.2019 20:34:28 : Получение списка номеров ТС успешно завершено
02.11.2019 20:34:28 : Получение списка марок сплавов успешно завершено
02.11.2019 20:34:28 : Получение списка типов дефекта успешно завершено
02.11.2019 20:34:28 : Получение списка позиций с сервера успешно завершено
02.11.2019 20:34:28 : Процедура получения параметров с БД успешно завершена
02.11.2019 20:34:39 : Дешифрование пароля успешно завершено
02.11.2019 20:34:39 : Процедура проверки целостности файлов успешно завершена
02.11.2019 20:34:39 : Процедура проверки целостности файлов запущена...
02.11.2019 20:34:45 : Подключение к БД успешно установлено
02.11.2019 20:34:45 : Инициализация процедуры получения параметров с БД
02.11.2019 20:34:45 : Получение списка мест дефекта в производстве успешно завершено
02.11.2019 20:34:45 : Получение списка описаний дефекта успешно завершено
02.11.2019 20:34:45 : Получение списка диаметров успешно завершено
02.11.2019 20:34:45 : Получение списка бригад успешно завершено
02.11.2019 20:34:45 : Получение списка смен успешно завершено
02.11.2019 20:34:45 : Получение списка статусов коррекции успешно завершено
02.11.2019 20:34:45 : Получение списка номеров ТС успешно завершено
02.11.2019 20:34:45 : Получение списка марок сплавов успешно завершено
02.11.2019 20:34:45 : Получение списка типов дефекта успешно завершено
02.11.2019 20:34:45 : Получение списка позиций с сервера успешно завершено
02.11.2019 20:34:45 : Процедура получения параметров с БД успешно завершена
02.11.2019 20:34:49 : Дешифрование пароля успешно завершено
02.11.2019 20:34:49 : Процедура проверки целостности файлов успешно завершена
02.11.2019 20:34:49 : Процедура проверки целостности файлов запущена...
02.11.2019 20:34:55 : Подключение к БД успешно установлено
02.11.2019 20:34:55 : Инициализация процедуры получения параметров с БД
02.11.2019 20:34:55 : Получение списка мест дефекта в производстве успешно завершено
02.11.2019 20:34:55 : Получение списка описаний дефекта успешно завершено
02.11.2019 20:34:55 : Получение списка диаметров успешно завершено
02.11.2019 20:34:55 : Получение списка бригад успешно завершено
02.11.2019 20:34:55 : Получение списка смен успешно завершено
02.11.2019 20:34:55 : Получение списка статусов коррекции успешно завершено
02.11.2019 20:34:55 : Получение списка номеров ТС успешно завершено
02.11.2019 20:34:55 : Получение списка марок сплавов успешно завершено
02.11.2019 20:34:55 : Получение списка типов дефекта успешно завершено
02.11.2019 20:34:55 : Получение списка позиций с сервера успешно завершено
02.11.2019 20:34:55 : Процедура получения параметров с БД успешно завершена
