10.11.2019 13:19:39 : Дешифрование пароля успешно завершено
10.11.2019 13:19:39 : Процедура проверки целостности файлов успешно завершена
10.11.2019 13:19:39 : Процедура проверки целостности файлов запущена...
10.11.2019 13:19:45 : Подключение к БД успешно установлено
10.11.2019 13:19:45 : Инициализация процедуры получения параметров с БД
10.11.2019 13:19:45 : Получение списка мест дефекта в производстве успешно завершено
10.11.2019 13:19:45 : Получение списка описаний дефекта успешно завершено
10.11.2019 13:19:45 : Получение списка диаметров успешно завершено
10.11.2019 13:19:45 : Получение списка бригад успешно завершено
10.11.2019 13:19:45 : Получение списка смен успешно завершено
10.11.2019 13:19:45 : Получение списка статусов коррекции успешно завершено
10.11.2019 13:19:45 : Получение списка номеров ТС успешно завершено
10.11.2019 13:19:45 : Получение списка марок сплавов успешно завершено
10.11.2019 13:19:45 : Получение списка типов дефекта успешно завершено
10.11.2019 13:19:45 : Получение списка позиций с сервера успешно завершено
10.11.2019 13:19:45 : Процедура получения параметров с БД успешно завершена
10.11.2019 13:20:04 : Были очищены все поля класса анализа
10.11.2019 13:20:22 : Были очищены все поля класса анализа
10.11.2019 13:57:55 : Дешифрование пароля успешно завершено
10.11.2019 13:57:55 : Процедура проверки целостности файлов успешно завершена
10.11.2019 13:57:55 : Процедура проверки целостности файлов запущена...
10.11.2019 13:58:01 : Подключение к БД успешно установлено
10.11.2019 13:58:01 : Инициализация процедуры получения параметров с БД
10.11.2019 13:58:01 : Получение списка мест дефекта в производстве успешно завершено
10.11.2019 13:58:01 : Получение списка описаний дефекта успешно завершено
10.11.2019 13:58:01 : Получение списка диаметров успешно завершено
10.11.2019 13:58:01 : Получение списка бригад успешно завершено
10.11.2019 13:58:01 : Получение списка смен успешно завершено
10.11.2019 13:58:01 : Получение списка статусов коррекции успешно завершено
10.11.2019 13:58:01 : Получение списка номеров ТС успешно завершено
10.11.2019 13:58:01 : Получение списка марок сплавов успешно завершено
10.11.2019 13:58:01 : Получение списка типов дефекта успешно завершено
10.11.2019 13:58:01 : Получение списка позиций с сервера успешно завершено
10.11.2019 13:58:01 : Процедура получения параметров с БД успешно завершена
10.11.2019 13:59:10 : Дешифрование пароля успешно завершено
10.11.2019 13:59:10 : Процедура проверки целостности файлов успешно завершена
10.11.2019 13:59:10 : Процедура проверки целостности файлов запущена...
10.11.2019 13:59:16 : Подключение к БД успешно установлено
10.11.2019 13:59:16 : Инициализация процедуры получения параметров с БД
10.11.2019 13:59:16 : Получение списка мест дефекта в производстве успешно завершено
10.11.2019 13:59:16 : Получение списка описаний дефекта успешно завершено
10.11.2019 13:59:16 : Получение списка диаметров успешно завершено
10.11.2019 13:59:16 : Получение списка бригад успешно завершено
10.11.2019 13:59:16 : Получение списка смен успешно завершено
10.11.2019 13:59:16 : Получение списка статусов коррекции успешно завершено
10.11.2019 13:59:16 : Получение списка номеров ТС успешно завершено
10.11.2019 13:59:16 : Получение списка марок сплавов успешно завершено
10.11.2019 13:59:16 : Получение списка типов дефекта успешно завершено
10.11.2019 13:59:16 : Получение списка позиций с сервера успешно завершено
10.11.2019 13:59:16 : Процедура получения параметров с БД успешно завершена
10.11.2019 14:00:39 : Были очищены все поля класса анализа
10.11.2019 14:18:30 : Дешифрование пароля успешно завершено
10.11.2019 14:18:30 : Процедура проверки целостности файлов успешно завершена
10.11.2019 14:18:30 : Процедура проверки целостности файлов запущена...
10.11.2019 14:18:36 : Подключение к БД успешно установлено
10.11.2019 14:18:36 : Инициализация процедуры получения параметров с БД
10.11.2019 14:18:36 : Получение списка мест дефекта в производстве успешно завершено
10.11.2019 14:18:36 : Получение списка описаний дефекта успешно завершено
10.11.2019 14:18:36 : Получение списка диаметров успешно завершено
10.11.2019 14:18:36 : Получение списка бригад успешно завершено
10.11.2019 14:18:36 : Получение списка смен успешно завершено
10.11.2019 14:18:36 : Получение списка статусов коррекции успешно завершено
10.11.2019 14:18:36 : Получение списка номеров ТС успешно завершено
10.11.2019 14:18:37 : Получение списка марок сплавов успешно завершено
10.11.2019 14:18:37 : Получение списка типов дефекта успешно завершено
10.11.2019 14:18:37 : Получение списка позиций с сервера успешно завершено
10.11.2019 14:18:37 : Процедура получения параметров с БД успешно завершена
10.11.2019 14:18:56 : Были очищены все поля класса анализа
10.11.2019 14:24:55 : Дешифрование пароля успешно завершено
10.11.2019 14:24:55 : Процедура проверки целостности файлов успешно завершена
10.11.2019 14:24:55 : Процедура проверки целостности файлов запущена...
10.11.2019 14:25:01 : Подключение к БД успешно установлено
10.11.2019 14:25:01 : Инициализация процедуры получения параметров с БД
10.11.2019 14:25:01 : Получение списка мест дефекта в производстве успешно завершено
10.11.2019 14:25:01 : Получение списка описаний дефекта успешно завершено
10.11.2019 14:25:01 : Получение списка диаметров успешно завершено
10.11.2019 14:25:01 : Получение списка бригад успешно завершено
10.11.2019 14:25:01 : Получение списка смен успешно завершено
10.11.2019 14:25:01 : Получение списка статусов коррекции успешно завершено
10.11.2019 14:25:01 : Получение списка номеров ТС успешно завершено
10.11.2019 14:25:01 : Получение списка марок сплавов успешно завершено
10.11.2019 14:25:01 : Получение списка типов дефекта успешно завершено
10.11.2019 14:25:01 : Получение списка позиций с сервера успешно завершено
10.11.2019 14:25:01 : Процедура получения параметров с БД успешно завершена
10.11.2019 14:27:18 : Дешифрование пароля успешно завершено
10.11.2019 14:27:18 : Процедура проверки целостности файлов успешно завершена
10.11.2019 14:27:18 : Процедура проверки целостности файлов запущена...
10.11.2019 14:27:24 : Подключение к БД успешно установлено
10.11.2019 14:27:24 : Инициализация процедуры получения параметров с БД
10.11.2019 14:27:24 : Получение списка мест дефекта в производстве успешно завершено
10.11.2019 14:27:24 : Получение списка описаний дефекта успешно завершено
10.11.2019 14:27:24 : Получение списка диаметров успешно завершено
10.11.2019 14:27:24 : Получение списка бригад успешно завершено
10.11.2019 14:27:24 : Получение списка смен успешно завершено
10.11.2019 14:27:24 : Получение списка статусов коррекции успешно завершено
10.11.2019 14:27:24 : Получение списка номеров ТС успешно завершено
10.11.2019 14:27:24 : Получение списка марок сплавов успешно завершено
10.11.2019 14:27:24 : Получение списка типов дефекта успешно завершено
10.11.2019 14:27:24 : Получение списка позиций с сервера успешно завершено
10.11.2019 14:27:24 : Процедура получения параметров с БД успешно завершена
10.11.2019 14:28:57 : Были очищены все поля класса анализа
10.11.2019 14:40:35 : Дешифрование пароля успешно завершено
10.11.2019 14:40:35 : Процедура проверки целостности файлов успешно завершена
10.11.2019 14:40:35 : Процедура проверки целостности файлов запущена...
10.11.2019 14:40:41 : Подключение к БД успешно установлено
10.11.2019 14:40:41 : Инициализация процедуры получения параметров с БД
10.11.2019 14:40:41 : Получение списка мест дефекта в производстве успешно завершено
10.11.2019 14:40:41 : Получение списка описаний дефекта успешно завершено
10.11.2019 14:40:41 : Получение списка диаметров успешно завершено
10.11.2019 14:40:41 : Получение списка бригад успешно завершено
10.11.2019 14:40:41 : Получение списка смен успешно завершено
10.11.2019 14:40:41 : Получение списка статусов коррекции успешно завершено
10.11.2019 14:40:41 : Получение списка номеров ТС успешно завершено
10.11.2019 14:40:41 : Получение списка марок сплавов успешно завершено
10.11.2019 14:40:41 : Получение списка типов дефекта успешно завершено
10.11.2019 14:40:41 : Получение списка позиций с сервера успешно завершено
10.11.2019 14:40:41 : Процедура получения параметров с БД успешно завершена
10.11.2019 14:41:01 : Были очищены все поля класса анализа
