16.11.2019 9:51:28 : Процедура проверки целостности файлов запущена...
16.11.2019 9:51:28 : Дешифрование пароля успешно завершено
16.11.2019 9:51:28 : Процедура проверки целостности файлов успешно завершена
16.11.2019 9:51:32 : Подключение к БД успешно установлено
16.11.2019 9:51:32 : Инициализация процедуры получения параметров с БД
16.11.2019 9:51:32 : Получение списка мест дефекта в производстве успешно завершено
16.11.2019 9:51:32 : Получение списка описаний дефекта успешно завершено
16.11.2019 9:51:32 : Получение списка диаметров успешно завершено
16.11.2019 9:51:32 : Получение списка бригад успешно завершено
16.11.2019 9:51:32 : Получение списка смен успешно завершено
16.11.2019 9:51:32 : Получение списка статусов коррекции успешно завершено
16.11.2019 9:51:32 : Получение списка номеров ТС успешно завершено
16.11.2019 9:51:32 : Получение списка марок сплавов успешно завершено
16.11.2019 9:51:32 : Получение списка типов дефекта успешно завершено
16.11.2019 9:51:32 : Получение списка позиций с сервера успешно завершено
16.11.2019 9:51:32 : Процедура получения параметров с БД успешно завершена
16.11.2019 9:51:39 : Процедура проверки целостности файлов запущена...
16.11.2019 9:51:39 : Дешифрование пароля успешно завершено
16.11.2019 9:51:39 : Процедура проверки целостности файлов успешно завершена
16.11.2019 9:51:43 : Подключение к БД успешно установлено
16.11.2019 9:51:43 : Инициализация процедуры получения параметров с БД
16.11.2019 9:51:43 : Получение списка мест дефекта в производстве успешно завершено
16.11.2019 9:51:43 : Получение списка описаний дефекта успешно завершено
16.11.2019 9:51:43 : Получение списка диаметров успешно завершено
16.11.2019 9:51:43 : Получение списка бригад успешно завершено
16.11.2019 9:51:43 : Получение списка смен успешно завершено
16.11.2019 9:51:43 : Получение списка статусов коррекции успешно завершено
16.11.2019 9:51:43 : Получение списка номеров ТС успешно завершено
16.11.2019 9:51:43 : Получение списка марок сплавов успешно завершено
16.11.2019 9:51:43 : Получение списка типов дефекта успешно завершено
16.11.2019 9:51:43 : Получение списка позиций с сервера успешно завершено
16.11.2019 9:51:43 : Процедура получения параметров с БД успешно завершена
16.11.2019 9:52:30 : Процедура проверки целостности файлов запущена...
16.11.2019 9:52:30 : Дешифрование пароля успешно завершено
16.11.2019 9:52:30 : Процедура проверки целостности файлов успешно завершена
16.11.2019 9:52:33 : Подключение к БД успешно установлено
16.11.2019 9:52:33 : Инициализация процедуры получения параметров с БД
16.11.2019 9:52:33 : Получение списка мест дефекта в производстве успешно завершено
16.11.2019 9:52:33 : Получение списка описаний дефекта успешно завершено
16.11.2019 9:52:33 : Получение списка диаметров успешно завершено
16.11.2019 9:52:33 : Получение списка бригад успешно завершено
16.11.2019 9:52:33 : Получение списка смен успешно завершено
16.11.2019 9:52:33 : Получение списка статусов коррекции успешно завершено
16.11.2019 9:52:33 : Получение списка номеров ТС успешно завершено
16.11.2019 9:52:33 : Получение списка марок сплавов успешно завершено
16.11.2019 9:52:33 : Получение списка типов дефекта успешно завершено
16.11.2019 9:52:33 : Получение списка позиций с сервера успешно завершено
16.11.2019 9:52:33 : Процедура получения параметров с БД успешно завершена
16.11.2019 9:54:24 : Процедура проверки целостности файлов запущена...
16.11.2019 9:54:24 : Дешифрование пароля успешно завершено
16.11.2019 9:54:24 : Процедура проверки целостности файлов успешно завершена
16.11.2019 9:54:28 : Подключение к БД успешно установлено
16.11.2019 9:54:28 : Инициализация процедуры получения параметров с БД
16.11.2019 9:54:28 : Получение списка мест дефекта в производстве успешно завершено
16.11.2019 9:54:28 : Получение списка описаний дефекта успешно завершено
16.11.2019 9:54:28 : Получение списка диаметров успешно завершено
16.11.2019 9:54:28 : Получение списка бригад успешно завершено
16.11.2019 9:54:28 : Получение списка смен успешно завершено
16.11.2019 9:54:28 : Получение списка статусов коррекции успешно завершено
16.11.2019 9:54:28 : Получение списка номеров ТС успешно завершено
16.11.2019 9:54:28 : Получение списка марок сплавов успешно завершено
16.11.2019 9:54:28 : Получение списка типов дефекта успешно завершено
16.11.2019 9:54:28 : Получение списка позиций с сервера успешно завершено
16.11.2019 9:54:28 : Процедура получения параметров с БД успешно завершена
16.11.2019 9:54:53 : Запуск процедуры добавления позиции
16.11.2019 9:55:03 : Данные модификации позиции успешно получены
16.11.2019 9:55:04 : Добавление позиции успешно завершено
16.11.2019 9:55:04 : Процедура добавления позиции завершена
16.11.2019 9:55:13 : Запуск процедуры изменения позиции
16.11.2019 9:55:13 : Получение текущих данных выбранного объекта успешно завершено
16.11.2019 9:55:20 : Данные модификации позиции успешно получены
16.11.2019 9:55:20 : Изменение параметров позиции успешно завершено
16.11.2019 9:55:20 : Процедура изменения позиции завершена
16.11.2019 9:55:28 : Запуск процедура обычного анализа
16.11.2019 9:55:32 : Запуск процедуры получения анализа
16.11.2019 9:55:32 : Создание диаграммы краткого отчета завершено успешно
16.11.2019 9:55:32 : Заполнение таблицы краткого отчета завершено успешно
16.11.2019 9:55:32 : Краткий анализ бригада вес выполнен
16.11.2019 9:55:32 : Выполнение анализа по параметру: Вес | Бригада
16.11.2019 9:55:32 : Процедура получения анализа завершена
16.11.2019 9:55:35 : Запуск процедуры получения анализа
16.11.2019 9:55:35 : Создание диаграммы краткого отчета завершено успешно
16.11.2019 9:55:35 : Заполнение таблицы краткого отчета завершено успешно
16.11.2019 9:55:35 : Краткий анализ бригада вес выполнен
16.11.2019 9:55:35 : Выполнение анализа по параметру: Вес | Бригада
16.11.2019 9:55:35 : Процедура получения анализа завершена
16.11.2019 9:55:42 : Были очищены все поля класса анализа
16.11.2019 9:55:42 : Очистка памяти после выполнения анализа успешно завершена
16.11.2019 9:55:44 : Запуск процедуры расширенного анализа
16.11.2019 9:55:47 : Запуск процедуры получения анализа
16.11.2019 9:55:47 : Группировка для расширенного анализа выполнена успешно
16.11.2019 9:55:47 : Экспорт данных в лист выполнен успешно
16.11.2019 9:55:47 : Создание первой диаграммы расширенного отчета завершено успешно
16.11.2019 9:55:47 : Создание второй диаграммы расширенного отчета завершено успешно
16.11.2019 9:55:47 : Заполнение таблицы расширенного отчета завершено успешно
16.11.2019 9:55:47 : Расширенный анализ бригада вес выполнен успешно
16.11.2019 9:55:47 : Выполнение анализа по параметрам: Бригады
16.11.2019 9:55:47 : Процедура получения анализа завершена
16.11.2019 9:55:55 : Были очищены все поля класса анализа
16.11.2019 9:55:55 : Очистка данных после получения анализа успешно завершена
16.11.2019 9:55:56 : Запуск процедуры изменения конфигурации ПО
16.11.2019 9:56:02 : Запуск процедуру изменения параметров БД
16.11.2019 9:56:02 : Получение системного пути резервной копии БД успешно завершено
16.11.2019 9:56:05 : Запуск процедуры выбора пути резервной копии БД
16.11.2019 9:56:09 : Процедура выбора пути резервной копии БД успешно завершена
16.11.2019 9:56:10 : Запуск процедуры записи пути резервной копии БД
16.11.2019 9:56:11 : Запись системного пути резервной копии БД успешно завершена
16.11.2019 9:56:11 : Процедурыа записи пути резервной копии БД завершена
16.11.2019 9:56:11 : Запуск процедуры резервной копии БД
16.11.2019 9:56:12 : Резервная копия успешно создана
16.11.2019 9:56:12 : Процедура резервной копии БД завершена
16.11.2019 9:56:17 : Процедура изменения параметров БД успешно завершена
16.11.2019 9:56:26 : Запуск процеры поиска по параметрам
16.11.2019 9:56:26 : Перебор значений по заданным параметрам успешно завершен
16.11.2019 9:56:26 : Отображение позиций по заданным параметрам
16.11.2019 9:56:26 : Процеры поиска по параметрам завершена
16.11.2019 9:56:32 : Запуск процеры поиска по параметрам
16.11.2019 9:56:33 : Получено пустое значение параметра поиска
16.11.2019 9:56:33 : Процеры поиска по параметрам завершена
16.11.2019 9:56:39 : Запуск процеры поиска по параметрам
16.11.2019 9:56:40 : Получено пустое значение параметра поиска
16.11.2019 9:56:40 : Процеры поиска по параметрам завершена
16.11.2019 9:56:41 : Запуск процеры поиска по параметрам
16.11.2019 9:56:42 : Получено пустое значение параметра поиска
16.11.2019 9:56:42 : Процеры поиска по параметрам завершена
